Unable to capture context for thread 2776 in process 10648, can not generate back trace
Exception at PC 0x00007FFD23DBBB93
Printing stacktrace...

[0]  [0x00007FFD23DBBB93]
[1]  [0x00007FFD23DBBB93]
[2]  [0x00007FFD23DBB4A1]
[3]  [0x00007FFD23DBB3EF]
[4]  [0x00007FFD23DA19FE]
[5]  [0x00007FFD23DA0ED1]
[6]  [0x00007FFD23DA0D76]
[7]  [0x00007FFD23D479F6]
[8]  [0x00007FFD23D37AFB]
[9]  [0x00007FFD23E5E90A]
[10]  [0x00007FFD23E79F87]
[11]  [0x00007FFD23E7A05F]
[12] (BaseThreadInitThunk+0x14) [0x00007FFD9DEB3034]
[13] (RtlUserThreadStart+0x21) [0x00007FFD9EA11461]
Done
Exception at PC 0x00007FFD23AC1A52
Attemped to write at address 0x00007FFD7244ABA4
Printing stacktrace...

[0]  [0x00007FFD23AC1A52]
[1]  [0x00007FFD23AC1A52]
[2]  [0x00007FFD23AC1AD4]
[3]  [0x00007FFD23C03FF7]
[4]  [0x00007FFD23AE9128]
[5]  [0x00007FFD23D9DFB9]
[6]  [0x00007FFD23F6EF23]
[7]  [0x00007FFD23E7B06B]
[8]  [0x00007FFD23E708AF]
[9]  [0x00007FFD23E70A32]
[10] (RtlActivateActivationContextUnsafeFast+0x123) [0x00007FFD9E9D4053]
[11] (LdrShutdownProcess+0x125) [0x00007FFD9E9E0A05]
[12] (RtlExitUserProcess+0xd8) [0x00007FFD9E9E08C8]
[13] (FatalExit+0xa) [0x00007FFD9DEBB19A]
[14] (exit+0x75) [0x00007FFD9C1C9CE5]
[15] (initterm_e+0x235) [0x00007FFD9C1CA345]
[16]  [0x00000000004014CD]
[17]  [0x000000000040151B]
[18] (BaseThreadInitThunk+0x14) [0x00007FFD9DEB3034]
[19] (RtlUserThreadStart+0x21) [0x00007FFD9EA11461]
Done
