#-----------------------------------------------------------
# Vivado v2017.4 (64-bit)
# SW Build 2086221 on Fri Dec 15 20:54:30 MST 2017
# IP Build 2085800 on Fri Dec 15 22:25:07 MST 2017
# Start of session at: Wed Feb  6 16:16:36 2019
# Process ID: 2133
# Current directory: /home/joterom/workspace/OctaveSax
# Command line: vivado
# Log file: /home/joterom/workspace/OctaveSax/vivado.log
# Journal file: /home/joterom/workspace/OctaveSax/vivado.jou
#-----------------------------------------------------------
start_gui
open_project /home/joterom/workspace/OctaveSax/Vivado/PmodI2S2/PmodI2S2.xpr
INFO: [Project 1-313] Project file moved from 'C:/Users/arthur/AppData/Roaming/Xilinx/Vivado/.Xil/Vivado-18508-WK142/PrjAr/_X_' since last save.
Scanning sources...
Finished scanning sources
WARNING: [filemgmt 56-2] IP Repository Path: Could not find the directory '/../../Documents/DigilentGit/Multi-Board-Project-Test/repo', nor could it be found using path '/home/joterom/workspace/OctaveSax/C:/Users/arthur/Documents/DigilentGit/Multi-Board-Project-Test/repo'.
INFO: [IP_Flow 19-234] Refreshing IP repositories
WARNING: [IP_Flow 19-2248] Failed to load user IP repository '/home/joterom/workspace/Documents/DigilentGit/Multi-Board-Project-Test/repo'; Can't find the specified path.
If this directory should no longer be in your list of user repositories, go to the IP Settings dialog and remove it.
INFO: [IP_Flow 19-2313] Loaded Vivado IP repository '/opt/Xilinx/Vivado/2017.4/data/ip'.
open_project: Time (s): cpu = 00:00:11 ; elapsed = 00:00:11 . Memory (MB): peak = 6096.805 ; gain = 79.758 ; free physical = 1115 ; free virtual = 7114
update_compile_order -fileset sources_1
open_hw
exit
INFO: [Common 17-206] Exiting Vivado at Wed Feb  6 16:20:39 2019...
