#-----------------------------------------------------------
# Vivado v2017.4 (64-bit)
# SW Build 2086221 on Fri Dec 15 20:54:30 MST 2017
# IP Build 2085800 on Fri Dec 15 22:25:07 MST 2017
# Start of session at: Mon Feb 25 16:10:10 2019
# Process ID: 21723
# Current directory: /home/joterom/workspace/OctaveSax
# Command line: vivado
# Log file: /home/joterom/workspace/OctaveSax/vivado.log
# Journal file: /home/joterom/workspace/OctaveSax/vivado.jou
#-----------------------------------------------------------
start_gui
open_project /home/joterom/workspace/OctaveSax/Vivado/octave_main/octave_main.xpr
INFO: [Project 1-313] Project file moved from 'D:/UNI/TFG/OctaveSax/Vivado/octave_main' since last save.
Scanning sources...
Finished scanning sources
INFO: [IP_Flow 19-234] Refreshing IP repositories
INFO: [IP_Flow 19-1704] No user IP repositories specified
INFO: [IP_Flow 19-2313] Loaded Vivado IP repository '/opt/Xilinx/Vivado/2017.4/data/ip'.
open_project: Time (s): cpu = 00:00:11 ; elapsed = 00:00:08 . Memory (MB): peak = 6115.324 ; gain = 105.711 ; free physical = 798 ; free virtual = 6916
exit
INFO: [Common 17-206] Exiting Vivado at Mon Feb 25 16:45:09 2019...
