\BOOKMARK [0][-]{chapter.1}{Introducci\363n y generalidades}{}% 1
\BOOKMARK [1][-]{section.1.1}{Objetivos}{chapter.1}% 2
\BOOKMARK [1][-]{section.1.2}{Metodolog\355a}{chapter.1}% 3
\BOOKMARK [1][-]{section.1.3}{Fundamentos del sonido y teor\355a musical}{chapter.1}% 4
\BOOKMARK [2][-]{subsection.1.3.1}{Timbre, arm\363nicos y serie arm\363nica}{section.1.3}% 5
\BOOKMARK [0][-]{chapter.2}{Entrada: etapa anal\363gica}{}% 6
\BOOKMARK [1][-]{section.2.1}{Selecci\363n de micr\363fono}{chapter.2}% 7
\BOOKMARK [1][-]{section.2.2}{Preamp}{chapter.2}% 8
\BOOKMARK [1][-]{section.2.3}{Alimentaci\363n}{chapter.2}% 9
\BOOKMARK [0][-]{chapter.3}{El algoritmo}{}% 10
\BOOKMARK [1][-]{section.3.1}{Aproximaciones al problema}{chapter.3}% 11
\BOOKMARK [2][-]{subsection.3.1.1}{Prescindiendo de Fourier}{section.3.1}% 12
\BOOKMARK [2][-]{subsection.3.1.2}{Retorno a la transformada}{section.3.1}% 13
\BOOKMARK [1][-]{section.3.2}{Vocoder}{chapter.3}% 14
\BOOKMARK [2][-]{subsection.3.2.1}{Vocoder en la m\372sica}{section.3.2}% 15
\BOOKMARK [1][-]{section.3.3}{Transformaci\363n a frecuencia: STFT}{chapter.3}% 16
\BOOKMARK [2][-]{subsection.3.3.1}{Transformada de Fourier: FFT e iFFT}{section.3.3}% 17
\BOOKMARK [2][-]{subsection.3.3.2}{Solapamiento y enventanado}{section.3.3}% 18
\BOOKMARK [1][-]{section.3.4}{Operaciones sobre la fase}{chapter.3}% 19
\BOOKMARK [2][-]{subsection.3.4.1}{C\341lculo del m\363dulo}{section.3.4}% 20
\BOOKMARK [2][-]{subsection.3.4.2}{Recalculando la fase}{section.3.4}% 21
\BOOKMARK [0][-]{chapter.4}{Implementaci\363n}{}% 22
\BOOKMARK [1][-]{section.4.1}{Gesti\363n entrada-salida}{chapter.4}% 23
\BOOKMARK [2][-]{subsection.4.1.1}{Pmod i2s2}{section.4.1}% 24
\BOOKMARK [2][-]{subsection.4.1.2}{Consideraciones de implementaci\363n}{section.4.1}% 25
\BOOKMARK [1][-]{section.4.2}{Controlador de datos}{chapter.4}% 26
\BOOKMARK [2][-]{subsection.4.2.1}{Bancos de memorias}{section.4.2}% 27
\BOOKMARK [2][-]{subsection.4.2.2}{Core FFT}{section.4.2}% 28
\BOOKMARK [1][-]{section.4.3}{Controlador global}{chapter.4}% 29
\BOOKMARK [2][-]{subsection.4.3.1}{Displays}{section.4.3}% 30
\BOOKMARK [0][-]{chapter.5}{Pruebas y depuraci\363n}{}% 31
\BOOKMARK [0][-]{chapter.6}{Conclusiones y trabajo futuro}{}% 32
\BOOKMARK [0][-]{Ap\unhbox \voidb@x \bgroup \let \unhbox \voidb@x \setbox \@tempboxa \hbox {e\global \mathchardef \accent@spacefactor \spacefactor }\accent 19 e\egroup \spacefactor \accent@spacefactor \futurelet \@let@token ndice.alph1.Alph1}{C\363digo del algoritmo en MATLAB}{}% 33
\BOOKMARK [0][-]{Ap\unhbox \voidb@x \bgroup \let \unhbox \voidb@x \setbox \@tempboxa \hbox {e\global \mathchardef \accent@spacefactor \spacefactor }\accent 19 e\egroup \spacefactor \accent@spacefactor \futurelet \@let@token ndice.alph1.Alph2}{}{}% 34
