Exception at PC 0x00007FF8E0E3A388
Exception at PC 0x00007FF8E0E3A388
Exception at PC 0x00007FF8E0E3A388
Exception at PC 0x00007FF8E0E3A388
Exception at PC 0x00007FF85C97E132
Attemped to write at address 0x00007FF8AD214AA4
Printing stacktrace...

[0]  [0x00007FF85C97E132]
[1]  [0x00007FF85C97E132]
[2]  [0x00007FF85C97E194]
[3]  [0x00007FF85C5CD0D7]
[4]  [0x00007FF85C4B2BCA]
[5]  [0x00007FF85C4B2FD1]
[6]  [0x00007FF85C97EB2F]
[7]  [0x00007FF85C83C19D]
[8]  [0x00007FF85C835942]
[9]  [0x00007FF85C835AB5]
[10] (RtlActivateActivationContextUnsafeFast+0x123) [0x00007FF8E3C24053]
[11] (LdrShutdownProcess+0x125) [0x00007FF8E3C30A05]
[12] (RtlExitUserProcess+0xd8) [0x00007FF8E3C308C8]
[13] (FatalExit+0xa) [0x00007FF8E2E7B19A]
[14] (exit+0x75) [0x00007FF8E1669CE5]
[15] (initterm_e+0x235) [0x00007FF8E166A345]
[16]  [0x00000000004014CD]
[17]  [0x000000000040151B]
[18] (BaseThreadInitThunk+0x14) [0x00007FF8E2E73034]
[19] (RtlUserThreadStart+0x21) [0x00007FF8E3C61461]
Done
