
*** Running vivado
    with args -log fsm_global.vds -m64 -product Vivado -mode batch -messageDb vivado.pb -notrace -source fsm_global.tcl


****** Vivado v2017.4 (64-bit)
  **** SW Build 2086221 on Fri Dec 15 20:55:39 MST 2017
  **** IP Build 2085800 on Fri Dec 15 22:25:07 MST 2017
    ** Copyright 1986-2017 Xilinx, Inc. All Rights Reserved.

source fsm_global.tcl -notrace
Command: synth_design -top fsm_global -part xc7a100tcsg324-1
Starting synth_design
Attempting to get a license for feature 'Synthesis' and/or device 'xc7a100t'
INFO: [Common 17-349] Got license for feature 'Synthesis' and/or device 'xc7a100t'
INFO: Launching helper process for spawning children vivado processes
INFO: Helper process launched with PID 9272 
---------------------------------------------------------------------------------
Starting RTL Elaboration : Time (s): cpu = 00:00:05 ; elapsed = 00:00:05 . Memory (MB): peak = 356.465 ; gain = 103.793
---------------------------------------------------------------------------------
INFO: [Synth 8-638] synthesizing module 'fsm_global' [D:/UNI/TFG/OctaveSax/Vivado/octave_main/octave_main.srcs/sources_1/new/fsm_global.vhd:33]
INFO: [Synth 8-3491] module 'master_controller' declared at 'D:/UNI/TFG/OctaveSax/Vivado/octave_main/octave_main.srcs/sources_1/new/master_controller.vhd:11' bound to instance 'CONT' of component 'master_controller' [D:/UNI/TFG/OctaveSax/Vivado/octave_main/octave_main.srcs/sources_1/new/fsm_global.vhd:77]
INFO: [Synth 8-638] synthesizing module 'master_controller' [D:/UNI/TFG/OctaveSax/Vivado/octave_main/octave_main.srcs/sources_1/new/master_controller.vhd:31]
INFO: [Synth 8-3491] module 'sampling' declared at 'D:/UNI/TFG/OctaveSax/Vivado/octave_main/octave_main.srcs/sources_1/new/sampling.vhd:13' bound to instance 'SAMP' of component 'sampling' [D:/UNI/TFG/OctaveSax/Vivado/octave_main/octave_main.srcs/sources_1/new/master_controller.vhd:149]
INFO: [Synth 8-638] synthesizing module 'sampling' [D:/UNI/TFG/OctaveSax/Vivado/octave_main/octave_main.srcs/sources_1/new/sampling.vhd:32]
INFO: [Synth 8-256] done synthesizing module 'sampling' (1#1) [D:/UNI/TFG/OctaveSax/Vivado/octave_main/octave_main.srcs/sources_1/new/sampling.vhd:32]
INFO: [Synth 8-3491] module 'shift_register' declared at 'D:/UNI/TFG/OctaveSax/Vivado/octave_main/octave_main.srcs/sources_1/new/shift_register.vhd:11' bound to instance 'SHFT' of component 'shift_register' [D:/UNI/TFG/OctaveSax/Vivado/octave_main/octave_main.srcs/sources_1/new/master_controller.vhd:162]
INFO: [Synth 8-638] synthesizing module 'shift_register' [D:/UNI/TFG/OctaveSax/Vivado/octave_main/octave_main.srcs/sources_1/new/shift_register.vhd:20]
INFO: [Synth 8-256] done synthesizing module 'shift_register' (2#1) [D:/UNI/TFG/OctaveSax/Vivado/octave_main/octave_main.srcs/sources_1/new/shift_register.vhd:20]
INFO: [Synth 8-3491] module 'memo_controller' declared at 'D:/UNI/TFG/OctaveSax/Vivado/octave_main/octave_main.srcs/sources_1/new/memo_controller.vhd:6' bound to instance 'IN_MEMO' of component 'memo_controller' [D:/UNI/TFG/OctaveSax/Vivado/octave_main/octave_main.srcs/sources_1/new/master_controller.vhd:170]
INFO: [Synth 8-638] synthesizing module 'memo_controller' [D:/UNI/TFG/OctaveSax/Vivado/octave_main/octave_main.srcs/sources_1/new/memo_controller.vhd:20]
INFO: [Synth 8-3491] module 'ram_memo' declared at 'D:/UNI/TFG/OctaveSax/Vivado/octave_main/octave_main.runs/synth_1/.Xil/Vivado-11576-DESKTOP-DR3C0JT/realtime/ram_memo_stub.vhdl:5' bound to instance 'ram1' of component 'ram_memo' [D:/UNI/TFG/OctaveSax/Vivado/octave_main/octave_main.srcs/sources_1/new/memo_controller.vhd:36]
INFO: [Synth 8-638] synthesizing module 'ram_memo' [D:/UNI/TFG/OctaveSax/Vivado/octave_main/octave_main.runs/synth_1/.Xil/Vivado-11576-DESKTOP-DR3C0JT/realtime/ram_memo_stub.vhdl:17]
INFO: [Synth 8-3491] module 'ram_memo' declared at 'D:/UNI/TFG/OctaveSax/Vivado/octave_main/octave_main.runs/synth_1/.Xil/Vivado-11576-DESKTOP-DR3C0JT/realtime/ram_memo_stub.vhdl:5' bound to instance 'ram2' of component 'ram_memo' [D:/UNI/TFG/OctaveSax/Vivado/octave_main/octave_main.srcs/sources_1/new/memo_controller.vhd:45]
INFO: [Synth 8-256] done synthesizing module 'memo_controller' (3#1) [D:/UNI/TFG/OctaveSax/Vivado/octave_main/octave_main.srcs/sources_1/new/memo_controller.vhd:20]
INFO: [Synth 8-3491] module 'window_controller' declared at 'D:/UNI/TFG/OctaveSax/Vivado/octave_main/octave_main.srcs/sources_1/new/window_controller.vhd:13' bound to instance 'WIN1' of component 'window_controller' [D:/UNI/TFG/OctaveSax/Vivado/octave_main/octave_main.srcs/sources_1/new/master_controller.vhd:182]
INFO: [Synth 8-638] synthesizing module 'window_controller' [D:/UNI/TFG/OctaveSax/Vivado/octave_main/octave_main.srcs/sources_1/new/window_controller.vhd:26]
INFO: [Synth 8-3491] module 'stft_window_rom' declared at 'D:/UNI/TFG/OctaveSax/Vivado/octave_main/octave_main.srcs/sources_1/imports/ROM Data/stft_window.vhd:4' bound to instance 'STFT' of component 'stft_window_rom' [D:/UNI/TFG/OctaveSax/Vivado/octave_main/octave_main.srcs/sources_1/new/window_controller.vhd:44]
INFO: [Synth 8-638] synthesizing module 'stft_window_rom' [D:/UNI/TFG/OctaveSax/Vivado/octave_main/octave_main.srcs/sources_1/imports/ROM Data/stft_window.vhd:9]
INFO: [Synth 8-226] default block is never used [D:/UNI/TFG/OctaveSax/Vivado/octave_main/octave_main.srcs/sources_1/imports/ROM Data/stft_window.vhd:13]
INFO: [Synth 8-256] done synthesizing module 'stft_window_rom' (4#1) [D:/UNI/TFG/OctaveSax/Vivado/octave_main/octave_main.srcs/sources_1/imports/ROM Data/stft_window.vhd:9]
INFO: [Synth 8-3491] module 'istft_window_rom' declared at 'D:/UNI/TFG/OctaveSax/Vivado/octave_main/octave_main.srcs/sources_1/imports/ROM Data/istft_window.vhd:4' bound to instance 'iSTFT' of component 'istft_window_rom' [D:/UNI/TFG/OctaveSax/Vivado/octave_main/octave_main.srcs/sources_1/new/window_controller.vhd:49]
INFO: [Synth 8-638] synthesizing module 'istft_window_rom' [D:/UNI/TFG/OctaveSax/Vivado/octave_main/octave_main.srcs/sources_1/imports/ROM Data/istft_window.vhd:9]
INFO: [Synth 8-226] default block is never used [D:/UNI/TFG/OctaveSax/Vivado/octave_main/octave_main.srcs/sources_1/imports/ROM Data/istft_window.vhd:13]
INFO: [Synth 8-256] done synthesizing module 'istft_window_rom' (5#1) [D:/UNI/TFG/OctaveSax/Vivado/octave_main/octave_main.srcs/sources_1/imports/ROM Data/istft_window.vhd:9]
INFO: [Synth 8-256] done synthesizing module 'window_controller' (6#1) [D:/UNI/TFG/OctaveSax/Vivado/octave_main/octave_main.srcs/sources_1/new/window_controller.vhd:26]
INFO: [Synth 8-3491] module 'window_controller' declared at 'D:/UNI/TFG/OctaveSax/Vivado/octave_main/octave_main.srcs/sources_1/new/window_controller.vhd:13' bound to instance 'WIN2' of component 'window_controller' [D:/UNI/TFG/OctaveSax/Vivado/octave_main/octave_main.srcs/sources_1/new/master_controller.vhd:193]
INFO: [Synth 8-3491] module 'fsm_control' declared at 'D:/UNI/TFG/OctaveSax/Vivado/octave_main/octave_main.srcs/sources_1/new/fsm_control.vhd:11' bound to instance 'FSM' of component 'fsm_control' [D:/UNI/TFG/OctaveSax/Vivado/octave_main/octave_main.srcs/sources_1/new/master_controller.vhd:204]
INFO: [Synth 8-638] synthesizing module 'fsm_control' [D:/UNI/TFG/OctaveSax/Vivado/octave_main/octave_main.srcs/sources_1/new/fsm_control.vhd:21]
INFO: [Synth 8-256] done synthesizing module 'fsm_control' (7#1) [D:/UNI/TFG/OctaveSax/Vivado/octave_main/octave_main.srcs/sources_1/new/fsm_control.vhd:21]
INFO: [Synth 8-3491] module 'freq_dom_controller' declared at 'D:/UNI/TFG/OctaveSax/Vivado/octave_main/octave_main.srcs/sources_1/new/freq_dom_controller.vhd:10' bound to instance 'FREQ' of component 'freq_dom_controller' [D:/UNI/TFG/OctaveSax/Vivado/octave_main/octave_main.srcs/sources_1/new/master_controller.vhd:212]
INFO: [Synth 8-638] synthesizing module 'freq_dom_controller' [D:/UNI/TFG/OctaveSax/Vivado/octave_main/octave_main.srcs/sources_1/new/freq_dom_controller.vhd:23]
INFO: [Synth 8-3491] module 'transform_controller' declared at 'D:/UNI/TFG/OctaveSax/Vivado/octave_main/octave_main.srcs/sources_1/new/transform_controller.vhd:10' bound to instance 'TRANS' of component 'transform_controller' [D:/UNI/TFG/OctaveSax/Vivado/octave_main/octave_main.srcs/sources_1/new/freq_dom_controller.vhd:63]
INFO: [Synth 8-638] synthesizing module 'transform_controller' [D:/UNI/TFG/OctaveSax/Vivado/octave_main/octave_main.srcs/sources_1/new/transform_controller.vhd:22]
INFO: [Synth 8-3491] module 'counter512' declared at 'D:/UNI/TFG/OctaveSax/Vivado/octave_main/octave_main.srcs/sources_1/new/counter512.vhd:10' bound to instance 'CNT' of component 'counter512' [D:/UNI/TFG/OctaveSax/Vivado/octave_main/octave_main.srcs/sources_1/new/transform_controller.vhd:71]
INFO: [Synth 8-638] synthesizing module 'counter512' [D:/UNI/TFG/OctaveSax/Vivado/octave_main/octave_main.srcs/sources_1/new/counter512.vhd:20]
INFO: [Synth 8-256] done synthesizing module 'counter512' (8#1) [D:/UNI/TFG/OctaveSax/Vivado/octave_main/octave_main.srcs/sources_1/new/counter512.vhd:20]
INFO: [Synth 8-3491] module 'FFT_transform' declared at 'D:/UNI/TFG/OctaveSax/Vivado/octave_main/octave_main.runs/synth_1/.Xil/Vivado-11576-DESKTOP-DR3C0JT/realtime/FFT_transform_stub.vhdl:5' bound to instance 'FFT' of component 'FFT_transform' [D:/UNI/TFG/OctaveSax/Vivado/octave_main/octave_main.srcs/sources_1/new/transform_controller.vhd:78]
INFO: [Synth 8-638] synthesizing module 'FFT_transform' [D:/UNI/TFG/OctaveSax/Vivado/octave_main/octave_main.runs/synth_1/.Xil/Vivado-11576-DESKTOP-DR3C0JT/realtime/FFT_transform_stub.vhdl:31]
WARNING: [Synth 8-6014] Unused sequential element processing_reg was removed.  [D:/UNI/TFG/OctaveSax/Vivado/octave_main/octave_main.srcs/sources_1/new/transform_controller.vhd:104]
WARNING: [Synth 8-6014] Unused sequential element state_fft_reg was removed.  [D:/UNI/TFG/OctaveSax/Vivado/octave_main/octave_main.srcs/sources_1/new/transform_controller.vhd:105]
INFO: [Synth 8-256] done synthesizing module 'transform_controller' (9#1) [D:/UNI/TFG/OctaveSax/Vivado/octave_main/octave_main.srcs/sources_1/new/transform_controller.vhd:22]
INFO: [Synth 8-3491] module 'freq_short_memo' declared at 'D:/UNI/TFG/OctaveSax/Vivado/octave_main/octave_main.runs/synth_1/.Xil/Vivado-11576-DESKTOP-DR3C0JT/realtime/freq_short_memo_stub.vhdl:5' bound to instance 'MEMO0' of component 'freq_short_memo' [D:/UNI/TFG/OctaveSax/Vivado/octave_main/octave_main.srcs/sources_1/new/freq_dom_controller.vhd:73]
INFO: [Synth 8-638] synthesizing module 'freq_short_memo' [D:/UNI/TFG/OctaveSax/Vivado/octave_main/octave_main.runs/synth_1/.Xil/Vivado-11576-DESKTOP-DR3C0JT/realtime/freq_short_memo_stub.vhdl:17]
INFO: [Synth 8-3491] module 'freq_short_memo' declared at 'D:/UNI/TFG/OctaveSax/Vivado/octave_main/octave_main.runs/synth_1/.Xil/Vivado-11576-DESKTOP-DR3C0JT/realtime/freq_short_memo_stub.vhdl:5' bound to instance 'MEMO1' of component 'freq_short_memo' [D:/UNI/TFG/OctaveSax/Vivado/octave_main/octave_main.srcs/sources_1/new/freq_dom_controller.vhd:82]
INFO: [Synth 8-3491] module 'freq_short_memo' declared at 'D:/UNI/TFG/OctaveSax/Vivado/octave_main/octave_main.runs/synth_1/.Xil/Vivado-11576-DESKTOP-DR3C0JT/realtime/freq_short_memo_stub.vhdl:5' bound to instance 'MEMO2' of component 'freq_short_memo' [D:/UNI/TFG/OctaveSax/Vivado/octave_main/octave_main.srcs/sources_1/new/freq_dom_controller.vhd:91]
INFO: [Synth 8-3491] module 'freq_short_memo' declared at 'D:/UNI/TFG/OctaveSax/Vivado/octave_main/octave_main.runs/synth_1/.Xil/Vivado-11576-DESKTOP-DR3C0JT/realtime/freq_short_memo_stub.vhdl:5' bound to instance 'MEMO3' of component 'freq_short_memo' [D:/UNI/TFG/OctaveSax/Vivado/octave_main/octave_main.srcs/sources_1/new/freq_dom_controller.vhd:100]
INFO: [Synth 8-256] done synthesizing module 'freq_dom_controller' (10#1) [D:/UNI/TFG/OctaveSax/Vivado/octave_main/octave_main.srcs/sources_1/new/freq_dom_controller.vhd:23]
INFO: [Synth 8-256] done synthesizing module 'master_controller' (11#1) [D:/UNI/TFG/OctaveSax/Vivado/octave_main/octave_main.srcs/sources_1/new/master_controller.vhd:31]
INFO: [Synth 8-3491] module 'display_interface' declared at 'D:/UNI/TFG/OctaveSax/Vivado/octave_main/octave_main.srcs/sources_1/new/display_interface.vhd:12' bound to instance 'displays' of component 'display_interface' [D:/UNI/TFG/OctaveSax/Vivado/octave_main/octave_main.srcs/sources_1/new/fsm_global.vhd:94]
INFO: [Synth 8-638] synthesizing module 'display_interface' [D:/UNI/TFG/OctaveSax/Vivado/octave_main/octave_main.srcs/sources_1/new/display_interface.vhd:22]
INFO: [Synth 8-3491] module 'display_counter' declared at 'D:/UNI/TFG/OctaveSax/Vivado/octave_main/octave_main.srcs/sources_1/new/display_counter.vhd:12' bound to instance 'counter_assig' of component 'display_counter' [D:/UNI/TFG/OctaveSax/Vivado/octave_main/octave_main.srcs/sources_1/new/display_interface.vhd:36]
INFO: [Synth 8-638] synthesizing module 'display_counter' [D:/UNI/TFG/OctaveSax/Vivado/octave_main/octave_main.srcs/sources_1/new/display_counter.vhd:20]
INFO: [Synth 8-256] done synthesizing module 'display_counter' (12#1) [D:/UNI/TFG/OctaveSax/Vivado/octave_main/octave_main.srcs/sources_1/new/display_counter.vhd:20]
INFO: [Synth 8-226] default block is never used [D:/UNI/TFG/OctaveSax/Vivado/octave_main/octave_main.srcs/sources_1/new/display_interface.vhd:111]
INFO: [Synth 8-256] done synthesizing module 'display_interface' (13#1) [D:/UNI/TFG/OctaveSax/Vivado/octave_main/octave_main.srcs/sources_1/new/display_interface.vhd:22]
INFO: [Synth 8-3491] module 'clk_generator' declared at 'D:/UNI/TFG/OctaveSax/Vivado/octave_main/octave_main.runs/synth_1/.Xil/Vivado-11576-DESKTOP-DR3C0JT/realtime/clk_generator_stub.vhdl:5' bound to instance 'clk_gen' of component 'clk_generator' [D:/UNI/TFG/OctaveSax/Vivado/octave_main/octave_main.srcs/sources_1/new/fsm_global.vhd:102]
INFO: [Synth 8-638] synthesizing module 'clk_generator' [D:/UNI/TFG/OctaveSax/Vivado/octave_main/octave_main.runs/synth_1/.Xil/Vivado-11576-DESKTOP-DR3C0JT/realtime/clk_generator_stub.vhdl:14]
INFO: [Synth 8-256] done synthesizing module 'fsm_global' (14#1) [D:/UNI/TFG/OctaveSax/Vivado/octave_main/octave_main.srcs/sources_1/new/fsm_global.vhd:33]
WARNING: [Synth 8-3331] design counter512 has unconnected port start_count
WARNING: [Synth 8-3331] design transform_controller has unconnected port start_proc_fft
WARNING: [Synth 8-3331] design transform_controller has unconnected port data_in[15]
WARNING: [Synth 8-3331] design transform_controller has unconnected port data_in[14]
WARNING: [Synth 8-3331] design transform_controller has unconnected port data_in[13]
WARNING: [Synth 8-3331] design transform_controller has unconnected port data_in[12]
WARNING: [Synth 8-3331] design transform_controller has unconnected port data_in[11]
WARNING: [Synth 8-3331] design transform_controller has unconnected port data_in[10]
WARNING: [Synth 8-3331] design transform_controller has unconnected port data_in[9]
WARNING: [Synth 8-3331] design transform_controller has unconnected port data_in[8]
WARNING: [Synth 8-3331] design transform_controller has unconnected port data_in[7]
WARNING: [Synth 8-3331] design transform_controller has unconnected port data_in[6]
WARNING: [Synth 8-3331] design transform_controller has unconnected port data_in[5]
WARNING: [Synth 8-3331] design transform_controller has unconnected port data_in[4]
WARNING: [Synth 8-3331] design transform_controller has unconnected port data_in[3]
WARNING: [Synth 8-3331] design transform_controller has unconnected port data_in[2]
WARNING: [Synth 8-3331] design transform_controller has unconnected port data_in[1]
WARNING: [Synth 8-3331] design transform_controller has unconnected port data_in[0]
WARNING: [Synth 8-3331] design istft_window_rom has unconnected port in_frame[8]
WARNING: [Synth 8-3331] design istft_window_rom has unconnected port in_frame[7]
WARNING: [Synth 8-3331] design istft_window_rom has unconnected port in_frame[6]
WARNING: [Synth 8-3331] design istft_window_rom has unconnected port in_frame[5]
WARNING: [Synth 8-3331] design istft_window_rom has unconnected port in_frame[4]
WARNING: [Synth 8-3331] design istft_window_rom has unconnected port in_frame[3]
WARNING: [Synth 8-3331] design istft_window_rom has unconnected port in_frame[2]
WARNING: [Synth 8-3331] design istft_window_rom has unconnected port in_frame[1]
WARNING: [Synth 8-3331] design istft_window_rom has unconnected port in_frame[0]
WARNING: [Synth 8-3331] design stft_window_rom has unconnected port in_frame[8]
WARNING: [Synth 8-3331] design stft_window_rom has unconnected port in_frame[7]
WARNING: [Synth 8-3331] design stft_window_rom has unconnected port in_frame[6]
WARNING: [Synth 8-3331] design stft_window_rom has unconnected port in_frame[5]
WARNING: [Synth 8-3331] design stft_window_rom has unconnected port in_frame[4]
WARNING: [Synth 8-3331] design stft_window_rom has unconnected port in_frame[3]
WARNING: [Synth 8-3331] design stft_window_rom has unconnected port in_frame[2]
WARNING: [Synth 8-3331] design stft_window_rom has unconnected port in_frame[1]
WARNING: [Synth 8-3331] design stft_window_rom has unconnected port in_frame[0]
---------------------------------------------------------------------------------
Finished RTL Elaboration : Time (s): cpu = 00:00:07 ; elapsed = 00:00:07 . Memory (MB): peak = 412.211 ; gain = 159.539
---------------------------------------------------------------------------------

Report Check Netlist: 
+------+------------------+-------+---------+-------+------------------+
|      |Item              |Errors |Warnings |Status |Description       |
+------+------------------+-------+---------+-------+------------------+
|1     |multi_driven_nets |      0|        0|Passed |Multi driven nets |
+------+------------------+-------+---------+-------+------------------+
---------------------------------------------------------------------------------
Finished RTL Optimization Phase 1 : Time (s): cpu = 00:00:07 ; elapsed = 00:00:07 . Memory (MB): peak = 412.211 ; gain = 159.539
---------------------------------------------------------------------------------
INFO: [Device 21-403] Loading part xc7a100tcsg324-1
INFO: [Project 1-570] Preparing netlist for logic optimization

Processing XDC Constraints
Initializing timing engine
Parsing XDC File [D:/UNI/TFG/OctaveSax/Vivado/octave_main/octave_main.runs/synth_1/.Xil/Vivado-11576-DESKTOP-DR3C0JT/dcp4/freq_short_memo_in_context.xdc] for cell 'CONT/IN_MEMO/ram1'
Finished Parsing XDC File [D:/UNI/TFG/OctaveSax/Vivado/octave_main/octave_main.runs/synth_1/.Xil/Vivado-11576-DESKTOP-DR3C0JT/dcp4/freq_short_memo_in_context.xdc] for cell 'CONT/IN_MEMO/ram1'
Parsing XDC File [D:/UNI/TFG/OctaveSax/Vivado/octave_main/octave_main.runs/synth_1/.Xil/Vivado-11576-DESKTOP-DR3C0JT/dcp4/freq_short_memo_in_context.xdc] for cell 'CONT/IN_MEMO/ram2'
Finished Parsing XDC File [D:/UNI/TFG/OctaveSax/Vivado/octave_main/octave_main.runs/synth_1/.Xil/Vivado-11576-DESKTOP-DR3C0JT/dcp4/freq_short_memo_in_context.xdc] for cell 'CONT/IN_MEMO/ram2'
Parsing XDC File [D:/UNI/TFG/OctaveSax/Vivado/octave_main/octave_main.runs/synth_1/.Xil/Vivado-11576-DESKTOP-DR3C0JT/dcp5/clk_generator_in_context.xdc] for cell 'clk_gen'
Finished Parsing XDC File [D:/UNI/TFG/OctaveSax/Vivado/octave_main/octave_main.runs/synth_1/.Xil/Vivado-11576-DESKTOP-DR3C0JT/dcp5/clk_generator_in_context.xdc] for cell 'clk_gen'
Parsing XDC File [D:/UNI/TFG/OctaveSax/Vivado/octave_main/octave_main.runs/synth_1/.Xil/Vivado-11576-DESKTOP-DR3C0JT/dcp6/FFT_transform_in_context.xdc] for cell 'CONT/FREQ/TRANS/FFT'
Finished Parsing XDC File [D:/UNI/TFG/OctaveSax/Vivado/octave_main/octave_main.runs/synth_1/.Xil/Vivado-11576-DESKTOP-DR3C0JT/dcp6/FFT_transform_in_context.xdc] for cell 'CONT/FREQ/TRANS/FFT'
Parsing XDC File [D:/UNI/TFG/OctaveSax/Vivado/octave_main/octave_main.runs/synth_1/.Xil/Vivado-11576-DESKTOP-DR3C0JT/dcp7/freq_short_memo_in_context.xdc] for cell 'CONT/FREQ/MEMO0'
Finished Parsing XDC File [D:/UNI/TFG/OctaveSax/Vivado/octave_main/octave_main.runs/synth_1/.Xil/Vivado-11576-DESKTOP-DR3C0JT/dcp7/freq_short_memo_in_context.xdc] for cell 'CONT/FREQ/MEMO0'
Parsing XDC File [D:/UNI/TFG/OctaveSax/Vivado/octave_main/octave_main.runs/synth_1/.Xil/Vivado-11576-DESKTOP-DR3C0JT/dcp7/freq_short_memo_in_context.xdc] for cell 'CONT/FREQ/MEMO1'
Finished Parsing XDC File [D:/UNI/TFG/OctaveSax/Vivado/octave_main/octave_main.runs/synth_1/.Xil/Vivado-11576-DESKTOP-DR3C0JT/dcp7/freq_short_memo_in_context.xdc] for cell 'CONT/FREQ/MEMO1'
Parsing XDC File [D:/UNI/TFG/OctaveSax/Vivado/octave_main/octave_main.runs/synth_1/.Xil/Vivado-11576-DESKTOP-DR3C0JT/dcp7/freq_short_memo_in_context.xdc] for cell 'CONT/FREQ/MEMO2'
Finished Parsing XDC File [D:/UNI/TFG/OctaveSax/Vivado/octave_main/octave_main.runs/synth_1/.Xil/Vivado-11576-DESKTOP-DR3C0JT/dcp7/freq_short_memo_in_context.xdc] for cell 'CONT/FREQ/MEMO2'
Parsing XDC File [D:/UNI/TFG/OctaveSax/Vivado/octave_main/octave_main.runs/synth_1/.Xil/Vivado-11576-DESKTOP-DR3C0JT/dcp7/freq_short_memo_in_context.xdc] for cell 'CONT/FREQ/MEMO3'
Finished Parsing XDC File [D:/UNI/TFG/OctaveSax/Vivado/octave_main/octave_main.runs/synth_1/.Xil/Vivado-11576-DESKTOP-DR3C0JT/dcp7/freq_short_memo_in_context.xdc] for cell 'CONT/FREQ/MEMO3'
Parsing XDC File [D:/UNI/TFG/OctaveSax/Vivado/octave_main/octave_main.srcs/constrs_1/imports/Downloads/Nexys4DDR_Master.xdc]
Finished Parsing XDC File [D:/UNI/TFG/OctaveSax/Vivado/octave_main/octave_main.srcs/constrs_1/imports/Downloads/Nexys4DDR_Master.xdc]
INFO: [Project 1-236] Implementation specific constraints were found while reading constraint file [D:/UNI/TFG/OctaveSax/Vivado/octave_main/octave_main.srcs/constrs_1/imports/Downloads/Nexys4DDR_Master.xdc]. These constraints will be ignored for synthesis but will be used in implementation. Impacted constraints are listed in the file [.Xil/fsm_global_propImpl.xdc].
Resolution: To avoid this warning, move constraints listed in [.Xil/fsm_global_propImpl.xdc] to another XDC file and exclude this new file from synthesis with the used_in_synthesis property (File Properties dialog in GUI) and re-run elaboration/synthesis.
Parsing XDC File [D:/UNI/TFG/OctaveSax/Vivado/octave_main/octave_main.runs/synth_1/dont_touch.xdc]
Finished Parsing XDC File [D:/UNI/TFG/OctaveSax/Vivado/octave_main/octave_main.runs/synth_1/dont_touch.xdc]
Completed Processing XDC Constraints

INFO: [Project 1-111] Unisim Transformation Summary:
No Unisim elements were transformed.

Constraint Validation Runtime : Time (s): cpu = 00:00:00 ; elapsed = 00:00:00.005 . Memory (MB): peak = 773.137 ; gain = 0.000
WARNING: [Timing 38-316] Clock period '20.000' specified during out-of-context synthesis of instance 'CONT/FREQ/MEMO0' at clock pin 'clka' is different from the actual clock period '10.000', this can lead to different synthesis results.
WARNING: [Timing 38-316] Clock period '20.000' specified during out-of-context synthesis of instance 'CONT/FREQ/MEMO1' at clock pin 'clka' is different from the actual clock period '10.000', this can lead to different synthesis results.
WARNING: [Timing 38-316] Clock period '20.000' specified during out-of-context synthesis of instance 'CONT/FREQ/MEMO2' at clock pin 'clka' is different from the actual clock period '10.000', this can lead to different synthesis results.
WARNING: [Timing 38-316] Clock period '20.000' specified during out-of-context synthesis of instance 'CONT/FREQ/MEMO3' at clock pin 'clka' is different from the actual clock period '10.000', this can lead to different synthesis results.
WARNING: [Timing 38-316] Clock period '20.000' specified during out-of-context synthesis of instance 'CONT/IN_MEMO/ram1' at clock pin 'clka' is different from the actual clock period '10.000', this can lead to different synthesis results.
WARNING: [Timing 38-316] Clock period '20.000' specified during out-of-context synthesis of instance 'CONT/IN_MEMO/ram2' at clock pin 'clka' is different from the actual clock period '10.000', this can lead to different synthesis results.
---------------------------------------------------------------------------------
Finished Constraint Validation : Time (s): cpu = 00:00:18 ; elapsed = 00:00:20 . Memory (MB): peak = 773.137 ; gain = 520.465
---------------------------------------------------------------------------------
---------------------------------------------------------------------------------
Start Loading Part and Timing Information
---------------------------------------------------------------------------------
Loading part: xc7a100tcsg324-1
---------------------------------------------------------------------------------
Finished Loading Part and Timing Information : Time (s): cpu = 00:00:18 ; elapsed = 00:00:20 . Memory (MB): peak = 773.137 ; gain = 520.465
---------------------------------------------------------------------------------
---------------------------------------------------------------------------------
Start Applying 'set_property' XDC Constraints
---------------------------------------------------------------------------------
Applied set_property IO_BUFFER_TYPE = NONE for clk_fpga. (constraint file  D:/UNI/TFG/OctaveSax/Vivado/octave_main/octave_main.runs/synth_1/.Xil/Vivado-11576-DESKTOP-DR3C0JT/dcp5/clk_generator_in_context.xdc, line 4).
Applied set_property CLOCK_BUFFER_TYPE = NONE for clk_fpga. (constraint file  D:/UNI/TFG/OctaveSax/Vivado/octave_main/octave_main.runs/synth_1/.Xil/Vivado-11576-DESKTOP-DR3C0JT/dcp5/clk_generator_in_context.xdc, line 5).
Applied set_property DONT_TOUCH = true for CONT/FREQ/MEMO0. (constraint file  auto generated constraint, line ).
Applied set_property DONT_TOUCH = true for CONT/FREQ/MEMO1. (constraint file  auto generated constraint, line ).
Applied set_property DONT_TOUCH = true for CONT/FREQ/MEMO2. (constraint file  auto generated constraint, line ).
Applied set_property DONT_TOUCH = true for CONT/FREQ/MEMO3. (constraint file  auto generated constraint, line ).
Applied set_property DONT_TOUCH = true for CONT/FREQ/TRANS/FFT. (constraint file  auto generated constraint, line ).
Applied set_property DONT_TOUCH = true for CONT/IN_MEMO/ram1. (constraint file  auto generated constraint, line ).
Applied set_property DONT_TOUCH = true for CONT/IN_MEMO/ram2. (constraint file  auto generated constraint, line ).
Applied set_property DONT_TOUCH = true for clk_gen. (constraint file  auto generated constraint, line ).
---------------------------------------------------------------------------------
Finished applying 'set_property' XDC Constraints : Time (s): cpu = 00:00:18 ; elapsed = 00:00:20 . Memory (MB): peak = 773.137 ; gain = 520.465
---------------------------------------------------------------------------------
WARNING: [Synth 8-6014] Unused sequential element count_reg was removed.  [D:/UNI/TFG/OctaveSax/Vivado/octave_main/octave_main.srcs/sources_1/new/sampling.vhd:49]
INFO: [Synth 8-802] inferred FSM for state register 'input_fsm_state_reg' in module 'fsm_control'
INFO: [Synth 8-5546] ROM "input_fsm_state_next" won't be mapped to RAM because it is too sparse
INFO: [Synth 8-5546] ROM "input_fsm_state_next" won't be mapped to RAM because it is too sparse
INFO: [Synth 8-5546] ROM "input_fsm_state_next" won't be mapped to RAM because it is too sparse
INFO: [Synth 8-5546] ROM "input_fsm_state_next" won't be mapped to RAM because it is too sparse
INFO: [Synth 8-5546] ROM "input_fsm_state_next" won't be mapped to RAM because it is too sparse
INFO: [Synth 8-5546] ROM "input_fsm_state_next" won't be mapped to RAM because it is too sparse
INFO: [Synth 8-5544] ROM "input_fsm" won't be mapped to Block RAM because address size (3) smaller than threshold (5)
INFO: [Synth 8-5546] ROM "start_buffer1r_next" won't be mapped to RAM because it is too sparse
INFO: [Synth 8-5546] ROM "p_16_in" won't be mapped to RAM because it is too sparse
INFO: [Synth 8-5546] ROM "start_buffer1r_next" won't be mapped to RAM because it is too sparse
INFO: [Synth 8-5546] ROM "p_16_in" won't be mapped to RAM because it is too sparse
INFO: [Synth 8-5544] ROM "input_state" won't be mapped to Block RAM because address size (3) smaller than threshold (5)
INFO: [Synth 8-5544] ROM "for_inv_next" won't be mapped to Block RAM because address size (3) smaller than threshold (5)
INFO: [Synth 8-5544] ROM "use_buffer_fft_load_next" won't be mapped to Block RAM because address size (1) smaller than threshold (5)
INFO: [Synth 8-5544] ROM "use_buffer_fft_load_next" won't be mapped to Block RAM because address size (1) smaller than threshold (5)
---------------------------------------------------------------------------------------------------
                   State |                     New Encoding |                Previous Encoding 
---------------------------------------------------------------------------------------------------
                  iSTATE |                              000 |                              000
*
              write_even |                              001 |                              001
               write_odd |                              010 |                              010
           load_fft_even |                              011 |                              011
            load_fft_odd |                              100 |                              100
               read_even |                              101 |                              101
                read_odd |                              110 |                              110
                 iSTATE0 |                              111 |                              111
---------------------------------------------------------------------------------------------------
INFO: [Synth 8-3354] encoded FSM with state register 'input_fsm_state_reg' using encoding 'sequential' in module 'fsm_control'
---------------------------------------------------------------------------------
Finished RTL Optimization Phase 2 : Time (s): cpu = 00:00:19 ; elapsed = 00:00:21 . Memory (MB): peak = 773.137 ; gain = 520.465
---------------------------------------------------------------------------------

Report RTL Partitions: 
+-+--------------+------------+----------+
| |RTL Partition |Replication |Instances |
+-+--------------+------------+----------+
+-+--------------+------------+----------+
---------------------------------------------------------------------------------
Start RTL Component Statistics 
---------------------------------------------------------------------------------
Detailed RTL Component Info : 
+---Adders : 
	   2 Input     31 Bit       Adders := 3     
	   2 Input     18 Bit       Adders := 1     
	   2 Input     16 Bit       Adders := 6     
	   2 Input     10 Bit       Adders := 21    
	   2 Input      9 Bit       Adders := 8     
	   2 Input      5 Bit       Adders := 2     
	   2 Input      3 Bit       Adders := 1     
+---Registers : 
	               32 Bit    Registers := 2     
	               18 Bit    Registers := 1     
	               16 Bit    Registers := 16    
	               10 Bit    Registers := 23    
	                9 Bit    Registers := 11    
	                5 Bit    Registers := 1     
	                3 Bit    Registers := 2     
	                2 Bit    Registers := 4     
	                1 Bit    Registers := 47    
+---Muxes : 
	   2 Input     32 Bit        Muxes := 2     
	   2 Input     31 Bit        Muxes := 3     
	   2 Input     24 Bit        Muxes := 1     
	   2 Input     18 Bit        Muxes := 1     
	   2 Input     16 Bit        Muxes := 10    
	   4 Input     16 Bit        Muxes := 1     
	   7 Input     16 Bit        Muxes := 2     
	   2 Input     10 Bit        Muxes := 10    
	   7 Input      9 Bit        Muxes := 2     
	   2 Input      9 Bit        Muxes := 3     
	   8 Input      8 Bit        Muxes := 1     
	   4 Input      7 Bit        Muxes := 4     
	   2 Input      7 Bit        Muxes := 1     
	   2 Input      5 Bit        Muxes := 2     
	   3 Input      4 Bit        Muxes := 1     
	   2 Input      3 Bit        Muxes := 2     
	   8 Input      3 Bit        Muxes := 1     
	  13 Input      3 Bit        Muxes := 1     
	   6 Input      3 Bit        Muxes := 1     
	   2 Input      2 Bit        Muxes := 8     
	   9 Input      2 Bit        Muxes := 1     
	   3 Input      2 Bit        Muxes := 1     
	   4 Input      2 Bit        Muxes := 2     
	  10 Input      1 Bit        Muxes := 1     
	   2 Input      1 Bit        Muxes := 52    
	   7 Input      1 Bit        Muxes := 24    
	   4 Input      1 Bit        Muxes := 7     
	   3 Input      1 Bit        Muxes := 1     
---------------------------------------------------------------------------------
Finished RTL Component Statistics 
---------------------------------------------------------------------------------
---------------------------------------------------------------------------------
Start RTL Hierarchical Component Statistics 
---------------------------------------------------------------------------------
Hierarchical RTL Component report 
Module fsm_global 
Detailed RTL Component Info : 
+---Registers : 
	                2 Bit    Registers := 1     
+---Muxes : 
	   4 Input      2 Bit        Muxes := 2     
	   4 Input      1 Bit        Muxes := 1     
Module sampling 
Detailed RTL Component Info : 
+---Adders : 
	   2 Input     10 Bit       Adders := 1     
	   2 Input      5 Bit       Adders := 2     
+---Registers : 
	               10 Bit    Registers := 1     
	                5 Bit    Registers := 1     
	                3 Bit    Registers := 1     
	                1 Bit    Registers := 8     
+---Muxes : 
	   2 Input      5 Bit        Muxes := 2     
	   2 Input      3 Bit        Muxes := 2     
	   2 Input      2 Bit        Muxes := 5     
	  10 Input      1 Bit        Muxes := 1     
	   2 Input      1 Bit        Muxes := 4     
Module shift_register 
Detailed RTL Component Info : 
+---Registers : 
	               16 Bit    Registers := 1     
Module window_controller 
Detailed RTL Component Info : 
+---Registers : 
	               32 Bit    Registers := 1     
	                1 Bit    Registers := 1     
+---Muxes : 
	   2 Input     32 Bit        Muxes := 1     
	   2 Input     16 Bit        Muxes := 1     
Module fsm_control 
Detailed RTL Component Info : 
+---Muxes : 
	   8 Input      3 Bit        Muxes := 1     
	  13 Input      3 Bit        Muxes := 1     
	   2 Input      1 Bit        Muxes := 8     
	   7 Input      1 Bit        Muxes := 2     
Module counter512 
Detailed RTL Component Info : 
+---Registers : 
	                9 Bit    Registers := 1     
Module freq_dom_controller 
Detailed RTL Component Info : 
+---Adders : 
	   2 Input     10 Bit       Adders := 8     
+---Registers : 
	               16 Bit    Registers := 5     
	               10 Bit    Registers := 8     
	                1 Bit    Registers := 14    
+---Muxes : 
	   4 Input     16 Bit        Muxes := 1     
	   2 Input     10 Bit        Muxes := 4     
	   2 Input      1 Bit        Muxes := 13    
	   4 Input      1 Bit        Muxes := 4     
Module master_controller 
Detailed RTL Component Info : 
+---Adders : 
	   2 Input     31 Bit       Adders := 3     
	   2 Input     16 Bit       Adders := 6     
	   2 Input     10 Bit       Adders := 12    
	   2 Input      9 Bit       Adders := 8     
+---Registers : 
	               16 Bit    Registers := 10    
	               10 Bit    Registers := 14    
	                9 Bit    Registers := 10    
	                2 Bit    Registers := 3     
	                1 Bit    Registers := 23    
+---Muxes : 
	   2 Input     31 Bit        Muxes := 3     
	   2 Input     24 Bit        Muxes := 1     
	   2 Input     16 Bit        Muxes := 8     
	   7 Input     16 Bit        Muxes := 2     
	   2 Input     10 Bit        Muxes := 6     
	   7 Input      9 Bit        Muxes := 2     
	   2 Input      9 Bit        Muxes := 3     
	   6 Input      3 Bit        Muxes := 1     
	   2 Input      2 Bit        Muxes := 3     
	   9 Input      2 Bit        Muxes := 1     
	   3 Input      2 Bit        Muxes := 1     
	   4 Input      1 Bit        Muxes := 2     
	   2 Input      1 Bit        Muxes := 27    
	   3 Input      1 Bit        Muxes := 1     
	   7 Input      1 Bit        Muxes := 22    
Module display_counter 
Detailed RTL Component Info : 
+---Adders : 
	   2 Input     18 Bit       Adders := 1     
+---Registers : 
	               18 Bit    Registers := 1     
+---Muxes : 
	   2 Input     18 Bit        Muxes := 1     
Module display_interface 
Detailed RTL Component Info : 
+---Adders : 
	   2 Input      3 Bit       Adders := 1     
+---Registers : 
	                3 Bit    Registers := 1     
+---Muxes : 
	   8 Input      8 Bit        Muxes := 1     
	   4 Input      7 Bit        Muxes := 4     
	   2 Input      7 Bit        Muxes := 1     
	   3 Input      4 Bit        Muxes := 1     
---------------------------------------------------------------------------------
Finished RTL Hierarchical Component Statistics
---------------------------------------------------------------------------------
---------------------------------------------------------------------------------
Start Part Resource Summary
---------------------------------------------------------------------------------
Part Resources:
DSPs: 240 (col length:80)
BRAMs: 270 (col length: RAMB18 80 RAMB36 40)
---------------------------------------------------------------------------------
Finished Part Resource Summary
---------------------------------------------------------------------------------
---------------------------------------------------------------------------------
Start Cross Boundary and Area Optimization
---------------------------------------------------------------------------------
WARNING: [Synth 8-6014] Unused sequential element count_reg was removed.  [D:/UNI/TFG/OctaveSax/Vivado/octave_main/octave_main.srcs/sources_1/new/sampling.vhd:49]
DSP Report: Generating DSP result_next0, operation Mode is: A*B.
DSP Report: operator result_next0 is absorbed into DSP result_next0.
DSP Report: Generating DSP result_next0, operation Mode is: (A:0x7fff)*B.
DSP Report: operator result_next0 is absorbed into DSP result_next0.
WARNING: [Synth 8-6014] Unused sequential element TRANS/CNT/count_reg was removed.  [D:/UNI/TFG/OctaveSax/Vivado/octave_main/octave_main.srcs/sources_1/new/counter512.vhd:30]
WARNING: [Synth 8-6014] Unused sequential element addra3r_reg was removed.  [D:/UNI/TFG/OctaveSax/Vivado/octave_main/octave_main.srcs/sources_1/new/freq_dom_controller.vhd:128]
WARNING: [Synth 8-6014] Unused sequential element addra3_reg was removed.  [D:/UNI/TFG/OctaveSax/Vivado/octave_main/octave_main.srcs/sources_1/new/freq_dom_controller.vhd:124]
WARNING: [Synth 8-6014] Unused sequential element addra2r_reg was removed.  [D:/UNI/TFG/OctaveSax/Vivado/octave_main/octave_main.srcs/sources_1/new/freq_dom_controller.vhd:127]
WARNING: [Synth 8-6014] Unused sequential element addra2_reg was removed.  [D:/UNI/TFG/OctaveSax/Vivado/octave_main/octave_main.srcs/sources_1/new/freq_dom_controller.vhd:123]
WARNING: [Synth 8-6014] Unused sequential element addra1r_reg was removed.  [D:/UNI/TFG/OctaveSax/Vivado/octave_main/octave_main.srcs/sources_1/new/freq_dom_controller.vhd:126]
WARNING: [Synth 8-6014] Unused sequential element addra1_reg was removed.  [D:/UNI/TFG/OctaveSax/Vivado/octave_main/octave_main.srcs/sources_1/new/freq_dom_controller.vhd:122]
WARNING: [Synth 8-6014] Unused sequential element addra0r_reg was removed.  [D:/UNI/TFG/OctaveSax/Vivado/octave_main/octave_main.srcs/sources_1/new/freq_dom_controller.vhd:125]
WARNING: [Synth 8-6014] Unused sequential element addra0_reg was removed.  [D:/UNI/TFG/OctaveSax/Vivado/octave_main/octave_main.srcs/sources_1/new/freq_dom_controller.vhd:121]
INFO: [Synth 8-5546] ROM "p_16_in" won't be mapped to RAM because it is too sparse
INFO: [Synth 8-5546] ROM "start_buffer1r_next" won't be mapped to RAM because it is too sparse
INFO: [Synth 8-5546] ROM "p_0_out" won't be mapped to RAM because it is too sparse
WARNING: [Synth 8-6014] Unused sequential element counter_buf0r_reg was removed.  [D:/UNI/TFG/OctaveSax/Vivado/octave_main/octave_main.srcs/sources_1/new/master_controller.vhd:254]
WARNING: [Synth 8-6014] Unused sequential element load_address3_reg was removed.  [D:/UNI/TFG/OctaveSax/Vivado/octave_main/octave_main.srcs/sources_1/new/master_controller.vhd:280]
WARNING: [Synth 8-6014] Unused sequential element load_address1_reg was removed.  [D:/UNI/TFG/OctaveSax/Vivado/octave_main/octave_main.srcs/sources_1/new/master_controller.vhd:278]
WARNING: [Synth 8-6014] Unused sequential element load_address2_reg was removed.  [D:/UNI/TFG/OctaveSax/Vivado/octave_main/octave_main.srcs/sources_1/new/master_controller.vhd:279]
WARNING: [Synth 8-6014] Unused sequential element load_address0_reg was removed.  [D:/UNI/TFG/OctaveSax/Vivado/octave_main/octave_main.srcs/sources_1/new/master_controller.vhd:277]
WARNING: [Synth 8-6014] Unused sequential element counter_buf3r_reg was removed.  [D:/UNI/TFG/OctaveSax/Vivado/octave_main/octave_main.srcs/sources_1/new/master_controller.vhd:322]
WARNING: [Synth 8-6014] Unused sequential element counter_buf2r_reg was removed.  [D:/UNI/TFG/OctaveSax/Vivado/octave_main/octave_main.srcs/sources_1/new/master_controller.vhd:256]
WARNING: [Synth 8-6014] Unused sequential element counter_buf1r_reg was removed.  [D:/UNI/TFG/OctaveSax/Vivado/octave_main/octave_main.srcs/sources_1/new/master_controller.vhd:255]
WARNING: [Synth 8-6014] Unused sequential element counter_buf0_reg was removed.  [D:/UNI/TFG/OctaveSax/Vivado/octave_main/octave_main.srcs/sources_1/new/master_controller.vhd:242]
WARNING: [Synth 8-6014] Unused sequential element counter_buf3_reg was removed.  [D:/UNI/TFG/OctaveSax/Vivado/octave_main/octave_main.srcs/sources_1/new/master_controller.vhd:310]
WARNING: [Synth 8-6014] Unused sequential element counter_buf2_reg was removed.  [D:/UNI/TFG/OctaveSax/Vivado/octave_main/octave_main.srcs/sources_1/new/master_controller.vhd:244]
WARNING: [Synth 8-6014] Unused sequential element counter_buf1_reg was removed.  [D:/UNI/TFG/OctaveSax/Vivado/octave_main/octave_main.srcs/sources_1/new/master_controller.vhd:243]
WARNING: [Synth 8-6014] Unused sequential element displays/counter_assig/counter_reg was removed.  [D:/UNI/TFG/OctaveSax/Vivado/octave_main/octave_main.srcs/sources_1/new/display_counter.vhd:29]
WARNING: [Synth 8-3331] design window_controller has unconnected port for_inv
WARNING: [Synth 8-3331] design window_controller has unconnected port sample_number[8]
WARNING: [Synth 8-3331] design window_controller has unconnected port sample_number[7]
WARNING: [Synth 8-3331] design window_controller has unconnected port sample_number[6]
WARNING: [Synth 8-3331] design window_controller has unconnected port sample_number[5]
WARNING: [Synth 8-3331] design window_controller has unconnected port sample_number[4]
WARNING: [Synth 8-3331] design window_controller has unconnected port sample_number[3]
WARNING: [Synth 8-3331] design window_controller has unconnected port sample_number[2]
WARNING: [Synth 8-3331] design window_controller has unconnected port sample_number[1]
WARNING: [Synth 8-3331] design window_controller has unconnected port sample_number[0]
WARNING: [Synth 8-3332] Sequential element (CONT/SAMP/sample_in_ready_reg) is unused and will be removed from module fsm_global.
WARNING: [Synth 8-3332] Sequential element (CONT/SAMP/sample_towrite_ready_reg) is unused and will be removed from module fsm_global.
WARNING: [Synth 8-3332] Sequential element (CONT/SAMP/half_sc_reg) is unused and will be removed from module fsm_global.
WARNING: [Synth 8-3332] Sequential element (CONT/WIN1/result_pre_reg[31]) is unused and will be removed from module fsm_global.
WARNING: [Synth 8-3332] Sequential element (CONT/WIN1/result_pre_reg[14]) is unused and will be removed from module fsm_global.
WARNING: [Synth 8-3332] Sequential element (CONT/WIN1/result_pre_reg[13]) is unused and will be removed from module fsm_global.
WARNING: [Synth 8-3332] Sequential element (CONT/WIN1/result_pre_reg[12]) is unused and will be removed from module fsm_global.
WARNING: [Synth 8-3332] Sequential element (CONT/WIN1/result_pre_reg[11]) is unused and will be removed from module fsm_global.
WARNING: [Synth 8-3332] Sequential element (CONT/WIN1/result_pre_reg[10]) is unused and will be removed from module fsm_global.
WARNING: [Synth 8-3332] Sequential element (CONT/WIN1/result_pre_reg[9]) is unused and will be removed from module fsm_global.
WARNING: [Synth 8-3332] Sequential element (CONT/WIN1/result_pre_reg[8]) is unused and will be removed from module fsm_global.
WARNING: [Synth 8-3332] Sequential element (CONT/WIN1/result_pre_reg[7]) is unused and will be removed from module fsm_global.
WARNING: [Synth 8-3332] Sequential element (CONT/WIN1/result_pre_reg[6]) is unused and will be removed from module fsm_global.
WARNING: [Synth 8-3332] Sequential element (CONT/WIN1/result_pre_reg[5]) is unused and will be removed from module fsm_global.
WARNING: [Synth 8-3332] Sequential element (CONT/WIN1/result_pre_reg[4]) is unused and will be removed from module fsm_global.
WARNING: [Synth 8-3332] Sequential element (CONT/WIN1/result_pre_reg[3]) is unused and will be removed from module fsm_global.
WARNING: [Synth 8-3332] Sequential element (CONT/WIN1/result_pre_reg[2]) is unused and will be removed from module fsm_global.
WARNING: [Synth 8-3332] Sequential element (CONT/WIN1/result_pre_reg[1]) is unused and will be removed from module fsm_global.
WARNING: [Synth 8-3332] Sequential element (CONT/WIN1/result_pre_reg[0]) is unused and will be removed from module fsm_global.
WARNING: [Synth 8-3332] Sequential element (CONT/WIN2/result_pre_reg[31]) is unused and will be removed from module fsm_global.
WARNING: [Synth 8-3332] Sequential element (CONT/WIN2/result_pre_reg[14]) is unused and will be removed from module fsm_global.
WARNING: [Synth 8-3332] Sequential element (CONT/WIN2/result_pre_reg[13]) is unused and will be removed from module fsm_global.
WARNING: [Synth 8-3332] Sequential element (CONT/WIN2/result_pre_reg[12]) is unused and will be removed from module fsm_global.
WARNING: [Synth 8-3332] Sequential element (CONT/WIN2/result_pre_reg[11]) is unused and will be removed from module fsm_global.
WARNING: [Synth 8-3332] Sequential element (CONT/WIN2/result_pre_reg[10]) is unused and will be removed from module fsm_global.
WARNING: [Synth 8-3332] Sequential element (CONT/WIN2/result_pre_reg[9]) is unused and will be removed from module fsm_global.
WARNING: [Synth 8-3332] Sequential element (CONT/WIN2/result_pre_reg[8]) is unused and will be removed from module fsm_global.
WARNING: [Synth 8-3332] Sequential element (CONT/WIN2/result_pre_reg[7]) is unused and will be removed from module fsm_global.
WARNING: [Synth 8-3332] Sequential element (CONT/WIN2/result_pre_reg[6]) is unused and will be removed from module fsm_global.
WARNING: [Synth 8-3332] Sequential element (CONT/WIN2/result_pre_reg[5]) is unused and will be removed from module fsm_global.
WARNING: [Synth 8-3332] Sequential element (CONT/WIN2/result_pre_reg[4]) is unused and will be removed from module fsm_global.
WARNING: [Synth 8-3332] Sequential element (CONT/WIN2/result_pre_reg[3]) is unused and will be removed from module fsm_global.
WARNING: [Synth 8-3332] Sequential element (CONT/WIN2/result_pre_reg[2]) is unused and will be removed from module fsm_global.
WARNING: [Synth 8-3332] Sequential element (CONT/WIN2/result_pre_reg[1]) is unused and will be removed from module fsm_global.
WARNING: [Synth 8-3332] Sequential element (CONT/WIN2/result_pre_reg[0]) is unused and will be removed from module fsm_global.
WARNING: [Synth 8-3332] Sequential element (CONT/FREQ/req_samp_ready_reg) is unused and will be removed from module fsm_global.
WARNING: [Synth 8-3332] Sequential element (CONT/FREQ/out_memo_reg[15]) is unused and will be removed from module fsm_global.
WARNING: [Synth 8-3332] Sequential element (CONT/FREQ/out_memo_reg[14]) is unused and will be removed from module fsm_global.
WARNING: [Synth 8-3332] Sequential element (CONT/FREQ/out_memo_reg[13]) is unused and will be removed from module fsm_global.
WARNING: [Synth 8-3332] Sequential element (CONT/FREQ/out_memo_reg[12]) is unused and will be removed from module fsm_global.
WARNING: [Synth 8-3332] Sequential element (CONT/FREQ/out_memo_reg[11]) is unused and will be removed from module fsm_global.
WARNING: [Synth 8-3332] Sequential element (CONT/FREQ/out_memo_reg[10]) is unused and will be removed from module fsm_global.
WARNING: [Synth 8-3332] Sequential element (CONT/FREQ/out_memo_reg[9]) is unused and will be removed from module fsm_global.
WARNING: [Synth 8-3332] Sequential element (CONT/FREQ/out_memo_reg[8]) is unused and will be removed from module fsm_global.
WARNING: [Synth 8-3332] Sequential element (CONT/FREQ/out_memo_reg[7]) is unused and will be removed from module fsm_global.
WARNING: [Synth 8-3332] Sequential element (CONT/FREQ/out_memo_reg[6]) is unused and will be removed from module fsm_global.
WARNING: [Synth 8-3332] Sequential element (CONT/FREQ/out_memo_reg[5]) is unused and will be removed from module fsm_global.
WARNING: [Synth 8-3332] Sequential element (CONT/FREQ/out_memo_reg[4]) is unused and will be removed from module fsm_global.
WARNING: [Synth 8-3332] Sequential element (CONT/FREQ/out_memo_reg[3]) is unused and will be removed from module fsm_global.
WARNING: [Synth 8-3332] Sequential element (CONT/FREQ/out_memo_reg[2]) is unused and will be removed from module fsm_global.
WARNING: [Synth 8-3332] Sequential element (CONT/FREQ/out_memo_reg[1]) is unused and will be removed from module fsm_global.
WARNING: [Synth 8-3332] Sequential element (CONT/FREQ/out_memo_reg[0]) is unused and will be removed from module fsm_global.
WARNING: [Synth 8-3332] Sequential element (CONT/for_inv_reg) is unused and will be removed from module fsm_global.
WARNING: [Synth 8-3332] Sequential element (CONT/counter_buf3r_reg[8]) is unused and will be removed from module fsm_global.
WARNING: [Synth 8-3332] Sequential element (CONT/counter_buf3r_reg[7]) is unused and will be removed from module fsm_global.
WARNING: [Synth 8-3332] Sequential element (CONT/counter_buf3r_reg[6]) is unused and will be removed from module fsm_global.
WARNING: [Synth 8-3332] Sequential element (CONT/counter_buf3r_reg[5]) is unused and will be removed from module fsm_global.
WARNING: [Synth 8-3332] Sequential element (CONT/counter_buf3r_reg[4]) is unused and will be removed from module fsm_global.
WARNING: [Synth 8-3332] Sequential element (CONT/counter_buf3r_reg[3]) is unused and will be removed from module fsm_global.
WARNING: [Synth 8-3332] Sequential element (CONT/counter_buf3r_reg[2]) is unused and will be removed from module fsm_global.
WARNING: [Synth 8-3332] Sequential element (CONT/counter_buf3r_reg[1]) is unused and will be removed from module fsm_global.
WARNING: [Synth 8-3332] Sequential element (CONT/counter_buf3r_reg[0]) is unused and will be removed from module fsm_global.
WARNING: [Synth 8-3332] Sequential element (CONT/counter_buf2r_reg[8]) is unused and will be removed from module fsm_global.
WARNING: [Synth 8-3332] Sequential element (CONT/counter_buf2r_reg[7]) is unused and will be removed from module fsm_global.
WARNING: [Synth 8-3332] Sequential element (CONT/counter_buf2r_reg[6]) is unused and will be removed from module fsm_global.
WARNING: [Synth 8-3332] Sequential element (CONT/counter_buf2r_reg[5]) is unused and will be removed from module fsm_global.
WARNING: [Synth 8-3332] Sequential element (CONT/counter_buf2r_reg[4]) is unused and will be removed from module fsm_global.
WARNING: [Synth 8-3332] Sequential element (CONT/counter_buf2r_reg[3]) is unused and will be removed from module fsm_global.
WARNING: [Synth 8-3332] Sequential element (CONT/counter_buf2r_reg[2]) is unused and will be removed from module fsm_global.
WARNING: [Synth 8-3332] Sequential element (CONT/counter_buf2r_reg[1]) is unused and will be removed from module fsm_global.
WARNING: [Synth 8-3332] Sequential element (CONT/counter_buf2r_reg[0]) is unused and will be removed from module fsm_global.
WARNING: [Synth 8-3332] Sequential element (CONT/sample_number2_reg[8]) is unused and will be removed from module fsm_global.
WARNING: [Synth 8-3332] Sequential element (CONT/sample_number2_reg[7]) is unused and will be removed from module fsm_global.
WARNING: [Synth 8-3332] Sequential element (CONT/sample_number2_reg[6]) is unused and will be removed from module fsm_global.
WARNING: [Synth 8-3332] Sequential element (CONT/sample_number2_reg[5]) is unused and will be removed from module fsm_global.
WARNING: [Synth 8-3332] Sequential element (CONT/sample_number2_reg[4]) is unused and will be removed from module fsm_global.
WARNING: [Synth 8-3332] Sequential element (CONT/sample_number2_reg[3]) is unused and will be removed from module fsm_global.
WARNING: [Synth 8-3332] Sequential element (CONT/sample_number2_reg[2]) is unused and will be removed from module fsm_global.
WARNING: [Synth 8-3332] Sequential element (CONT/sample_number2_reg[1]) is unused and will be removed from module fsm_global.
WARNING: [Synth 8-3332] Sequential element (CONT/sample_number2_reg[0]) is unused and will be removed from module fsm_global.
WARNING: [Synth 8-3332] Sequential element (CONT/counter_buf3_reg[8]) is unused and will be removed from module fsm_global.
WARNING: [Synth 8-3332] Sequential element (CONT/counter_buf3_reg[7]) is unused and will be removed from module fsm_global.
WARNING: [Synth 8-3332] Sequential element (CONT/counter_buf3_reg[6]) is unused and will be removed from module fsm_global.
WARNING: [Synth 8-3332] Sequential element (CONT/counter_buf3_reg[5]) is unused and will be removed from module fsm_global.
WARNING: [Synth 8-3332] Sequential element (CONT/counter_buf3_reg[4]) is unused and will be removed from module fsm_global.
WARNING: [Synth 8-3332] Sequential element (CONT/counter_buf3_reg[3]) is unused and will be removed from module fsm_global.
WARNING: [Synth 8-3332] Sequential element (CONT/counter_buf3_reg[2]) is unused and will be removed from module fsm_global.
WARNING: [Synth 8-3332] Sequential element (CONT/counter_buf3_reg[1]) is unused and will be removed from module fsm_global.
WARNING: [Synth 8-3332] Sequential element (CONT/counter_buf3_reg[0]) is unused and will be removed from module fsm_global.
WARNING: [Synth 8-3332] Sequential element (CONT/counter_buf2_reg[8]) is unused and will be removed from module fsm_global.
WARNING: [Synth 8-3332] Sequential element (CONT/counter_buf2_reg[7]) is unused and will be removed from module fsm_global.
WARNING: [Synth 8-3332] Sequential element (CONT/counter_buf2_reg[6]) is unused and will be removed from module fsm_global.
WARNING: [Synth 8-3332] Sequential element (CONT/counter_buf2_reg[5]) is unused and will be removed from module fsm_global.
WARNING: [Synth 8-3332] Sequential element (CONT/counter_buf2_reg[4]) is unused and will be removed from module fsm_global.
WARNING: [Synth 8-3332] Sequential element (CONT/counter_buf2_reg[3]) is unused and will be removed from module fsm_global.
WARNING: [Synth 8-3332] Sequential element (CONT/counter_buf2_reg[2]) is unused and will be removed from module fsm_global.
WARNING: [Synth 8-3332] Sequential element (CONT/counter_buf2_reg[1]) is unused and will be removed from module fsm_global.
WARNING: [Synth 8-3332] Sequential element (CONT/counter_buf2_reg[0]) is unused and will be removed from module fsm_global.
WARNING: [Synth 8-3332] Sequential element (CONT/counter_buf1_reg[8]) is unused and will be removed from module fsm_global.
WARNING: [Synth 8-3332] Sequential element (CONT/counter_buf1_reg[7]) is unused and will be removed from module fsm_global.
INFO: [Common 17-14] Message 'Synth 8-3332' appears 100 times and further instances of the messages will be disabled. Use the Tcl command set_msg_config to change the current settings.
INFO: [Synth 8-3333] propagating constant 0 across sequential element (i_18/\CONT/load_address2_reg[0] )
INFO: [Synth 8-3333] propagating constant 0 across sequential element (i_18/\CONT/load_address2_reg[1] )
INFO: [Synth 8-3333] propagating constant 0 across sequential element (i_18/\CONT/load_address2_reg[2] )
INFO: [Synth 8-3333] propagating constant 0 across sequential element (i_18/\CONT/load_address2_reg[3] )
INFO: [Synth 8-3333] propagating constant 0 across sequential element (i_18/\CONT/load_address2_reg[4] )
INFO: [Synth 8-3333] propagating constant 0 across sequential element (i_18/\CONT/load_address2_reg[5] )
INFO: [Synth 8-3333] propagating constant 0 across sequential element (i_18/\CONT/load_address2_reg[6] )
INFO: [Synth 8-3333] propagating constant 0 across sequential element (i_18/\CONT/load_address2_reg[7] )
INFO: [Synth 8-3333] propagating constant 0 across sequential element (i_18/\CONT/load_address2_reg[8] )
INFO: [Synth 8-3333] propagating constant 0 across sequential element (i_18/\CONT/load_address2_reg[9] )
INFO: [Synth 8-3333] propagating constant 0 across sequential element (i_18/\CONT/load_address1_reg[0] )
INFO: [Synth 8-3333] propagating constant 0 across sequential element (i_18/\CONT/load_address0_reg[0] )
INFO: [Synth 8-3333] propagating constant 0 across sequential element (i_18/\CONT/load_address1_reg[1] )
INFO: [Synth 8-3333] propagating constant 0 across sequential element (i_18/\CONT/load_address0_reg[1] )
INFO: [Synth 8-3333] propagating constant 0 across sequential element (i_18/\CONT/load_address1_reg[2] )
INFO: [Synth 8-3333] propagating constant 0 across sequential element (i_18/\CONT/load_address0_reg[2] )
INFO: [Synth 8-3333] propagating constant 0 across sequential element (i_18/\CONT/load_address1_reg[3] )
INFO: [Synth 8-3333] propagating constant 0 across sequential element (i_18/\CONT/load_address0_reg[3] )
INFO: [Synth 8-3333] propagating constant 0 across sequential element (i_18/\CONT/load_address1_reg[4] )
INFO: [Synth 8-3333] propagating constant 0 across sequential element (i_18/\CONT/load_address0_reg[4] )
INFO: [Synth 8-3333] propagating constant 0 across sequential element (i_18/\CONT/load_address1_reg[5] )
INFO: [Synth 8-3333] propagating constant 0 across sequential element (i_18/\CONT/load_address0_reg[5] )
INFO: [Synth 8-3333] propagating constant 0 across sequential element (i_18/\CONT/load_address1_reg[6] )
INFO: [Synth 8-3333] propagating constant 0 across sequential element (i_18/\CONT/load_address0_reg[6] )
INFO: [Synth 8-3333] propagating constant 0 across sequential element (i_18/\CONT/load_address1_reg[7] )
INFO: [Synth 8-3333] propagating constant 0 across sequential element (i_18/\CONT/load_address0_reg[7] )
INFO: [Synth 8-3333] propagating constant 0 across sequential element (i_18/\CONT/load_address1_reg[8] )
INFO: [Synth 8-3333] propagating constant 0 across sequential element (i_18/\CONT/load_address0_reg[8] )
INFO: [Synth 8-3333] propagating constant 1 across sequential element (i_18/\CONT/load_address1_reg[9] )
INFO: [Synth 8-3333] propagating constant 0 across sequential element (i_18/\CONT/load_address0_reg[9] )
INFO: [Synth 8-3333] propagating constant 1 across sequential element (i_18/\CONT/load_address3_reg[9] )
INFO: [Synth 8-3333] propagating constant 0 across sequential element (i_18/\CONT/load_address3_reg[8] )
INFO: [Synth 8-3333] propagating constant 0 across sequential element (i_18/\CONT/load_address3_reg[7] )
INFO: [Synth 8-3333] propagating constant 0 across sequential element (i_18/\CONT/load_address3_reg[6] )
INFO: [Synth 8-3333] propagating constant 0 across sequential element (i_18/\CONT/load_address3_reg[5] )
INFO: [Synth 8-3333] propagating constant 0 across sequential element (i_18/\CONT/load_address3_reg[0] )
INFO: [Synth 8-3333] propagating constant 0 across sequential element (i_18/\CONT/load_address3_reg[1] )
INFO: [Synth 8-3333] propagating constant 0 across sequential element (i_18/\CONT/load_address3_reg[2] )
INFO: [Synth 8-3333] propagating constant 0 across sequential element (i_18/\CONT/load_address3_reg[3] )
INFO: [Synth 8-3333] propagating constant 0 across sequential element (i_18/\CONT/load_address3_reg[4] )
INFO: [Synth 8-3333] propagating constant 0 across sequential element (\CONT/start_load1_reg )
---------------------------------------------------------------------------------
Finished Cross Boundary and Area Optimization : Time (s): cpu = 00:00:23 ; elapsed = 00:00:25 . Memory (MB): peak = 773.137 ; gain = 520.465
---------------------------------------------------------------------------------
---------------------------------------------------------------------------------
Start ROM, RAM, DSP and Shift Register Reporting
---------------------------------------------------------------------------------

DSP: Preliminary Mapping  Report (see note below)
+------------------+--------------+--------+--------+--------+--------+--------+------+------+------+------+-------+------+------+
|Module Name       | DSP Mapping  | A Size | B Size | C Size | D Size | P Size | AREG | BREG | CREG | DREG | ADREG | MREG | PREG | 
+------------------+--------------+--------+--------+--------+--------+--------+------+------+------+------+-------+------+------+
|window_controller | A*B          | 16     | 16     | -      | -      | 32     | 0    | 0    | -    | -    | -     | 0    | 0    | 
|window_controller | (A:0x7fff)*B | 16     | 16     | -      | -      | 32     | 0    | 0    | -    | -    | -     | 0    | 0    | 
+------------------+--------------+--------+--------+--------+--------+--------+------+------+------+------+-------+------+------+

Note: The table above is a preliminary report that shows the DSPs inferred at the current stage of the synthesis flow. Some DSP may be reimplemented as non DSP primitives later in the synthesis flow. Multiple instantiated DSPs are reported only once.
---------------------------------------------------------------------------------
Finished ROM, RAM, DSP and Shift Register Reporting
---------------------------------------------------------------------------------

Report RTL Partitions: 
+-+--------------+------------+----------+
| |RTL Partition |Replication |Instances |
+-+--------------+------------+----------+
+-+--------------+------------+----------+
---------------------------------------------------------------------------------
Start Applying XDC Timing Constraints
---------------------------------------------------------------------------------
INFO: [Synth 8-5578] Moved timing constraint from pin 'clk_gen/clk_100MHz' to pin 'clk_gen/bbstub_clk_100MHz/O'
INFO: [Synth 8-5578] Moved timing constraint from pin 'clk_gen/clk_50MHz' to pin 'clk_gen/bbstub_clk_50MHz/O'
INFO: [Synth 8-5819] Moved 2 constraints on hierarchical pins to their respective driving/loading pins
---------------------------------------------------------------------------------
Finished Applying XDC Timing Constraints : Time (s): cpu = 00:00:36 ; elapsed = 00:00:38 . Memory (MB): peak = 817.598 ; gain = 564.926
---------------------------------------------------------------------------------
---------------------------------------------------------------------------------
Start Timing Optimization
---------------------------------------------------------------------------------
---------------------------------------------------------------------------------
Finished Timing Optimization : Time (s): cpu = 00:00:39 ; elapsed = 00:00:40 . Memory (MB): peak = 881.586 ; gain = 628.914
---------------------------------------------------------------------------------

Report RTL Partitions: 
+-+--------------+------------+----------+
| |RTL Partition |Replication |Instances |
+-+--------------+------------+----------+
+-+--------------+------------+----------+
---------------------------------------------------------------------------------
Start Technology Mapping
---------------------------------------------------------------------------------
INFO: [Synth 8-3886] merging instance 'CONT/SAMP/count_reg[0]' (FDC) to 'CONT/SAMP/mc_reg'
INFO: [Synth 8-5844] Detected registers with asynchronous reset at DSP/BRAM block boundary. Consider using synchronous reset for optimal packing [D:/UNI/TFG/OctaveSax/Vivado/octave_main/octave_main.srcs/sources_1/new/master_controller.vhd:188]
INFO: [Synth 8-5844] Detected registers with asynchronous reset at DSP/BRAM block boundary. Consider using synchronous reset for optimal packing [D:/UNI/TFG/OctaveSax/Vivado/octave_main/octave_main.srcs/sources_1/new/master_controller.vhd:199]
---------------------------------------------------------------------------------
Finished Technology Mapping : Time (s): cpu = 00:00:39 ; elapsed = 00:00:41 . Memory (MB): peak = 882.594 ; gain = 629.922
---------------------------------------------------------------------------------

Report RTL Partitions: 
+-+--------------+------------+----------+
| |RTL Partition |Replication |Instances |
+-+--------------+------------+----------+
+-+--------------+------------+----------+
---------------------------------------------------------------------------------
Start IO Insertion
---------------------------------------------------------------------------------
---------------------------------------------------------------------------------
Start Flattening Before IO Insertion
---------------------------------------------------------------------------------
---------------------------------------------------------------------------------
Finished Flattening Before IO Insertion
---------------------------------------------------------------------------------
---------------------------------------------------------------------------------
Start Final Netlist Cleanup
---------------------------------------------------------------------------------
---------------------------------------------------------------------------------
Finished Final Netlist Cleanup
---------------------------------------------------------------------------------
---------------------------------------------------------------------------------
Finished IO Insertion : Time (s): cpu = 00:00:40 ; elapsed = 00:00:42 . Memory (MB): peak = 882.594 ; gain = 629.922
---------------------------------------------------------------------------------

Report Check Netlist: 
+------+------------------+-------+---------+-------+------------------+
|      |Item              |Errors |Warnings |Status |Description       |
+------+------------------+-------+---------+-------+------------------+
|1     |multi_driven_nets |      0|        0|Passed |Multi driven nets |
+------+------------------+-------+---------+-------+------------------+
---------------------------------------------------------------------------------
Start Renaming Generated Instances
---------------------------------------------------------------------------------
---------------------------------------------------------------------------------
Finished Renaming Generated Instances : Time (s): cpu = 00:00:40 ; elapsed = 00:00:42 . Memory (MB): peak = 882.594 ; gain = 629.922
---------------------------------------------------------------------------------

Report RTL Partitions: 
+-+--------------+------------+----------+
| |RTL Partition |Replication |Instances |
+-+--------------+------------+----------+
+-+--------------+------------+----------+
---------------------------------------------------------------------------------
Start Rebuilding User Hierarchy
---------------------------------------------------------------------------------
---------------------------------------------------------------------------------
Finished Rebuilding User Hierarchy : Time (s): cpu = 00:00:40 ; elapsed = 00:00:42 . Memory (MB): peak = 882.594 ; gain = 629.922
---------------------------------------------------------------------------------
---------------------------------------------------------------------------------
Start Renaming Generated Ports
---------------------------------------------------------------------------------
---------------------------------------------------------------------------------
Finished Renaming Generated Ports : Time (s): cpu = 00:00:40 ; elapsed = 00:00:42 . Memory (MB): peak = 882.594 ; gain = 629.922
---------------------------------------------------------------------------------
---------------------------------------------------------------------------------
Start Handling Custom Attributes
---------------------------------------------------------------------------------
---------------------------------------------------------------------------------
Finished Handling Custom Attributes : Time (s): cpu = 00:00:40 ; elapsed = 00:00:42 . Memory (MB): peak = 882.594 ; gain = 629.922
---------------------------------------------------------------------------------
---------------------------------------------------------------------------------
Start Renaming Generated Nets
---------------------------------------------------------------------------------
---------------------------------------------------------------------------------
Finished Renaming Generated Nets : Time (s): cpu = 00:00:40 ; elapsed = 00:00:42 . Memory (MB): peak = 882.594 ; gain = 629.922
---------------------------------------------------------------------------------
---------------------------------------------------------------------------------
Start Writing Synthesis Report
---------------------------------------------------------------------------------

Report BlackBoxes: 
+------+----------------+----------+
|      |BlackBox name   |Instances |
+------+----------------+----------+
|1     |clk_generator   |         1|
|2     |freq_short_memo |         4|
|3     |FFT_transform   |         1|
|4     |ram_memo        |         2|
+------+----------------+----------+

Report Cell Usage: 
+------+------------------------+------+
|      |Cell                    |Count |
+------+------------------------+------+
|1     |FFT_transform_bbox_6    |     1|
|2     |clk_generator_bbox_11   |     1|
|3     |freq_short_memo_bbox_10 |     1|
|4     |freq_short_memo_bbox_7  |     1|
|5     |freq_short_memo_bbox_8  |     1|
|6     |freq_short_memo_bbox_9  |     1|
|7     |ram_memo_bbox_4         |     1|
|8     |ram_memo_bbox_5         |     1|
|9     |CARRY4                  |    76|
|10    |DSP48E1                 |     2|
|11    |LUT1                    |    65|
|12    |LUT2                    |   190|
|13    |LUT3                    |   120|
|14    |LUT4                    |    53|
|15    |LUT5                    |   117|
|16    |LUT6                    |   194|
|17    |MUXF7                   |     1|
|18    |FDCE                    |   358|
|19    |FDPE                    |     2|
|20    |FDRE                    |    14|
|21    |IBUF                    |     3|
|22    |OBUF                    |    22|
+------+------------------------+------+

Report Instance Areas: 
+------+------------------+---------------------+------+
|      |Instance          |Module               |Cells |
+------+------------------+---------------------+------+
|1     |top               |                     |  1373|
|2     |  CONT            |master_controller    |  1282|
|3     |    FREQ          |freq_dom_controller  |   122|
|4     |      TRANS       |transform_controller |    58|
|5     |    FSM           |fsm_control          |    61|
|6     |    IN_MEMO       |memo_controller      |    34|
|7     |    SAMP          |sampling             |    90|
|8     |    SHFT          |shift_register       |    16|
|9     |    WIN1          |window_controller    |    53|
|10    |    WIN2          |window_controller_0  |    34|
|11    |  displays        |display_interface    |    60|
|12    |    counter_assig |display_counter      |    39|
+------+------------------+---------------------+------+
---------------------------------------------------------------------------------
Finished Writing Synthesis Report : Time (s): cpu = 00:00:40 ; elapsed = 00:00:42 . Memory (MB): peak = 882.594 ; gain = 629.922
---------------------------------------------------------------------------------
Synthesis finished with 0 errors, 0 critical warnings and 391 warnings.
Synthesis Optimization Runtime : Time (s): cpu = 00:00:27 ; elapsed = 00:00:35 . Memory (MB): peak = 882.594 ; gain = 268.996
Synthesis Optimization Complete : Time (s): cpu = 00:00:40 ; elapsed = 00:00:42 . Memory (MB): peak = 882.594 ; gain = 629.922
INFO: [Project 1-571] Translating synthesized netlist
INFO: [Netlist 29-17] Analyzing 82 Unisim elements for replacement
INFO: [Netlist 29-28] Unisim Transformation completed in 0 CPU seconds
INFO: [Project 1-570] Preparing netlist for logic optimization
INFO: [Opt 31-138] Pushed 0 inverter(s) to 0 load pin(s).
INFO: [Project 1-111] Unisim Transformation Summary:
No Unisim elements were transformed.

INFO: [Common 17-83] Releasing license: Synthesis
137 Infos, 178 Warnings, 0 Critical Warnings and 0 Errors encountered.
synth_design completed successfully
synth_design: Time (s): cpu = 00:00:43 ; elapsed = 00:00:46 . Memory (MB): peak = 882.594 ; gain = 642.230
INFO: [Common 17-1381] The checkpoint 'D:/UNI/TFG/OctaveSax/Vivado/octave_main/octave_main.runs/synth_1/fsm_global.dcp' has been generated.
INFO: [runtcl-4] Executing : report_utilization -file fsm_global_utilization_synth.rpt -pb fsm_global_utilization_synth.pb
report_utilization: Time (s): cpu = 00:00:00 ; elapsed = 00:00:00.036 . Memory (MB): peak = 882.594 ; gain = 0.000
INFO: [Common 17-206] Exiting Vivado at Tue Apr  9 19:27:57 2019...
