Vivado Simulator 2017.2
Copyright 1986-1999, 2001-2016 Xilinx, Inc. All Rights Reserved.
Running: C:/Xilinx/Vivado/2017.2/bin/unwrapped/win64.o/xelab.exe -wto 0c9c3a36965041288ce87ec04c26eca9 --debug typical --relax --mt 2 -L xbip_utils_v3_0_7 -L axi_utils_v2_0_3 -L c_reg_fd_v12_0_3 -L xbip_dsp48_wrapper_v3_0_4 -L xbip_pipe_v3_0_3 -L xbip_dsp48_addsub_v3_0_3 -L xbip_addsub_v3_0_3 -L c_addsub_v12_0_10 -L c_mux_bit_v12_0_3 -L c_shift_ram_v12_0_10 -L xbip_bram18k_v3_0_3 -L mult_gen_v12_0_12 -L cmpy_v6_0_12 -L floating_point_v7_0_13 -L xfft_v9_0_12 -L xil_defaultlib -L secureip -L xpm --snapshot main_tb_behav xil_defaultlib.main_tb -log elaborate.log 
Using 2 slave threads.
Starting static elaboration
Completed static elaboration
Starting simulation data flow analysis
Completed simulation data flow analysis
Time Resolution for simulation is 1ps
Compiling package std.standard
Compiling package std.textio
Compiling package ieee.std_logic_1164
Compiling package ieee.numeric_std
Compiling package ieee.std_logic_arith
Compiling package ieee.std_logic_unsigned
Compiling package xil_defaultlib.project_trunk
Compiling package unisim.vcomponents
Compiling package ieee.std_logic_signed
Compiling package ieee.vital_timing
Compiling package ieee.vital_primitives
Compiling package unisim.vpkg
Compiling package ieee.std_logic_textio
Compiling architecture bufg_v of entity unisim.BUFG [bufg_default]
Compiling architecture ibuf_v of entity unisim.IBUF [\IBUF(1,9,1,1,1,4,1,7)\]
Compiling architecture plle2_adv_v of entity unisim.PLLE2_ADV [\PLLE2_ADV(clkfbout_mult=14,clki...]
Compiling architecture structure of entity xil_defaultlib.clock_change_clock_change_clk_wiz [clock_change_clock_change_clk_wi...]
Compiling architecture structure of entity xil_defaultlib.clock_change [clock_change_default]
Compiling architecture gnd_v of entity unisim.GND [gnd_default]
Compiling architecture lut6_v of entity unisim.LUT6 [\LUT6(init="10101111101000001100...]
Compiling architecture muxf8_v of entity unisim.MUXF8 [muxf8_default]
Compiling architecture muxf7_v of entity unisim.MUXF7 [muxf7_default]
Compiling architecture fdre_v of entity unisim.FDRE [fdre_default]
Compiling architecture lut2_v of entity unisim.LUT2 [\LUT2(init="0010")(0,3)\]
Compiling architecture structure of entity xil_defaultlib.ram_memo_blk_mem_gen_mux [ram_memo_blk_mem_gen_mux_default]
Compiling architecture rb36_internal_vhdl_v of entity unisim.RB36_INTERNAL_VHDL [\RB36_INTERNAL_VHDL(doa_reg=1,in...]
Compiling architecture ramb36e1_v of entity unisim.RAMB36E1 [\RAMB36E1(doa_reg=1,rdaddr_colli...]
Compiling architecture lut5_v of entity unisim.LUT5 [\LUT5(init="00000000000000000000...]
Compiling architecture structure of entity xil_defaultlib.ram_memo_blk_mem_gen_prim_wrapper [ram_memo_blk_mem_gen_prim_wrappe...]
Compiling architecture structure of entity xil_defaultlib.ram_memo_blk_mem_gen_prim_width [ram_memo_blk_mem_gen_prim_width_...]
Compiling architecture lut5_v of entity unisim.LUT5 [\LUT5(init="00000000000000000000...]
Compiling architecture structure of entity xil_defaultlib.\ram_memo_blk_mem_gen_prim_wrapper__parameterized9\ [\ram_memo_blk_mem_gen_prim_wrapp...]
Compiling architecture structure of entity xil_defaultlib.\ram_memo_blk_mem_gen_prim_width__parameterized9\ [\ram_memo_blk_mem_gen_prim_width...]
Compiling architecture lut5_v of entity unisim.LUT5 [\LUT5(init="00000000100000000000...]
Compiling architecture structure of entity xil_defaultlib.\ram_memo_blk_mem_gen_prim_wrapper__parameterized10\ [\ram_memo_blk_mem_gen_prim_wrapp...]
Compiling architecture structure of entity xil_defaultlib.\ram_memo_blk_mem_gen_prim_width__parameterized10\ [\ram_memo_blk_mem_gen_prim_width...]
Compiling architecture lut5_v of entity unisim.LUT5 [\LUT5(init="00000000000000000100...]
Compiling architecture structure of entity xil_defaultlib.\ram_memo_blk_mem_gen_prim_wrapper__parameterized11\ [\ram_memo_blk_mem_gen_prim_wrapp...]
Compiling architecture structure of entity xil_defaultlib.\ram_memo_blk_mem_gen_prim_width__parameterized11\ [\ram_memo_blk_mem_gen_prim_width...]
Compiling architecture lut5_v of entity unisim.LUT5 [\LUT5(init="01000000000000000000...]
Compiling architecture structure of entity xil_defaultlib.\ram_memo_blk_mem_gen_prim_wrapper__parameterized12\ [\ram_memo_blk_mem_gen_prim_wrapp...]
Compiling architecture structure of entity xil_defaultlib.\ram_memo_blk_mem_gen_prim_width__parameterized12\ [\ram_memo_blk_mem_gen_prim_width...]
Compiling architecture lut5_v of entity unisim.LUT5 [\LUT5(init="00000000000000001000...]
Compiling architecture structure of entity xil_defaultlib.\ram_memo_blk_mem_gen_prim_wrapper__parameterized13\ [\ram_memo_blk_mem_gen_prim_wrapp...]
Compiling architecture structure of entity xil_defaultlib.\ram_memo_blk_mem_gen_prim_width__parameterized13\ [\ram_memo_blk_mem_gen_prim_width...]
Compiling architecture lut5_v of entity unisim.LUT5 [\LUT5(init="10000000000000000000...]
Compiling architecture structure of entity xil_defaultlib.\ram_memo_blk_mem_gen_prim_wrapper__parameterized14\ [\ram_memo_blk_mem_gen_prim_wrapp...]
Compiling architecture structure of entity xil_defaultlib.\ram_memo_blk_mem_gen_prim_width__parameterized14\ [\ram_memo_blk_mem_gen_prim_width...]
Compiling architecture structure of entity xil_defaultlib.\ram_memo_blk_mem_gen_prim_wrapper__parameterized15\ [\ram_memo_blk_mem_gen_prim_wrapp...]
Compiling architecture structure of entity xil_defaultlib.\ram_memo_blk_mem_gen_prim_width__parameterized15\ [\ram_memo_blk_mem_gen_prim_width...]
Compiling architecture lut5_v of entity unisim.LUT5 [\LUT5(init="00000000000100000000...]
Compiling architecture structure of entity xil_defaultlib.\ram_memo_blk_mem_gen_prim_wrapper__parameterized16\ [\ram_memo_blk_mem_gen_prim_wrapp...]
Compiling architecture structure of entity xil_defaultlib.\ram_memo_blk_mem_gen_prim_width__parameterized16\ [\ram_memo_blk_mem_gen_prim_width...]
Compiling architecture lut5_v of entity unisim.LUT5 [\LUT5(init="00000000000000000000...]
Compiling architecture structure of entity xil_defaultlib.\ram_memo_blk_mem_gen_prim_wrapper__parameterized17\ [\ram_memo_blk_mem_gen_prim_wrapp...]
Compiling architecture structure of entity xil_defaultlib.\ram_memo_blk_mem_gen_prim_width__parameterized17\ [\ram_memo_blk_mem_gen_prim_width...]
Compiling architecture lut5_v of entity unisim.LUT5 [\LUT5(init="00000000001000000000...]
Compiling architecture structure of entity xil_defaultlib.\ram_memo_blk_mem_gen_prim_wrapper__parameterized18\ [\ram_memo_blk_mem_gen_prim_wrapp...]
Compiling architecture structure of entity xil_defaultlib.\ram_memo_blk_mem_gen_prim_width__parameterized18\ [\ram_memo_blk_mem_gen_prim_width...]
Compiling architecture structure of entity xil_defaultlib.\ram_memo_blk_mem_gen_prim_wrapper__parameterized0\ [\ram_memo_blk_mem_gen_prim_wrapp...]
Compiling architecture structure of entity xil_defaultlib.\ram_memo_blk_mem_gen_prim_width__parameterized0\ [\ram_memo_blk_mem_gen_prim_width...]
Compiling architecture lut5_v of entity unisim.LUT5 [\LUT5(init="00000000000000000001...]
Compiling architecture structure of entity xil_defaultlib.\ram_memo_blk_mem_gen_prim_wrapper__parameterized19\ [\ram_memo_blk_mem_gen_prim_wrapp...]
Compiling architecture structure of entity xil_defaultlib.\ram_memo_blk_mem_gen_prim_width__parameterized19\ [\ram_memo_blk_mem_gen_prim_width...]
Compiling architecture lut5_v of entity unisim.LUT5 [\LUT5(init="00010000000000000000...]
Compiling architecture structure of entity xil_defaultlib.\ram_memo_blk_mem_gen_prim_wrapper__parameterized20\ [\ram_memo_blk_mem_gen_prim_wrapp...]
Compiling architecture structure of entity xil_defaultlib.\ram_memo_blk_mem_gen_prim_width__parameterized20\ [\ram_memo_blk_mem_gen_prim_width...]
Compiling architecture lut5_v of entity unisim.LUT5 [\LUT5(init="00000000000000000010...]
Compiling architecture structure of entity xil_defaultlib.\ram_memo_blk_mem_gen_prim_wrapper__parameterized21\ [\ram_memo_blk_mem_gen_prim_wrapp...]
Compiling architecture structure of entity xil_defaultlib.\ram_memo_blk_mem_gen_prim_width__parameterized21\ [\ram_memo_blk_mem_gen_prim_width...]
Compiling architecture lut5_v of entity unisim.LUT5 [\LUT5(init="00100000000000000000...]
Compiling architecture structure of entity xil_defaultlib.\ram_memo_blk_mem_gen_prim_wrapper__parameterized22\ [\ram_memo_blk_mem_gen_prim_wrapp...]
Compiling architecture structure of entity xil_defaultlib.\ram_memo_blk_mem_gen_prim_width__parameterized22\ [\ram_memo_blk_mem_gen_prim_width...]
Compiling architecture lut5_v of entity unisim.LUT5 [\LUT5(init="00000000000000000000...]
Compiling architecture structure of entity xil_defaultlib.\ram_memo_blk_mem_gen_prim_wrapper__parameterized23\ [\ram_memo_blk_mem_gen_prim_wrapp...]
Compiling architecture structure of entity xil_defaultlib.\ram_memo_blk_mem_gen_prim_width__parameterized23\ [\ram_memo_blk_mem_gen_prim_width...]
Compiling architecture lut5_v of entity unisim.LUT5 [\LUT5(init="00000000010000000000...]
Compiling architecture structure of entity xil_defaultlib.\ram_memo_blk_mem_gen_prim_wrapper__parameterized24\ [\ram_memo_blk_mem_gen_prim_wrapp...]
Compiling architecture structure of entity xil_defaultlib.\ram_memo_blk_mem_gen_prim_width__parameterized24\ [\ram_memo_blk_mem_gen_prim_width...]
Compiling architecture structure of entity xil_defaultlib.\ram_memo_blk_mem_gen_prim_wrapper__parameterized25\ [\ram_memo_blk_mem_gen_prim_wrapp...]
Compiling architecture structure of entity xil_defaultlib.\ram_memo_blk_mem_gen_prim_width__parameterized25\ [\ram_memo_blk_mem_gen_prim_width...]
Compiling architecture structure of entity xil_defaultlib.\ram_memo_blk_mem_gen_prim_wrapper__parameterized26\ [\ram_memo_blk_mem_gen_prim_wrapp...]
Compiling architecture structure of entity xil_defaultlib.\ram_memo_blk_mem_gen_prim_width__parameterized26\ [\ram_memo_blk_mem_gen_prim_width...]
Compiling architecture structure of entity xil_defaultlib.\ram_memo_blk_mem_gen_prim_wrapper__parameterized27\ [\ram_memo_blk_mem_gen_prim_wrapp...]
Compiling architecture structure of entity xil_defaultlib.\ram_memo_blk_mem_gen_prim_width__parameterized27\ [\ram_memo_blk_mem_gen_prim_width...]
Compiling architecture structure of entity xil_defaultlib.\ram_memo_blk_mem_gen_prim_wrapper__parameterized28\ [\ram_memo_blk_mem_gen_prim_wrapp...]
Compiling architecture structure of entity xil_defaultlib.\ram_memo_blk_mem_gen_prim_width__parameterized28\ [\ram_memo_blk_mem_gen_prim_width...]
Compiling architecture structure of entity xil_defaultlib.\ram_memo_blk_mem_gen_prim_wrapper__parameterized1\ [\ram_memo_blk_mem_gen_prim_wrapp...]
Compiling architecture structure of entity xil_defaultlib.\ram_memo_blk_mem_gen_prim_width__parameterized1\ [\ram_memo_blk_mem_gen_prim_width...]
Compiling architecture structure of entity xil_defaultlib.\ram_memo_blk_mem_gen_prim_wrapper__parameterized29\ [\ram_memo_blk_mem_gen_prim_wrapp...]
Compiling architecture structure of entity xil_defaultlib.\ram_memo_blk_mem_gen_prim_width__parameterized29\ [\ram_memo_blk_mem_gen_prim_width...]
Compiling architecture structure of entity xil_defaultlib.\ram_memo_blk_mem_gen_prim_wrapper__parameterized30\ [\ram_memo_blk_mem_gen_prim_wrapp...]
Compiling architecture structure of entity xil_defaultlib.\ram_memo_blk_mem_gen_prim_width__parameterized30\ [\ram_memo_blk_mem_gen_prim_width...]
Compiling architecture structure of entity xil_defaultlib.\ram_memo_blk_mem_gen_prim_wrapper__parameterized31\ [\ram_memo_blk_mem_gen_prim_wrapp...]
Compiling architecture structure of entity xil_defaultlib.\ram_memo_blk_mem_gen_prim_width__parameterized31\ [\ram_memo_blk_mem_gen_prim_width...]
Compiling architecture structure of entity xil_defaultlib.\ram_memo_blk_mem_gen_prim_wrapper__parameterized32\ [\ram_memo_blk_mem_gen_prim_wrapp...]
Compiling architecture structure of entity xil_defaultlib.\ram_memo_blk_mem_gen_prim_width__parameterized32\ [\ram_memo_blk_mem_gen_prim_width...]
Compiling architecture structure of entity xil_defaultlib.\ram_memo_blk_mem_gen_prim_wrapper__parameterized33\ [\ram_memo_blk_mem_gen_prim_wrapp...]
Compiling architecture structure of entity xil_defaultlib.\ram_memo_blk_mem_gen_prim_width__parameterized33\ [\ram_memo_blk_mem_gen_prim_width...]
Compiling architecture structure of entity xil_defaultlib.\ram_memo_blk_mem_gen_prim_wrapper__parameterized34\ [\ram_memo_blk_mem_gen_prim_wrapp...]
Compiling architecture structure of entity xil_defaultlib.\ram_memo_blk_mem_gen_prim_width__parameterized34\ [\ram_memo_blk_mem_gen_prim_width...]
Compiling architecture structure of entity xil_defaultlib.\ram_memo_blk_mem_gen_prim_wrapper__parameterized35\ [\ram_memo_blk_mem_gen_prim_wrapp...]
Compiling architecture structure of entity xil_defaultlib.\ram_memo_blk_mem_gen_prim_width__parameterized35\ [\ram_memo_blk_mem_gen_prim_width...]
Compiling architecture structure of entity xil_defaultlib.\ram_memo_blk_mem_gen_prim_wrapper__parameterized36\ [\ram_memo_blk_mem_gen_prim_wrapp...]
Compiling architecture structure of entity xil_defaultlib.\ram_memo_blk_mem_gen_prim_width__parameterized36\ [\ram_memo_blk_mem_gen_prim_width...]
Compiling architecture structure of entity xil_defaultlib.\ram_memo_blk_mem_gen_prim_wrapper__parameterized37\ [\ram_memo_blk_mem_gen_prim_wrapp...]
Compiling architecture structure of entity xil_defaultlib.\ram_memo_blk_mem_gen_prim_width__parameterized37\ [\ram_memo_blk_mem_gen_prim_width...]
Compiling architecture structure of entity xil_defaultlib.\ram_memo_blk_mem_gen_prim_wrapper__parameterized38\ [\ram_memo_blk_mem_gen_prim_wrapp...]
Compiling architecture structure of entity xil_defaultlib.\ram_memo_blk_mem_gen_prim_width__parameterized38\ [\ram_memo_blk_mem_gen_prim_width...]
Compiling architecture structure of entity xil_defaultlib.\ram_memo_blk_mem_gen_prim_wrapper__parameterized2\ [\ram_memo_blk_mem_gen_prim_wrapp...]
Compiling architecture structure of entity xil_defaultlib.\ram_memo_blk_mem_gen_prim_width__parameterized2\ [\ram_memo_blk_mem_gen_prim_width...]
Compiling architecture structure of entity xil_defaultlib.\ram_memo_blk_mem_gen_prim_wrapper__parameterized39\ [\ram_memo_blk_mem_gen_prim_wrapp...]
Compiling architecture structure of entity xil_defaultlib.\ram_memo_blk_mem_gen_prim_width__parameterized39\ [\ram_memo_blk_mem_gen_prim_width...]
Compiling architecture structure of entity xil_defaultlib.\ram_memo_blk_mem_gen_prim_wrapper__parameterized40\ [\ram_memo_blk_mem_gen_prim_wrapp...]
Compiling architecture structure of entity xil_defaultlib.\ram_memo_blk_mem_gen_prim_width__parameterized40\ [\ram_memo_blk_mem_gen_prim_width...]
Compiling architecture structure of entity xil_defaultlib.\ram_memo_blk_mem_gen_prim_wrapper__parameterized41\ [\ram_memo_blk_mem_gen_prim_wrapp...]
Compiling architecture structure of entity xil_defaultlib.\ram_memo_blk_mem_gen_prim_width__parameterized41\ [\ram_memo_blk_mem_gen_prim_width...]
Compiling architecture structure of entity xil_defaultlib.\ram_memo_blk_mem_gen_prim_wrapper__parameterized42\ [\ram_memo_blk_mem_gen_prim_wrapp...]
Compiling architecture structure of entity xil_defaultlib.\ram_memo_blk_mem_gen_prim_width__parameterized42\ [\ram_memo_blk_mem_gen_prim_width...]
Compiling architecture structure of entity xil_defaultlib.\ram_memo_blk_mem_gen_prim_wrapper__parameterized43\ [\ram_memo_blk_mem_gen_prim_wrapp...]
Compiling architecture structure of entity xil_defaultlib.\ram_memo_blk_mem_gen_prim_width__parameterized43\ [\ram_memo_blk_mem_gen_prim_width...]
Compiling architecture structure of entity xil_defaultlib.\ram_memo_blk_mem_gen_prim_wrapper__parameterized44\ [\ram_memo_blk_mem_gen_prim_wrapp...]
Compiling architecture structure of entity xil_defaultlib.\ram_memo_blk_mem_gen_prim_width__parameterized44\ [\ram_memo_blk_mem_gen_prim_width...]
Compiling architecture structure of entity xil_defaultlib.\ram_memo_blk_mem_gen_prim_wrapper__parameterized45\ [\ram_memo_blk_mem_gen_prim_wrapp...]
Compiling architecture structure of entity xil_defaultlib.\ram_memo_blk_mem_gen_prim_width__parameterized45\ [\ram_memo_blk_mem_gen_prim_width...]
Compiling architecture structure of entity xil_defaultlib.\ram_memo_blk_mem_gen_prim_wrapper__parameterized46\ [\ram_memo_blk_mem_gen_prim_wrapp...]
Compiling architecture structure of entity xil_defaultlib.\ram_memo_blk_mem_gen_prim_width__parameterized46\ [\ram_memo_blk_mem_gen_prim_width...]
Compiling architecture structure of entity xil_defaultlib.\ram_memo_blk_mem_gen_prim_wrapper__parameterized47\ [\ram_memo_blk_mem_gen_prim_wrapp...]
Compiling architecture structure of entity xil_defaultlib.\ram_memo_blk_mem_gen_prim_width__parameterized47\ [\ram_memo_blk_mem_gen_prim_width...]
Compiling architecture structure of entity xil_defaultlib.\ram_memo_blk_mem_gen_prim_wrapper__parameterized48\ [\ram_memo_blk_mem_gen_prim_wrapp...]
Compiling architecture structure of entity xil_defaultlib.\ram_memo_blk_mem_gen_prim_width__parameterized48\ [\ram_memo_blk_mem_gen_prim_width...]
Compiling architecture structure of entity xil_defaultlib.\ram_memo_blk_mem_gen_prim_wrapper__parameterized3\ [\ram_memo_blk_mem_gen_prim_wrapp...]
Compiling architecture structure of entity xil_defaultlib.\ram_memo_blk_mem_gen_prim_width__parameterized3\ [\ram_memo_blk_mem_gen_prim_width...]
Compiling architecture structure of entity xil_defaultlib.\ram_memo_blk_mem_gen_prim_wrapper__parameterized49\ [\ram_memo_blk_mem_gen_prim_wrapp...]
Compiling architecture structure of entity xil_defaultlib.\ram_memo_blk_mem_gen_prim_width__parameterized49\ [\ram_memo_blk_mem_gen_prim_width...]
Compiling architecture structure of entity xil_defaultlib.\ram_memo_blk_mem_gen_prim_wrapper__parameterized50\ [\ram_memo_blk_mem_gen_prim_wrapp...]
Compiling architecture structure of entity xil_defaultlib.\ram_memo_blk_mem_gen_prim_width__parameterized50\ [\ram_memo_blk_mem_gen_prim_width...]
Compiling architecture structure of entity xil_defaultlib.\ram_memo_blk_mem_gen_prim_wrapper__parameterized51\ [\ram_memo_blk_mem_gen_prim_wrapp...]
Compiling architecture structure of entity xil_defaultlib.\ram_memo_blk_mem_gen_prim_width__parameterized51\ [\ram_memo_blk_mem_gen_prim_width...]
Compiling architecture structure of entity xil_defaultlib.\ram_memo_blk_mem_gen_prim_wrapper__parameterized52\ [\ram_memo_blk_mem_gen_prim_wrapp...]
Compiling architecture structure of entity xil_defaultlib.\ram_memo_blk_mem_gen_prim_width__parameterized52\ [\ram_memo_blk_mem_gen_prim_width...]
Compiling architecture structure of entity xil_defaultlib.\ram_memo_blk_mem_gen_prim_wrapper__parameterized53\ [\ram_memo_blk_mem_gen_prim_wrapp...]
Compiling architecture structure of entity xil_defaultlib.\ram_memo_blk_mem_gen_prim_width__parameterized53\ [\ram_memo_blk_mem_gen_prim_width...]
Compiling architecture structure of entity xil_defaultlib.\ram_memo_blk_mem_gen_prim_wrapper__parameterized54\ [\ram_memo_blk_mem_gen_prim_wrapp...]
Compiling architecture structure of entity xil_defaultlib.\ram_memo_blk_mem_gen_prim_width__parameterized54\ [\ram_memo_blk_mem_gen_prim_width...]
Compiling architecture structure of entity xil_defaultlib.\ram_memo_blk_mem_gen_prim_wrapper__parameterized55\ [\ram_memo_blk_mem_gen_prim_wrapp...]
Compiling architecture structure of entity xil_defaultlib.\ram_memo_blk_mem_gen_prim_width__parameterized55\ [\ram_memo_blk_mem_gen_prim_width...]
Compiling architecture structure of entity xil_defaultlib.\ram_memo_blk_mem_gen_prim_wrapper__parameterized56\ [\ram_memo_blk_mem_gen_prim_wrapp...]
Compiling architecture structure of entity xil_defaultlib.\ram_memo_blk_mem_gen_prim_width__parameterized56\ [\ram_memo_blk_mem_gen_prim_width...]
Compiling architecture structure of entity xil_defaultlib.\ram_memo_blk_mem_gen_prim_wrapper__parameterized57\ [\ram_memo_blk_mem_gen_prim_wrapp...]
Compiling architecture structure of entity xil_defaultlib.\ram_memo_blk_mem_gen_prim_width__parameterized57\ [\ram_memo_blk_mem_gen_prim_width...]
Compiling architecture structure of entity xil_defaultlib.\ram_memo_blk_mem_gen_prim_wrapper__parameterized58\ [\ram_memo_blk_mem_gen_prim_wrapp...]
Compiling architecture structure of entity xil_defaultlib.\ram_memo_blk_mem_gen_prim_width__parameterized58\ [\ram_memo_blk_mem_gen_prim_width...]
Compiling architecture structure of entity xil_defaultlib.\ram_memo_blk_mem_gen_prim_wrapper__parameterized4\ [\ram_memo_blk_mem_gen_prim_wrapp...]
Compiling architecture structure of entity xil_defaultlib.\ram_memo_blk_mem_gen_prim_width__parameterized4\ [\ram_memo_blk_mem_gen_prim_width...]
Compiling architecture structure of entity xil_defaultlib.\ram_memo_blk_mem_gen_prim_wrapper__parameterized59\ [\ram_memo_blk_mem_gen_prim_wrapp...]
Compiling architecture structure of entity xil_defaultlib.\ram_memo_blk_mem_gen_prim_width__parameterized59\ [\ram_memo_blk_mem_gen_prim_width...]
Compiling architecture structure of entity xil_defaultlib.\ram_memo_blk_mem_gen_prim_wrapper__parameterized60\ [\ram_memo_blk_mem_gen_prim_wrapp...]
Compiling architecture structure of entity xil_defaultlib.\ram_memo_blk_mem_gen_prim_width__parameterized60\ [\ram_memo_blk_mem_gen_prim_width...]
Compiling architecture structure of entity xil_defaultlib.\ram_memo_blk_mem_gen_prim_wrapper__parameterized61\ [\ram_memo_blk_mem_gen_prim_wrapp...]
Compiling architecture structure of entity xil_defaultlib.\ram_memo_blk_mem_gen_prim_width__parameterized61\ [\ram_memo_blk_mem_gen_prim_width...]
Compiling architecture structure of entity xil_defaultlib.\ram_memo_blk_mem_gen_prim_wrapper__parameterized62\ [\ram_memo_blk_mem_gen_prim_wrapp...]
Compiling architecture structure of entity xil_defaultlib.\ram_memo_blk_mem_gen_prim_width__parameterized62\ [\ram_memo_blk_mem_gen_prim_width...]
Compiling architecture rb36_internal_vhdl_v of entity unisim.RB36_INTERNAL_VHDL [\RB36_INTERNAL_VHDL(doa_reg=1,in...]
Compiling architecture ramb36e1_v of entity unisim.RAMB36E1 [\RAMB36E1(doa_reg=1,ram_extensio...]
Compiling architecture rb36_internal_vhdl_v of entity unisim.RB36_INTERNAL_VHDL [\RB36_INTERNAL_VHDL(doa_reg=1,in...]
Compiling architecture ramb36e1_v of entity unisim.RAMB36E1 [\RAMB36E1(doa_reg=1,ram_extensio...]
Compiling architecture structure of entity xil_defaultlib.\ram_memo_blk_mem_gen_prim_wrapper__parameterized63\ [\ram_memo_blk_mem_gen_prim_wrapp...]
Compiling architecture structure of entity xil_defaultlib.\ram_memo_blk_mem_gen_prim_width__parameterized63\ [\ram_memo_blk_mem_gen_prim_width...]
Compiling architecture structure of entity xil_defaultlib.\ram_memo_blk_mem_gen_prim_wrapper__parameterized64\ [\ram_memo_blk_mem_gen_prim_wrapp...]
Compiling architecture structure of entity xil_defaultlib.\ram_memo_blk_mem_gen_prim_width__parameterized64\ [\ram_memo_blk_mem_gen_prim_width...]
Compiling architecture structure of entity xil_defaultlib.\ram_memo_blk_mem_gen_prim_wrapper__parameterized65\ [\ram_memo_blk_mem_gen_prim_wrapp...]
Compiling architecture structure of entity xil_defaultlib.\ram_memo_blk_mem_gen_prim_width__parameterized65\ [\ram_memo_blk_mem_gen_prim_width...]
Compiling architecture structure of entity xil_defaultlib.\ram_memo_blk_mem_gen_prim_wrapper__parameterized66\ [\ram_memo_blk_mem_gen_prim_wrapp...]
Compiling architecture structure of entity xil_defaultlib.\ram_memo_blk_mem_gen_prim_width__parameterized66\ [\ram_memo_blk_mem_gen_prim_width...]
Compiling architecture lut3_v of entity unisim.LUT3 [\LUT3(init="00010000")(0,7)\]
Compiling architecture structure of entity xil_defaultlib.\ram_memo_blk_mem_gen_prim_wrapper__parameterized67\ [\ram_memo_blk_mem_gen_prim_wrapp...]
Compiling architecture structure of entity xil_defaultlib.\ram_memo_blk_mem_gen_prim_width__parameterized67\ [\ram_memo_blk_mem_gen_prim_width...]
Compiling architecture lut3_v of entity unisim.LUT3 [\LUT3(init="01000000")(0,7)\]
Compiling architecture structure of entity xil_defaultlib.\ram_memo_blk_mem_gen_prim_wrapper__parameterized68\ [\ram_memo_blk_mem_gen_prim_wrapp...]
Compiling architecture structure of entity xil_defaultlib.\ram_memo_blk_mem_gen_prim_width__parameterized68\ [\ram_memo_blk_mem_gen_prim_width...]
Compiling architecture structure of entity xil_defaultlib.\ram_memo_blk_mem_gen_prim_wrapper__parameterized5\ [\ram_memo_blk_mem_gen_prim_wrapp...]
Compiling architecture structure of entity xil_defaultlib.\ram_memo_blk_mem_gen_prim_width__parameterized5\ [\ram_memo_blk_mem_gen_prim_width...]
Compiling architecture structure of entity xil_defaultlib.\ram_memo_blk_mem_gen_prim_wrapper__parameterized69\ [\ram_memo_blk_mem_gen_prim_wrapp...]
Compiling architecture structure of entity xil_defaultlib.\ram_memo_blk_mem_gen_prim_width__parameterized69\ [\ram_memo_blk_mem_gen_prim_width...]
Compiling architecture structure of entity xil_defaultlib.\ram_memo_blk_mem_gen_prim_wrapper__parameterized70\ [\ram_memo_blk_mem_gen_prim_wrapp...]
Compiling architecture structure of entity xil_defaultlib.\ram_memo_blk_mem_gen_prim_width__parameterized70\ [\ram_memo_blk_mem_gen_prim_width...]
Compiling architecture structure of entity xil_defaultlib.\ram_memo_blk_mem_gen_prim_wrapper__parameterized71\ [\ram_memo_blk_mem_gen_prim_wrapp...]
Compiling architecture structure of entity xil_defaultlib.\ram_memo_blk_mem_gen_prim_width__parameterized71\ [\ram_memo_blk_mem_gen_prim_width...]
Compiling architecture structure of entity xil_defaultlib.\ram_memo_blk_mem_gen_prim_wrapper__parameterized72\ [\ram_memo_blk_mem_gen_prim_wrapp...]
Compiling architecture structure of entity xil_defaultlib.\ram_memo_blk_mem_gen_prim_width__parameterized72\ [\ram_memo_blk_mem_gen_prim_width...]
Compiling architecture structure of entity xil_defaultlib.\ram_memo_blk_mem_gen_prim_wrapper__parameterized73\ [\ram_memo_blk_mem_gen_prim_wrapp...]
Compiling architecture structure of entity xil_defaultlib.\ram_memo_blk_mem_gen_prim_width__parameterized73\ [\ram_memo_blk_mem_gen_prim_width...]
Compiling architecture lut3_v of entity unisim.LUT3 [\LUT3(init="10000000")(0,7)\]
Compiling architecture structure of entity xil_defaultlib.\ram_memo_blk_mem_gen_prim_wrapper__parameterized74\ [\ram_memo_blk_mem_gen_prim_wrapp...]
Compiling architecture structure of entity xil_defaultlib.\ram_memo_blk_mem_gen_prim_width__parameterized74\ [\ram_memo_blk_mem_gen_prim_width...]
Compiling architecture structure of entity xil_defaultlib.\ram_memo_blk_mem_gen_prim_wrapper__parameterized6\ [\ram_memo_blk_mem_gen_prim_wrapp...]
Compiling architecture structure of entity xil_defaultlib.\ram_memo_blk_mem_gen_prim_width__parameterized6\ [\ram_memo_blk_mem_gen_prim_width...]
Compiling architecture structure of entity xil_defaultlib.\ram_memo_blk_mem_gen_prim_wrapper__parameterized7\ [\ram_memo_blk_mem_gen_prim_wrapp...]
Compiling architecture structure of entity xil_defaultlib.\ram_memo_blk_mem_gen_prim_width__parameterized7\ [\ram_memo_blk_mem_gen_prim_width...]
Compiling architecture structure of entity xil_defaultlib.\ram_memo_blk_mem_gen_prim_wrapper__parameterized8\ [\ram_memo_blk_mem_gen_prim_wrapp...]
Compiling architecture structure of entity xil_defaultlib.\ram_memo_blk_mem_gen_prim_width__parameterized8\ [\ram_memo_blk_mem_gen_prim_width...]
Compiling architecture structure of entity xil_defaultlib.ram_memo_blk_mem_gen_generic_cstr [ram_memo_blk_mem_gen_generic_cst...]
Compiling architecture structure of entity xil_defaultlib.ram_memo_blk_mem_gen_top [ram_memo_blk_mem_gen_top_default]
Compiling architecture structure of entity xil_defaultlib.ram_memo_blk_mem_gen_v8_3_6_synth [ram_memo_blk_mem_gen_v8_3_6_synt...]
Compiling architecture structure of entity xil_defaultlib.ram_memo_blk_mem_gen_v8_3_6 [ram_memo_blk_mem_gen_v8_3_6_defa...]
Compiling architecture structure of entity xil_defaultlib.ram_memo [ram_memo_default]
Compiling architecture behavioral of entity xil_defaultlib.pmod_clk_gen [pmod_clk_gen_default]
Compiling architecture behavioral of entity xil_defaultlib.shift_register [shift_register_default]
Compiling architecture behavioral of entity xil_defaultlib.sampling [sampling_default]
Compiling architecture behavioral of entity xil_defaultlib.main_tb
Built simulation snapshot main_tb_behav
