Unable to capture context for thread 2556 in process 8952, can not generate back trace
Unable to capture context for thread 4708 in process 8952, can not generate back trace
Unable to capture context for thread 7684 in process 8952, can not generate back trace
Exception at PC 0x00007FFC9A61BB93
Printing stacktrace...

[0]  [0x00007FFC9A61BB93]
[1]  [0x00007FFC9A61BB93]
[2]  [0x00007FFC9A61B4A1]
[3]  [0x00007FFC9A61B3EF]
[4]  [0x00007FFC9A6019FE]
[5]  [0x00007FFC9A600ED1]
[6]  [0x00007FFC9A600D76]
[7]  [0x00007FFC9A5A79F6]
[8]  [0x00007FFC9A597AFB]
[9]  [0x00007FFC9A6BE90A]
[10]  [0x00007FFC9A6D9F87]
[11]  [0x00007FFC9A6DA05F]
[12] (BaseThreadInitThunk+0x14) [0x00007FFD06233034]
[13] (RtlUserThreadStart+0x21) [0x00007FFD08BE1461]
Done
Exception at PC 0x00007FFC9A321A52
Attemped to write at address 0x00007FFCD8CBABA4
Printing stacktrace...

[0]  [0x00007FFC9A321A52]
[1]  [0x00007FFC9A321A52]
[2]  [0x00007FFC9A321AD4]
[3]  [0x00007FFC9A463FF7]
[4]  [0x00007FFC9A349128]
[5]  [0x00007FFC9A5FDFB9]
[6]  [0x00007FFC9A7CEF23]
[7]  [0x00007FFC9A6DB06B]
[8]  [0x00007FFC9A6D08AF]
[9]  [0x00007FFC9A6D0A32]
[10] (RtlActivateActivationContextUnsafeFast+0x123) [0x00007FFD08BA4053]
[11] (LdrShutdownProcess+0x125) [0x00007FFD08BB0A05]
[12] (RtlExitUserProcess+0xd8) [0x00007FFD08BB08C8]
[13] (FatalExit+0xa) [0x00007FFD0623B19A]
[14] (exit+0x75) [0x00007FFD08559CE5]
[15] (initterm_e+0x235) [0x00007FFD0855A345]
[16]  [0x00000000004014CD]
[17]  [0x000000000040151B]
[18] (BaseThreadInitThunk+0x14) [0x00007FFD06233034]
[19] (RtlUserThreadStart+0x21) [0x00007FFD08BE1461]
Done
