Copyright 1986-2017 Xilinx, Inc. All Rights Reserved.
------------------------------------------------------------------------------------------------------------------------------------------
| Tool Version : Vivado v.2017.4 (win64) Build 2086221 Fri Dec 15 20:55:39 MST 2017
| Date         : Mon Feb 25 22:58:08 2019
| Host         : DESKTOP-DR3C0JT running 64-bit major release  (build 9200)
| Command      : report_drc -file master_controller_drc_opted.rpt -pb master_controller_drc_opted.pb -rpx master_controller_drc_opted.rpx
| Design       : master_controller
| Device       : xc7a100tcsg324-1
| Speed File   : -1
| Design State : Synthesized
------------------------------------------------------------------------------------------------------------------------------------------

Report DRC

Table of Contents
-----------------
1. REPORT SUMMARY
2. REPORT DETAILS

1. REPORT SUMMARY
-----------------
            Netlist: netlist
          Floorplan: design_1
      Design limits: <entire design considered>
           Ruledeck: default
             Max violations: <unlimited>
             Violations found: 1
+-------------+----------+-------------------------------------------------------------+------------+
| Rule        | Severity | Description                                                 | Violations |
+-------------+----------+-------------------------------------------------------------+------------+
| PLHOLDVIO-2 | Warning  | Non-Optimal connections which could lead to hold violations | 1          |
+-------------+----------+-------------------------------------------------------------+------------+

2. REPORT DETAILS
-----------------
PLHOLDVIO-2#1 Warning
Non-Optimal connections which could lead to hold violations  
A LUT SAMP/r_reg[23]_i_1 is driving clock pin of 24 cells. This could lead to large hold time violations. First few involved cells are:
    SHFT/r_reg_reg[8] {FDRE}
    SHFT/r_reg_reg[1] {FDRE}
    SHFT/r_reg_reg[14] {FDRE}
    SHFT/r_reg_reg[2] {FDRE}
    SHFT/r_reg_reg[3] {FDRE}

Related violations: <none>


