Copyright 1986-2017 Xilinx, Inc. All Rights Reserved.
------------------------------------------------------------------------------------------------------------------
| Tool Version : Vivado v.2017.2 (win64) Build 1909853 Thu Jun 15 18:39:09 MDT 2017
| Date         : Fri Dec 28 13:15:40 2018
| Host         : DESKTOP-DR3C0JT running 64-bit major release  (build 9200)
| Command      : report_drc -file sampling_drc_routed.rpt -pb sampling_drc_routed.pb -rpx sampling_drc_routed.rpx
| Design       : sampling
| Device       : xc7a100tcsg324-1
| Speed File   : -1
| Design State : Routed
------------------------------------------------------------------------------------------------------------------

Report DRC

Table of Contents
-----------------
1. REPORT SUMMARY
2. REPORT DETAILS

1. REPORT SUMMARY
-----------------
            Netlist: netlist
          Floorplan: design_1
      Design limits: <entire design considered>
           Ruledeck: default
             Max violations: <unlimited>
             Violations found: 0
+------+----------+-------------+------------+
| Rule | Severity | Description | Violations |
+------+----------+-------------+------------+
+------+----------+-------------+------------+

2. REPORT DETAILS
-----------------

