#-----------------------------------------------------------
# Vivado v2017.4 (64-bit)
# SW Build 2086221 on Fri Dec 15 20:54:30 MST 2017
# IP Build 2085800 on Fri Dec 15 22:25:07 MST 2017
# Start of session at: Thu Apr 11 16:11:27 2019
# Process ID: 12539
# Current directory: /home/joterom/workspace/OctaveSax/Vivado/octave_main
# Command line: vivado
# Log file: /home/joterom/workspace/OctaveSax/Vivado/octave_main/vivado.log
# Journal file: /home/joterom/workspace/OctaveSax/Vivado/octave_main/vivado.jou
#-----------------------------------------------------------
start_gui
open_project /home/joterom/workspace/OctaveSax/Vivado/octave_main/octave_main.xpr
INFO: [Project 1-313] Project file moved from 'D:/UNI/TFG/OctaveSax/Vivado/octave_main' since last save.
Scanning sources...
Finished scanning sources
INFO: [IP_Flow 19-234] Refreshing IP repositories
INFO: [IP_Flow 19-1704] No user IP repositories specified
INFO: [IP_Flow 19-2313] Loaded Vivado IP repository '/opt/Xilinx/Vivado/2017.4/data/ip'.
open_project: Time (s): cpu = 00:00:12 ; elapsed = 00:00:08 . Memory (MB): peak = 6114.375 ; gain = 104.875 ; free physical = 112 ; free virtual = 6800
launch_simulation
INFO: [Vivado 12-5698] Checking validity of IPs in the design for the 'XSim' simulator...
INFO: [Vivado 12-5682] Launching behavioral simulation in '/home/joterom/workspace/OctaveSax/Vivado/octave_main/octave_main.sim/sim_1/behav/xsim'
INFO: [Vivado 12-4795] Using compiled simulation libraries for IPs
INFO: [SIM-utils-51] Simulation object is 'sim_1'
INFO: [USF-XSim-7] Finding pre-compiled libraries...
INFO: [USF-XSim-11] File '/opt/Xilinx/Vivado/2017.4/data/xsim/ip/xsim_ip.ini' copied to run dir:'/home/joterom/workspace/OctaveSax/Vivado/octave_main/octave_main.sim/sim_1/behav/xsim'
INFO: [SIM-utils-54] Inspecting design source files for 'main_tb' in fileset 'sim_1'...
INFO: [USF-XSim-97] Finding global include files...
INFO: [USF-XSim-100] Fetching design files from 'sources_1'...(this may take a while)...
INFO: [USF-XSim-101] Fetching design files from 'sim_1'...
INFO: [USF-XSim-2] XSim::Compile design
INFO: [USF-XSim-61] Executing 'COMPILE and ANALYZE' step in '/home/joterom/workspace/OctaveSax/Vivado/octave_main/octave_main.sim/sim_1/behav/xsim'
xvlog --incr --relax -prj main_tb_vlog.prj
INFO: [VRFC 10-2263] Analyzing Verilog file "/home/joterom/workspace/OctaveSax/Vivado/octave_main/octave_main.sim/sim_1/behav/xsim/glbl.v" into library xil_defaultlib
INFO: [VRFC 10-311] analyzing module glbl
xvhdl --incr --relax -prj main_tb_vhdl.prj
INFO: [VRFC 10-163] Analyzing VHDL file "/home/joterom/workspace/OctaveSax/Vivado/octave_main/octave_main.srcs/sources_1/ip/clk_generator/clk_generator_sim_netlist.vhdl" into library xil_defaultlib
INFO: [VRFC 10-307] analyzing entity clk_generator_clk_generator_clk_wiz
INFO: [VRFC 10-307] analyzing entity clk_generator
INFO: [VRFC 10-163] Analyzing VHDL file "/home/joterom/workspace/OctaveSax/Vivado/octave_main/octave_main.srcs/sources_1/new/project_trunk.vhd" into library xil_defaultlib
INFO: [VRFC 10-163] Analyzing VHDL file "/home/joterom/workspace/OctaveSax/Vivado/octave_main/octave_main.srcs/sources_1/new/sampling.vhd" into library xil_defaultlib
INFO: [VRFC 10-307] analyzing entity sampling
INFO: [VRFC 10-163] Analyzing VHDL file "/home/joterom/workspace/OctaveSax/Vivado/octave_main/octave_main.srcs/sources_1/new/shift_register.vhd" into library xil_defaultlib
INFO: [VRFC 10-307] analyzing entity shift_register
INFO: [VRFC 10-163] Analyzing VHDL file "/home/joterom/workspace/OctaveSax/Vivado/octave_main/octave_main.srcs/sources_1/new/memo_controller.vhd" into library xil_defaultlib
INFO: [VRFC 10-307] analyzing entity memo_controller
INFO: [VRFC 10-163] Analyzing VHDL file "/home/joterom/workspace/OctaveSax/Vivado/octave_main/octave_main.srcs/sources_1/new/master_controller.vhd" into library xil_defaultlib
INFO: [VRFC 10-307] analyzing entity master_controller
INFO: [VRFC 10-163] Analyzing VHDL file "/home/joterom/workspace/OctaveSax/Vivado/octave_main/octave_main.srcs/sources_1/new/display_interface.vhd" into library xil_defaultlib
INFO: [VRFC 10-307] analyzing entity display_interface
INFO: [VRFC 10-163] Analyzing VHDL file "/home/joterom/workspace/OctaveSax/Vivado/octave_main/octave_main.srcs/sources_1/new/display_counter.vhd" into library xil_defaultlib
INFO: [VRFC 10-307] analyzing entity display_counter
INFO: [VRFC 10-163] Analyzing VHDL file "/home/joterom/workspace/OctaveSax/Vivado/octave_main/octave_main.srcs/sources_1/imports/ROM Data/istft_window.vhd" into library xil_defaultlib
INFO: [VRFC 10-307] analyzing entity istft_window_rom
INFO: [VRFC 10-163] Analyzing VHDL file "/home/joterom/workspace/OctaveSax/Vivado/octave_main/octave_main.srcs/sources_1/imports/ROM Data/stft_window.vhd" into library xil_defaultlib
INFO: [VRFC 10-307] analyzing entity stft_window_rom
INFO: [VRFC 10-163] Analyzing VHDL file "/home/joterom/workspace/OctaveSax/Vivado/octave_main/octave_main.srcs/sources_1/new/window_controller.vhd" into library xil_defaultlib
INFO: [VRFC 10-307] analyzing entity window_controller
INFO: [VRFC 10-163] Analyzing VHDL file "/home/joterom/workspace/OctaveSax/Vivado/octave_main/octave_main.srcs/sources_1/new/fsm_global.vhd" into library xil_defaultlib
INFO: [VRFC 10-307] analyzing entity fsm_global
INFO: [VRFC 10-163] Analyzing VHDL file "/home/joterom/workspace/OctaveSax/Vivado/octave_main/octave_main.srcs/sources_1/new/fsm_control.vhd" into library xil_defaultlib
INFO: [VRFC 10-307] analyzing entity fsm_control
INFO: [VRFC 10-163] Analyzing VHDL file "/home/joterom/workspace/OctaveSax/Vivado/octave_main/octave_main.srcs/sources_1/ip/ram_memo/ram_memo_sim_netlist.vhdl" into library xil_defaultlib
INFO: [VRFC 10-307] analyzing entity ram_memo_blk_mem_gen_prim_wrapper
INFO: [VRFC 10-307] analyzing entity ram_memo_blk_mem_gen_prim_width
INFO: [VRFC 10-307] analyzing entity ram_memo_blk_mem_gen_generic_cstr
INFO: [VRFC 10-307] analyzing entity ram_memo_blk_mem_gen_top
INFO: [VRFC 10-307] analyzing entity ram_memo_blk_mem_gen_v8_4_1_synth
INFO: [VRFC 10-307] analyzing entity ram_memo_blk_mem_gen_v8_4_1
INFO: [VRFC 10-307] analyzing entity ram_memo
INFO: [VRFC 10-163] Analyzing VHDL file "/home/joterom/workspace/OctaveSax/Vivado/octave_main/octave_main.srcs/sim_1/new/main_tb.vhd" into library xil_defaultlib
INFO: [VRFC 10-307] analyzing entity main_tb
INFO: [VRFC 10-163] Analyzing VHDL file "/home/joterom/workspace/OctaveSax/Vivado/octave_main/octave_main.srcs/sim_1/new/display_test.vhd" into library xil_defaultlib
INFO: [VRFC 10-307] analyzing entity display_test
INFO: [VRFC 10-163] Analyzing VHDL file "/home/joterom/workspace/OctaveSax/Vivado/octave_main/octave_main.srcs/sim_1/new/window_tb.vhd" into library xil_defaultlib
INFO: [VRFC 10-307] analyzing entity window_tb
INFO: [VRFC 10-163] Analyzing VHDL file "/home/joterom/workspace/OctaveSax/Vivado/octave_main/octave_main.srcs/sim_1/new/tb_transform.vhd" into library xil_defaultlib
INFO: [VRFC 10-307] analyzing entity tb_transform
INFO: [USF-XSim-69] 'compile' step finished in '2' seconds
INFO: [USF-XSim-3] XSim::Elaborate design
INFO: [USF-XSim-61] Executing 'ELABORATE' step in '/home/joterom/workspace/OctaveSax/Vivado/octave_main/octave_main.sim/sim_1/behav/xsim'
Vivado Simulator 2017.4
Copyright 1986-1999, 2001-2016 Xilinx, Inc. All Rights Reserved.
Running: /opt/Xilinx/Vivado/2017.4/bin/unwrapped/lnx64.o/xelab -wto 0c9c3a36965041288ce87ec04c26eca9 --incr --debug typical --relax --mt 8 -L xil_defaultlib -L unisims_ver -L unimacro_ver -L secureip -L xpm --snapshot main_tb_behav xil_defaultlib.main_tb xil_defaultlib.glbl -log elaborate.log 
Using 8 slave threads.
Starting static elaboration
Completed static elaboration
Starting simulation data flow analysis
Completed simulation data flow analysis
Time Resolution for simulation is 1ps
Compiling package std.standard
Compiling package std.textio
Compiling package ieee.std_logic_1164
Compiling package ieee.numeric_std
Compiling package xil_defaultlib.project_trunk
Compiling package unisim.vcomponents
Compiling package ieee.std_logic_arith
Compiling package ieee.std_logic_signed
Compiling package ieee.std_logic_textio
Compiling package ieee.vital_timing
Compiling package ieee.vital_primitives
Compiling package unisim.vpkg
Compiling module xil_defaultlib.glbl
Compiling architecture behavioral of entity xil_defaultlib.sampling [sampling_default]
Compiling architecture behavioral of entity xil_defaultlib.shift_register [shift_register_default]
Compiling architecture gnd_v of entity unisim.GND [gnd_default]
Compiling architecture rb18_internal_vhdl_v of entity unisim.RB18_INTERNAL_VHDL [\RB18_INTERNAL_VHDL(bram_size=18...]
Compiling architecture ramb18e1_v of entity unisim.RAMB18E1 [\RAMB18E1(doa_reg=1,rdaddr_colli...]
Compiling architecture structure of entity xil_defaultlib.ram_memo_blk_mem_gen_prim_wrapper [ram_memo_blk_mem_gen_prim_wrappe...]
Compiling architecture structure of entity xil_defaultlib.ram_memo_blk_mem_gen_prim_width [ram_memo_blk_mem_gen_prim_width_...]
Compiling architecture structure of entity xil_defaultlib.ram_memo_blk_mem_gen_generic_cstr [ram_memo_blk_mem_gen_generic_cst...]
Compiling architecture structure of entity xil_defaultlib.ram_memo_blk_mem_gen_top [ram_memo_blk_mem_gen_top_default]
Compiling architecture structure of entity xil_defaultlib.ram_memo_blk_mem_gen_v8_4_1_synth [ram_memo_blk_mem_gen_v8_4_1_synt...]
Compiling architecture structure of entity xil_defaultlib.ram_memo_blk_mem_gen_v8_4_1 [ram_memo_blk_mem_gen_v8_4_1_defa...]
Compiling architecture structure of entity xil_defaultlib.ram_memo [ram_memo_default]
Compiling architecture behavioral of entity xil_defaultlib.memo_controller [memo_controller_default]
Compiling architecture behavioral of entity xil_defaultlib.stft_window_rom [stft_window_rom_default]
Compiling architecture behavioral of entity xil_defaultlib.istft_window_rom [istft_window_rom_default]
Compiling architecture behavioral of entity xil_defaultlib.window_controller [window_controller_default]
Compiling architecture behavioral of entity xil_defaultlib.fsm_control [fsm_control_default]
Compiling architecture behavioral of entity xil_defaultlib.master_controller [master_controller_default]
Compiling architecture behavioral of entity xil_defaultlib.main_tb
Built simulation snapshot main_tb_behav
INFO: [USF-XSim-69] 'elaborate' step finished in '3' seconds
INFO: [USF-XSim-4] XSim::Simulate design
INFO: [USF-XSim-61] Executing 'SIMULATE' step in '/home/joterom/workspace/OctaveSax/Vivado/octave_main/octave_main.sim/sim_1/behav/xsim'
INFO: [USF-XSim-98] *** Running xsim
   with args "main_tb_behav -key {Behavioral:sim_1:Functional:main_tb} -tclbatch {main_tb.tcl} -view {/home/joterom/workspace/OctaveSax/Vivado/octave_main/octave_main.srcs/sim_1/imports/octave_main/test.wcfg} -view {/home/joterom/workspace/OctaveSax/Vivado/octave_main/window_tb_behav.wcfg} -view {/home/joterom/workspace/OctaveSax/Vivado/octave_main/fft.wcfg} -log {simulate.log}"
INFO: [USF-XSim-8] Loading simulator feature
Vivado Simulator 2017.4
Time resolution is 1 ps
open_wave_config /home/joterom/workspace/OctaveSax/Vivado/octave_main/octave_main.srcs/sim_1/imports/octave_main/test.wcfg
open_wave_config /home/joterom/workspace/OctaveSax/Vivado/octave_main/window_tb_behav.wcfg
WARNING: Simulation object /window_tb/UUT/clk was not found in the design.
WARNING: Simulation object /window_tb/UUT/for_inv was not found in the design.
WARNING: Simulation object /window_tb/UUT/start_proc_win was not found in the design.
WARNING: Simulation object /window_tb/end_proc_win was not found in the design.
WARNING: Simulation object /window_tb/UUT/window_data was not found in the design.
WARNING: Simulation object /window_tb/UUT/window_data_i was not found in the design.
WARNING: Simulation object /window_tb/UUT/pre_win was not found in the design.
WARNING: Simulation object /window_tb/UUT/multiplicand was not found in the design.
WARNING: Simulation object /window_tb/UUT/result_pre was not found in the design.
WARNING: Simulation object /window_tb/UUT/result was not found in the design.
open_wave_config /home/joterom/workspace/OctaveSax/Vivado/octave_main/fft.wcfg
WARNING: Simulation object /tb_transform/clk was not found in the design.
WARNING: Simulation object /tb_transform/enable_fft was not found in the design.
WARNING: Simulation object /tb_transform/event_frame_started was not found in the design.
WARNING: Simulation object /tb_transform/event_tlast_unexpected was not found in the design.
WARNING: Simulation object /tb_transform/event_tlast_missing was not found in the design.
WARNING: Simulation object /tb_transform/event_status_channel_halt was not found in the design.
WARNING: Simulation object /tb_transform/event_data_in_channel_halt was not found in the design.
WARNING: Simulation object /tb_transform/event_data_out_channel_halt was not found in the design.
WARNING: Simulation object /tb_transform/config_tvalid was not found in the design.
WARNING: Simulation object /tb_transform/config_tready was not found in the design.
WARNING: Simulation object /tb_transform/input_tvalid was not found in the design.
WARNING: Simulation object /tb_transform/input_tready was not found in the design.
WARNING: Simulation object /tb_transform/input_tlast was not found in the design.
WARNING: Simulation object /tb_transform/output_tvalid was not found in the design.
WARNING: Simulation object /tb_transform/output_tready was not found in the design.
WARNING: Simulation object /tb_transform/output_tlast was not found in the design.
WARNING: Simulation object /tb_transform/config_data was not found in the design.
WARNING: Simulation object /tb_transform/output_user was not found in the design.
WARNING: Simulation object /tb_transform/input_data was not found in the design.
WARNING: Simulation object /tb_transform/re_in was not found in the design.
WARNING: Simulation object /tb_transform/im_in was not found in the design.
WARNING: Simulation object /tb_transform/output_data was not found in the design.
WARNING: Simulation object /tb_transform/re_out was not found in the design.
WARNING: Simulation object /tb_transform/im_out was not found in the design.
source main_tb.tcl
# set curr_wave [current_wave_config]
# if { [string length $curr_wave] == 0 } {
#   if { [llength [get_objects]] > 0} {
#     add_wave /
#     set_property needs_save false [current_wave_config]
#   } else {
#      send_msg_id Add_Wave-1 WARNING "No top level signals found. Simulator will start without a wave window. If you want to open a wave window go to 'File->New Waveform Configuration' or type 'create_wave_config' in the TCL console."
#   }
# }
# run 1000ns
INFO: [USF-XSim-96] XSim completed. Design snapshot 'main_tb_behav' loaded.
INFO: [USF-XSim-97] XSim simulation ran for 1000ns
launch_simulation: Time (s): cpu = 00:00:13 ; elapsed = 00:00:11 . Memory (MB): peak = 6235.074 ; gain = 96.309 ; free physical = 319 ; free virtual = 6769
restart
INFO: [Simtcl 6-17] Simulation restarted
run 20 us
restart
INFO: [Simtcl 6-17] Simulation restarted
run 20 us
restart
INFO: [Simtcl 6-17] Simulation restarted
run 20 ms
run: Time (s): cpu = 00:00:21 ; elapsed = 00:00:32 . Memory (MB): peak = 6260.586 ; gain = 14.848 ; free physical = 174 ; free virtual = 6734
launch_simulation -mode post-implementation -type functional
INFO: [Vivado 12-5698] Checking validity of IPs in the design for the 'XSim' simulator...
INFO: [Vivado 12-5682] Launching post-implementation functional simulation in '/home/joterom/workspace/OctaveSax/Vivado/octave_main/octave_main.sim/sim_1/impl/func/xsim'
INFO: [Vivado 12-4795] Using compiled simulation libraries for IPs
INFO: [SIM-utils-51] Simulation object is 'sim_1'
INFO: [Netlist 29-17] Analyzing 36 Unisim elements for replacement
INFO: [Netlist 29-28] Unisim Transformation completed in 0 CPU seconds
INFO: [Project 1-479] Netlist was created with Vivado 2017.4
INFO: [Device 21-403] Loading part xc7a100tcsg324-1
INFO: [Project 1-570] Preparing netlist for logic optimization
Parsing XDC File [/home/joterom/workspace/OctaveSax/Vivado/octave_main/.Xil/Vivado-12539-vhdl-2018/dcp0/fsm_global_board.xdc]
Finished Parsing XDC File [/home/joterom/workspace/OctaveSax/Vivado/octave_main/.Xil/Vivado-12539-vhdl-2018/dcp0/fsm_global_board.xdc]
Parsing XDC File [/home/joterom/workspace/OctaveSax/Vivado/octave_main/.Xil/Vivado-12539-vhdl-2018/dcp0/fsm_global_early.xdc]
INFO: [Timing 38-35] Done setting XDC timing constraints. [/home/joterom/workspace/OctaveSax/Vivado/octave_main/octave_main.srcs/sources_1/ip/clk_generator/clk_generator.xdc:57]
INFO: [Timing 38-2] Deriving generated clocks [/home/joterom/workspace/OctaveSax/Vivado/octave_main/octave_main.srcs/sources_1/ip/clk_generator/clk_generator.xdc:57]
get_clocks: Time (s): cpu = 00:00:17 ; elapsed = 00:00:34 . Memory (MB): peak = 6921.773 ; gain = 401.430 ; free physical = 104 ; free virtual = 6075
Finished Parsing XDC File [/home/joterom/workspace/OctaveSax/Vivado/octave_main/.Xil/Vivado-12539-vhdl-2018/dcp0/fsm_global_early.xdc]
Parsing XDC File [/home/joterom/workspace/OctaveSax/Vivado/octave_main/.Xil/Vivado-12539-vhdl-2018/dcp0/fsm_global.xdc]
Finished Parsing XDC File [/home/joterom/workspace/OctaveSax/Vivado/octave_main/.Xil/Vivado-12539-vhdl-2018/dcp0/fsm_global.xdc]
Reading XDEF placement.
Reading placer database...
Reading XDEF routing.
Read XDEF File: Time (s): cpu = 00:00:00.05 ; elapsed = 00:00:00.08 . Memory (MB): peak = 6923.773 ; gain = 1.000 ; free physical = 102 ; free virtual = 6073
Restored from archive | CPU: 0.050000 secs | Memory: 0.311783 MB |
Finished XDEF File Restore: Time (s): cpu = 00:00:00.05 ; elapsed = 00:00:00.08 . Memory (MB): peak = 6923.773 ; gain = 1.000 ; free physical = 102 ; free virtual = 6073
INFO: [Project 1-111] Unisim Transformation Summary:
No Unisim elements were transformed.

open_run: Time (s): cpu = 00:00:36 ; elapsed = 00:01:07 . Memory (MB): peak = 7081.449 ; gain = 818.945 ; free physical = 142 ; free virtual = 5991
INFO: [SIM-utils-31] Writing simulation netlist file for design 'impl_1'...
INFO: [SIM-utils-33] write_vhdl -mode funcsim -nolib -force -file "/home/joterom/workspace/OctaveSax/Vivado/octave_main/octave_main.sim/sim_1/impl/func/xsim/main_tb_func_impl.vhd"
INFO: [SIM-utils-36] Netlist generated:/home/joterom/workspace/OctaveSax/Vivado/octave_main/octave_main.sim/sim_1/impl/func/xsim/main_tb_func_impl.vhd
INFO: [USF-XSim-7] Finding pre-compiled libraries...
INFO: [USF-XSim-11] File '/opt/Xilinx/Vivado/2017.4/data/xsim/ip/xsim_ip.ini' copied to run dir:'/home/joterom/workspace/OctaveSax/Vivado/octave_main/octave_main.sim/sim_1/impl/func/xsim'
INFO: [SIM-utils-54] Inspecting design source files for 'main_tb' in fileset 'sim_1'...
INFO: [USF-XSim-2] XSim::Compile design
INFO: [USF-XSim-61] Executing 'COMPILE and ANALYZE' step in '/home/joterom/workspace/OctaveSax/Vivado/octave_main/octave_main.sim/sim_1/impl/func/xsim'
xvlog --incr --relax -prj main_tb_vlog.prj
INFO: [VRFC 10-2263] Analyzing Verilog file "/home/joterom/workspace/OctaveSax/Vivado/octave_main/octave_main.sim/sim_1/impl/func/xsim/glbl.v" into library xil_defaultlib
INFO: [VRFC 10-311] analyzing module glbl
xvhdl --incr --relax -prj main_tb_vhdl.prj
INFO: [VRFC 10-163] Analyzing VHDL file "/home/joterom/workspace/OctaveSax/Vivado/octave_main/octave_main.sim/sim_1/impl/func/xsim/main_tb_func_impl.vhd" into library xil_defaultlib
INFO: [VRFC 10-307] analyzing entity clk_generator_clk_generator_clk_wiz
INFO: [VRFC 10-307] analyzing entity display_counter
INFO: [VRFC 10-307] analyzing entity fsm_control
INFO: [VRFC 10-307] analyzing entity sampling
INFO: [VRFC 10-307] analyzing entity shift_register
INFO: [VRFC 10-307] analyzing entity window_controller
INFO: [VRFC 10-307] analyzing entity \ram_memo__blk_mem_gen_prim_wrapper\
INFO: [VRFC 10-307] analyzing entity \ram_memo__blk_mem_gen_prim_wrapper_HD8\
INFO: [VRFC 10-307] analyzing entity clk_generator
INFO: [VRFC 10-307] analyzing entity display_interface
INFO: [VRFC 10-307] analyzing entity \ram_memo__blk_mem_gen_prim_width\
INFO: [VRFC 10-307] analyzing entity \ram_memo__blk_mem_gen_prim_width_HD7\
INFO: [VRFC 10-307] analyzing entity \ram_memo__blk_mem_gen_generic_cstr\
INFO: [VRFC 10-307] analyzing entity \ram_memo__blk_mem_gen_generic_cstr_HD6\
INFO: [VRFC 10-307] analyzing entity \ram_memo__blk_mem_gen_top\
INFO: [VRFC 10-307] analyzing entity \ram_memo__blk_mem_gen_top_HD5\
INFO: [VRFC 10-307] analyzing entity \ram_memo__blk_mem_gen_v8_4_1_synth\
INFO: [VRFC 10-307] analyzing entity \ram_memo__blk_mem_gen_v8_4_1_synth_HD4\
INFO: [VRFC 10-307] analyzing entity \ram_memo__blk_mem_gen_v8_4_1\
INFO: [VRFC 10-307] analyzing entity \ram_memo__blk_mem_gen_v8_4_1_HD3\
INFO: [VRFC 10-307] analyzing entity ram_memo
INFO: [VRFC 10-307] analyzing entity ram_memo_HD2
INFO: [VRFC 10-307] analyzing entity memo_controller
INFO: [VRFC 10-307] analyzing entity master_controller
INFO: [VRFC 10-307] analyzing entity fsm_global
INFO: [VRFC 10-163] Analyzing VHDL file "/home/joterom/workspace/OctaveSax/Vivado/octave_main/octave_main.srcs/sim_1/new/main_tb.vhd" into library xil_defaultlib
INFO: [VRFC 10-307] analyzing entity main_tb
INFO: [VRFC 10-163] Analyzing VHDL file "/home/joterom/workspace/OctaveSax/Vivado/octave_main/octave_main.srcs/sim_1/new/window_tb.vhd" into library xil_defaultlib
ERROR: [VRFC 10-149] 'project_trunk' is not compiled in library xil_defaultlib [/home/joterom/workspace/OctaveSax/Vivado/octave_main/octave_main.srcs/sim_1/new/window_tb.vhd:5]
INFO: [VRFC 10-307] analyzing entity window_tb
ERROR: [VRFC 10-1504] unit window_tb ignored due to previous errors [/home/joterom/workspace/OctaveSax/Vivado/octave_main/octave_main.srcs/sim_1/new/window_tb.vhd:16]
INFO: [VRFC 10-240] VHDL file /home/joterom/workspace/OctaveSax/Vivado/octave_main/octave_main.srcs/sim_1/new/window_tb.vhd ignored due to errors
INFO: [USF-XSim-69] 'compile' step finished in '2' seconds
INFO: [USF-XSim-99] Step results log file:'/home/joterom/workspace/OctaveSax/Vivado/octave_main/octave_main.sim/sim_1/impl/func/xsim/xvhdl.log'
ERROR: [USF-XSim-62] 'compile' step failed with error(s). Please check the Tcl console output or '/home/joterom/workspace/OctaveSax/Vivado/octave_main/octave_main.sim/sim_1/impl/func/xsim/xvhdl.log' file for more information.
ERROR: [Vivado 12-4473] Detected error while running simulation. Please correct the issue and retry this operation.
launch_simulation: Time (s): cpu = 00:00:40 ; elapsed = 00:01:11 . Memory (MB): peak = 7081.449 ; gain = 818.945 ; free physical = 182 ; free virtual = 5994
ERROR: [Common 17-39] 'launch_simulation' failed due to earlier errors.
close_design
close_sim
INFO: [Simtcl 6-16] Simulation closed
close [ open /home/joterom/workspace/OctaveSax/Vivado/octave_main/octave_main.srcs/sources_1/new/manager_memo.vhd w ]
add_files /home/joterom/workspace/OctaveSax/Vivado/octave_main/octave_main.srcs/sources_1/new/manager_memo.vhd
set_property is_enabled true [get_files  /home/joterom/workspace/OctaveSax/Vivado/octave_main/octave_main.srcs/sources_1/ip/freq_short_memo/freq_short_memo.xci]
exit
INFO: [Common 17-206] Exiting Vivado at Thu Apr 11 19:01:46 2019...
