#-----------------------------------------------------------
# Vivado v2017.4 (64-bit)
# SW Build 2086221 on Fri Dec 15 20:55:39 MST 2017
# IP Build 2085800 on Fri Dec 15 22:25:07 MST 2017
# Start of session at: Sun Mar 10 12:28:51 2019
# Process ID: 7224
# Current directory: D:/UNI/TFG/OctaveSax/Vivado/octave_main
# Command line: vivado.exe -gui_launcher_event rodinguilauncherevent3152 D:\UNI\TFG\OctaveSax\Vivado\octave_main\octave_main.xpr
# Log file: D:/UNI/TFG/OctaveSax/Vivado/octave_main/vivado.log
# Journal file: D:/UNI/TFG/OctaveSax/Vivado/octave_main\vivado.jou
#-----------------------------------------------------------
start_gui
open_project D:/UNI/TFG/OctaveSax/Vivado/octave_main/octave_main.xpr
Scanning sources...
Finished scanning sources
INFO: [IP_Flow 19-234] Refreshing IP repositories
INFO: [IP_Flow 19-1704] No user IP repositories specified
INFO: [IP_Flow 19-2313] Loaded Vivado IP repository 'C:/Xilinx/Vivado/2017.4/data/ip'.
open_project: Time (s): cpu = 00:00:11 ; elapsed = 00:00:05 . Memory (MB): peak = 771.422 ; gain = 98.980
launch_simulation
INFO: [Vivado 12-5698] Checking validity of IPs in the design for the 'XSim' simulator...
INFO: [Vivado 12-5682] Launching behavioral simulation in 'D:/UNI/TFG/OctaveSax/Vivado/octave_main/octave_main.sim/sim_1/behav/xsim'
INFO: [Vivado 12-4795] Using compiled simulation libraries for IPs
INFO: [SIM-utils-51] Simulation object is 'sim_1'
INFO: [USF-XSim-7] Finding pre-compiled libraries...
INFO: [USF-XSim-11] File 'C:/Xilinx/Vivado/2017.4/data/xsim/ip/xsim_ip.ini' copied to run dir:'D:/UNI/TFG/OctaveSax/Vivado/octave_main/octave_main.sim/sim_1/behav/xsim'
INFO: [SIM-utils-54] Inspecting design source files for 'window_tb' in fileset 'sim_1'...
INFO: [USF-XSim-97] Finding global include files...
INFO: [USF-XSim-100] Fetching design files from 'sources_1'...(this may take a while)...
INFO: [USF-XSim-101] Fetching design files from 'sim_1'...
INFO: [USF-XSim-2] XSim::Compile design
INFO: [USF-XSim-61] Executing 'COMPILE and ANALYZE' step in 'D:/UNI/TFG/OctaveSax/Vivado/octave_main/octave_main.sim/sim_1/behav/xsim'
"xvlog --incr --relax -prj window_tb_vlog.prj"
"xvhdl --incr --relax -prj window_tb_vhdl.prj"
INFO: [USF-XSim-69] 'compile' step finished in '2' seconds
INFO: [USF-XSim-3] XSim::Elaborate design
INFO: [USF-XSim-61] Executing 'ELABORATE' step in 'D:/UNI/TFG/OctaveSax/Vivado/octave_main/octave_main.sim/sim_1/behav/xsim'
Vivado Simulator 2017.4
Copyright 1986-1999, 2001-2016 Xilinx, Inc. All Rights Reserved.
Running: C:/Xilinx/Vivado/2017.4/bin/unwrapped/win64.o/xelab.exe -wto 0c9c3a36965041288ce87ec04c26eca9 --incr --debug typical --relax --mt 2 -L xil_defaultlib -L unisims_ver -L unimacro_ver -L secureip -L xpm --snapshot window_tb_behav xil_defaultlib.window_tb xil_defaultlib.glbl -log elaborate.log 
Using 2 slave threads.
Starting static elaboration
Completed static elaboration
INFO: [XSIM 43-4323] No Change in HDL. Linking previously generated obj files to create kernel
INFO: [USF-XSim-69] 'elaborate' step finished in '1' seconds
INFO: [USF-XSim-4] XSim::Simulate design
INFO: [USF-XSim-61] Executing 'SIMULATE' step in 'D:/UNI/TFG/OctaveSax/Vivado/octave_main/octave_main.sim/sim_1/behav/xsim'
INFO: [USF-XSim-98] *** Running xsim
   with args "window_tb_behav -key {Behavioral:sim_1:Functional:window_tb} -tclbatch {window_tb.tcl} -view {D:/UNI/TFG/OctaveSax/Vivado/octave_main/octave_main.srcs/sim_1/imports/octave_main/test.wcfg} -view {D:/UNI/TFG/OctaveSax/Vivado/octave_main/window_tb_behav.wcfg} -log {simulate.log}"
INFO: [USF-XSim-8] Loading simulator feature
Vivado Simulator 2017.4
Time resolution is 1 ps
open_wave_config D:/UNI/TFG/OctaveSax/Vivado/octave_main/octave_main.srcs/sim_1/imports/octave_main/test.wcfg
WARNING: Simulation object /main_tb/UUT/clk_100MHz was not found in the design.
WARNING: Simulation object /main_tb/UUT/MCLK was not found in the design.
WARNING: Simulation object /main_tb/UUT/SCLK was not found in the design.
WARNING: Simulation object /main_tb/UUT/LR_W_SEL was not found in the design.
WARNING: Simulation object /main_tb/UUT/DATA_OUT was not found in the design.
WARNING: Simulation object /main_tb/DATA_IN was not found in the design.
WARNING: Simulation object /main_tb/UUT/frame_number was not found in the design.
WARNING: Simulation object /main_tb/UUT/sample_in_ready was not found in the design.
WARNING: Simulation object /main_tb/UUT/enable_shift was not found in the design.
WARNING: Simulation object /main_tb/UUT/write_sample was not found in the design.
WARNING: Simulation object /main_tb/UUT/input_reg was not found in the design.
WARNING: Simulation object /main_tb/UUT/write_address was not found in the design.
WARNING: Simulation object /main_tb/UUT/buffer1 was not found in the design.
WARNING: Simulation object /main_tb/UUT/buffer2 was not found in the design.
WARNING: Simulation object /main_tb/UUT/enable_win was not found in the design.
WARNING: Simulation object /main_tb/UUT/WIN/multiplicand was not found in the design.
WARNING: Simulation object /main_tb/UUT/WIN/multiplicatorSTFT was not found in the design.
WARNING: Simulation object /main_tb/UUT/WIN/multiplicatoriSTFT was not found in the design.
WARNING: Simulation object /main_tb/UUT/WIN/pre_resultSTFT was not found in the design.
WARNING: Simulation object /main_tb/UUT/WIN/for_inv was not found in the design.
WARNING: Simulation object /main_tb/UUT/WIN/buf1_2 was not found in the design.
WARNING: Simulation object /main_tb/UUT/win_output was not found in the design.
WARNING: Simulation object /main_tb/UUT/start_reading was not found in the design.
WARNING: Simulation object /main_tb/UUT/sample_towrite_ready was not found in the design.
WARNING: Simulation object /main_tb/UUT/read_sample was not found in the design.
WARNING: Simulation object /main_tb/UUT/storaged_sample was not found in the design.
WARNING: Simulation object /main_tb/UUT/sample_towrite was not found in the design.
WARNING: Simulation object /main_tb/UUT/read_address was not found in the design.
WARNING: Simulation object /main_tb/UUT/RAM/ram/dina was not found in the design.
WARNING: Simulation object /main_tb/UUT/RAM/ram/ena was not found in the design.
WARNING: Simulation object /main_tb/UUT/RAM/ram/wea was not found in the design.
WARNING: Simulation object /main_tb/UUT/address was not found in the design.
open_wave_config D:/UNI/TFG/OctaveSax/Vivado/octave_main/window_tb_behav.wcfg
source window_tb.tcl
# set curr_wave [current_wave_config]
# if { [string length $curr_wave] == 0 } {
#   if { [llength [get_objects]] > 0} {
#     add_wave /
#     set_property needs_save false [current_wave_config]
#   } else {
#      send_msg_id Add_Wave-1 WARNING "No top level signals found. Simulator will start without a wave window. If you want to open a wave window go to 'File->New Waveform Configuration' or type 'create_wave_config' in the TCL console."
#   }
# }
# run 1000ns
INFO: [USF-XSim-96] XSim completed. Design snapshot 'window_tb_behav' loaded.
INFO: [USF-XSim-97] XSim simulation ran for 1000ns
launch_simulation: Time (s): cpu = 00:00:08 ; elapsed = 00:00:07 . Memory (MB): peak = 789.582 ; gain = 18.160
close_sim
INFO: [Simtcl 6-16] Simulation closed
exit
INFO: [Common 17-206] Exiting Vivado at Sun Mar 10 12:29:26 2019...
