#-----------------------------------------------------------
# Vivado v2017.4 (64-bit)
# SW Build 2086221 on Fri Dec 15 20:55:39 MST 2017
# IP Build 2085800 on Fri Dec 15 22:25:07 MST 2017
# Start of session at: Tue Apr  9 17:38:43 2019
# Process ID: 1140
# Current directory: D:/UNI/TFG/OctaveSax/Vivado/octave_main
# Command line: vivado.exe -gui_launcher_event rodinguilauncherevent11780 D:\UNI\TFG\OctaveSax\Vivado\octave_main\octave_main.xpr
# Log file: D:/UNI/TFG/OctaveSax/Vivado/octave_main/vivado.log
# Journal file: D:/UNI/TFG/OctaveSax/Vivado/octave_main\vivado.jou
#-----------------------------------------------------------
start_gui
open_project D:/UNI/TFG/OctaveSax/Vivado/octave_main/octave_main.xpr
Scanning sources...
Finished scanning sources
INFO: [IP_Flow 19-234] Refreshing IP repositories
INFO: [IP_Flow 19-1704] No user IP repositories specified
INFO: [IP_Flow 19-2313] Loaded Vivado IP repository 'C:/Xilinx/Vivado/2017.4/data/ip'.
open_project: Time (s): cpu = 00:00:12 ; elapsed = 00:00:06 . Memory (MB): peak = 752.285 ; gain = 58.945
reset_run synth_1
launch_runs impl_1 -to_step write_bitstream -jobs 2
INFO: [Vivado 12-4149] The synthesis checkpoint for IP 'D:/UNI/TFG/OctaveSax/Vivado/octave_main/octave_main.srcs/sources_1/ip/ram_memo/ram_memo.xci' is already up-to-date
[Tue Apr  9 17:57:11 2019] Launched synth_1...
Run output will be captured here: D:/UNI/TFG/OctaveSax/Vivado/octave_main/octave_main.runs/synth_1/runme.log
[Tue Apr  9 17:57:11 2019] Launched impl_1...
Run output will be captured here: D:/UNI/TFG/OctaveSax/Vivado/octave_main/octave_main.runs/impl_1/runme.log
reset_run synth_1
WARNING: [Vivado 12-1017] Problems encountered:
1. PID not specified

launch_runs synth_1 -jobs 2
INFO: [Vivado 12-4149] The synthesis checkpoint for IP 'D:/UNI/TFG/OctaveSax/Vivado/octave_main/octave_main.srcs/sources_1/ip/ram_memo/ram_memo.xci' is already up-to-date
[Tue Apr  9 17:57:51 2019] Launched synth_1...
Run output will be captured here: D:/UNI/TFG/OctaveSax/Vivado/octave_main/octave_main.runs/synth_1/runme.log
reset_run synth_1
launch_runs synth_1 -jobs 2
INFO: [Vivado 12-4149] The synthesis checkpoint for IP 'D:/UNI/TFG/OctaveSax/Vivado/octave_main/octave_main.srcs/sources_1/ip/ram_memo/ram_memo.xci' is already up-to-date
[Tue Apr  9 17:58:32 2019] Launched synth_1...
Run output will be captured here: D:/UNI/TFG/OctaveSax/Vivado/octave_main/octave_main.runs/synth_1/runme.log
launch_runs impl_1 -to_step write_bitstream -jobs 2
INFO: [Vivado 12-4149] The synthesis checkpoint for IP 'D:/UNI/TFG/OctaveSax/Vivado/octave_main/octave_main.srcs/sources_1/ip/ram_memo/ram_memo.xci' is already up-to-date
[Tue Apr  9 17:59:45 2019] Launched impl_1...
Run output will be captured here: D:/UNI/TFG/OctaveSax/Vivado/octave_main/octave_main.runs/impl_1/runme.log
open_hw
connect_hw_server
INFO: [Labtools 27-2285] Connecting to hw_server url TCP:localhost:3121
INFO: [Labtools 27-2222] Launching hw_server...
INFO: [Labtools 27-2221] Launch Output:

****** Xilinx hw_server v2017.4
  **** Build date : Dec 15 2017-21:08:27
    ** Copyright 1986-2017 Xilinx, Inc. All Rights Reserved.


open_hw_target
INFO: [Labtoolstcl 44-466] Opening hw_target localhost:3121/xilinx_tcf/Digilent/210292AA76C7A
set_property PROGRAM.FILE {D:/UNI/TFG/OctaveSax/Vivado/octave_main/octave_main.runs/impl_1/fsm_global.bit} [get_hw_devices xc7a100t_0]
current_hw_device [get_hw_devices xc7a100t_0]
refresh_hw_device -update_hw_probes false [lindex [get_hw_devices xc7a100t_0] 0]
INFO: [Labtools 27-1434] Device xc7a100t (JTAG device index = 0) is programmed with a design that has no supported debug core(s) in it.
WARNING: [Labtools 27-3361] The debug hub core was not detected.
Resolution: 
1. Make sure the clock connected to the debug hub (dbg_hub) core is a free running clock and is active.
2. Make sure the BSCAN_SWITCH_USER_MASK device property in Vivado Hardware Manager reflects the user scan chain setting in the design and refresh the device.  To determine the user scan chain setting in the design, open the implemented design and use 'get_property C_USER_SCAN_CHAIN [get_debug_cores dbg_hub]'.
For more details on setting the scan chain property, consult the Vivado Debug and Programming User Guide (UG908).
set_property PROBES.FILE {} [get_hw_devices xc7a100t_0]
set_property FULL_PROBES.FILE {} [get_hw_devices xc7a100t_0]
set_property PROGRAM.FILE {D:/UNI/TFG/OctaveSax/Vivado/octave_main/octave_main.runs/impl_1/fsm_global.bit} [get_hw_devices xc7a100t_0]
program_hw_devices [get_hw_devices xc7a100t_0]
INFO: [Labtools 27-3164] End of startup status: HIGH
refresh_hw_device [lindex [get_hw_devices xc7a100t_0] 0]
INFO: [Labtools 27-1434] Device xc7a100t (JTAG device index = 0) is programmed with a design that has no supported debug core(s) in it.
WARNING: [Labtools 27-3361] The debug hub core was not detected.
Resolution: 
1. Make sure the clock connected to the debug hub (dbg_hub) core is a free running clock and is active.
2. Make sure the BSCAN_SWITCH_USER_MASK device property in Vivado Hardware Manager reflects the user scan chain setting in the design and refresh the device.  To determine the user scan chain setting in the design, open the implemented design and use 'get_property C_USER_SCAN_CHAIN [get_debug_cores dbg_hub]'.
For more details on setting the scan chain property, consult the Vivado Debug and Programming User Guide (UG908).
reset_run synth_1
launch_runs impl_1 -to_step write_bitstream -jobs 2
INFO: [Vivado 12-4149] The synthesis checkpoint for IP 'D:/UNI/TFG/OctaveSax/Vivado/octave_main/octave_main.srcs/sources_1/ip/ram_memo/ram_memo.xci' is already up-to-date
[Tue Apr  9 18:18:14 2019] Launched synth_1...
Run output will be captured here: D:/UNI/TFG/OctaveSax/Vivado/octave_main/octave_main.runs/synth_1/runme.log
[Tue Apr  9 18:18:14 2019] Launched impl_1...
Run output will be captured here: D:/UNI/TFG/OctaveSax/Vivado/octave_main/octave_main.runs/impl_1/runme.log
set_property PROBES.FILE {} [get_hw_devices xc7a100t_0]
set_property FULL_PROBES.FILE {} [get_hw_devices xc7a100t_0]
set_property PROGRAM.FILE {D:/UNI/TFG/OctaveSax/Vivado/octave_main/octave_main.runs/impl_1/fsm_global.bit} [get_hw_devices xc7a100t_0]
program_hw_devices [get_hw_devices xc7a100t_0]
INFO: [Labtools 27-3164] End of startup status: HIGH
refresh_hw_device [lindex [get_hw_devices xc7a100t_0] 0]
INFO: [Labtools 27-1434] Device xc7a100t (JTAG device index = 0) is programmed with a design that has no supported debug core(s) in it.
WARNING: [Labtools 27-3361] The debug hub core was not detected.
Resolution: 
1. Make sure the clock connected to the debug hub (dbg_hub) core is a free running clock and is active.
2. Make sure the BSCAN_SWITCH_USER_MASK device property in Vivado Hardware Manager reflects the user scan chain setting in the design and refresh the device.  To determine the user scan chain setting in the design, open the implemented design and use 'get_property C_USER_SCAN_CHAIN [get_debug_cores dbg_hub]'.
For more details on setting the scan chain property, consult the Vivado Debug and Programming User Guide (UG908).
launch_simulation
INFO: [Vivado 12-5698] Checking validity of IPs in the design for the 'XSim' simulator...
INFO: [Vivado 12-5682] Launching behavioral simulation in 'D:/UNI/TFG/OctaveSax/Vivado/octave_main/octave_main.sim/sim_1/behav/xsim'
INFO: [Vivado 12-4795] Using compiled simulation libraries for IPs
INFO: [SIM-utils-51] Simulation object is 'sim_1'
INFO: [USF-XSim-7] Finding pre-compiled libraries...
INFO: [USF-XSim-11] File 'C:/Xilinx/Vivado/2017.4/data/xsim/ip/xsim_ip.ini' copied to run dir:'D:/UNI/TFG/OctaveSax/Vivado/octave_main/octave_main.sim/sim_1/behav/xsim'
INFO: [SIM-utils-54] Inspecting design source files for 'main_tb' in fileset 'sim_1'...
INFO: [USF-XSim-97] Finding global include files...
INFO: [USF-XSim-100] Fetching design files from 'sources_1'...(this may take a while)...
INFO: [USF-XSim-101] Fetching design files from 'sim_1'...
INFO: [USF-XSim-2] XSim::Compile design
INFO: [USF-XSim-61] Executing 'COMPILE and ANALYZE' step in 'D:/UNI/TFG/OctaveSax/Vivado/octave_main/octave_main.sim/sim_1/behav/xsim'
"xvlog --incr --relax -prj main_tb_vlog.prj"
"xvhdl --incr --relax -prj main_tb_vhdl.prj"
INFO: [VRFC 10-163] Analyzing VHDL file "D:/UNI/TFG/OctaveSax/Vivado/octave_main/octave_main.srcs/sources_1/new/master_controller.vhd" into library xil_defaultlib
INFO: [VRFC 10-307] analyzing entity master_controller
INFO: [VRFC 10-163] Analyzing VHDL file "D:/UNI/TFG/OctaveSax/Vivado/octave_main/octave_main.srcs/sources_1/new/counter512.vhd" into library xil_defaultlib
INFO: [VRFC 10-307] analyzing entity counter512
INFO: [VRFC 10-163] Analyzing VHDL file "D:/UNI/TFG/OctaveSax/Vivado/octave_main/octave_main.srcs/sources_1/new/freq_dom_controller.vhd" into library xil_defaultlib
INFO: [VRFC 10-307] analyzing entity freq_dom_controller
INFO: [USF-XSim-69] 'compile' step finished in '2' seconds
INFO: [USF-XSim-3] XSim::Elaborate design
INFO: [USF-XSim-61] Executing 'ELABORATE' step in 'D:/UNI/TFG/OctaveSax/Vivado/octave_main/octave_main.sim/sim_1/behav/xsim'
Vivado Simulator 2017.4
Copyright 1986-1999, 2001-2016 Xilinx, Inc. All Rights Reserved.
Running: C:/Xilinx/Vivado/2017.4/bin/unwrapped/win64.o/xelab.exe -wto 0c9c3a36965041288ce87ec04c26eca9 --incr --debug typical --relax --mt 2 -L xil_defaultlib -L xbip_utils_v3_0_8 -L axi_utils_v2_0_4 -L c_reg_fd_v12_0_4 -L xbip_dsp48_wrapper_v3_0_4 -L xbip_pipe_v3_0_4 -L xbip_dsp48_addsub_v3_0_4 -L xbip_addsub_v3_0_4 -L c_addsub_v12_0_11 -L c_mux_bit_v12_0_4 -L c_shift_ram_v12_0_11 -L xbip_bram18k_v3_0_4 -L mult_gen_v12_0_13 -L cmpy_v6_0_14 -L floating_point_v7_0_14 -L xfft_v9_0_14 -L unisims_ver -L unimacro_ver -L secureip -L xpm --snapshot main_tb_behav xil_defaultlib.main_tb xil_defaultlib.glbl -log elaborate.log 
Using 2 slave threads.
Starting static elaboration
Completed static elaboration
Starting simulation data flow analysis
Completed simulation data flow analysis
Time Resolution for simulation is 1ps
Compiling package std.standard
Compiling package std.textio
Compiling package ieee.std_logic_1164
Compiling package ieee.numeric_std
Compiling package xil_defaultlib.project_trunk
Compiling package unisim.vcomponents
Compiling package ieee.std_logic_arith
Compiling package ieee.std_logic_signed
Compiling package ieee.std_logic_textio
Compiling package ieee.vital_timing
Compiling package ieee.vital_primitives
Compiling package unisim.vpkg
Compiling package xbip_utils_v3_0_8.xbip_utils_v3_0_8_pkg
Compiling package xfft_v9_0_14.xfft_v9_0_14_viv_comp
Compiling package ieee.std_logic_unsigned
Compiling package ieee.math_real
Compiling package axi_utils_v2_0_4.axi_utils_v2_0_4_pkg
Compiling package mult_gen_v12_0_13.mult_gen_v12_0_13_pkg
Compiling package cmpy_v6_0_14.cmpy_v6_0_14_pkg
Compiling package floating_point_v7_0_14.floating_point_v7_0_14_consts
Compiling package floating_point_v7_0_14.floating_point_v7_0_14_exp_table...
Compiling package floating_point_v7_0_14.floating_point_v7_0_14_pkg
Compiling package xfft_v9_0_14.pkg
Compiling package xfft_v9_0_14.xfft_v9_0_14_axi_pkg
Compiling package axi_utils_v2_0_4.global_util_pkg
Compiling package axi_utils_v2_0_4.axi_utils_comps
Compiling package xbip_pipe_v3_0_4.xbip_pipe_v3_0_4_viv_comp
Compiling package xbip_addsub_v3_0_4.xbip_addsub_v3_0_4_viv_comp
Compiling package c_addsub_v12_0_11.c_addsub_v12_0_11_pkg
Compiling package c_addsub_v12_0_11.c_addsub_v12_0_11_pkg_legacy
Compiling package c_reg_fd_v12_0_4.c_reg_fd_v12_0_4_viv_comp
Compiling package c_shift_ram_v12_0_11.c_shift_ram_v12_0_11_pkg
Compiling package c_mux_bit_v12_0_4.c_mux_bit_v12_0_4_viv_comp
Compiling package xfft_v9_0_14.half_sincos_tw_table
Compiling package xfft_v9_0_14.quarter_sin_tw_table
Compiling package xfft_v9_0_14.quarter2_sin_tw_table
Compiling module xil_defaultlib.glbl
Compiling architecture behavioral of entity xil_defaultlib.sampling [sampling_default]
Compiling architecture behavioral of entity xil_defaultlib.shift_register [shift_register_default]
Compiling architecture gnd_v of entity unisim.GND [gnd_default]
Compiling architecture rb18_internal_vhdl_v of entity unisim.RB18_INTERNAL_VHDL [\RB18_INTERNAL_VHDL(bram_size=18...]
Compiling architecture ramb18e1_v of entity unisim.RAMB18E1 [\RAMB18E1(doa_reg=1,rdaddr_colli...]
Compiling architecture structure of entity xil_defaultlib.ram_memo_blk_mem_gen_prim_wrapper [ram_memo_blk_mem_gen_prim_wrappe...]
Compiling architecture structure of entity xil_defaultlib.ram_memo_blk_mem_gen_prim_width [ram_memo_blk_mem_gen_prim_width_...]
Compiling architecture structure of entity xil_defaultlib.ram_memo_blk_mem_gen_generic_cstr [ram_memo_blk_mem_gen_generic_cst...]
Compiling architecture structure of entity xil_defaultlib.ram_memo_blk_mem_gen_top [ram_memo_blk_mem_gen_top_default]
Compiling architecture structure of entity xil_defaultlib.ram_memo_blk_mem_gen_v8_4_1_synth [ram_memo_blk_mem_gen_v8_4_1_synt...]
Compiling architecture structure of entity xil_defaultlib.ram_memo_blk_mem_gen_v8_4_1 [ram_memo_blk_mem_gen_v8_4_1_defa...]
Compiling architecture structure of entity xil_defaultlib.ram_memo [ram_memo_default]
Compiling architecture behavioral of entity xil_defaultlib.memo_controller [memo_controller_default]
Compiling architecture behavioral of entity xil_defaultlib.stft_window_rom [stft_window_rom_default]
Compiling architecture behavioral of entity xil_defaultlib.istft_window_rom [istft_window_rom_default]
Compiling architecture behavioral of entity xil_defaultlib.window_controller [window_controller_default]
Compiling architecture behavioral of entity xil_defaultlib.fsm_control [fsm_control_default]
Compiling architecture behavioral of entity xil_defaultlib.counter512 [counter512_default]
Compiling architecture xilinx of entity axi_utils_v2_0_4.glb_srl_fifo [\glb_srl_fifo(width=11,has_uvpro...]
Compiling architecture xilinx of entity axi_utils_v2_0_4.glb_ifx_slave [\glb_ifx_slave(width=11,has_uvpr...]
Compiling architecture synth of entity xfft_v9_0_14.axi_wrapper_input_fifo [\axi_wrapper_input_fifo(c_fifo_w...]
Compiling architecture xilinx of entity axi_utils_v2_0_4.glb_srl_fifo [\glb_srl_fifo(width=33,has_uvpro...]
Compiling architecture xilinx of entity axi_utils_v2_0_4.glb_ifx_slave [\glb_ifx_slave(width=33,has_uvpr...]
Compiling architecture synth of entity xfft_v9_0_14.axi_wrapper_input_fifo [\axi_wrapper_input_fifo(c_fifo_w...]
Compiling architecture xilinx of entity axi_utils_v2_0_4.glb_srl_fifo [\glb_srl_fifo(width=42,has_uvpro...]
Compiling architecture xilinx of entity axi_utils_v2_0_4.glb_ifx_master [\glb_ifx_master(width=42,afull_t...]
Compiling architecture synth of entity xfft_v9_0_14.axi_wrapper_output_fifo [\axi_wrapper_output_fifo(c_fifo_...]
Compiling architecture synth of entity xfft_v9_0_14.axi_wrapper [\axi_wrapper(c_nfft_max=9,c_arch...]
Compiling architecture xilinx of entity xfft_v9_0_14.equ_rtl [\equ_rtl(c_xdevicefamily="artix7...]
Compiling architecture xilinx of entity xfft_v9_0_14.r22_cnt_ctrl [\r22_cnt_ctrl(c_xdevicefamily="a...]
Compiling architecture xilinx of entity xfft_v9_0_14.r22_cnt_ctrl [\r22_cnt_ctrl(c_xdevicefamily="a...]
Compiling architecture xilinx of entity xfft_v9_0_14.shift_ram [\shift_ram(c_xdevicefamily="arti...]
Compiling architecture struct of entity c_shift_ram_v12_0_11.c_shift_ram_v12_0_11_legacy [\c_shift_ram_v12_0_11_legacy(c_x...]
Compiling architecture synth of entity c_shift_ram_v12_0_11.c_shift_ram_v12_0_11_viv [\c_shift_ram_v12_0_11_viv(c_xdev...]
Compiling architecture xilinx of entity xfft_v9_0_14.shift_ram [\shift_ram(c_xdevicefamily="arti...]
Compiling architecture fd_v of entity unisim.FD [fd_default]
Compiling architecture struct of entity c_shift_ram_v12_0_11.c_shift_ram_v12_0_11_legacy [\c_shift_ram_v12_0_11_legacy(c_x...]
Compiling architecture synth of entity c_shift_ram_v12_0_11.c_shift_ram_v12_0_11_viv [\c_shift_ram_v12_0_11_viv(c_xdev...]
Compiling architecture xilinx of entity xfft_v9_0_14.shift_ram [\shift_ram(c_xdevicefamily="arti...]
Compiling architecture struct of entity c_shift_ram_v12_0_11.c_shift_ram_v12_0_11_legacy [\c_shift_ram_v12_0_11_legacy(c_x...]
Compiling architecture synth of entity c_shift_ram_v12_0_11.c_shift_ram_v12_0_11_viv [\c_shift_ram_v12_0_11_viv(c_xdev...]
Compiling architecture xilinx of entity xfft_v9_0_14.shift_ram [\shift_ram(c_xdevicefamily="arti...]
Compiling architecture fde_v of entity unisim.FDE [fde_default]
Compiling architecture xilinx of entity xfft_v9_0_14.shift_ram [\shift_ram(c_xdevicefamily="arti...]
Compiling architecture xilinx of entity xfft_v9_0_14.shift_ram [\shift_ram(c_xdevicefamily="arti...]
Compiling architecture xilinx of entity xfft_v9_0_14.shift_ram [\shift_ram(c_xdevicefamily="arti...]
Compiling architecture xilinx of entity xfft_v9_0_14.shift_ram [\shift_ram(c_xdevicefamily="arti...]
Compiling architecture xilinx of entity xfft_v9_0_14.shift_ram [\shift_ram(c_xdevicefamily="arti...]
Compiling architecture xilinx of entity xfft_v9_0_14.shift_ram [\shift_ram(c_xdevicefamily="arti...]
Compiling architecture lut3_v of entity unisim.LUT3 [\LUT3(init="11001010")(0,7)\]
Compiling architecture xilinx of entity xfft_v9_0_14.mux_bus2 [\mux_bus2(c_xdevicefamily="artix...]
Compiling architecture xilinx of entity xfft_v9_0_14.r22_delay_mux [\r22_delay_mux(c_xdevicefamily="...]
Compiling architecture xilinx of entity xfft_v9_0_14.r22_delay_mux [\r22_delay_mux(c_xdevicefamily="...]
Compiling architecture xilinx of entity xfft_v9_0_14.shift_ram [\shift_ram(c_xdevicefamily="arti...]
Compiling architecture xilinx of entity xfft_v9_0_14.shift_ram [\shift_ram(c_xdevicefamily="arti...]
Compiling architecture rb18_internal_vhdl_v of entity unisim.RB18_INTERNAL_VHDL [\RB18_INTERNAL_VHDL(bram_size=18...]
Compiling architecture ramb18e1_v of entity unisim.RAMB18E1 [\RAMB18E1(doa_reg=1,dob_reg=1,ra...]
Compiling architecture xilinx of entity xfft_v9_0_14.dpm [\dpm(c_xdevicefamily="artix7",wm...]
Compiling architecture xilinx of entity xfft_v9_0_14.r22_memory [\r22_memory(c_xdevicefamily="art...]
Compiling architecture structural of entity c_reg_fd_v12_0_4.c_reg_fd_v12_0_4_viv [\c_reg_fd_v12_0_4_viv(c_width=18...]
Compiling architecture rtl of entity c_addsub_v12_0_11.c_addsub_v12_0_11_lut6_legacy [\c_addsub_v12_0_11_lut6_legacy(c...]
Compiling architecture synth of entity c_addsub_v12_0_11.c_addsub_v12_0_11_fabric_legacy [\c_addsub_v12_0_11_fabric_legacy...]
Compiling architecture synth of entity c_addsub_v12_0_11.c_addsub_v12_0_11_legacy [\c_addsub_v12_0_11_legacy(c_fami...]
Compiling architecture synth of entity c_addsub_v12_0_11.c_addsub_v12_0_11_viv [\c_addsub_v12_0_11_viv(c_xdevice...]
Compiling architecture xilinx of entity xfft_v9_0_14.adder_bypass [\adder_bypass(c_xdevicefamily="a...]
Compiling architecture structural of entity c_reg_fd_v12_0_4.c_reg_fd_v12_0_4_viv [\c_reg_fd_v12_0_4_viv(c_width=18...]
Compiling architecture rtl of entity c_addsub_v12_0_11.c_addsub_v12_0_11_lut6_legacy [\c_addsub_v12_0_11_lut6_legacy(c...]
Compiling architecture synth of entity c_addsub_v12_0_11.c_addsub_v12_0_11_fabric_legacy [\c_addsub_v12_0_11_fabric_legacy...]
Compiling architecture synth of entity c_addsub_v12_0_11.c_addsub_v12_0_11_legacy [\c_addsub_v12_0_11_legacy(c_fami...]
Compiling architecture synth of entity c_addsub_v12_0_11.c_addsub_v12_0_11_viv [\c_addsub_v12_0_11_viv(c_xdevice...]
Compiling architecture xilinx of entity xfft_v9_0_14.sub_byp [\sub_byp(c_xdevicefamily="artix7...]
Compiling architecture xilinx of entity xfft_v9_0_14.r22_bfly_byp [\r22_bfly_byp(c_xdevicefamily="a...]
Compiling architecture xilinx of entity xfft_v9_0_14.r22_bf [\r22_bf(c_xdevicefamily="artix7"...]
Compiling architecture xilinx of entity xfft_v9_0_14.shift_ram [\shift_ram(c_xdevicefamily="arti...]
Compiling architecture synth of entity xfft_v9_0_14.r22_twos_comp_mux [\r22_twos_comp_mux(c_xdevicefami...]
Compiling architecture synth of entity xfft_v9_0_14.r22_twos_comp_mux [\r22_twos_comp_mux(c_xdevicefami...]
Compiling architecture xilinx of entity xfft_v9_0_14.shift_ram [\shift_ram(c_xdevicefamily="arti...]
Compiling architecture xilinx of entity xfft_v9_0_14.shift_ram [\shift_ram(c_xdevicefamily="arti...]
Compiling architecture xilinx of entity xfft_v9_0_14.shift_ram [\shift_ram(c_xdevicefamily="arti...]
Compiling architecture xilinx of entity xfft_v9_0_14.mux_bus2 [\mux_bus2(c_xdevicefamily="artix...]
Compiling architecture xilinx of entity xfft_v9_0_14.r22_delay_mux [\r22_delay_mux(c_xdevicefamily="...]
Compiling architecture xilinx of entity xfft_v9_0_14.r22_delay_mux [\r22_delay_mux(c_xdevicefamily="...]
Compiling architecture xilinx of entity xfft_v9_0_14.shift_ram [\shift_ram(c_xdevicefamily="arti...]
Compiling architecture xilinx of entity xfft_v9_0_14.shift_ram [\shift_ram(c_xdevicefamily="arti...]
Compiling architecture xilinx of entity xfft_v9_0_14.dpm [\dpm(c_xdevicefamily="artix7",wm...]
Compiling architecture xilinx of entity xfft_v9_0_14.r22_memory [\r22_memory(c_xdevicefamily="art...]
Compiling architecture structural of entity c_reg_fd_v12_0_4.c_reg_fd_v12_0_4_viv [\c_reg_fd_v12_0_4_viv(c_width=19...]
Compiling architecture rtl of entity c_addsub_v12_0_11.c_addsub_v12_0_11_lut6_legacy [\c_addsub_v12_0_11_lut6_legacy(c...]
Compiling architecture synth of entity c_addsub_v12_0_11.c_addsub_v12_0_11_fabric_legacy [\c_addsub_v12_0_11_fabric_legacy...]
Compiling architecture synth of entity c_addsub_v12_0_11.c_addsub_v12_0_11_legacy [\c_addsub_v12_0_11_legacy(c_fami...]
Compiling architecture synth of entity c_addsub_v12_0_11.c_addsub_v12_0_11_viv [\c_addsub_v12_0_11_viv(c_xdevice...]
Compiling architecture xilinx of entity xfft_v9_0_14.adder_bypass [\adder_bypass(c_xdevicefamily="a...]
Compiling architecture structural of entity c_reg_fd_v12_0_4.c_reg_fd_v12_0_4_viv [\c_reg_fd_v12_0_4_viv(c_width=19...]
Compiling architecture rtl of entity c_addsub_v12_0_11.c_addsub_v12_0_11_lut6_legacy [\c_addsub_v12_0_11_lut6_legacy(c...]
Compiling architecture synth of entity c_addsub_v12_0_11.c_addsub_v12_0_11_fabric_legacy [\c_addsub_v12_0_11_fabric_legacy...]
Compiling architecture synth of entity c_addsub_v12_0_11.c_addsub_v12_0_11_legacy [\c_addsub_v12_0_11_legacy(c_fami...]
Compiling architecture synth of entity c_addsub_v12_0_11.c_addsub_v12_0_11_viv [\c_addsub_v12_0_11_viv(c_xdevice...]
Compiling architecture xilinx of entity xfft_v9_0_14.sub_byp [\sub_byp(c_xdevicefamily="artix7...]
Compiling architecture xilinx of entity xfft_v9_0_14.r22_bfly_byp [\r22_bfly_byp(c_xdevicefamily="a...]
Compiling architecture xilinx of entity xfft_v9_0_14.r22_bf [\r22_bf(c_xdevicefamily="artix7"...]
Compiling architecture structural of entity c_reg_fd_v12_0_4.c_reg_fd_v12_0_4_viv [\c_reg_fd_v12_0_4_viv(c_width=9,...]
Compiling architecture rtl of entity c_addsub_v12_0_11.c_addsub_v12_0_11_lut6_legacy [\c_addsub_v12_0_11_lut6_legacy(c...]
Compiling architecture synth of entity c_addsub_v12_0_11.c_addsub_v12_0_11_fabric_legacy [\c_addsub_v12_0_11_fabric_legacy...]
Compiling architecture synth of entity c_addsub_v12_0_11.c_addsub_v12_0_11_legacy [\c_addsub_v12_0_11_legacy(c_fami...]
Compiling architecture synth of entity c_addsub_v12_0_11.c_addsub_v12_0_11_viv [\c_addsub_v12_0_11_viv(c_xdevice...]
Compiling architecture xilinx of entity xfft_v9_0_14.adder [\adder(c_xdevicefamily="artix7",...]
Compiling architecture lut6_v of entity unisim.LUT6 [\LUT6(init="11111111000000001111...]
Compiling architecture xilinx of entity xfft_v9_0_14.mux_bus4 [\mux_bus4(c_xdevicefamily="artix...]
Compiling architecture vcc_v of entity unisim.VCC [vcc_default]
Compiling architecture xilinx of entity xfft_v9_0_14.twgen_half_sincos [\twgen_half_sincos(c_xdevicefami...]
Compiling architecture xilinx of entity xfft_v9_0_14.twiddle_gen [\twiddle_gen(c_xdevicefamily="ar...]
Compiling architecture xilinx of entity xfft_v9_0_14.r22_tw_gen [\r22_tw_gen(c_xdevicefamily="art...]
Compiling architecture xilinx of entity cmpy_v6_0_14.delay_line [\delay_line(c_xdevicefamily="art...]
Compiling architecture xilinx of entity cmpy_v6_0_14.delay_line [\delay_line(c_xdevicefamily="art...]
Compiling architecture xilinx of entity cmpy_v6_0_14.delay_line [\delay_line(c_xdevicefamily="art...]
Compiling architecture dsp48e1_v of entity unisim.DSP48E1 [\DSP48E1(adreg=0,carryinselreg=0...]
Compiling architecture dsp48e1_v of entity unisim.DSP48E1 [\DSP48E1(acascreg=2,adreg=0,areg...]
Compiling architecture xilinx of entity cmpy_v6_0_14.delay_line [\delay_line(c_xdevicefamily="art...]
Compiling architecture xilinx of entity mult_gen_v12_0_13.op_resize [\op_resize(ai_width=18,bi_width=...]
WARNING: [VRFC 10-516] comparison between unequal length arrays always returns FALSE [/wrk/2017.4/nightly/2017_12_15_2086221/packages/customer/vivado/data/ip/xilinx/xbip_utils_v3_0/hdl/xbip_utils_v3_0_vh_rfs.vhd:2001]
WARNING: [VRFC 10-516] comparison between unequal length arrays always returns FALSE [/wrk/2017.4/nightly/2017_12_15_2086221/packages/customer/vivado/data/ip/xilinx/xbip_utils_v3_0/hdl/xbip_utils_v3_0_vh_rfs.vhd:2002]
WARNING: [VRFC 10-516] comparison between unequal length arrays always returns FALSE [/wrk/2017.4/nightly/2017_12_15_2086221/packages/customer/vivado/data/ip/xilinx/xbip_utils_v3_0/hdl/xbip_utils_v3_0_vh_rfs.vhd:2003]
Compiling architecture xilinx of entity cmpy_v6_0_14.cmpy_4_dsp48_mult [\cmpy_4_dsp48_mult(c_xdevicefami...]
Compiling architecture xilinx of entity cmpy_v6_0_14.cmpy_4_dsp48 [\cmpy_4_dsp48(c_xdevicefamily="a...]
Compiling architecture xilinx of entity cmpy_v6_0_14.cmpy_v6_0_14_synth [\cmpy_v6_0_14_synth(c_xdevicefam...]
Compiling architecture xilinx of entity xfft_v9_0_14.cmpy [\cmpy(c_xdevicefamily="artix7",a...]
Compiling architecture xilinx of entity xfft_v9_0_14.mux_bus4 [\mux_bus4(c_xdevicefamily="artix...]
Compiling architecture xilinx of entity xfft_v9_0_14.arith_shift3 [\arith_shift3(c_xdevicefamily="a...]
Compiling architecture lut6_v of entity unisim.LUT6 [\LUT6(init="00000000000000000000...]
Compiling architecture xilinx of entity xfft_v9_0_14.logic_gate [\logic_gate(c_xdevicefamily="art...]
Compiling architecture xilinx of entity xfft_v9_0_14.shift_ram [\shift_ram(c_xdevicefamily="arti...]
Compiling architecture lut6_v of entity unisim.LUT6 [\LUT6(init="10000000000000000000...]
Compiling architecture xilinx of entity xfft_v9_0_14.logic_gate [\logic_gate(c_xdevicefamily="art...]
Compiling architecture rtl of entity c_addsub_v12_0_11.c_addsub_v12_0_11_lut6_legacy [\c_addsub_v12_0_11_lut6_legacy(c...]
Compiling architecture synth of entity c_addsub_v12_0_11.c_addsub_v12_0_11_fabric_legacy [\c_addsub_v12_0_11_fabric_legacy...]
Compiling architecture synth of entity c_addsub_v12_0_11.c_addsub_v12_0_11_legacy [\c_addsub_v12_0_11_legacy(c_fami...]
Compiling architecture synth of entity c_addsub_v12_0_11.c_addsub_v12_0_11_viv [\c_addsub_v12_0_11_viv(c_xdevice...]
Compiling architecture xilinx of entity xfft_v9_0_14.unbiased_round [\unbiased_round(c_xdevicefamily=...]
Compiling architecture xilinx of entity xfft_v9_0_14.shift_ram [\shift_ram(c_xdevicefamily="arti...]
Compiling architecture xilinx of entity xfft_v9_0_14.shift_ram [\shift_ram(c_xdevicefamily="arti...]
Compiling architecture xilinx of entity xfft_v9_0_14.r22_pe [\r22_pe(c_xdevicefamily="artix7"...]
Compiling architecture synth of entity xfft_v9_0_14.srl_fifo [\srl_fifo(c_width=1)\]
Compiling architecture xilinx of entity xfft_v9_0_14.r22_cnt_ctrl [\r22_cnt_ctrl(c_xdevicefamily="a...]
Compiling architecture xilinx of entity xfft_v9_0_14.r22_cnt_ctrl [\r22_cnt_ctrl(c_xdevicefamily="a...]
Compiling architecture xilinx of entity xfft_v9_0_14.shift_ram [\shift_ram(c_xdevicefamily="arti...]
Compiling architecture xilinx of entity xfft_v9_0_14.shift_ram [\shift_ram(c_xdevicefamily="arti...]
Compiling architecture xilinx of entity xfft_v9_0_14.r22_delay_mux [\r22_delay_mux(c_xdevicefamily="...]
Compiling architecture xilinx of entity xfft_v9_0_14.r22_delay_mux [\r22_delay_mux(c_xdevicefamily="...]
Compiling architecture xilinx of entity xfft_v9_0_14.shift_ram [\shift_ram(c_xdevicefamily="arti...]
Compiling architecture xilinx of entity xfft_v9_0_14.shift_ram [\shift_ram(c_xdevicefamily="arti...]
Compiling architecture struct of entity c_shift_ram_v12_0_11.c_shift_ram_v12_0_11_legacy [\c_shift_ram_v12_0_11_legacy(c_x...]
Compiling architecture synth of entity c_shift_ram_v12_0_11.c_shift_ram_v12_0_11_viv [\c_shift_ram_v12_0_11_viv(c_xdev...]
Compiling architecture synth of entity xfft_v9_0_14.r22_srl_memory [\r22_srl_memory(c_xdevicefamily=...]
Compiling architecture xilinx of entity xfft_v9_0_14.r22_memory [\r22_memory(c_xdevicefamily="art...]
Compiling architecture xilinx of entity xfft_v9_0_14.r22_bf [\r22_bf(c_xdevicefamily="artix7"...]
Compiling architecture xilinx of entity xfft_v9_0_14.r22_delay_mux [\r22_delay_mux(c_xdevicefamily="...]
Compiling architecture xilinx of entity xfft_v9_0_14.r22_delay_mux [\r22_delay_mux(c_xdevicefamily="...]
Compiling architecture xilinx of entity xfft_v9_0_14.shift_ram [\shift_ram(c_xdevicefamily="arti...]
Compiling architecture xilinx of entity xfft_v9_0_14.shift_ram [\shift_ram(c_xdevicefamily="arti...]
Compiling architecture struct of entity c_shift_ram_v12_0_11.c_shift_ram_v12_0_11_legacy [\c_shift_ram_v12_0_11_legacy(c_x...]
Compiling architecture synth of entity c_shift_ram_v12_0_11.c_shift_ram_v12_0_11_viv [\c_shift_ram_v12_0_11_viv(c_xdev...]
Compiling architecture synth of entity xfft_v9_0_14.r22_srl_memory [\r22_srl_memory(c_xdevicefamily=...]
Compiling architecture xilinx of entity xfft_v9_0_14.r22_memory [\r22_memory(c_xdevicefamily="art...]
Compiling architecture xilinx of entity xfft_v9_0_14.r22_bf [\r22_bf(c_xdevicefamily="artix7"...]
Compiling architecture structural of entity c_reg_fd_v12_0_4.c_reg_fd_v12_0_4_viv [\c_reg_fd_v12_0_4_viv(c_width=7,...]
Compiling architecture rtl of entity c_addsub_v12_0_11.c_addsub_v12_0_11_lut6_legacy [\c_addsub_v12_0_11_lut6_legacy(c...]
Compiling architecture synth of entity c_addsub_v12_0_11.c_addsub_v12_0_11_fabric_legacy [\c_addsub_v12_0_11_fabric_legacy...]
Compiling architecture synth of entity c_addsub_v12_0_11.c_addsub_v12_0_11_legacy [\c_addsub_v12_0_11_legacy(c_fami...]
Compiling architecture synth of entity c_addsub_v12_0_11.c_addsub_v12_0_11_viv [\c_addsub_v12_0_11_viv(c_xdevice...]
Compiling architecture xilinx of entity xfft_v9_0_14.adder [\adder(c_xdevicefamily="artix7",...]
Compiling architecture xilinx of entity xfft_v9_0_14.mux_bus4 [\mux_bus4(c_xdevicefamily="artix...]
Compiling architecture struct of entity c_shift_ram_v12_0_11.c_shift_ram_v12_0_11_legacy [\c_shift_ram_v12_0_11_legacy(c_x...]
Compiling architecture synth of entity c_shift_ram_v12_0_11.c_shift_ram_v12_0_11_viv [\c_shift_ram_v12_0_11_viv(c_xdev...]
Compiling architecture xilinx of entity xfft_v9_0_14.shift_ram [\shift_ram(c_xdevicefamily="arti...]
Compiling architecture xilinx of entity xfft_v9_0_14.twgen_distmem [\twgen_distmem(theta_width=6,pip...]
Compiling architecture xilinx of entity xfft_v9_0_14.twiddle_gen [\twiddle_gen(c_xdevicefamily="ar...]
Compiling architecture xilinx of entity xfft_v9_0_14.r22_tw_gen [\r22_tw_gen(c_xdevicefamily="art...]
Compiling architecture xilinx of entity xfft_v9_0_14.shift_ram [\shift_ram(c_xdevicefamily="arti...]
Compiling architecture xilinx of entity xfft_v9_0_14.shift_ram [\shift_ram(c_xdevicefamily="arti...]
Compiling architecture xilinx of entity xfft_v9_0_14.r22_pe [\r22_pe(c_xdevicefamily="artix7"...]
Compiling architecture xilinx of entity xfft_v9_0_14.r22_cnt_ctrl [\r22_cnt_ctrl(c_xdevicefamily="a...]
Compiling architecture xilinx of entity xfft_v9_0_14.r22_cnt_ctrl [\r22_cnt_ctrl(c_xdevicefamily="a...]
Compiling architecture struct of entity c_shift_ram_v12_0_11.c_shift_ram_v12_0_11_legacy [\c_shift_ram_v12_0_11_legacy(c_x...]
Compiling architecture synth of entity c_shift_ram_v12_0_11.c_shift_ram_v12_0_11_viv [\c_shift_ram_v12_0_11_viv(c_xdev...]
Compiling architecture xilinx of entity xfft_v9_0_14.shift_ram [\shift_ram(c_xdevicefamily="arti...]
Compiling architecture struct of entity c_shift_ram_v12_0_11.c_shift_ram_v12_0_11_legacy [\c_shift_ram_v12_0_11_legacy(c_x...]
Compiling architecture synth of entity c_shift_ram_v12_0_11.c_shift_ram_v12_0_11_viv [\c_shift_ram_v12_0_11_viv(c_xdev...]
Compiling architecture xilinx of entity xfft_v9_0_14.shift_ram [\shift_ram(c_xdevicefamily="arti...]
Compiling architecture struct of entity c_shift_ram_v12_0_11.c_shift_ram_v12_0_11_legacy [\c_shift_ram_v12_0_11_legacy(c_x...]
Compiling architecture synth of entity c_shift_ram_v12_0_11.c_shift_ram_v12_0_11_viv [\c_shift_ram_v12_0_11_viv(c_xdev...]
Compiling architecture xilinx of entity xfft_v9_0_14.shift_ram [\shift_ram(c_xdevicefamily="arti...]
Compiling architecture struct of entity c_shift_ram_v12_0_11.c_shift_ram_v12_0_11_legacy [\c_shift_ram_v12_0_11_legacy(c_x...]
Compiling architecture synth of entity c_shift_ram_v12_0_11.c_shift_ram_v12_0_11_viv [\c_shift_ram_v12_0_11_viv(c_xdev...]
Compiling architecture xilinx of entity xfft_v9_0_14.shift_ram [\shift_ram(c_xdevicefamily="arti...]
Compiling architecture struct of entity c_shift_ram_v12_0_11.c_shift_ram_v12_0_11_legacy [\c_shift_ram_v12_0_11_legacy(c_x...]
Compiling architecture synth of entity c_shift_ram_v12_0_11.c_shift_ram_v12_0_11_viv [\c_shift_ram_v12_0_11_viv(c_xdev...]
Compiling architecture xilinx of entity xfft_v9_0_14.shift_ram [\shift_ram(c_xdevicefamily="arti...]
Compiling architecture struct of entity c_shift_ram_v12_0_11.c_shift_ram_v12_0_11_legacy [\c_shift_ram_v12_0_11_legacy(c_x...]
Compiling architecture synth of entity c_shift_ram_v12_0_11.c_shift_ram_v12_0_11_viv [\c_shift_ram_v12_0_11_viv(c_xdev...]
Compiling architecture xilinx of entity xfft_v9_0_14.shift_ram [\shift_ram(c_xdevicefamily="arti...]
Compiling architecture struct of entity c_shift_ram_v12_0_11.c_shift_ram_v12_0_11_legacy [\c_shift_ram_v12_0_11_legacy(c_x...]
Compiling architecture synth of entity c_shift_ram_v12_0_11.c_shift_ram_v12_0_11_viv [\c_shift_ram_v12_0_11_viv(c_xdev...]
Compiling architecture xilinx of entity xfft_v9_0_14.shift_ram [\shift_ram(c_xdevicefamily="arti...]
Compiling architecture structural of entity c_reg_fd_v12_0_4.c_reg_fd_v12_0_4_viv [\c_reg_fd_v12_0_4_viv(c_width=17...]
Compiling architecture rtl of entity c_addsub_v12_0_11.c_addsub_v12_0_11_lut6_legacy [\c_addsub_v12_0_11_lut6_legacy(c...]
Compiling architecture synth of entity c_addsub_v12_0_11.c_addsub_v12_0_11_fabric_legacy [\c_addsub_v12_0_11_fabric_legacy...]
Compiling architecture synth of entity c_addsub_v12_0_11.c_addsub_v12_0_11_legacy [\c_addsub_v12_0_11_legacy(c_fami...]
Compiling architecture synth of entity c_addsub_v12_0_11.c_addsub_v12_0_11_viv [\c_addsub_v12_0_11_viv(c_xdevice...]
Compiling architecture xilinx of entity xfft_v9_0_14.adder [\adder(c_xdevicefamily="artix7",...]
Compiling architecture xilinx of entity xfft_v9_0_14.shift_ram [\shift_ram(c_xdevicefamily="arti...]
Compiling architecture xilinx of entity xfft_v9_0_14.mux_bus2 [\mux_bus2(c_xdevicefamily="artix...]
Compiling architecture xilinx of entity xfft_v9_0_14.shift_ram [\shift_ram(c_xdevicefamily="arti...]
Compiling architecture xilinx of entity xfft_v9_0_14.r22_bf_sp [\r22_bf_sp(c_xdevicefamily="arti...]
Compiling architecture rtl of entity c_addsub_v12_0_11.c_addsub_v12_0_11_lut6_legacy [\c_addsub_v12_0_11_lut6_legacy(c...]
Compiling architecture synth of entity c_addsub_v12_0_11.c_addsub_v12_0_11_fabric_legacy [\c_addsub_v12_0_11_fabric_legacy...]
Compiling architecture synth of entity c_addsub_v12_0_11.c_addsub_v12_0_11_legacy [\c_addsub_v12_0_11_legacy(c_fami...]
Compiling architecture synth of entity c_addsub_v12_0_11.c_addsub_v12_0_11_viv [\c_addsub_v12_0_11_viv(c_xdevice...]
Compiling architecture xilinx of entity xfft_v9_0_14.adder [\adder(c_xdevicefamily="artix7",...]
Compiling architecture xilinx of entity xfft_v9_0_14.shift_ram [\shift_ram(c_xdevicefamily="arti...]
Compiling architecture struct of entity c_shift_ram_v12_0_11.c_shift_ram_v12_0_11_legacy [\c_shift_ram_v12_0_11_legacy(c_x...]
Compiling architecture synth of entity c_shift_ram_v12_0_11.c_shift_ram_v12_0_11_viv [\c_shift_ram_v12_0_11_viv(c_xdev...]
Compiling architecture xilinx of entity xfft_v9_0_14.shift_ram [\shift_ram(c_xdevicefamily="arti...]
Compiling architecture xilinx of entity xfft_v9_0_14.shift_ram [\shift_ram(c_xdevicefamily="arti...]
Compiling architecture xilinx of entity xfft_v9_0_14.r22_bf_sp [\r22_bf_sp(c_xdevicefamily="arti...]
Compiling architecture struct of entity c_shift_ram_v12_0_11.c_shift_ram_v12_0_11_legacy [\c_shift_ram_v12_0_11_legacy(c_x...]
Compiling architecture synth of entity c_shift_ram_v12_0_11.c_shift_ram_v12_0_11_viv [\c_shift_ram_v12_0_11_viv(c_xdev...]
Compiling architecture xilinx of entity xfft_v9_0_14.shift_ram [\shift_ram(c_xdevicefamily="arti...]
Compiling architecture struct of entity c_shift_ram_v12_0_11.c_shift_ram_v12_0_11_legacy [\c_shift_ram_v12_0_11_legacy(c_x...]
Compiling architecture synth of entity c_shift_ram_v12_0_11.c_shift_ram_v12_0_11_viv [\c_shift_ram_v12_0_11_viv(c_xdev...]
Compiling architecture xilinx of entity xfft_v9_0_14.shift_ram [\shift_ram(c_xdevicefamily="arti...]
Compiling architecture structural of entity c_reg_fd_v12_0_4.c_reg_fd_v12_0_4_viv [\c_reg_fd_v12_0_4_viv(c_width=5,...]
Compiling architecture rtl of entity c_addsub_v12_0_11.c_addsub_v12_0_11_lut6_legacy [\c_addsub_v12_0_11_lut6_legacy(c...]
Compiling architecture synth of entity c_addsub_v12_0_11.c_addsub_v12_0_11_fabric_legacy [\c_addsub_v12_0_11_fabric_legacy...]
Compiling architecture synth of entity c_addsub_v12_0_11.c_addsub_v12_0_11_legacy [\c_addsub_v12_0_11_legacy(c_fami...]
Compiling architecture synth of entity c_addsub_v12_0_11.c_addsub_v12_0_11_viv [\c_addsub_v12_0_11_viv(c_xdevice...]
Compiling architecture xilinx of entity xfft_v9_0_14.adder [\adder(c_xdevicefamily="artix7",...]
Compiling architecture xilinx of entity xfft_v9_0_14.mux_bus4 [\mux_bus4(c_xdevicefamily="artix...]
Compiling architecture xilinx of entity xfft_v9_0_14.twgen_distmem [\twgen_distmem(theta_width=4,pip...]
Compiling architecture xilinx of entity xfft_v9_0_14.twiddle_gen [\twiddle_gen(c_xdevicefamily="ar...]
Compiling architecture xilinx of entity xfft_v9_0_14.r22_tw_gen [\r22_tw_gen(c_xdevicefamily="art...]
Compiling architecture struct of entity c_shift_ram_v12_0_11.c_shift_ram_v12_0_11_legacy [\c_shift_ram_v12_0_11_legacy(c_x...]
Compiling architecture synth of entity c_shift_ram_v12_0_11.c_shift_ram_v12_0_11_viv [\c_shift_ram_v12_0_11_viv(c_xdev...]
Compiling architecture xilinx of entity xfft_v9_0_14.shift_ram [\shift_ram(c_xdevicefamily="arti...]
Compiling architecture xilinx of entity xfft_v9_0_14.shift_ram [\shift_ram(c_xdevicefamily="arti...]
Compiling architecture xilinx of entity xfft_v9_0_14.r22_pe [\r22_pe(c_xdevicefamily="artix7"...]
Compiling architecture xilinx of entity xfft_v9_0_14.r22_cnt_ctrl [\r22_cnt_ctrl(c_xdevicefamily="a...]
Compiling architecture xilinx of entity xfft_v9_0_14.r22_cnt_ctrl [\r22_cnt_ctrl(c_xdevicefamily="a...]
Compiling architecture struct of entity c_shift_ram_v12_0_11.c_shift_ram_v12_0_11_legacy [\c_shift_ram_v12_0_11_legacy(c_x...]
Compiling architecture synth of entity c_shift_ram_v12_0_11.c_shift_ram_v12_0_11_viv [\c_shift_ram_v12_0_11_viv(c_xdev...]
Compiling architecture xilinx of entity xfft_v9_0_14.shift_ram [\shift_ram(c_xdevicefamily="arti...]
Compiling architecture struct of entity c_shift_ram_v12_0_11.c_shift_ram_v12_0_11_legacy [\c_shift_ram_v12_0_11_legacy(c_x...]
Compiling architecture synth of entity c_shift_ram_v12_0_11.c_shift_ram_v12_0_11_viv [\c_shift_ram_v12_0_11_viv(c_xdev...]
Compiling architecture xilinx of entity xfft_v9_0_14.shift_ram [\shift_ram(c_xdevicefamily="arti...]
Compiling architecture struct of entity c_shift_ram_v12_0_11.c_shift_ram_v12_0_11_legacy [\c_shift_ram_v12_0_11_legacy(c_x...]
Compiling architecture synth of entity c_shift_ram_v12_0_11.c_shift_ram_v12_0_11_viv [\c_shift_ram_v12_0_11_viv(c_xdev...]
Compiling architecture xilinx of entity xfft_v9_0_14.shift_ram [\shift_ram(c_xdevicefamily="arti...]
Compiling architecture struct of entity c_shift_ram_v12_0_11.c_shift_ram_v12_0_11_legacy [\c_shift_ram_v12_0_11_legacy(c_x...]
Compiling architecture synth of entity c_shift_ram_v12_0_11.c_shift_ram_v12_0_11_viv [\c_shift_ram_v12_0_11_viv(c_xdev...]
Compiling architecture xilinx of entity xfft_v9_0_14.shift_ram [\shift_ram(c_xdevicefamily="arti...]
Compiling architecture struct of entity c_shift_ram_v12_0_11.c_shift_ram_v12_0_11_legacy [\c_shift_ram_v12_0_11_legacy(c_x...]
Compiling architecture synth of entity c_shift_ram_v12_0_11.c_shift_ram_v12_0_11_viv [\c_shift_ram_v12_0_11_viv(c_xdev...]
Compiling architecture xilinx of entity xfft_v9_0_14.shift_ram [\shift_ram(c_xdevicefamily="arti...]
Compiling architecture struct of entity c_shift_ram_v12_0_11.c_shift_ram_v12_0_11_legacy [\c_shift_ram_v12_0_11_legacy(c_x...]
Compiling architecture synth of entity c_shift_ram_v12_0_11.c_shift_ram_v12_0_11_viv [\c_shift_ram_v12_0_11_viv(c_xdev...]
Compiling architecture xilinx of entity xfft_v9_0_14.shift_ram [\shift_ram(c_xdevicefamily="arti...]
Compiling architecture struct of entity c_shift_ram_v12_0_11.c_shift_ram_v12_0_11_legacy [\c_shift_ram_v12_0_11_legacy(c_x...]
Compiling architecture synth of entity c_shift_ram_v12_0_11.c_shift_ram_v12_0_11_viv [\c_shift_ram_v12_0_11_viv(c_xdev...]
Compiling architecture xilinx of entity xfft_v9_0_14.shift_ram [\shift_ram(c_xdevicefamily="arti...]
Compiling architecture xilinx of entity xfft_v9_0_14.shift_ram [\shift_ram(c_xdevicefamily="arti...]
Compiling architecture xilinx of entity xfft_v9_0_14.r22_bf_sp [\r22_bf_sp(c_xdevicefamily="arti...]
Compiling architecture xilinx of entity xfft_v9_0_14.shift_ram [\shift_ram(c_xdevicefamily="arti...]
Compiling architecture xilinx of entity xfft_v9_0_14.r22_bf_sp [\r22_bf_sp(c_xdevicefamily="arti...]
Compiling architecture xilinx of entity xfft_v9_0_14.shift_ram [\shift_ram(c_xdevicefamily="arti...]
Compiling architecture struct of entity c_shift_ram_v12_0_11.c_shift_ram_v12_0_11_legacy [\c_shift_ram_v12_0_11_legacy(c_x...]
Compiling architecture synth of entity c_shift_ram_v12_0_11.c_shift_ram_v12_0_11_viv [\c_shift_ram_v12_0_11_viv(c_xdev...]
Compiling architecture xilinx of entity xfft_v9_0_14.shift_ram [\shift_ram(c_xdevicefamily="arti...]
Compiling architecture structural of entity c_reg_fd_v12_0_4.c_reg_fd_v12_0_4_viv [\c_reg_fd_v12_0_4_viv(c_width=3,...]
Compiling architecture rtl of entity c_addsub_v12_0_11.c_addsub_v12_0_11_lut6_legacy [\c_addsub_v12_0_11_lut6_legacy(c...]
Compiling architecture synth of entity c_addsub_v12_0_11.c_addsub_v12_0_11_fabric_legacy [\c_addsub_v12_0_11_fabric_legacy...]
Compiling architecture synth of entity c_addsub_v12_0_11.c_addsub_v12_0_11_legacy [\c_addsub_v12_0_11_legacy(c_fami...]
Compiling architecture synth of entity c_addsub_v12_0_11.c_addsub_v12_0_11_viv [\c_addsub_v12_0_11_viv(c_xdevice...]
Compiling architecture xilinx of entity xfft_v9_0_14.adder [\adder(c_xdevicefamily="artix7",...]
Compiling architecture xilinx of entity xfft_v9_0_14.mux_bus4 [\mux_bus4(c_xdevicefamily="artix...]
Compiling architecture xilinx of entity xfft_v9_0_14.twgen_distmem [\twgen_distmem(theta_width=2,pip...]
Compiling architecture xilinx of entity xfft_v9_0_14.twiddle_gen [\twiddle_gen(c_xdevicefamily="ar...]
Compiling architecture xilinx of entity xfft_v9_0_14.r22_tw_gen [\r22_tw_gen(c_xdevicefamily="art...]
Compiling architecture xilinx of entity xfft_v9_0_14.shift_ram [\shift_ram(c_xdevicefamily="arti...]
Compiling architecture xilinx of entity xfft_v9_0_14.shift_ram [\shift_ram(c_xdevicefamily="arti...]
Compiling architecture xilinx of entity xfft_v9_0_14.r22_pe [\r22_pe(c_xdevicefamily="artix7"...]
Compiling architecture struct of entity c_shift_ram_v12_0_11.c_shift_ram_v12_0_11_legacy [\c_shift_ram_v12_0_11_legacy(c_x...]
Compiling architecture synth of entity c_shift_ram_v12_0_11.c_shift_ram_v12_0_11_viv [\c_shift_ram_v12_0_11_viv(c_xdev...]
Compiling architecture xilinx of entity xfft_v9_0_14.shift_ram [\shift_ram(c_xdevicefamily="arti...]
Compiling architecture xilinx of entity xfft_v9_0_14.shift_ram [\shift_ram(c_xdevicefamily="arti...]
Compiling architecture xilinx of entity xfft_v9_0_14.shift_ram [\shift_ram(c_xdevicefamily="arti...]
Compiling architecture xilinx of entity xfft_v9_0_14.shift_ram [\shift_ram(c_xdevicefamily="arti...]
Compiling architecture xilinx of entity xfft_v9_0_14.shift_ram [\shift_ram(c_xdevicefamily="arti...]
Compiling architecture xilinx of entity xfft_v9_0_14.shift_ram [\shift_ram(c_xdevicefamily="arti...]
Compiling architecture xilinx of entity xfft_v9_0_14.r22_bf_sp [\r22_bf_sp(c_xdevicefamily="arti...]
Compiling architecture xilinx of entity xfft_v9_0_14.arith_shift1 [\arith_shift1(c_xdevicefamily="a...]
Compiling architecture xilinx of entity xfft_v9_0_14.unbiased_round [\unbiased_round(c_xdevicefamily=...]
Compiling architecture xilinx of entity xfft_v9_0_14.shift_ram [\shift_ram(c_xdevicefamily="arti...]
Compiling architecture xilinx of entity xfft_v9_0_14.shift_ram [\shift_ram(c_xdevicefamily="arti...]
Compiling architecture xilinx of entity xfft_v9_0_14.shift_ram [\shift_ram(c_xdevicefamily="arti...]
Compiling architecture xilinx of entity xfft_v9_0_14.r22_pe [\r22_pe(c_xdevicefamily="artix7"...]
Compiling architecture xilinx of entity xfft_v9_0_14.shift_ram [\shift_ram(c_xdevicefamily="arti...]
Compiling architecture xilinx of entity xfft_v9_0_14.shift_ram [\shift_ram(c_xdevicefamily="arti...]
Compiling architecture xilinx of entity xfft_v9_0_14.shift_ram [\shift_ram(c_xdevicefamily="arti...]
Compiling architecture xilinx of entity xfft_v9_0_14.shift_ram [\shift_ram(c_xdevicefamily="arti...]
Compiling architecture xilinx of entity xfft_v9_0_14.dpm [\dpm(c_xdevicefamily="artix7",wm...]
Compiling architecture xilinx of entity xfft_v9_0_14.r22_memory [\r22_memory(c_xdevicefamily="art...]
Compiling architecture xilinx of entity xfft_v9_0_14.shift_ram [\shift_ram(c_xdevicefamily="arti...]
Compiling architecture xilinx of entity xfft_v9_0_14.shift_ram [\shift_ram(c_xdevicefamily="arti...]
Compiling architecture xilinx of entity xfft_v9_0_14.shift_ram [\shift_ram(c_xdevicefamily="arti...]
Compiling architecture xilinx of entity xfft_v9_0_14.shift_ram [\shift_ram(c_xdevicefamily="arti...]
Compiling architecture xilinx of entity xfft_v9_0_14.r22_busy [\r22_busy(c_xdevicefamily="artix...]
Compiling architecture xilinx of entity xfft_v9_0_14.shift_ram [\shift_ram(c_xdevicefamily="arti...]
Compiling architecture structural of entity c_reg_fd_v12_0_4.c_reg_fd_v12_0_4_viv [\c_reg_fd_v12_0_4_viv(c_width=9,...]
Compiling architecture muxcy_v of entity unisim.MUXCY [muxcy_default]
Compiling architecture xorcy_v of entity unisim.XORCY [xorcy_default]
Compiling architecture rtl of entity c_addsub_v12_0_11.c_addsub_v12_0_11_lut6_legacy [\c_addsub_v12_0_11_lut6_legacy(c...]
Compiling architecture synth of entity c_addsub_v12_0_11.c_addsub_v12_0_11_fabric_legacy [\c_addsub_v12_0_11_fabric_legacy...]
Compiling architecture synth of entity c_addsub_v12_0_11.c_addsub_v12_0_11_legacy [\c_addsub_v12_0_11_legacy(c_fami...]
Compiling architecture synth of entity c_addsub_v12_0_11.c_addsub_v12_0_11_viv [\c_addsub_v12_0_11_viv(c_xdevice...]
Compiling architecture lut6_v of entity unisim.LUT6 [\LUT6(init="10010000000010010000...]
Compiling architecture xilinx of entity xfft_v9_0_14.equ_rtl [\equ_rtl(c_xdevicefamily="artix7...]
Compiling architecture fdre_v of entity unisim.FDRE [fdre_default]
Compiling architecture xilinx of entity xfft_v9_0_14.cnt_tc_rtl_a [\cnt_tc_rtl_a(c_xdevicefamily="a...]
Compiling architecture struct of entity c_shift_ram_v12_0_11.c_shift_ram_v12_0_11_legacy [\c_shift_ram_v12_0_11_legacy(c_x...]
Compiling architecture synth of entity c_shift_ram_v12_0_11.c_shift_ram_v12_0_11_viv [\c_shift_ram_v12_0_11_viv(c_xdev...]
Compiling architecture xilinx of entity xfft_v9_0_14.shift_ram [\shift_ram(c_xdevicefamily="arti...]
Compiling architecture xilinx of entity xfft_v9_0_14.r22_flow_ctrl [\r22_flow_ctrl(c_xdevicefamily="...]
Compiling architecture lut3_v of entity unisim.LUT3 [\LUT3(init="10101110")(0,7)\]
Compiling architecture xilinx of entity xfft_v9_0_14.r22_cnt_ctrl [\r22_cnt_ctrl(c_xdevicefamily="a...]
Compiling architecture srl16e_v of entity unisim.SRL16E [\SRL16E(0,15)\]
Compiling architecture xilinx of entity xfft_v9_0_14.shift_ram [\shift_ram(c_xdevicefamily="arti...]
Compiling architecture fdr_v of entity unisim.FDR [fdr_default]
Compiling architecture xilinx of entity xfft_v9_0_14.shift_ram [\shift_ram(c_xdevicefamily="arti...]
Compiling architecture xilinx of entity xfft_v9_0_14.shift_ram [\shift_ram(c_xdevicefamily="arti...]
Compiling architecture xilinx of entity xfft_v9_0_14.xfft_v9_0_14_d [\xfft_v9_0_14_d(c_xdevicefamily=...]
Compiling architecture synth of entity xfft_v9_0_14.xfft_v9_0_14_core [\xfft_v9_0_14_core(c_xdevicefami...]
Compiling architecture synth of entity xfft_v9_0_14.xfft_v9_0_14_viv [\xfft_v9_0_14_viv(c_xdevicefamil...]
Compiling architecture xilinx of entity xfft_v9_0_14.xfft_v9_0_14 [\xfft_v9_0_14(c_xdevicefamily="a...]
Compiling architecture fft_transform_arch of entity xil_defaultlib.FFT_transform [fft_transform_default]
Compiling architecture behavioral of entity xil_defaultlib.transform_controller [transform_controller_default]
Compiling architecture structure of entity xil_defaultlib.freq_short_memo_blk_mem_gen_prim_wrapper [freq_short_memo_blk_mem_gen_prim...]
Compiling architecture structure of entity xil_defaultlib.freq_short_memo_blk_mem_gen_prim_width [freq_short_memo_blk_mem_gen_prim...]
Compiling architecture structure of entity xil_defaultlib.freq_short_memo_blk_mem_gen_generic_cstr [freq_short_memo_blk_mem_gen_gene...]
Compiling architecture structure of entity xil_defaultlib.freq_short_memo_blk_mem_gen_top [freq_short_memo_blk_mem_gen_top_...]
Compiling architecture structure of entity xil_defaultlib.freq_short_memo_blk_mem_gen_v8_4_1_synth [freq_short_memo_blk_mem_gen_v8_4...]
Compiling architecture structure of entity xil_defaultlib.freq_short_memo_blk_mem_gen_v8_4_1 [freq_short_memo_blk_mem_gen_v8_4...]
Compiling architecture structure of entity xil_defaultlib.freq_short_memo [freq_short_memo_default]
Compiling architecture behavioral of entity xil_defaultlib.freq_dom_controller [freq_dom_controller_default]
Compiling architecture behavioral of entity xil_defaultlib.master_controller [master_controller_default]
Compiling architecture behavioral of entity xil_defaultlib.main_tb
Built simulation snapshot main_tb_behav
run_program: Time (s): cpu = 00:00:00 ; elapsed = 00:01:33 . Memory (MB): peak = 1417.254 ; gain = 0.625
INFO: [USF-XSim-69] 'elaborate' step finished in '93' seconds
INFO: [USF-XSim-4] XSim::Simulate design
INFO: [USF-XSim-61] Executing 'SIMULATE' step in 'D:/UNI/TFG/OctaveSax/Vivado/octave_main/octave_main.sim/sim_1/behav/xsim'
INFO: [USF-XSim-98] *** Running xsim
   with args "main_tb_behav -key {Behavioral:sim_1:Functional:main_tb} -tclbatch {main_tb.tcl} -view {D:/UNI/TFG/OctaveSax/Vivado/octave_main/octave_main.srcs/sim_1/imports/octave_main/test.wcfg} -view {D:/UNI/TFG/OctaveSax/Vivado/octave_main/window_tb_behav.wcfg} -view {D:/UNI/TFG/OctaveSax/Vivado/octave_main/fft.wcfg} -log {simulate.log}"
INFO: [USF-XSim-8] Loading simulator feature
Vivado Simulator 2017.4
Time resolution is 1 ps
open_wave_config D:/UNI/TFG/OctaveSax/Vivado/octave_main/octave_main.srcs/sim_1/imports/octave_main/test.wcfg
WARNING: Simulation object /main_tb/UUT/start_proc_win2 was not found in the design.
WARNING: Simulation object /main_tb/UUT/end_proc_win2 was not found in the design.
WARNING: Simulation object /main_tb/UUT/win_result2 was not found in the design.
WARNING: Simulation object /main_tb/UUT/MEMO/ram1/ena was not found in the design.
WARNING: Simulation object /main_tb/UUT/MEMO/ram1/wea was not found in the design.
WARNING: Simulation object /main_tb/UUT/MEMO/ram1/addra was not found in the design.
WARNING: Simulation object /main_tb/UUT/MEMO/ram1/dina was not found in the design.
WARNING: Simulation object /main_tb/UUT/MEMO/ram1/douta was not found in the design.
WARNING: Simulation object /main_tb/UUT/MEMO/ram2/ena was not found in the design.
WARNING: Simulation object /main_tb/UUT/MEMO/ram2/wea was not found in the design.
WARNING: Simulation object /main_tb/UUT/MEMO/ram2/addra was not found in the design.
WARNING: Simulation object /main_tb/UUT/MEMO/ram2/dina was not found in the design.
WARNING: Simulation object /main_tb/UUT/MEMO/ram2/douta was not found in the design.
open_wave_config D:/UNI/TFG/OctaveSax/Vivado/octave_main/window_tb_behav.wcfg
WARNING: Simulation object /window_tb/UUT/clk was not found in the design.
WARNING: Simulation object /window_tb/UUT/for_inv was not found in the design.
WARNING: Simulation object /window_tb/UUT/start_proc_win was not found in the design.
WARNING: Simulation object /window_tb/end_proc_win was not found in the design.
WARNING: Simulation object /window_tb/UUT/window_data was not found in the design.
WARNING: Simulation object /window_tb/UUT/window_data_i was not found in the design.
WARNING: Simulation object /window_tb/UUT/pre_win was not found in the design.
WARNING: Simulation object /window_tb/UUT/multiplicand was not found in the design.
WARNING: Simulation object /window_tb/UUT/result_pre was not found in the design.
WARNING: Simulation object /window_tb/UUT/result was not found in the design.
open_wave_config D:/UNI/TFG/OctaveSax/Vivado/octave_main/fft.wcfg
WARNING: Simulation object /tb_transform/clk was not found in the design.
WARNING: Simulation object /tb_transform/enable_fft was not found in the design.
WARNING: Simulation object /tb_transform/event_frame_started was not found in the design.
WARNING: Simulation object /tb_transform/event_tlast_unexpected was not found in the design.
WARNING: Simulation object /tb_transform/event_tlast_missing was not found in the design.
WARNING: Simulation object /tb_transform/event_status_channel_halt was not found in the design.
WARNING: Simulation object /tb_transform/event_data_in_channel_halt was not found in the design.
WARNING: Simulation object /tb_transform/event_data_out_channel_halt was not found in the design.
WARNING: Simulation object /tb_transform/config_tvalid was not found in the design.
WARNING: Simulation object /tb_transform/config_tready was not found in the design.
WARNING: Simulation object /tb_transform/input_tvalid was not found in the design.
WARNING: Simulation object /tb_transform/input_tready was not found in the design.
WARNING: Simulation object /tb_transform/input_tlast was not found in the design.
WARNING: Simulation object /tb_transform/output_tvalid was not found in the design.
WARNING: Simulation object /tb_transform/output_tready was not found in the design.
WARNING: Simulation object /tb_transform/output_tlast was not found in the design.
WARNING: Simulation object /tb_transform/config_data was not found in the design.
WARNING: Simulation object /tb_transform/output_user was not found in the design.
WARNING: Simulation object /tb_transform/input_data was not found in the design.
WARNING: Simulation object /tb_transform/re_in was not found in the design.
WARNING: Simulation object /tb_transform/im_in was not found in the design.
WARNING: Simulation object /tb_transform/output_data was not found in the design.
WARNING: Simulation object /tb_transform/re_out was not found in the design.
WARNING: Simulation object /tb_transform/im_out was not found in the design.
source main_tb.tcl
# set curr_wave [current_wave_config]
# if { [string length $curr_wave] == 0 } {
#   if { [llength [get_objects]] > 0} {
#     add_wave /
#     set_property needs_save false [current_wave_config]
#   } else {
#      send_msg_id Add_Wave-1 WARNING "No top level signals found. Simulator will start without a wave window. If you want to open a wave window go to 'File->New Waveform Configuration' or type 'create_wave_config' in the TCL console."
#   }
# }
# run 1000ns
Failure: ERROR:add_1 must be in range [-1,DEPTH-1]
Time: 10 ns  Iteration: 1
$finish called at time : 10 ns : File "D:/UNI/TFG/OctaveSax/Vivado/octave_main/octave_main.srcs/sources_1/new/counter512.vhd" Line 32
INFO: [USF-XSim-96] XSim completed. Design snapshot 'main_tb_behav' loaded.
INFO: [USF-XSim-97] XSim simulation ran for 1000ns
launch_simulation: Time (s): cpu = 00:00:07 ; elapsed = 00:01:39 . Memory (MB): peak = 1459.176 ; gain = 45.102
close_sim
INFO: [Simtcl 6-16] Simulation closed
set_property is_enabled false [get_files  D:/UNI/TFG/OctaveSax/Vivado/octave_main/octave_main.srcs/sources_1/new/counter512.vhd]
launch_simulation
INFO: [Vivado 12-5698] Checking validity of IPs in the design for the 'XSim' simulator...
INFO: [Vivado 12-5682] Launching behavioral simulation in 'D:/UNI/TFG/OctaveSax/Vivado/octave_main/octave_main.sim/sim_1/behav/xsim'
INFO: [Vivado 12-4795] Using compiled simulation libraries for IPs
INFO: [SIM-utils-51] Simulation object is 'sim_1'
INFO: [USF-XSim-7] Finding pre-compiled libraries...
INFO: [USF-XSim-11] File 'C:/Xilinx/Vivado/2017.4/data/xsim/ip/xsim_ip.ini' copied to run dir:'D:/UNI/TFG/OctaveSax/Vivado/octave_main/octave_main.sim/sim_1/behav/xsim'
INFO: [SIM-utils-54] Inspecting design source files for 'main_tb' in fileset 'sim_1'...
INFO: [USF-XSim-97] Finding global include files...
INFO: [USF-XSim-100] Fetching design files from 'sources_1'...(this may take a while)...
INFO: [USF-XSim-101] Fetching design files from 'sim_1'...
INFO: [USF-XSim-2] XSim::Compile design
INFO: [USF-XSim-61] Executing 'COMPILE and ANALYZE' step in 'D:/UNI/TFG/OctaveSax/Vivado/octave_main/octave_main.sim/sim_1/behav/xsim'
"xvlog --incr --relax -prj main_tb_vlog.prj"
"xvhdl --incr --relax -prj main_tb_vhdl.prj"
INFO: [USF-XSim-69] 'compile' step finished in '2' seconds
INFO: [USF-XSim-3] XSim::Elaborate design
INFO: [USF-XSim-61] Executing 'ELABORATE' step in 'D:/UNI/TFG/OctaveSax/Vivado/octave_main/octave_main.sim/sim_1/behav/xsim'
Vivado Simulator 2017.4
Copyright 1986-1999, 2001-2016 Xilinx, Inc. All Rights Reserved.
Running: C:/Xilinx/Vivado/2017.4/bin/unwrapped/win64.o/xelab.exe -wto 0c9c3a36965041288ce87ec04c26eca9 --incr --debug typical --relax --mt 2 -L xil_defaultlib -L xbip_utils_v3_0_8 -L axi_utils_v2_0_4 -L c_reg_fd_v12_0_4 -L xbip_dsp48_wrapper_v3_0_4 -L xbip_pipe_v3_0_4 -L xbip_dsp48_addsub_v3_0_4 -L xbip_addsub_v3_0_4 -L c_addsub_v12_0_11 -L c_mux_bit_v12_0_4 -L c_shift_ram_v12_0_11 -L xbip_bram18k_v3_0_4 -L mult_gen_v12_0_13 -L cmpy_v6_0_14 -L floating_point_v7_0_14 -L xfft_v9_0_14 -L unisims_ver -L unimacro_ver -L secureip -L xpm --snapshot main_tb_behav xil_defaultlib.main_tb xil_defaultlib.glbl -log elaborate.log 
Using 2 slave threads.
Starting static elaboration
Completed static elaboration
INFO: [XSIM 43-4323] No Change in HDL. Linking previously generated obj files to create kernel
run_program: Time (s): cpu = 00:00:00 ; elapsed = 00:00:40 . Memory (MB): peak = 1459.176 ; gain = 0.000
INFO: [USF-XSim-69] 'elaborate' step finished in '40' seconds
INFO: [USF-XSim-4] XSim::Simulate design
INFO: [USF-XSim-61] Executing 'SIMULATE' step in 'D:/UNI/TFG/OctaveSax/Vivado/octave_main/octave_main.sim/sim_1/behav/xsim'
INFO: [USF-XSim-98] *** Running xsim
   with args "main_tb_behav -key {Behavioral:sim_1:Functional:main_tb} -tclbatch {main_tb.tcl} -view {D:/UNI/TFG/OctaveSax/Vivado/octave_main/octave_main.srcs/sim_1/imports/octave_main/test.wcfg} -view {D:/UNI/TFG/OctaveSax/Vivado/octave_main/window_tb_behav.wcfg} -view {D:/UNI/TFG/OctaveSax/Vivado/octave_main/fft.wcfg} -log {simulate.log}"
INFO: [USF-XSim-8] Loading simulator feature
Vivado Simulator 2017.4
Time resolution is 1 ps
open_wave_config D:/UNI/TFG/OctaveSax/Vivado/octave_main/octave_main.srcs/sim_1/imports/octave_main/test.wcfg
WARNING: Simulation object /main_tb/UUT/start_proc_win2 was not found in the design.
WARNING: Simulation object /main_tb/UUT/end_proc_win2 was not found in the design.
WARNING: Simulation object /main_tb/UUT/win_result2 was not found in the design.
WARNING: Simulation object /main_tb/UUT/MEMO/ram1/ena was not found in the design.
WARNING: Simulation object /main_tb/UUT/MEMO/ram1/wea was not found in the design.
WARNING: Simulation object /main_tb/UUT/MEMO/ram1/addra was not found in the design.
WARNING: Simulation object /main_tb/UUT/MEMO/ram1/dina was not found in the design.
WARNING: Simulation object /main_tb/UUT/MEMO/ram1/douta was not found in the design.
WARNING: Simulation object /main_tb/UUT/MEMO/ram2/ena was not found in the design.
WARNING: Simulation object /main_tb/UUT/MEMO/ram2/wea was not found in the design.
WARNING: Simulation object /main_tb/UUT/MEMO/ram2/addra was not found in the design.
WARNING: Simulation object /main_tb/UUT/MEMO/ram2/dina was not found in the design.
WARNING: Simulation object /main_tb/UUT/MEMO/ram2/douta was not found in the design.
open_wave_config D:/UNI/TFG/OctaveSax/Vivado/octave_main/window_tb_behav.wcfg
WARNING: Simulation object /window_tb/UUT/clk was not found in the design.
WARNING: Simulation object /window_tb/UUT/for_inv was not found in the design.
WARNING: Simulation object /window_tb/UUT/start_proc_win was not found in the design.
WARNING: Simulation object /window_tb/end_proc_win was not found in the design.
WARNING: Simulation object /window_tb/UUT/window_data was not found in the design.
WARNING: Simulation object /window_tb/UUT/window_data_i was not found in the design.
WARNING: Simulation object /window_tb/UUT/pre_win was not found in the design.
WARNING: Simulation object /window_tb/UUT/multiplicand was not found in the design.
WARNING: Simulation object /window_tb/UUT/result_pre was not found in the design.
WARNING: Simulation object /window_tb/UUT/result was not found in the design.
open_wave_config D:/UNI/TFG/OctaveSax/Vivado/octave_main/fft.wcfg
WARNING: Simulation object /tb_transform/clk was not found in the design.
WARNING: Simulation object /tb_transform/enable_fft was not found in the design.
WARNING: Simulation object /tb_transform/event_frame_started was not found in the design.
WARNING: Simulation object /tb_transform/event_tlast_unexpected was not found in the design.
WARNING: Simulation object /tb_transform/event_tlast_missing was not found in the design.
WARNING: Simulation object /tb_transform/event_status_channel_halt was not found in the design.
WARNING: Simulation object /tb_transform/event_data_in_channel_halt was not found in the design.
WARNING: Simulation object /tb_transform/event_data_out_channel_halt was not found in the design.
WARNING: Simulation object /tb_transform/config_tvalid was not found in the design.
WARNING: Simulation object /tb_transform/config_tready was not found in the design.
WARNING: Simulation object /tb_transform/input_tvalid was not found in the design.
WARNING: Simulation object /tb_transform/input_tready was not found in the design.
WARNING: Simulation object /tb_transform/input_tlast was not found in the design.
WARNING: Simulation object /tb_transform/output_tvalid was not found in the design.
WARNING: Simulation object /tb_transform/output_tready was not found in the design.
WARNING: Simulation object /tb_transform/output_tlast was not found in the design.
WARNING: Simulation object /tb_transform/config_data was not found in the design.
WARNING: Simulation object /tb_transform/output_user was not found in the design.
WARNING: Simulation object /tb_transform/input_data was not found in the design.
WARNING: Simulation object /tb_transform/re_in was not found in the design.
WARNING: Simulation object /tb_transform/im_in was not found in the design.
WARNING: Simulation object /tb_transform/output_data was not found in the design.
WARNING: Simulation object /tb_transform/re_out was not found in the design.
WARNING: Simulation object /tb_transform/im_out was not found in the design.
source main_tb.tcl
# set curr_wave [current_wave_config]
# if { [string length $curr_wave] == 0 } {
#   if { [llength [get_objects]] > 0} {
#     add_wave /
#     set_property needs_save false [current_wave_config]
#   } else {
#      send_msg_id Add_Wave-1 WARNING "No top level signals found. Simulator will start without a wave window. If you want to open a wave window go to 'File->New Waveform Configuration' or type 'create_wave_config' in the TCL console."
#   }
# }
# run 1000ns
Failure: ERROR:add_1 must be in range [-1,DEPTH-1]
Time: 10 ns  Iteration: 1
$finish called at time : 10 ns : File "D:/UNI/TFG/OctaveSax/Vivado/octave_main/octave_main.srcs/sources_1/new/counter512.vhd" Line 32
INFO: [USF-XSim-96] XSim completed. Design snapshot 'main_tb_behav' loaded.
INFO: [USF-XSim-97] XSim simulation ran for 1000ns
launch_simulation: Time (s): cpu = 00:00:05 ; elapsed = 00:00:45 . Memory (MB): peak = 1459.176 ; gain = 0.000
close_sim
INFO: [Simtcl 6-16] Simulation closed
exit
INFO: [Common 17-206] Exiting Vivado at Tue Apr  9 19:03:41 2019...
