#-----------------------------------------------------------
# Vivado v2017.4 (64-bit)
# SW Build 2086221 on Fri Dec 15 20:54:30 MST 2017
# IP Build 2085800 on Fri Dec 15 22:25:07 MST 2017
# Start of session at: Mon Apr 29 15:51:13 2019
# Process ID: 3115
# Current directory: /home/joterom/workspace/OctaveSax/Vivado/octave_main
# Command line: vivado
# Log file: /home/joterom/workspace/OctaveSax/Vivado/octave_main/vivado.log
# Journal file: /home/joterom/workspace/OctaveSax/Vivado/octave_main/vivado.jou
#-----------------------------------------------------------
start_gui
open_project /home/joterom/workspace/OctaveSax/Vivado/octave_main/octave_main.xpr
INFO: [Project 1-313] Project file moved from 'D:/UNI/TFG/OctaveSax/Vivado/octave_main' since last save.
Scanning sources...
Finished scanning sources
INFO: [IP_Flow 19-234] Refreshing IP repositories
INFO: [IP_Flow 19-1704] No user IP repositories specified
INFO: [IP_Flow 19-2313] Loaded Vivado IP repository '/opt/Xilinx/Vivado/2017.4/data/ip'.
open_project: Time (s): cpu = 00:00:11 ; elapsed = 00:00:07 . Memory (MB): peak = 6094.570 ; gain = 94.457 ; free physical = 393 ; free virtual = 6827
launch_simulation
INFO: [Vivado 12-5698] Checking validity of IPs in the design for the 'XSim' simulator...
INFO: [Vivado 12-5682] Launching behavioral simulation in '/home/joterom/workspace/OctaveSax/Vivado/octave_main/octave_main.sim/sim_1/behav/xsim'
INFO: [Vivado 12-4795] Using compiled simulation libraries for IPs
INFO: [SIM-utils-51] Simulation object is 'sim_1'
INFO: [USF-XSim-7] Finding pre-compiled libraries...
INFO: [USF-XSim-11] File '/opt/Xilinx/Vivado/2017.4/data/xsim/ip/xsim_ip.ini' copied to run dir:'/home/joterom/workspace/OctaveSax/Vivado/octave_main/octave_main.sim/sim_1/behav/xsim'
INFO: [SIM-utils-54] Inspecting design source files for 'tb_transform' in fileset 'sim_1'...
INFO: [USF-XSim-97] Finding global include files...
INFO: [USF-XSim-100] Fetching design files from 'sources_1'...(this may take a while)...
INFO: [USF-XSim-101] Fetching design files from 'sim_1'...
INFO: [USF-XSim-2] XSim::Compile design
INFO: [USF-XSim-61] Executing 'COMPILE and ANALYZE' step in '/home/joterom/workspace/OctaveSax/Vivado/octave_main/octave_main.sim/sim_1/behav/xsim'
xvlog --incr --relax -prj tb_transform_vlog.prj
INFO: [VRFC 10-2263] Analyzing Verilog file "/home/joterom/workspace/OctaveSax/Vivado/octave_main/octave_main.sim/sim_1/behav/xsim/glbl.v" into library xil_defaultlib
INFO: [VRFC 10-311] analyzing module glbl
xvhdl --incr --relax -prj tb_transform_vhdl.prj
INFO: [VRFC 10-163] Analyzing VHDL file "/home/joterom/workspace/OctaveSax/Vivado/octave_main/octave_main.srcs/sources_1/ip/clk_generator/clk_generator_sim_netlist.vhdl" into library xil_defaultlib
INFO: [VRFC 10-307] analyzing entity clk_generator_clk_generator_clk_wiz
INFO: [VRFC 10-307] analyzing entity clk_generator
INFO: [VRFC 10-163] Analyzing VHDL file "/home/joterom/workspace/OctaveSax/Vivado/octave_main/octave_main.srcs/sources_1/ip/FFT_transform/sim/FFT_transform.vhd" into library xil_defaultlib
INFO: [VRFC 10-307] analyzing entity FFT_transform
INFO: [VRFC 10-163] Analyzing VHDL file "/home/joterom/workspace/OctaveSax/Vivado/octave_main/octave_main.srcs/sources_1/ip/FFT_transform/demo_tb/tb_FFT_transform.vhd" into library xil_defaultlib
INFO: [VRFC 10-307] analyzing entity tb_FFT_transform
INFO: [VRFC 10-163] Analyzing VHDL file "/home/joterom/workspace/OctaveSax/Vivado/octave_main/octave_main.srcs/sources_1/ip/freq_short_memo/freq_short_memo_sim_netlist.vhdl" into library xil_defaultlib
INFO: [VRFC 10-307] analyzing entity freq_short_memo_blk_mem_gen_prim_wrapper
INFO: [VRFC 10-307] analyzing entity freq_short_memo_blk_mem_gen_prim_width
INFO: [VRFC 10-307] analyzing entity freq_short_memo_blk_mem_gen_generic_cstr
INFO: [VRFC 10-307] analyzing entity freq_short_memo_blk_mem_gen_top
INFO: [VRFC 10-307] analyzing entity freq_short_memo_blk_mem_gen_v8_4_1_synth
INFO: [VRFC 10-307] analyzing entity freq_short_memo_blk_mem_gen_v8_4_1
INFO: [VRFC 10-307] analyzing entity freq_short_memo
INFO: [VRFC 10-163] Analyzing VHDL file "/home/joterom/workspace/OctaveSax/Vivado/octave_main/octave_main.srcs/sources_1/ip/out_long_memo/out_long_memo_sim_netlist.vhdl" into library xil_defaultlib
INFO: [VRFC 10-307] analyzing entity out_long_memo_blk_mem_gen_prim_wrapper
INFO: [VRFC 10-307] analyzing entity out_long_memo_blk_mem_gen_prim_width
INFO: [VRFC 10-307] analyzing entity out_long_memo_blk_mem_gen_generic_cstr
INFO: [VRFC 10-307] analyzing entity out_long_memo_blk_mem_gen_top
INFO: [VRFC 10-307] analyzing entity out_long_memo_blk_mem_gen_v8_4_1_synth
INFO: [VRFC 10-307] analyzing entity out_long_memo_blk_mem_gen_v8_4_1
INFO: [VRFC 10-307] analyzing entity out_long_memo
INFO: [VRFC 10-163] Analyzing VHDL file "/home/joterom/workspace/OctaveSax/Vivado/octave_main/octave_main.srcs/sources_1/ip/freq_memo/freq_memo_sim_netlist.vhdl" into library xil_defaultlib
INFO: [VRFC 10-307] analyzing entity freq_memo_blk_mem_gen_prim_wrapper
INFO: [VRFC 10-307] analyzing entity freq_memo_blk_mem_gen_prim_width
INFO: [VRFC 10-307] analyzing entity freq_memo_blk_mem_gen_generic_cstr
INFO: [VRFC 10-307] analyzing entity freq_memo_blk_mem_gen_top
INFO: [VRFC 10-307] analyzing entity freq_memo_blk_mem_gen_v8_4_1_synth
INFO: [VRFC 10-307] analyzing entity freq_memo_blk_mem_gen_v8_4_1
INFO: [VRFC 10-307] analyzing entity freq_memo
INFO: [VRFC 10-163] Analyzing VHDL file "/home/joterom/workspace/OctaveSax/Vivado/octave_main/octave_main.srcs/sources_1/new/project_trunk.vhd" into library xil_defaultlib
INFO: [VRFC 10-163] Analyzing VHDL file "/home/joterom/workspace/OctaveSax/Vivado/octave_main/octave_main.srcs/sources_1/new/sampling.vhd" into library xil_defaultlib
INFO: [VRFC 10-307] analyzing entity sampling
INFO: [VRFC 10-163] Analyzing VHDL file "/home/joterom/workspace/OctaveSax/Vivado/octave_main/octave_main.srcs/sources_1/new/shift_register.vhd" into library xil_defaultlib
INFO: [VRFC 10-307] analyzing entity shift_register
INFO: [VRFC 10-163] Analyzing VHDL file "/home/joterom/workspace/OctaveSax/Vivado/octave_main/octave_main.srcs/sources_1/new/master_controller.vhd" into library xil_defaultlib
INFO: [VRFC 10-307] analyzing entity master_controller
INFO: [VRFC 10-163] Analyzing VHDL file "/home/joterom/workspace/OctaveSax/Vivado/octave_main/octave_main.srcs/sources_1/new/display_interface.vhd" into library xil_defaultlib
INFO: [VRFC 10-307] analyzing entity display_interface
INFO: [VRFC 10-163] Analyzing VHDL file "/home/joterom/workspace/OctaveSax/Vivado/octave_main/octave_main.srcs/sources_1/new/display_counter.vhd" into library xil_defaultlib
INFO: [VRFC 10-307] analyzing entity display_counter
INFO: [VRFC 10-163] Analyzing VHDL file "/home/joterom/workspace/OctaveSax/Vivado/octave_main/octave_main.srcs/sources_1/imports/ROM Data/istft_window.vhd" into library xil_defaultlib
INFO: [VRFC 10-307] analyzing entity istft_window_rom
INFO: [VRFC 10-163] Analyzing VHDL file "/home/joterom/workspace/OctaveSax/Vivado/octave_main/octave_main.srcs/sources_1/imports/ROM Data/stft_window.vhd" into library xil_defaultlib
INFO: [VRFC 10-307] analyzing entity stft_window_rom
INFO: [VRFC 10-163] Analyzing VHDL file "/home/joterom/workspace/OctaveSax/Vivado/octave_main/octave_main.srcs/sources_1/new/window_controller.vhd" into library xil_defaultlib
INFO: [VRFC 10-307] analyzing entity window_controller
INFO: [VRFC 10-163] Analyzing VHDL file "/home/joterom/workspace/OctaveSax/Vivado/octave_main/octave_main.srcs/sources_1/new/fsm_global.vhd" into library xil_defaultlib
INFO: [VRFC 10-307] analyzing entity fsm_global
INFO: [VRFC 10-163] Analyzing VHDL file "/home/joterom/workspace/OctaveSax/Vivado/octave_main/octave_main.srcs/sources_1/new/fsm_control.vhd" into library xil_defaultlib
INFO: [VRFC 10-307] analyzing entity fsm_control
INFO: [VRFC 10-163] Analyzing VHDL file "/home/joterom/workspace/OctaveSax/Vivado/octave_main/octave_main.srcs/sources_1/new/transform_controller.vhd" into library xil_defaultlib
INFO: [VRFC 10-307] analyzing entity transform_controller
ERROR: [VRFC 10-486] character '0' is not in type unsigned [/home/joterom/workspace/OctaveSax/Vivado/octave_main/octave_main.srcs/sources_1/new/transform_controller.vhd:180]
ERROR: [VRFC 10-1504] unit behavioral ignored due to previous errors [/home/joterom/workspace/OctaveSax/Vivado/octave_main/octave_main.srcs/sources_1/new/transform_controller.vhd:23]
INFO: [VRFC 10-240] VHDL file /home/joterom/workspace/OctaveSax/Vivado/octave_main/octave_main.srcs/sources_1/new/transform_controller.vhd ignored due to errors
INFO: [USF-XSim-69] 'compile' step finished in '2' seconds
INFO: [USF-XSim-99] Step results log file:'/home/joterom/workspace/OctaveSax/Vivado/octave_main/octave_main.sim/sim_1/behav/xsim/xvhdl.log'
ERROR: [USF-XSim-62] 'compile' step failed with error(s). Please check the Tcl console output or '/home/joterom/workspace/OctaveSax/Vivado/octave_main/octave_main.sim/sim_1/behav/xsim/xvhdl.log' file for more information.
ERROR: [Vivado 12-4473] Detected error while running simulation. Please correct the issue and retry this operation.
ERROR: [Common 17-39] 'launch_simulation' failed due to earlier errors.
launch_simulation
INFO: [Vivado 12-5698] Checking validity of IPs in the design for the 'XSim' simulator...
INFO: [Vivado 12-5682] Launching behavioral simulation in '/home/joterom/workspace/OctaveSax/Vivado/octave_main/octave_main.sim/sim_1/behav/xsim'
INFO: [Vivado 12-4795] Using compiled simulation libraries for IPs
INFO: [SIM-utils-51] Simulation object is 'sim_1'
INFO: [USF-XSim-7] Finding pre-compiled libraries...
INFO: [USF-XSim-11] File '/opt/Xilinx/Vivado/2017.4/data/xsim/ip/xsim_ip.ini' copied to run dir:'/home/joterom/workspace/OctaveSax/Vivado/octave_main/octave_main.sim/sim_1/behav/xsim'
INFO: [SIM-utils-54] Inspecting design source files for 'tb_transform' in fileset 'sim_1'...
INFO: [USF-XSim-97] Finding global include files...
INFO: [USF-XSim-100] Fetching design files from 'sources_1'...(this may take a while)...
INFO: [USF-XSim-101] Fetching design files from 'sim_1'...
INFO: [USF-XSim-2] XSim::Compile design
INFO: [USF-XSim-61] Executing 'COMPILE and ANALYZE' step in '/home/joterom/workspace/OctaveSax/Vivado/octave_main/octave_main.sim/sim_1/behav/xsim'
xvlog --incr --relax -prj tb_transform_vlog.prj
xvhdl --incr --relax -prj tb_transform_vhdl.prj
INFO: [VRFC 10-163] Analyzing VHDL file "/home/joterom/workspace/OctaveSax/Vivado/octave_main/octave_main.srcs/sources_1/ip/clk_generator/clk_generator_sim_netlist.vhdl" into library xil_defaultlib
INFO: [VRFC 10-307] analyzing entity clk_generator_clk_generator_clk_wiz
INFO: [VRFC 10-307] analyzing entity clk_generator
INFO: [VRFC 10-163] Analyzing VHDL file "/home/joterom/workspace/OctaveSax/Vivado/octave_main/octave_main.srcs/sources_1/ip/FFT_transform/sim/FFT_transform.vhd" into library xil_defaultlib
INFO: [VRFC 10-307] analyzing entity FFT_transform
INFO: [VRFC 10-163] Analyzing VHDL file "/home/joterom/workspace/OctaveSax/Vivado/octave_main/octave_main.srcs/sources_1/ip/FFT_transform/demo_tb/tb_FFT_transform.vhd" into library xil_defaultlib
INFO: [VRFC 10-307] analyzing entity tb_FFT_transform
INFO: [VRFC 10-163] Analyzing VHDL file "/home/joterom/workspace/OctaveSax/Vivado/octave_main/octave_main.srcs/sources_1/ip/freq_short_memo/freq_short_memo_sim_netlist.vhdl" into library xil_defaultlib
INFO: [VRFC 10-307] analyzing entity freq_short_memo_blk_mem_gen_prim_wrapper
INFO: [VRFC 10-307] analyzing entity freq_short_memo_blk_mem_gen_prim_width
INFO: [VRFC 10-307] analyzing entity freq_short_memo_blk_mem_gen_generic_cstr
INFO: [VRFC 10-307] analyzing entity freq_short_memo_blk_mem_gen_top
INFO: [VRFC 10-307] analyzing entity freq_short_memo_blk_mem_gen_v8_4_1_synth
INFO: [VRFC 10-307] analyzing entity freq_short_memo_blk_mem_gen_v8_4_1
INFO: [VRFC 10-307] analyzing entity freq_short_memo
INFO: [VRFC 10-163] Analyzing VHDL file "/home/joterom/workspace/OctaveSax/Vivado/octave_main/octave_main.srcs/sources_1/ip/out_long_memo/out_long_memo_sim_netlist.vhdl" into library xil_defaultlib
INFO: [VRFC 10-307] analyzing entity out_long_memo_blk_mem_gen_prim_wrapper
INFO: [VRFC 10-307] analyzing entity out_long_memo_blk_mem_gen_prim_width
INFO: [VRFC 10-307] analyzing entity out_long_memo_blk_mem_gen_generic_cstr
INFO: [VRFC 10-307] analyzing entity out_long_memo_blk_mem_gen_top
INFO: [VRFC 10-307] analyzing entity out_long_memo_blk_mem_gen_v8_4_1_synth
INFO: [VRFC 10-307] analyzing entity out_long_memo_blk_mem_gen_v8_4_1
INFO: [VRFC 10-307] analyzing entity out_long_memo
INFO: [VRFC 10-163] Analyzing VHDL file "/home/joterom/workspace/OctaveSax/Vivado/octave_main/octave_main.srcs/sources_1/ip/freq_memo/freq_memo_sim_netlist.vhdl" into library xil_defaultlib
INFO: [VRFC 10-307] analyzing entity freq_memo_blk_mem_gen_prim_wrapper
INFO: [VRFC 10-307] analyzing entity freq_memo_blk_mem_gen_prim_width
INFO: [VRFC 10-307] analyzing entity freq_memo_blk_mem_gen_generic_cstr
INFO: [VRFC 10-307] analyzing entity freq_memo_blk_mem_gen_top
INFO: [VRFC 10-307] analyzing entity freq_memo_blk_mem_gen_v8_4_1_synth
INFO: [VRFC 10-307] analyzing entity freq_memo_blk_mem_gen_v8_4_1
INFO: [VRFC 10-307] analyzing entity freq_memo
INFO: [VRFC 10-163] Analyzing VHDL file "/home/joterom/workspace/OctaveSax/Vivado/octave_main/octave_main.srcs/sources_1/new/project_trunk.vhd" into library xil_defaultlib
INFO: [VRFC 10-163] Analyzing VHDL file "/home/joterom/workspace/OctaveSax/Vivado/octave_main/octave_main.srcs/sources_1/new/sampling.vhd" into library xil_defaultlib
INFO: [VRFC 10-307] analyzing entity sampling
INFO: [VRFC 10-163] Analyzing VHDL file "/home/joterom/workspace/OctaveSax/Vivado/octave_main/octave_main.srcs/sources_1/new/shift_register.vhd" into library xil_defaultlib
INFO: [VRFC 10-307] analyzing entity shift_register
INFO: [VRFC 10-163] Analyzing VHDL file "/home/joterom/workspace/OctaveSax/Vivado/octave_main/octave_main.srcs/sources_1/new/master_controller.vhd" into library xil_defaultlib
INFO: [VRFC 10-307] analyzing entity master_controller
INFO: [VRFC 10-163] Analyzing VHDL file "/home/joterom/workspace/OctaveSax/Vivado/octave_main/octave_main.srcs/sources_1/new/display_interface.vhd" into library xil_defaultlib
INFO: [VRFC 10-307] analyzing entity display_interface
INFO: [VRFC 10-163] Analyzing VHDL file "/home/joterom/workspace/OctaveSax/Vivado/octave_main/octave_main.srcs/sources_1/new/display_counter.vhd" into library xil_defaultlib
INFO: [VRFC 10-307] analyzing entity display_counter
INFO: [VRFC 10-163] Analyzing VHDL file "/home/joterom/workspace/OctaveSax/Vivado/octave_main/octave_main.srcs/sources_1/imports/ROM Data/istft_window.vhd" into library xil_defaultlib
INFO: [VRFC 10-307] analyzing entity istft_window_rom
INFO: [VRFC 10-163] Analyzing VHDL file "/home/joterom/workspace/OctaveSax/Vivado/octave_main/octave_main.srcs/sources_1/imports/ROM Data/stft_window.vhd" into library xil_defaultlib
INFO: [VRFC 10-307] analyzing entity stft_window_rom
INFO: [VRFC 10-163] Analyzing VHDL file "/home/joterom/workspace/OctaveSax/Vivado/octave_main/octave_main.srcs/sources_1/new/window_controller.vhd" into library xil_defaultlib
INFO: [VRFC 10-307] analyzing entity window_controller
INFO: [VRFC 10-163] Analyzing VHDL file "/home/joterom/workspace/OctaveSax/Vivado/octave_main/octave_main.srcs/sources_1/new/fsm_global.vhd" into library xil_defaultlib
INFO: [VRFC 10-307] analyzing entity fsm_global
INFO: [VRFC 10-163] Analyzing VHDL file "/home/joterom/workspace/OctaveSax/Vivado/octave_main/octave_main.srcs/sources_1/new/fsm_control.vhd" into library xil_defaultlib
INFO: [VRFC 10-307] analyzing entity fsm_control
INFO: [VRFC 10-163] Analyzing VHDL file "/home/joterom/workspace/OctaveSax/Vivado/octave_main/octave_main.srcs/sources_1/new/transform_controller.vhd" into library xil_defaultlib
INFO: [VRFC 10-307] analyzing entity transform_controller
INFO: [VRFC 10-163] Analyzing VHDL file "/home/joterom/workspace/OctaveSax/Vivado/octave_main/octave_main.srcs/sources_1/new/manager_memo.vhd" into library xil_defaultlib
INFO: [VRFC 10-307] analyzing entity manager_memo
INFO: [VRFC 10-163] Analyzing VHDL file "/home/joterom/workspace/OctaveSax/Vivado/octave_main/octave_main.srcs/sources_1/new/man_out_memo.vhd" into library xil_defaultlib
INFO: [VRFC 10-307] analyzing entity man_out_memo
INFO: [VRFC 10-163] Analyzing VHDL file "/home/joterom/workspace/OctaveSax/Vivado/octave_main/octave_main.srcs/sim_1/new/main_tb.vhd" into library xil_defaultlib
INFO: [VRFC 10-307] analyzing entity main_tb
INFO: [VRFC 10-163] Analyzing VHDL file "/home/joterom/workspace/OctaveSax/Vivado/octave_main/octave_main.srcs/sim_1/new/display_test.vhd" into library xil_defaultlib
INFO: [VRFC 10-307] analyzing entity display_test
INFO: [VRFC 10-163] Analyzing VHDL file "/home/joterom/workspace/OctaveSax/Vivado/octave_main/octave_main.srcs/sim_1/new/window_tb.vhd" into library xil_defaultlib
INFO: [VRFC 10-307] analyzing entity window_tb
INFO: [VRFC 10-163] Analyzing VHDL file "/home/joterom/workspace/OctaveSax/Vivado/octave_main/octave_main.srcs/sim_1/new/tb_transform.vhd" into library xil_defaultlib
INFO: [VRFC 10-307] analyzing entity tb_transform
INFO: [USF-XSim-69] 'compile' step finished in '2' seconds
INFO: [USF-XSim-3] XSim::Elaborate design
INFO: [USF-XSim-61] Executing 'ELABORATE' step in '/home/joterom/workspace/OctaveSax/Vivado/octave_main/octave_main.sim/sim_1/behav/xsim'
Vivado Simulator 2017.4
Copyright 1986-1999, 2001-2016 Xilinx, Inc. All Rights Reserved.
Running: /opt/Xilinx/Vivado/2017.4/bin/unwrapped/lnx64.o/xelab -wto 0c9c3a36965041288ce87ec04c26eca9 --incr --debug typical --relax --mt 8 -L xil_defaultlib -L xbip_utils_v3_0_8 -L axi_utils_v2_0_4 -L c_reg_fd_v12_0_4 -L xbip_dsp48_wrapper_v3_0_4 -L xbip_pipe_v3_0_4 -L xbip_dsp48_addsub_v3_0_4 -L xbip_addsub_v3_0_4 -L c_addsub_v12_0_11 -L c_mux_bit_v12_0_4 -L c_shift_ram_v12_0_11 -L xbip_bram18k_v3_0_4 -L mult_gen_v12_0_13 -L cmpy_v6_0_14 -L floating_point_v7_0_14 -L xfft_v9_0_14 -L unisims_ver -L unimacro_ver -L secureip -L xpm --snapshot tb_transform_behav xil_defaultlib.tb_transform xil_defaultlib.glbl -log elaborate.log 
Using 8 slave threads.
Starting static elaboration
Completed static elaboration
Starting simulation data flow analysis
Completed simulation data flow analysis
Time Resolution for simulation is 1ps
Compiling package std.standard
Compiling package std.textio
Compiling package ieee.std_logic_1164
Compiling package ieee.numeric_std
Compiling package xil_defaultlib.project_trunk
Compiling package xbip_utils_v3_0_8.xbip_utils_v3_0_8_pkg
Compiling package xfft_v9_0_14.xfft_v9_0_14_viv_comp
Compiling package ieee.std_logic_arith
Compiling package ieee.std_logic_unsigned
Compiling package ieee.math_real
Compiling package axi_utils_v2_0_4.axi_utils_v2_0_4_pkg
Compiling package mult_gen_v12_0_13.mult_gen_v12_0_13_pkg
Compiling package ieee.std_logic_signed
Compiling package cmpy_v6_0_14.cmpy_v6_0_14_pkg
Compiling package floating_point_v7_0_14.floating_point_v7_0_14_consts
Compiling package floating_point_v7_0_14.floating_point_v7_0_14_exp_table...
Compiling package floating_point_v7_0_14.floating_point_v7_0_14_pkg
Compiling package xfft_v9_0_14.pkg
Compiling package xfft_v9_0_14.xfft_v9_0_14_axi_pkg
Compiling package axi_utils_v2_0_4.global_util_pkg
Compiling package axi_utils_v2_0_4.axi_utils_comps
Compiling package unisim.vcomponents
Compiling package xbip_pipe_v3_0_4.xbip_pipe_v3_0_4_viv_comp
Compiling package xbip_addsub_v3_0_4.xbip_addsub_v3_0_4_viv_comp
Compiling package c_addsub_v12_0_11.c_addsub_v12_0_11_pkg
Compiling package c_addsub_v12_0_11.c_addsub_v12_0_11_pkg_legacy
Compiling package c_reg_fd_v12_0_4.c_reg_fd_v12_0_4_viv_comp
Compiling package ieee.vital_timing
Compiling package ieee.vital_primitives
Compiling package unisim.vpkg
Compiling package c_shift_ram_v12_0_11.c_shift_ram_v12_0_11_pkg
Compiling package c_mux_bit_v12_0_4.c_mux_bit_v12_0_4_viv_comp
Compiling package ieee.std_logic_textio
Compiling package xfft_v9_0_14.half_sincos_tw_table
Compiling package xfft_v9_0_14.quarter_sin_tw_table
Compiling package xfft_v9_0_14.quarter2_sin_tw_table
Compiling module xil_defaultlib.glbl
Compiling architecture xilinx of entity axi_utils_v2_0_4.glb_srl_fifo [\glb_srl_fifo(width=11,has_uvpro...]
Compiling architecture xilinx of entity axi_utils_v2_0_4.glb_ifx_slave [\glb_ifx_slave(width=11,has_uvpr...]
Compiling architecture synth of entity xfft_v9_0_14.axi_wrapper_input_fifo [\axi_wrapper_input_fifo(c_fifo_w...]
Compiling architecture xilinx of entity axi_utils_v2_0_4.glb_srl_fifo [\glb_srl_fifo(width=33,has_uvpro...]
Compiling architecture xilinx of entity axi_utils_v2_0_4.glb_ifx_slave [\glb_ifx_slave(width=33,has_uvpr...]
Compiling architecture synth of entity xfft_v9_0_14.axi_wrapper_input_fifo [\axi_wrapper_input_fifo(c_fifo_w...]
Compiling architecture xilinx of entity axi_utils_v2_0_4.glb_srl_fifo [\glb_srl_fifo(width=42,has_uvpro...]
Compiling architecture xilinx of entity axi_utils_v2_0_4.glb_ifx_master [\glb_ifx_master(width=42,afull_t...]
Compiling architecture synth of entity xfft_v9_0_14.axi_wrapper_output_fifo [\axi_wrapper_output_fifo(c_fifo_...]
Compiling architecture synth of entity xfft_v9_0_14.axi_wrapper [\axi_wrapper(c_nfft_max=9,c_arch...]
Compiling architecture xilinx of entity xfft_v9_0_14.equ_rtl [\equ_rtl(c_xdevicefamily="artix7...]
Compiling architecture xilinx of entity xfft_v9_0_14.r22_cnt_ctrl [\r22_cnt_ctrl(c_xdevicefamily="a...]
Compiling architecture xilinx of entity xfft_v9_0_14.r22_cnt_ctrl [\r22_cnt_ctrl(c_xdevicefamily="a...]
Compiling architecture xilinx of entity xfft_v9_0_14.shift_ram [\shift_ram(c_xdevicefamily="arti...]
Compiling architecture struct of entity c_shift_ram_v12_0_11.c_shift_ram_v12_0_11_legacy [\c_shift_ram_v12_0_11_legacy(c_x...]
Compiling architecture synth of entity c_shift_ram_v12_0_11.c_shift_ram_v12_0_11_viv [\c_shift_ram_v12_0_11_viv(c_xdev...]
Compiling architecture xilinx of entity xfft_v9_0_14.shift_ram [\shift_ram(c_xdevicefamily="arti...]
Compiling architecture fd_v of entity unisim.FD [fd_default]
Compiling architecture struct of entity c_shift_ram_v12_0_11.c_shift_ram_v12_0_11_legacy [\c_shift_ram_v12_0_11_legacy(c_x...]
Compiling architecture synth of entity c_shift_ram_v12_0_11.c_shift_ram_v12_0_11_viv [\c_shift_ram_v12_0_11_viv(c_xdev...]
Compiling architecture xilinx of entity xfft_v9_0_14.shift_ram [\shift_ram(c_xdevicefamily="arti...]
Compiling architecture struct of entity c_shift_ram_v12_0_11.c_shift_ram_v12_0_11_legacy [\c_shift_ram_v12_0_11_legacy(c_x...]
Compiling architecture synth of entity c_shift_ram_v12_0_11.c_shift_ram_v12_0_11_viv [\c_shift_ram_v12_0_11_viv(c_xdev...]
Compiling architecture xilinx of entity xfft_v9_0_14.shift_ram [\shift_ram(c_xdevicefamily="arti...]
Compiling architecture fde_v of entity unisim.FDE [fde_default]
Compiling architecture xilinx of entity xfft_v9_0_14.shift_ram [\shift_ram(c_xdevicefamily="arti...]
Compiling architecture xilinx of entity xfft_v9_0_14.shift_ram [\shift_ram(c_xdevicefamily="arti...]
Compiling architecture xilinx of entity xfft_v9_0_14.shift_ram [\shift_ram(c_xdevicefamily="arti...]
Compiling architecture xilinx of entity xfft_v9_0_14.shift_ram [\shift_ram(c_xdevicefamily="arti...]
Compiling architecture xilinx of entity xfft_v9_0_14.shift_ram [\shift_ram(c_xdevicefamily="arti...]
Compiling architecture xilinx of entity xfft_v9_0_14.shift_ram [\shift_ram(c_xdevicefamily="arti...]
Compiling architecture lut3_v of entity unisim.LUT3 [\LUT3(init="11001010")(0,7)\]
Compiling architecture xilinx of entity xfft_v9_0_14.mux_bus2 [\mux_bus2(c_xdevicefamily="artix...]
Compiling architecture xilinx of entity xfft_v9_0_14.r22_delay_mux [\r22_delay_mux(c_xdevicefamily="...]
Compiling architecture xilinx of entity xfft_v9_0_14.r22_delay_mux [\r22_delay_mux(c_xdevicefamily="...]
Compiling architecture xilinx of entity xfft_v9_0_14.shift_ram [\shift_ram(c_xdevicefamily="arti...]
Compiling architecture xilinx of entity xfft_v9_0_14.shift_ram [\shift_ram(c_xdevicefamily="arti...]
Compiling architecture rb18_internal_vhdl_v of entity unisim.RB18_INTERNAL_VHDL [\RB18_INTERNAL_VHDL(bram_size=18...]
Compiling architecture ramb18e1_v of entity unisim.RAMB18E1 [\RAMB18E1(doa_reg=1,dob_reg=1,ra...]
Compiling architecture xilinx of entity xfft_v9_0_14.dpm [\dpm(c_xdevicefamily="artix7",wm...]
Compiling architecture xilinx of entity xfft_v9_0_14.r22_memory [\r22_memory(c_xdevicefamily="art...]
Compiling architecture structural of entity c_reg_fd_v12_0_4.c_reg_fd_v12_0_4_viv [\c_reg_fd_v12_0_4_viv(c_width=18...]
Compiling architecture rtl of entity c_addsub_v12_0_11.c_addsub_v12_0_11_lut6_legacy [\c_addsub_v12_0_11_lut6_legacy(c...]
Compiling architecture synth of entity c_addsub_v12_0_11.c_addsub_v12_0_11_fabric_legacy [\c_addsub_v12_0_11_fabric_legacy...]
Compiling architecture synth of entity c_addsub_v12_0_11.c_addsub_v12_0_11_legacy [\c_addsub_v12_0_11_legacy(c_fami...]
Compiling architecture synth of entity c_addsub_v12_0_11.c_addsub_v12_0_11_viv [\c_addsub_v12_0_11_viv(c_xdevice...]
Compiling architecture xilinx of entity xfft_v9_0_14.adder_bypass [\adder_bypass(c_xdevicefamily="a...]
Compiling architecture structural of entity c_reg_fd_v12_0_4.c_reg_fd_v12_0_4_viv [\c_reg_fd_v12_0_4_viv(c_width=18...]
Compiling architecture rtl of entity c_addsub_v12_0_11.c_addsub_v12_0_11_lut6_legacy [\c_addsub_v12_0_11_lut6_legacy(c...]
Compiling architecture synth of entity c_addsub_v12_0_11.c_addsub_v12_0_11_fabric_legacy [\c_addsub_v12_0_11_fabric_legacy...]
Compiling architecture synth of entity c_addsub_v12_0_11.c_addsub_v12_0_11_legacy [\c_addsub_v12_0_11_legacy(c_fami...]
Compiling architecture synth of entity c_addsub_v12_0_11.c_addsub_v12_0_11_viv [\c_addsub_v12_0_11_viv(c_xdevice...]
Compiling architecture xilinx of entity xfft_v9_0_14.sub_byp [\sub_byp(c_xdevicefamily="artix7...]
Compiling architecture xilinx of entity xfft_v9_0_14.r22_bfly_byp [\r22_bfly_byp(c_xdevicefamily="a...]
Compiling architecture xilinx of entity xfft_v9_0_14.r22_bf [\r22_bf(c_xdevicefamily="artix7"...]
Compiling architecture xilinx of entity xfft_v9_0_14.shift_ram [\shift_ram(c_xdevicefamily="arti...]
Compiling architecture synth of entity xfft_v9_0_14.r22_twos_comp_mux [\r22_twos_comp_mux(c_xdevicefami...]
Compiling architecture synth of entity xfft_v9_0_14.r22_twos_comp_mux [\r22_twos_comp_mux(c_xdevicefami...]
Compiling architecture xilinx of entity xfft_v9_0_14.shift_ram [\shift_ram(c_xdevicefamily="arti...]
Compiling architecture xilinx of entity xfft_v9_0_14.shift_ram [\shift_ram(c_xdevicefamily="arti...]
Compiling architecture xilinx of entity xfft_v9_0_14.shift_ram [\shift_ram(c_xdevicefamily="arti...]
Compiling architecture xilinx of entity xfft_v9_0_14.mux_bus2 [\mux_bus2(c_xdevicefamily="artix...]
Compiling architecture xilinx of entity xfft_v9_0_14.r22_delay_mux [\r22_delay_mux(c_xdevicefamily="...]
Compiling architecture xilinx of entity xfft_v9_0_14.r22_delay_mux [\r22_delay_mux(c_xdevicefamily="...]
Compiling architecture xilinx of entity xfft_v9_0_14.shift_ram [\shift_ram(c_xdevicefamily="arti...]
Compiling architecture xilinx of entity xfft_v9_0_14.shift_ram [\shift_ram(c_xdevicefamily="arti...]
Compiling architecture xilinx of entity xfft_v9_0_14.dpm [\dpm(c_xdevicefamily="artix7",wm...]
Compiling architecture xilinx of entity xfft_v9_0_14.r22_memory [\r22_memory(c_xdevicefamily="art...]
Compiling architecture structural of entity c_reg_fd_v12_0_4.c_reg_fd_v12_0_4_viv [\c_reg_fd_v12_0_4_viv(c_width=19...]
Compiling architecture rtl of entity c_addsub_v12_0_11.c_addsub_v12_0_11_lut6_legacy [\c_addsub_v12_0_11_lut6_legacy(c...]
Compiling architecture synth of entity c_addsub_v12_0_11.c_addsub_v12_0_11_fabric_legacy [\c_addsub_v12_0_11_fabric_legacy...]
Compiling architecture synth of entity c_addsub_v12_0_11.c_addsub_v12_0_11_legacy [\c_addsub_v12_0_11_legacy(c_fami...]
Compiling architecture synth of entity c_addsub_v12_0_11.c_addsub_v12_0_11_viv [\c_addsub_v12_0_11_viv(c_xdevice...]
Compiling architecture xilinx of entity xfft_v9_0_14.adder_bypass [\adder_bypass(c_xdevicefamily="a...]
Compiling architecture structural of entity c_reg_fd_v12_0_4.c_reg_fd_v12_0_4_viv [\c_reg_fd_v12_0_4_viv(c_width=19...]
Compiling architecture rtl of entity c_addsub_v12_0_11.c_addsub_v12_0_11_lut6_legacy [\c_addsub_v12_0_11_lut6_legacy(c...]
Compiling architecture synth of entity c_addsub_v12_0_11.c_addsub_v12_0_11_fabric_legacy [\c_addsub_v12_0_11_fabric_legacy...]
Compiling architecture synth of entity c_addsub_v12_0_11.c_addsub_v12_0_11_legacy [\c_addsub_v12_0_11_legacy(c_fami...]
Compiling architecture synth of entity c_addsub_v12_0_11.c_addsub_v12_0_11_viv [\c_addsub_v12_0_11_viv(c_xdevice...]
Compiling architecture xilinx of entity xfft_v9_0_14.sub_byp [\sub_byp(c_xdevicefamily="artix7...]
Compiling architecture xilinx of entity xfft_v9_0_14.r22_bfly_byp [\r22_bfly_byp(c_xdevicefamily="a...]
Compiling architecture xilinx of entity xfft_v9_0_14.r22_bf [\r22_bf(c_xdevicefamily="artix7"...]
Compiling architecture structural of entity c_reg_fd_v12_0_4.c_reg_fd_v12_0_4_viv [\c_reg_fd_v12_0_4_viv(c_width=9,...]
Compiling architecture rtl of entity c_addsub_v12_0_11.c_addsub_v12_0_11_lut6_legacy [\c_addsub_v12_0_11_lut6_legacy(c...]
Compiling architecture synth of entity c_addsub_v12_0_11.c_addsub_v12_0_11_fabric_legacy [\c_addsub_v12_0_11_fabric_legacy...]
Compiling architecture synth of entity c_addsub_v12_0_11.c_addsub_v12_0_11_legacy [\c_addsub_v12_0_11_legacy(c_fami...]
Compiling architecture synth of entity c_addsub_v12_0_11.c_addsub_v12_0_11_viv [\c_addsub_v12_0_11_viv(c_xdevice...]
Compiling architecture xilinx of entity xfft_v9_0_14.adder [\adder(c_xdevicefamily="artix7",...]
Compiling architecture lut6_v of entity unisim.LUT6 [\LUT6(init="11111111000000001111...]
Compiling architecture xilinx of entity xfft_v9_0_14.mux_bus4 [\mux_bus4(c_xdevicefamily="artix...]
Compiling architecture vcc_v of entity unisim.VCC [vcc_default]
Compiling architecture xilinx of entity xfft_v9_0_14.twgen_half_sincos [\twgen_half_sincos(c_xdevicefami...]
Compiling architecture xilinx of entity xfft_v9_0_14.twiddle_gen [\twiddle_gen(c_xdevicefamily="ar...]
Compiling architecture xilinx of entity xfft_v9_0_14.r22_tw_gen [\r22_tw_gen(c_xdevicefamily="art...]
Compiling architecture xilinx of entity cmpy_v6_0_14.delay_line [\delay_line(c_xdevicefamily="art...]
Compiling architecture xilinx of entity cmpy_v6_0_14.delay_line [\delay_line(c_xdevicefamily="art...]
Compiling architecture xilinx of entity cmpy_v6_0_14.delay_line [\delay_line(c_xdevicefamily="art...]
Compiling architecture dsp48e1_v of entity unisim.DSP48E1 [\DSP48E1(adreg=0,carryinselreg=0...]
Compiling architecture dsp48e1_v of entity unisim.DSP48E1 [\DSP48E1(acascreg=2,adreg=0,areg...]
Compiling architecture xilinx of entity cmpy_v6_0_14.delay_line [\delay_line(c_xdevicefamily="art...]
Compiling architecture xilinx of entity mult_gen_v12_0_13.op_resize [\op_resize(ai_width=18,bi_width=...]
WARNING: [VRFC 10-516] comparison between unequal length arrays always returns FALSE [/wrk/2017.4/nightly/2017_12_15_2086221/packages/customer/vivado/data/ip/xilinx/xbip_utils_v3_0/hdl/xbip_utils_v3_0_vh_rfs.vhd:2001]
WARNING: [VRFC 10-516] comparison between unequal length arrays always returns FALSE [/wrk/2017.4/nightly/2017_12_15_2086221/packages/customer/vivado/data/ip/xilinx/xbip_utils_v3_0/hdl/xbip_utils_v3_0_vh_rfs.vhd:2002]
WARNING: [VRFC 10-516] comparison between unequal length arrays always returns FALSE [/wrk/2017.4/nightly/2017_12_15_2086221/packages/customer/vivado/data/ip/xilinx/xbip_utils_v3_0/hdl/xbip_utils_v3_0_vh_rfs.vhd:2003]
Compiling architecture xilinx of entity cmpy_v6_0_14.cmpy_4_dsp48_mult [\cmpy_4_dsp48_mult(c_xdevicefami...]
Compiling architecture xilinx of entity cmpy_v6_0_14.cmpy_4_dsp48 [\cmpy_4_dsp48(c_xdevicefamily="a...]
Compiling architecture xilinx of entity cmpy_v6_0_14.cmpy_v6_0_14_synth [\cmpy_v6_0_14_synth(c_xdevicefam...]
Compiling architecture xilinx of entity xfft_v9_0_14.cmpy [\cmpy(c_xdevicefamily="artix7",a...]
Compiling architecture xilinx of entity xfft_v9_0_14.mux_bus4 [\mux_bus4(c_xdevicefamily="artix...]
Compiling architecture xilinx of entity xfft_v9_0_14.arith_shift3 [\arith_shift3(c_xdevicefamily="a...]
Compiling architecture lut6_v of entity unisim.LUT6 [\LUT6(init="00000000000000000000...]
Compiling architecture xilinx of entity xfft_v9_0_14.logic_gate [\logic_gate(c_xdevicefamily="art...]
Compiling architecture xilinx of entity xfft_v9_0_14.shift_ram [\shift_ram(c_xdevicefamily="arti...]
Compiling architecture lut6_v of entity unisim.LUT6 [\LUT6(init="10000000000000000000...]
Compiling architecture xilinx of entity xfft_v9_0_14.logic_gate [\logic_gate(c_xdevicefamily="art...]
Compiling architecture rtl of entity c_addsub_v12_0_11.c_addsub_v12_0_11_lut6_legacy [\c_addsub_v12_0_11_lut6_legacy(c...]
Compiling architecture synth of entity c_addsub_v12_0_11.c_addsub_v12_0_11_fabric_legacy [\c_addsub_v12_0_11_fabric_legacy...]
Compiling architecture synth of entity c_addsub_v12_0_11.c_addsub_v12_0_11_legacy [\c_addsub_v12_0_11_legacy(c_fami...]
Compiling architecture synth of entity c_addsub_v12_0_11.c_addsub_v12_0_11_viv [\c_addsub_v12_0_11_viv(c_xdevice...]
Compiling architecture xilinx of entity xfft_v9_0_14.unbiased_round [\unbiased_round(c_xdevicefamily=...]
Compiling architecture xilinx of entity xfft_v9_0_14.shift_ram [\shift_ram(c_xdevicefamily="arti...]
Compiling architecture xilinx of entity xfft_v9_0_14.shift_ram [\shift_ram(c_xdevicefamily="arti...]
Compiling architecture xilinx of entity xfft_v9_0_14.r22_pe [\r22_pe(c_xdevicefamily="artix7"...]
Compiling architecture synth of entity xfft_v9_0_14.srl_fifo [\srl_fifo(c_width=1)\]
Compiling architecture xilinx of entity xfft_v9_0_14.r22_cnt_ctrl [\r22_cnt_ctrl(c_xdevicefamily="a...]
Compiling architecture xilinx of entity xfft_v9_0_14.r22_cnt_ctrl [\r22_cnt_ctrl(c_xdevicefamily="a...]
Compiling architecture xilinx of entity xfft_v9_0_14.shift_ram [\shift_ram(c_xdevicefamily="arti...]
Compiling architecture xilinx of entity xfft_v9_0_14.shift_ram [\shift_ram(c_xdevicefamily="arti...]
Compiling architecture xilinx of entity xfft_v9_0_14.r22_delay_mux [\r22_delay_mux(c_xdevicefamily="...]
Compiling architecture xilinx of entity xfft_v9_0_14.r22_delay_mux [\r22_delay_mux(c_xdevicefamily="...]
Compiling architecture xilinx of entity xfft_v9_0_14.shift_ram [\shift_ram(c_xdevicefamily="arti...]
Compiling architecture xilinx of entity xfft_v9_0_14.shift_ram [\shift_ram(c_xdevicefamily="arti...]
Compiling architecture struct of entity c_shift_ram_v12_0_11.c_shift_ram_v12_0_11_legacy [\c_shift_ram_v12_0_11_legacy(c_x...]
Compiling architecture synth of entity c_shift_ram_v12_0_11.c_shift_ram_v12_0_11_viv [\c_shift_ram_v12_0_11_viv(c_xdev...]
Compiling architecture synth of entity xfft_v9_0_14.r22_srl_memory [\r22_srl_memory(c_xdevicefamily=...]
Compiling architecture xilinx of entity xfft_v9_0_14.r22_memory [\r22_memory(c_xdevicefamily="art...]
Compiling architecture xilinx of entity xfft_v9_0_14.r22_bf [\r22_bf(c_xdevicefamily="artix7"...]
Compiling architecture xilinx of entity xfft_v9_0_14.r22_delay_mux [\r22_delay_mux(c_xdevicefamily="...]
Compiling architecture xilinx of entity xfft_v9_0_14.r22_delay_mux [\r22_delay_mux(c_xdevicefamily="...]
Compiling architecture xilinx of entity xfft_v9_0_14.shift_ram [\shift_ram(c_xdevicefamily="arti...]
Compiling architecture xilinx of entity xfft_v9_0_14.shift_ram [\shift_ram(c_xdevicefamily="arti...]
Compiling architecture struct of entity c_shift_ram_v12_0_11.c_shift_ram_v12_0_11_legacy [\c_shift_ram_v12_0_11_legacy(c_x...]
Compiling architecture synth of entity c_shift_ram_v12_0_11.c_shift_ram_v12_0_11_viv [\c_shift_ram_v12_0_11_viv(c_xdev...]
Compiling architecture synth of entity xfft_v9_0_14.r22_srl_memory [\r22_srl_memory(c_xdevicefamily=...]
Compiling architecture xilinx of entity xfft_v9_0_14.r22_memory [\r22_memory(c_xdevicefamily="art...]
Compiling architecture xilinx of entity xfft_v9_0_14.r22_bf [\r22_bf(c_xdevicefamily="artix7"...]
Compiling architecture structural of entity c_reg_fd_v12_0_4.c_reg_fd_v12_0_4_viv [\c_reg_fd_v12_0_4_viv(c_width=7,...]
Compiling architecture rtl of entity c_addsub_v12_0_11.c_addsub_v12_0_11_lut6_legacy [\c_addsub_v12_0_11_lut6_legacy(c...]
Compiling architecture synth of entity c_addsub_v12_0_11.c_addsub_v12_0_11_fabric_legacy [\c_addsub_v12_0_11_fabric_legacy...]
Compiling architecture synth of entity c_addsub_v12_0_11.c_addsub_v12_0_11_legacy [\c_addsub_v12_0_11_legacy(c_fami...]
Compiling architecture synth of entity c_addsub_v12_0_11.c_addsub_v12_0_11_viv [\c_addsub_v12_0_11_viv(c_xdevice...]
Compiling architecture xilinx of entity xfft_v9_0_14.adder [\adder(c_xdevicefamily="artix7",...]
Compiling architecture xilinx of entity xfft_v9_0_14.mux_bus4 [\mux_bus4(c_xdevicefamily="artix...]
Compiling architecture struct of entity c_shift_ram_v12_0_11.c_shift_ram_v12_0_11_legacy [\c_shift_ram_v12_0_11_legacy(c_x...]
Compiling architecture synth of entity c_shift_ram_v12_0_11.c_shift_ram_v12_0_11_viv [\c_shift_ram_v12_0_11_viv(c_xdev...]
Compiling architecture xilinx of entity xfft_v9_0_14.shift_ram [\shift_ram(c_xdevicefamily="arti...]
Compiling architecture xilinx of entity xfft_v9_0_14.twgen_distmem [\twgen_distmem(theta_width=6,pip...]
Compiling architecture xilinx of entity xfft_v9_0_14.twiddle_gen [\twiddle_gen(c_xdevicefamily="ar...]
Compiling architecture xilinx of entity xfft_v9_0_14.r22_tw_gen [\r22_tw_gen(c_xdevicefamily="art...]
Compiling architecture xilinx of entity xfft_v9_0_14.shift_ram [\shift_ram(c_xdevicefamily="arti...]
Compiling architecture xilinx of entity xfft_v9_0_14.shift_ram [\shift_ram(c_xdevicefamily="arti...]
Compiling architecture xilinx of entity xfft_v9_0_14.r22_pe [\r22_pe(c_xdevicefamily="artix7"...]
Compiling architecture xilinx of entity xfft_v9_0_14.r22_cnt_ctrl [\r22_cnt_ctrl(c_xdevicefamily="a...]
Compiling architecture xilinx of entity xfft_v9_0_14.r22_cnt_ctrl [\r22_cnt_ctrl(c_xdevicefamily="a...]
Compiling architecture struct of entity c_shift_ram_v12_0_11.c_shift_ram_v12_0_11_legacy [\c_shift_ram_v12_0_11_legacy(c_x...]
Compiling architecture synth of entity c_shift_ram_v12_0_11.c_shift_ram_v12_0_11_viv [\c_shift_ram_v12_0_11_viv(c_xdev...]
Compiling architecture xilinx of entity xfft_v9_0_14.shift_ram [\shift_ram(c_xdevicefamily="arti...]
Compiling architecture struct of entity c_shift_ram_v12_0_11.c_shift_ram_v12_0_11_legacy [\c_shift_ram_v12_0_11_legacy(c_x...]
Compiling architecture synth of entity c_shift_ram_v12_0_11.c_shift_ram_v12_0_11_viv [\c_shift_ram_v12_0_11_viv(c_xdev...]
Compiling architecture xilinx of entity xfft_v9_0_14.shift_ram [\shift_ram(c_xdevicefamily="arti...]
Compiling architecture struct of entity c_shift_ram_v12_0_11.c_shift_ram_v12_0_11_legacy [\c_shift_ram_v12_0_11_legacy(c_x...]
Compiling architecture synth of entity c_shift_ram_v12_0_11.c_shift_ram_v12_0_11_viv [\c_shift_ram_v12_0_11_viv(c_xdev...]
Compiling architecture xilinx of entity xfft_v9_0_14.shift_ram [\shift_ram(c_xdevicefamily="arti...]
Compiling architecture struct of entity c_shift_ram_v12_0_11.c_shift_ram_v12_0_11_legacy [\c_shift_ram_v12_0_11_legacy(c_x...]
Compiling architecture synth of entity c_shift_ram_v12_0_11.c_shift_ram_v12_0_11_viv [\c_shift_ram_v12_0_11_viv(c_xdev...]
Compiling architecture xilinx of entity xfft_v9_0_14.shift_ram [\shift_ram(c_xdevicefamily="arti...]
Compiling architecture struct of entity c_shift_ram_v12_0_11.c_shift_ram_v12_0_11_legacy [\c_shift_ram_v12_0_11_legacy(c_x...]
Compiling architecture synth of entity c_shift_ram_v12_0_11.c_shift_ram_v12_0_11_viv [\c_shift_ram_v12_0_11_viv(c_xdev...]
Compiling architecture xilinx of entity xfft_v9_0_14.shift_ram [\shift_ram(c_xdevicefamily="arti...]
Compiling architecture struct of entity c_shift_ram_v12_0_11.c_shift_ram_v12_0_11_legacy [\c_shift_ram_v12_0_11_legacy(c_x...]
Compiling architecture synth of entity c_shift_ram_v12_0_11.c_shift_ram_v12_0_11_viv [\c_shift_ram_v12_0_11_viv(c_xdev...]
Compiling architecture xilinx of entity xfft_v9_0_14.shift_ram [\shift_ram(c_xdevicefamily="arti...]
Compiling architecture struct of entity c_shift_ram_v12_0_11.c_shift_ram_v12_0_11_legacy [\c_shift_ram_v12_0_11_legacy(c_x...]
Compiling architecture synth of entity c_shift_ram_v12_0_11.c_shift_ram_v12_0_11_viv [\c_shift_ram_v12_0_11_viv(c_xdev...]
Compiling architecture xilinx of entity xfft_v9_0_14.shift_ram [\shift_ram(c_xdevicefamily="arti...]
Compiling architecture structural of entity c_reg_fd_v12_0_4.c_reg_fd_v12_0_4_viv [\c_reg_fd_v12_0_4_viv(c_width=17...]
Compiling architecture rtl of entity c_addsub_v12_0_11.c_addsub_v12_0_11_lut6_legacy [\c_addsub_v12_0_11_lut6_legacy(c...]
Compiling architecture synth of entity c_addsub_v12_0_11.c_addsub_v12_0_11_fabric_legacy [\c_addsub_v12_0_11_fabric_legacy...]
Compiling architecture synth of entity c_addsub_v12_0_11.c_addsub_v12_0_11_legacy [\c_addsub_v12_0_11_legacy(c_fami...]
Compiling architecture synth of entity c_addsub_v12_0_11.c_addsub_v12_0_11_viv [\c_addsub_v12_0_11_viv(c_xdevice...]
Compiling architecture xilinx of entity xfft_v9_0_14.adder [\adder(c_xdevicefamily="artix7",...]
Compiling architecture xilinx of entity xfft_v9_0_14.shift_ram [\shift_ram(c_xdevicefamily="arti...]
Compiling architecture xilinx of entity xfft_v9_0_14.mux_bus2 [\mux_bus2(c_xdevicefamily="artix...]
Compiling architecture xilinx of entity xfft_v9_0_14.shift_ram [\shift_ram(c_xdevicefamily="arti...]
Compiling architecture xilinx of entity xfft_v9_0_14.r22_bf_sp [\r22_bf_sp(c_xdevicefamily="arti...]
Compiling architecture rtl of entity c_addsub_v12_0_11.c_addsub_v12_0_11_lut6_legacy [\c_addsub_v12_0_11_lut6_legacy(c...]
Compiling architecture synth of entity c_addsub_v12_0_11.c_addsub_v12_0_11_fabric_legacy [\c_addsub_v12_0_11_fabric_legacy...]
Compiling architecture synth of entity c_addsub_v12_0_11.c_addsub_v12_0_11_legacy [\c_addsub_v12_0_11_legacy(c_fami...]
Compiling architecture synth of entity c_addsub_v12_0_11.c_addsub_v12_0_11_viv [\c_addsub_v12_0_11_viv(c_xdevice...]
Compiling architecture xilinx of entity xfft_v9_0_14.adder [\adder(c_xdevicefamily="artix7",...]
Compiling architecture xilinx of entity xfft_v9_0_14.shift_ram [\shift_ram(c_xdevicefamily="arti...]
Compiling architecture struct of entity c_shift_ram_v12_0_11.c_shift_ram_v12_0_11_legacy [\c_shift_ram_v12_0_11_legacy(c_x...]
Compiling architecture synth of entity c_shift_ram_v12_0_11.c_shift_ram_v12_0_11_viv [\c_shift_ram_v12_0_11_viv(c_xdev...]
Compiling architecture xilinx of entity xfft_v9_0_14.shift_ram [\shift_ram(c_xdevicefamily="arti...]
Compiling architecture xilinx of entity xfft_v9_0_14.shift_ram [\shift_ram(c_xdevicefamily="arti...]
Compiling architecture xilinx of entity xfft_v9_0_14.r22_bf_sp [\r22_bf_sp(c_xdevicefamily="arti...]
Compiling architecture struct of entity c_shift_ram_v12_0_11.c_shift_ram_v12_0_11_legacy [\c_shift_ram_v12_0_11_legacy(c_x...]
Compiling architecture synth of entity c_shift_ram_v12_0_11.c_shift_ram_v12_0_11_viv [\c_shift_ram_v12_0_11_viv(c_xdev...]
Compiling architecture xilinx of entity xfft_v9_0_14.shift_ram [\shift_ram(c_xdevicefamily="arti...]
Compiling architecture struct of entity c_shift_ram_v12_0_11.c_shift_ram_v12_0_11_legacy [\c_shift_ram_v12_0_11_legacy(c_x...]
Compiling architecture synth of entity c_shift_ram_v12_0_11.c_shift_ram_v12_0_11_viv [\c_shift_ram_v12_0_11_viv(c_xdev...]
Compiling architecture xilinx of entity xfft_v9_0_14.shift_ram [\shift_ram(c_xdevicefamily="arti...]
Compiling architecture structural of entity c_reg_fd_v12_0_4.c_reg_fd_v12_0_4_viv [\c_reg_fd_v12_0_4_viv(c_width=5,...]
Compiling architecture rtl of entity c_addsub_v12_0_11.c_addsub_v12_0_11_lut6_legacy [\c_addsub_v12_0_11_lut6_legacy(c...]
Compiling architecture synth of entity c_addsub_v12_0_11.c_addsub_v12_0_11_fabric_legacy [\c_addsub_v12_0_11_fabric_legacy...]
Compiling architecture synth of entity c_addsub_v12_0_11.c_addsub_v12_0_11_legacy [\c_addsub_v12_0_11_legacy(c_fami...]
Compiling architecture synth of entity c_addsub_v12_0_11.c_addsub_v12_0_11_viv [\c_addsub_v12_0_11_viv(c_xdevice...]
Compiling architecture xilinx of entity xfft_v9_0_14.adder [\adder(c_xdevicefamily="artix7",...]
Compiling architecture xilinx of entity xfft_v9_0_14.mux_bus4 [\mux_bus4(c_xdevicefamily="artix...]
Compiling architecture xilinx of entity xfft_v9_0_14.twgen_distmem [\twgen_distmem(theta_width=4,pip...]
Compiling architecture xilinx of entity xfft_v9_0_14.twiddle_gen [\twiddle_gen(c_xdevicefamily="ar...]
Compiling architecture xilinx of entity xfft_v9_0_14.r22_tw_gen [\r22_tw_gen(c_xdevicefamily="art...]
Compiling architecture struct of entity c_shift_ram_v12_0_11.c_shift_ram_v12_0_11_legacy [\c_shift_ram_v12_0_11_legacy(c_x...]
Compiling architecture synth of entity c_shift_ram_v12_0_11.c_shift_ram_v12_0_11_viv [\c_shift_ram_v12_0_11_viv(c_xdev...]
Compiling architecture xilinx of entity xfft_v9_0_14.shift_ram [\shift_ram(c_xdevicefamily="arti...]
Compiling architecture xilinx of entity xfft_v9_0_14.shift_ram [\shift_ram(c_xdevicefamily="arti...]
Compiling architecture xilinx of entity xfft_v9_0_14.r22_pe [\r22_pe(c_xdevicefamily="artix7"...]
Compiling architecture xilinx of entity xfft_v9_0_14.r22_cnt_ctrl [\r22_cnt_ctrl(c_xdevicefamily="a...]
Compiling architecture xilinx of entity xfft_v9_0_14.r22_cnt_ctrl [\r22_cnt_ctrl(c_xdevicefamily="a...]
Compiling architecture struct of entity c_shift_ram_v12_0_11.c_shift_ram_v12_0_11_legacy [\c_shift_ram_v12_0_11_legacy(c_x...]
Compiling architecture synth of entity c_shift_ram_v12_0_11.c_shift_ram_v12_0_11_viv [\c_shift_ram_v12_0_11_viv(c_xdev...]
Compiling architecture xilinx of entity xfft_v9_0_14.shift_ram [\shift_ram(c_xdevicefamily="arti...]
Compiling architecture struct of entity c_shift_ram_v12_0_11.c_shift_ram_v12_0_11_legacy [\c_shift_ram_v12_0_11_legacy(c_x...]
Compiling architecture synth of entity c_shift_ram_v12_0_11.c_shift_ram_v12_0_11_viv [\c_shift_ram_v12_0_11_viv(c_xdev...]
Compiling architecture xilinx of entity xfft_v9_0_14.shift_ram [\shift_ram(c_xdevicefamily="arti...]
Compiling architecture struct of entity c_shift_ram_v12_0_11.c_shift_ram_v12_0_11_legacy [\c_shift_ram_v12_0_11_legacy(c_x...]
Compiling architecture synth of entity c_shift_ram_v12_0_11.c_shift_ram_v12_0_11_viv [\c_shift_ram_v12_0_11_viv(c_xdev...]
Compiling architecture xilinx of entity xfft_v9_0_14.shift_ram [\shift_ram(c_xdevicefamily="arti...]
Compiling architecture struct of entity c_shift_ram_v12_0_11.c_shift_ram_v12_0_11_legacy [\c_shift_ram_v12_0_11_legacy(c_x...]
Compiling architecture synth of entity c_shift_ram_v12_0_11.c_shift_ram_v12_0_11_viv [\c_shift_ram_v12_0_11_viv(c_xdev...]
Compiling architecture xilinx of entity xfft_v9_0_14.shift_ram [\shift_ram(c_xdevicefamily="arti...]
Compiling architecture struct of entity c_shift_ram_v12_0_11.c_shift_ram_v12_0_11_legacy [\c_shift_ram_v12_0_11_legacy(c_x...]
Compiling architecture synth of entity c_shift_ram_v12_0_11.c_shift_ram_v12_0_11_viv [\c_shift_ram_v12_0_11_viv(c_xdev...]
Compiling architecture xilinx of entity xfft_v9_0_14.shift_ram [\shift_ram(c_xdevicefamily="arti...]
Compiling architecture struct of entity c_shift_ram_v12_0_11.c_shift_ram_v12_0_11_legacy [\c_shift_ram_v12_0_11_legacy(c_x...]
Compiling architecture synth of entity c_shift_ram_v12_0_11.c_shift_ram_v12_0_11_viv [\c_shift_ram_v12_0_11_viv(c_xdev...]
Compiling architecture xilinx of entity xfft_v9_0_14.shift_ram [\shift_ram(c_xdevicefamily="arti...]
Compiling architecture struct of entity c_shift_ram_v12_0_11.c_shift_ram_v12_0_11_legacy [\c_shift_ram_v12_0_11_legacy(c_x...]
Compiling architecture synth of entity c_shift_ram_v12_0_11.c_shift_ram_v12_0_11_viv [\c_shift_ram_v12_0_11_viv(c_xdev...]
Compiling architecture xilinx of entity xfft_v9_0_14.shift_ram [\shift_ram(c_xdevicefamily="arti...]
Compiling architecture xilinx of entity xfft_v9_0_14.shift_ram [\shift_ram(c_xdevicefamily="arti...]
Compiling architecture xilinx of entity xfft_v9_0_14.r22_bf_sp [\r22_bf_sp(c_xdevicefamily="arti...]
Compiling architecture xilinx of entity xfft_v9_0_14.shift_ram [\shift_ram(c_xdevicefamily="arti...]
Compiling architecture xilinx of entity xfft_v9_0_14.r22_bf_sp [\r22_bf_sp(c_xdevicefamily="arti...]
Compiling architecture xilinx of entity xfft_v9_0_14.shift_ram [\shift_ram(c_xdevicefamily="arti...]
Compiling architecture struct of entity c_shift_ram_v12_0_11.c_shift_ram_v12_0_11_legacy [\c_shift_ram_v12_0_11_legacy(c_x...]
Compiling architecture synth of entity c_shift_ram_v12_0_11.c_shift_ram_v12_0_11_viv [\c_shift_ram_v12_0_11_viv(c_xdev...]
Compiling architecture xilinx of entity xfft_v9_0_14.shift_ram [\shift_ram(c_xdevicefamily="arti...]
Compiling architecture structural of entity c_reg_fd_v12_0_4.c_reg_fd_v12_0_4_viv [\c_reg_fd_v12_0_4_viv(c_width=3,...]
Compiling architecture rtl of entity c_addsub_v12_0_11.c_addsub_v12_0_11_lut6_legacy [\c_addsub_v12_0_11_lut6_legacy(c...]
Compiling architecture synth of entity c_addsub_v12_0_11.c_addsub_v12_0_11_fabric_legacy [\c_addsub_v12_0_11_fabric_legacy...]
Compiling architecture synth of entity c_addsub_v12_0_11.c_addsub_v12_0_11_legacy [\c_addsub_v12_0_11_legacy(c_fami...]
Compiling architecture synth of entity c_addsub_v12_0_11.c_addsub_v12_0_11_viv [\c_addsub_v12_0_11_viv(c_xdevice...]
Compiling architecture xilinx of entity xfft_v9_0_14.adder [\adder(c_xdevicefamily="artix7",...]
Compiling architecture xilinx of entity xfft_v9_0_14.mux_bus4 [\mux_bus4(c_xdevicefamily="artix...]
Compiling architecture xilinx of entity xfft_v9_0_14.twgen_distmem [\twgen_distmem(theta_width=2,pip...]
Compiling architecture xilinx of entity xfft_v9_0_14.twiddle_gen [\twiddle_gen(c_xdevicefamily="ar...]
Compiling architecture xilinx of entity xfft_v9_0_14.r22_tw_gen [\r22_tw_gen(c_xdevicefamily="art...]
Compiling architecture xilinx of entity xfft_v9_0_14.shift_ram [\shift_ram(c_xdevicefamily="arti...]
Compiling architecture xilinx of entity xfft_v9_0_14.shift_ram [\shift_ram(c_xdevicefamily="arti...]
Compiling architecture xilinx of entity xfft_v9_0_14.r22_pe [\r22_pe(c_xdevicefamily="artix7"...]
Compiling architecture struct of entity c_shift_ram_v12_0_11.c_shift_ram_v12_0_11_legacy [\c_shift_ram_v12_0_11_legacy(c_x...]
Compiling architecture synth of entity c_shift_ram_v12_0_11.c_shift_ram_v12_0_11_viv [\c_shift_ram_v12_0_11_viv(c_xdev...]
Compiling architecture xilinx of entity xfft_v9_0_14.shift_ram [\shift_ram(c_xdevicefamily="arti...]
Compiling architecture xilinx of entity xfft_v9_0_14.shift_ram [\shift_ram(c_xdevicefamily="arti...]
Compiling architecture xilinx of entity xfft_v9_0_14.shift_ram [\shift_ram(c_xdevicefamily="arti...]
Compiling architecture xilinx of entity xfft_v9_0_14.shift_ram [\shift_ram(c_xdevicefamily="arti...]
Compiling architecture xilinx of entity xfft_v9_0_14.shift_ram [\shift_ram(c_xdevicefamily="arti...]
Compiling architecture xilinx of entity xfft_v9_0_14.shift_ram [\shift_ram(c_xdevicefamily="arti...]
Compiling architecture xilinx of entity xfft_v9_0_14.r22_bf_sp [\r22_bf_sp(c_xdevicefamily="arti...]
Compiling architecture xilinx of entity xfft_v9_0_14.arith_shift1 [\arith_shift1(c_xdevicefamily="a...]
Compiling architecture xilinx of entity xfft_v9_0_14.unbiased_round [\unbiased_round(c_xdevicefamily=...]
Compiling architecture xilinx of entity xfft_v9_0_14.shift_ram [\shift_ram(c_xdevicefamily="arti...]
Compiling architecture xilinx of entity xfft_v9_0_14.shift_ram [\shift_ram(c_xdevicefamily="arti...]
Compiling architecture xilinx of entity xfft_v9_0_14.shift_ram [\shift_ram(c_xdevicefamily="arti...]
Compiling architecture xilinx of entity xfft_v9_0_14.r22_pe [\r22_pe(c_xdevicefamily="artix7"...]
Compiling architecture xilinx of entity xfft_v9_0_14.shift_ram [\shift_ram(c_xdevicefamily="arti...]
Compiling architecture xilinx of entity xfft_v9_0_14.shift_ram [\shift_ram(c_xdevicefamily="arti...]
Compiling architecture xilinx of entity xfft_v9_0_14.shift_ram [\shift_ram(c_xdevicefamily="arti...]
Compiling architecture xilinx of entity xfft_v9_0_14.shift_ram [\shift_ram(c_xdevicefamily="arti...]
Compiling architecture xilinx of entity xfft_v9_0_14.dpm [\dpm(c_xdevicefamily="artix7",wm...]
Compiling architecture xilinx of entity xfft_v9_0_14.r22_memory [\r22_memory(c_xdevicefamily="art...]
Compiling architecture xilinx of entity xfft_v9_0_14.shift_ram [\shift_ram(c_xdevicefamily="arti...]
Compiling architecture xilinx of entity xfft_v9_0_14.shift_ram [\shift_ram(c_xdevicefamily="arti...]
Compiling architecture xilinx of entity xfft_v9_0_14.shift_ram [\shift_ram(c_xdevicefamily="arti...]
Compiling architecture xilinx of entity xfft_v9_0_14.shift_ram [\shift_ram(c_xdevicefamily="arti...]
Compiling architecture xilinx of entity xfft_v9_0_14.r22_busy [\r22_busy(c_xdevicefamily="artix...]
Compiling architecture xilinx of entity xfft_v9_0_14.shift_ram [\shift_ram(c_xdevicefamily="arti...]
Compiling architecture structural of entity c_reg_fd_v12_0_4.c_reg_fd_v12_0_4_viv [\c_reg_fd_v12_0_4_viv(c_width=9,...]
Compiling architecture muxcy_v of entity unisim.MUXCY [muxcy_default]
Compiling architecture xorcy_v of entity unisim.XORCY [xorcy_default]
Compiling architecture rtl of entity c_addsub_v12_0_11.c_addsub_v12_0_11_lut6_legacy [\c_addsub_v12_0_11_lut6_legacy(c...]
Compiling architecture synth of entity c_addsub_v12_0_11.c_addsub_v12_0_11_fabric_legacy [\c_addsub_v12_0_11_fabric_legacy...]
Compiling architecture synth of entity c_addsub_v12_0_11.c_addsub_v12_0_11_legacy [\c_addsub_v12_0_11_legacy(c_fami...]
Compiling architecture synth of entity c_addsub_v12_0_11.c_addsub_v12_0_11_viv [\c_addsub_v12_0_11_viv(c_xdevice...]
Compiling architecture lut6_v of entity unisim.LUT6 [\LUT6(init="10010000000010010000...]
Compiling architecture xilinx of entity xfft_v9_0_14.equ_rtl [\equ_rtl(c_xdevicefamily="artix7...]
Compiling architecture fdre_v of entity unisim.FDRE [fdre_default]
Compiling architecture xilinx of entity xfft_v9_0_14.cnt_tc_rtl_a [\cnt_tc_rtl_a(c_xdevicefamily="a...]
Compiling architecture struct of entity c_shift_ram_v12_0_11.c_shift_ram_v12_0_11_legacy [\c_shift_ram_v12_0_11_legacy(c_x...]
Compiling architecture synth of entity c_shift_ram_v12_0_11.c_shift_ram_v12_0_11_viv [\c_shift_ram_v12_0_11_viv(c_xdev...]
Compiling architecture xilinx of entity xfft_v9_0_14.shift_ram [\shift_ram(c_xdevicefamily="arti...]
Compiling architecture xilinx of entity xfft_v9_0_14.r22_flow_ctrl [\r22_flow_ctrl(c_xdevicefamily="...]
Compiling architecture lut3_v of entity unisim.LUT3 [\LUT3(init="10101110")(0,7)\]
Compiling architecture xilinx of entity xfft_v9_0_14.r22_cnt_ctrl [\r22_cnt_ctrl(c_xdevicefamily="a...]
Compiling architecture srl16e_v of entity unisim.SRL16E [\SRL16E(0,15)\]
Compiling architecture xilinx of entity xfft_v9_0_14.shift_ram [\shift_ram(c_xdevicefamily="arti...]
Compiling architecture fdr_v of entity unisim.FDR [fdr_default]
Compiling architecture xilinx of entity xfft_v9_0_14.shift_ram [\shift_ram(c_xdevicefamily="arti...]
Compiling architecture xilinx of entity xfft_v9_0_14.shift_ram [\shift_ram(c_xdevicefamily="arti...]
Compiling architecture xilinx of entity xfft_v9_0_14.xfft_v9_0_14_d [\xfft_v9_0_14_d(c_xdevicefamily=...]
Compiling architecture synth of entity xfft_v9_0_14.xfft_v9_0_14_core [\xfft_v9_0_14_core(c_xdevicefami...]
Compiling architecture synth of entity xfft_v9_0_14.xfft_v9_0_14_viv [\xfft_v9_0_14_viv(c_xdevicefamil...]
Compiling architecture xilinx of entity xfft_v9_0_14.xfft_v9_0_14 [\xfft_v9_0_14(c_xdevicefamily="a...]
Compiling architecture fft_transform_arch of entity xil_defaultlib.FFT_transform [fft_transform_default]
Compiling architecture gnd_v of entity unisim.GND [gnd_default]
Compiling architecture rb18_internal_vhdl_v of entity unisim.RB18_INTERNAL_VHDL [\RB18_INTERNAL_VHDL(bram_size=18...]
Compiling architecture ramb18e1_v of entity unisim.RAMB18E1 [\RAMB18E1(doa_reg=1,dob_reg=1,re...]
Compiling architecture structure of entity xil_defaultlib.freq_memo_blk_mem_gen_prim_wrapper [freq_memo_blk_mem_gen_prim_wrapp...]
Compiling architecture structure of entity xil_defaultlib.freq_memo_blk_mem_gen_prim_width [freq_memo_blk_mem_gen_prim_width...]
Compiling architecture structure of entity xil_defaultlib.freq_memo_blk_mem_gen_generic_cstr [freq_memo_blk_mem_gen_generic_cs...]
Compiling architecture structure of entity xil_defaultlib.freq_memo_blk_mem_gen_top [freq_memo_blk_mem_gen_top_defaul...]
Compiling architecture structure of entity xil_defaultlib.freq_memo_blk_mem_gen_v8_4_1_synth [freq_memo_blk_mem_gen_v8_4_1_syn...]
Compiling architecture structure of entity xil_defaultlib.freq_memo_blk_mem_gen_v8_4_1 [freq_memo_blk_mem_gen_v8_4_1_def...]
Compiling architecture structure of entity xil_defaultlib.freq_memo [freq_memo_default]
Compiling architecture behavioral of entity xil_defaultlib.transform_controller [transform_controller_default]
Compiling architecture behavioral of entity xil_defaultlib.tb_transform
Built simulation snapshot tb_transform_behav
run_program: Time (s): cpu = 00:01:23 ; elapsed = 00:01:17 . Memory (MB): peak = 6216.727 ; gain = 0.000 ; free physical = 1121 ; free virtual = 6785
INFO: [USF-XSim-69] 'elaborate' step finished in '77' seconds
INFO: [USF-XSim-4] XSim::Simulate design
INFO: [USF-XSim-61] Executing 'SIMULATE' step in '/home/joterom/workspace/OctaveSax/Vivado/octave_main/octave_main.sim/sim_1/behav/xsim'
INFO: [USF-XSim-98] *** Running xsim
   with args "tb_transform_behav -key {Behavioral:sim_1:Functional:tb_transform} -tclbatch {tb_transform.tcl} -view {/home/joterom/workspace/OctaveSax/Vivado/octave_main/octave_main.srcs/sim_1/imports/octave_main/test.wcfg} -view {/home/joterom/workspace/OctaveSax/Vivado/octave_main/window_tb_behav.wcfg} -view {/home/joterom/workspace/OctaveSax/Vivado/octave_main/fft.wcfg} -log {simulate.log}"
INFO: [USF-XSim-8] Loading simulator feature
Vivado Simulator 2017.4
Time resolution is 1 ps
open_wave_config /home/joterom/workspace/OctaveSax/Vivado/octave_main/octave_main.srcs/sim_1/imports/octave_main/test.wcfg
WARNING: Simulation object /main_tb/clk_100MHz was not found in the design.
WARNING: Simulation object /main_tb/clk_50MHz was not found in the design.
WARNING: Simulation object /main_tb/UUT/MCLK was not found in the design.
WARNING: Simulation object /main_tb/UUT/SCLK was not found in the design.
WARNING: Simulation object /main_tb/UUT/LR_W_SEL was not found in the design.
WARNING: Simulation object /main_tb/UUT/frame_number was not found in the design.
WARNING: Simulation object /main_tb/DATA_IN was not found in the design.
WARNING: Simulation object /main_tb/UUT/DATA_OUT was not found in the design.
WARNING: Simulation object /main_tb/UUT/output_sample was not found in the design.
WARNING: Simulation object /main_tb/UUT/sample_towrite was not found in the design.
WARNING: Simulation object /main_tb/UUT/sample_towrite was not found in the design.
WARNING: Simulation object /main_tb/UUT/input_reg was not found in the design.
WARNING: Simulation object /main_tb/UUT/input_state was not found in the design.
WARNING: Simulation object /main_tb/UUT/event_new_frame was not found in the design.
WARNING: Simulation object /main_tb/UUT/sample_in_ready was not found in the design.
WARNING: Simulation object /main_tb/UUT/event_write was not found in the design.
WARNING: Simulation object /main_tb/UUT/counter_buf0 was not found in the design.
WARNING: Simulation object /main_tb/UUT/counter_buf1 was not found in the design.
WARNING: Simulation object /main_tb/UUT/counter_buf2 was not found in the design.
WARNING: Simulation object /main_tb/UUT/counter_buf3 was not found in the design.
WARNING: Simulation object /main_tb/UUT/winbuf0 was not found in the design.
WARNING: Simulation object /main_tb/UUT/winbuf1 was not found in the design.
WARNING: Simulation object /main_tb/UUT/winbuf2 was not found in the design.
WARNING: Simulation object /main_tb/UUT/winbuf3 was not found in the design.
WARNING: Simulation object /main_tb/UUT/start_reading was not found in the design.
WARNING: Simulation object /main_tb/UUT/sample_towrite_ready was not found in the design.
WARNING: Simulation object /main_tb/UUT/event_read was not found in the design.
WARNING: Simulation object /main_tb/UUT/output_read was not found in the design.
WARNING: Simulation object /main_tb/UUT/out_ready_inmemo was not found in the design.
WARNING: Simulation object /main_tb/UUT/counter_buf0r was not found in the design.
WARNING: Simulation object /main_tb/UUT/counter_buf1r was not found in the design.
WARNING: Simulation object /main_tb/UUT/counter_buf2r was not found in the design.
WARNING: Simulation object /main_tb/UUT/counter_buf3r was not found in the design.
WARNING: Simulation object /main_tb/UUT/read_buffer0 was not found in the design.
WARNING: Simulation object /main_tb/UUT/read_buffer1 was not found in the design.
WARNING: Simulation object /main_tb/UUT/read_buffer2 was not found in the design.
WARNING: Simulation object /main_tb/UUT/read_buffer3 was not found in the design.
WARNING: Simulation object /main_tb/UUT/start_proc_win was not found in the design.
WARNING: Simulation object /main_tb/UUT/end_proc_win was not found in the design.
WARNING: Simulation object /main_tb/UUT/win_stage was not found in the design.
WARNING: Simulation object /main_tb/UUT/for_inv was not found in the design.
WARNING: Simulation object /main_tb/UUT/WIN1/multiplicand was not found in the design.
WARNING: Simulation object /main_tb/UUT/WIN1/sample_number was not found in the design.
WARNING: Simulation object /main_tb/UUT/espera was not found in the design.
WARNING: Simulation object /main_tb/UUT/win_result was not found in the design.
WARNING: Simulation object /main_tb/UUT/INPUT_MEMO/contador was not found in the design.
WARNING: Simulation object /main_tb/UUT/memo_event_inmemo was not found in the design.
WARNING: Simulation object /main_tb/UUT/INPUT_MEMO/use_mem was not found in the design.
WARNING: Simulation object /main_tb/UUT/INPUT_MEMO/sample_in was not found in the design.
WARNING: Simulation object /main_tb/UUT/address_inmemo was not found in the design.
WARNING: Simulation object /main_tb/UUT/samp_out_inmemo was not found in the design.
WARNING: Simulation object /main_tb/UUT/address_buf0 was not found in the design.
WARNING: Simulation object /main_tb/UUT/address_buf0r was not found in the design.
WARNING: Simulation object /main_tb/UUT/INPUT_MEMO/ena0 was not found in the design.
WARNING: Simulation object /main_tb/UUT/INPUT_MEMO/wea0 was not found in the design.
WARNING: Simulation object /main_tb/UUT/INPUT_MEMO/add0 was not found in the design.
WARNING: Simulation object /main_tb/UUT/INPUT_MEMO/douta0 was not found in the design.
WARNING: Simulation object /main_tb/UUT/address_buf1 was not found in the design.
WARNING: Simulation object /main_tb/UUT/address_buf1r was not found in the design.
WARNING: Simulation object /main_tb/UUT/INPUT_MEMO/ena1 was not found in the design.
WARNING: Simulation object /main_tb/UUT/INPUT_MEMO/wea1 was not found in the design.
WARNING: Simulation object /main_tb/UUT/INPUT_MEMO/add1 was not found in the design.
WARNING: Simulation object /main_tb/UUT/INPUT_MEMO/douta1 was not found in the design.
WARNING: Simulation object /main_tb/UUT/address_buf2 was not found in the design.
WARNING: Simulation object /main_tb/UUT/address_buf2r was not found in the design.
WARNING: Simulation object /main_tb/UUT/INPUT_MEMO/ena2 was not found in the design.
WARNING: Simulation object /main_tb/UUT/INPUT_MEMO/wea2 was not found in the design.
WARNING: Simulation object /main_tb/UUT/INPUT_MEMO/add2 was not found in the design.
WARNING: Simulation object /main_tb/UUT/INPUT_MEMO/douta2 was not found in the design.
WARNING: Simulation object /main_tb/UUT/address_buf3 was not found in the design.
WARNING: Simulation object /main_tb/UUT/address_buf3r was not found in the design.
WARNING: Simulation object /main_tb/UUT/INPUT_MEMO/ena3 was not found in the design.
WARNING: Simulation object /main_tb/UUT/INPUT_MEMO/wea3 was not found in the design.
WARNING: Simulation object /main_tb/UUT/INPUT_MEMO/add3 was not found in the design.
WARNING: Simulation object /main_tb/UUT/INPUT_MEMO/douta3 was not found in the design.
open_wave_config /home/joterom/workspace/OctaveSax/Vivado/octave_main/window_tb_behav.wcfg
WARNING: Simulation object /window_tb/UUT/clk was not found in the design.
WARNING: Simulation object /window_tb/UUT/for_inv was not found in the design.
WARNING: Simulation object /window_tb/UUT/start_proc_win was not found in the design.
WARNING: Simulation object /window_tb/end_proc_win was not found in the design.
WARNING: Simulation object /window_tb/UUT/window_data was not found in the design.
WARNING: Simulation object /window_tb/UUT/window_data_i was not found in the design.
WARNING: Simulation object /window_tb/UUT/pre_win was not found in the design.
WARNING: Simulation object /window_tb/UUT/multiplicand was not found in the design.
WARNING: Simulation object /window_tb/UUT/result_pre was not found in the design.
WARNING: Simulation object /window_tb/UUT/result was not found in the design.
open_wave_config /home/joterom/workspace/OctaveSax/Vivado/octave_main/fft.wcfg
source tb_transform.tcl
# set curr_wave [current_wave_config]
# if { [string length $curr_wave] == 0 } {
#   if { [llength [get_objects]] > 0} {
#     add_wave /
#     set_property needs_save false [current_wave_config]
#   } else {
#      send_msg_id Add_Wave-1 WARNING "No top level signals found. Simulator will start without a wave window. If you want to open a wave window go to 'File->New Waveform Configuration' or type 'create_wave_config' in the TCL console."
#   }
# }
# run 1000ns
INFO: [USF-XSim-96] XSim completed. Design snapshot 'tb_transform_behav' loaded.
INFO: [USF-XSim-97] XSim simulation ran for 1000ns
launch_simulation: Time (s): cpu = 00:01:31 ; elapsed = 00:01:25 . Memory (MB): peak = 6315.609 ; gain = 98.883 ; free physical = 1048 ; free virtual = 6717
restart
INFO: [Simtcl 6-17] Simulation restarted
restart
INFO: [Simtcl 6-17] Simulation restarted
run 12 ms
INFO: [Common 17-41] Interrupt caught. Command should exit soon.
run: Time (s): cpu = 00:00:05 ; elapsed = 00:00:23 . Memory (MB): peak = 6352.652 ; gain = 0.000 ; free physical = 1037 ; free virtual = 6708
INFO: [Common 17-344] 'run' was cancelled
save_wave_config {/home/joterom/workspace/OctaveSax/Vivado/octave_main/fft.wcfg}
close_sim
INFO: [Simtcl 6-16] Simulation closed
exit
INFO: [Common 17-206] Exiting Vivado at Mon Apr 29 16:28:26 2019...
