#-----------------------------------------------------------
# Vivado v2017.2 (64-bit)
# SW Build 1909853 on Thu Jun 15 18:39:09 MDT 2017
# IP Build 1909766 on Thu Jun 15 19:58:00 MDT 2017
# Start of session at: Mon Jan 28 11:55:18 2019
# Process ID: 2972
# Current directory: D:/UNI/TFG/OctaveSax/Vivado/octave_main
# Command line: vivado.exe -gui_launcher_event rodinguilauncherevent2552 D:\UNI\TFG\OctaveSax\Vivado\octave_main\octave_main.xpr
# Log file: D:/UNI/TFG/OctaveSax/Vivado/octave_main/vivado.log
# Journal file: D:/UNI/TFG/OctaveSax/Vivado/octave_main\vivado.jou
#-----------------------------------------------------------
start_gui
open_project D:/UNI/TFG/OctaveSax/Vivado/octave_main/octave_main.xpr
Scanning sources...
Finished scanning sources
INFO: [IP_Flow 19-234] Refreshing IP repositories
INFO: [IP_Flow 19-1704] No user IP repositories specified
INFO: [IP_Flow 19-2313] Loaded Vivado IP repository 'C:/Xilinx/Vivado/2017.2/data/ip'.
open_project: Time (s): cpu = 00:00:10 ; elapsed = 00:00:06 . Memory (MB): peak = 733.820 ; gain = 55.402
exit
INFO: [Common 17-206] Exiting Vivado at Mon Jan 28 12:55:59 2019...
