#-----------------------------------------------------------
# Vivado v2017.4 (64-bit)
# SW Build 2086221 on Fri Dec 15 20:55:39 MST 2017
# IP Build 2085800 on Fri Dec 15 22:25:07 MST 2017
# Start of session at: Sun Apr 14 11:08:43 2019
# Process ID: 10744
# Current directory: D:/UNI/TFG/OctaveSax/Vivado/octave_main
# Command line: vivado.exe -gui_launcher_event rodinguilauncherevent14472 D:\UNI\TFG\OctaveSax\Vivado\octave_main\octave_main.xpr
# Log file: D:/UNI/TFG/OctaveSax/Vivado/octave_main/vivado.log
# Journal file: D:/UNI/TFG/OctaveSax/Vivado/octave_main\vivado.jou
#-----------------------------------------------------------
start_gui
open_project D:/UNI/TFG/OctaveSax/Vivado/octave_main/octave_main.xpr
INFO: [Project 1-313] Project file moved from '/home/joterom/workspace/OctaveSax/Vivado/octave_main' since last save.
Scanning sources...
Finished scanning sources
INFO: [IP_Flow 19-234] Refreshing IP repositories
INFO: [IP_Flow 19-1704] No user IP repositories specified
INFO: [IP_Flow 19-2313] Loaded Vivado IP repository 'C:/Xilinx/Vivado/2017.4/data/ip'.
open_project: Time (s): cpu = 00:00:10 ; elapsed = 00:00:07 . Memory (MB): peak = 751.723 ; gain = 68.340
set_property SOURCE_SET sources_1 [get_filesets sim_1]
close [ open D:/UNI/TFG/OctaveSax/Vivado/octave_main/octave_main.srcs/sim_1/new/memo_tb.vhd w ]
add_files -fileset sim_1 D:/UNI/TFG/OctaveSax/Vivado/octave_main/octave_main.srcs/sim_1/new/memo_tb.vhd
exit
INFO: [Common 17-206] Exiting Vivado at Sun Apr 14 11:22:49 2019...
