#-----------------------------------------------------------
# Vivado v2017.4 (64-bit)
# SW Build 2086221 on Fri Dec 15 20:55:39 MST 2017
# IP Build 2085800 on Fri Dec 15 22:25:07 MST 2017
# Start of session at: Fri Apr 19 11:29:24 2019
# Process ID: 12508
# Current directory: D:/UNI/TFG/OctaveSax/Vivado/octave_main
# Command line: vivado.exe -gui_launcher_event rodinguilauncherevent11016 D:\UNI\TFG\OctaveSax\Vivado\octave_main\octave_main.xpr
# Log file: D:/UNI/TFG/OctaveSax/Vivado/octave_main/vivado.log
# Journal file: D:/UNI/TFG/OctaveSax/Vivado/octave_main\vivado.jou
#-----------------------------------------------------------
start_gui
open_project D:/UNI/TFG/OctaveSax/Vivado/octave_main/octave_main.xpr
Scanning sources...
Finished scanning sources
INFO: [IP_Flow 19-234] Refreshing IP repositories
INFO: [IP_Flow 19-1704] No user IP repositories specified
INFO: [IP_Flow 19-2313] Loaded Vivado IP repository 'C:/Xilinx/Vivado/2017.4/data/ip'.
open_project: Time (s): cpu = 00:00:11 ; elapsed = 00:00:08 . Memory (MB): peak = 751.426 ; gain = 55.797
set_property is_enabled false [get_files  D:/UNI/TFG/OctaveSax/Vivado/octave_main/octave_main.srcs/sources_1/ip/ram_memo/ram_memo.xci]
launch_simulation
INFO: [Vivado 12-5698] Checking validity of IPs in the design for the 'XSim' simulator...
INFO: [Vivado 12-5682] Launching behavioral simulation in 'D:/UNI/TFG/OctaveSax/Vivado/octave_main/octave_main.sim/sim_1/behav/xsim'
INFO: [Vivado 12-4795] Using compiled simulation libraries for IPs
INFO: [SIM-utils-51] Simulation object is 'sim_1'
INFO: [USF-XSim-7] Finding pre-compiled libraries...
INFO: [USF-XSim-11] File 'C:/Xilinx/Vivado/2017.4/data/xsim/ip/xsim_ip.ini' copied to run dir:'D:/UNI/TFG/OctaveSax/Vivado/octave_main/octave_main.sim/sim_1/behav/xsim'
INFO: [SIM-utils-54] Inspecting design source files for 'main_tb' in fileset 'sim_1'...
INFO: [USF-XSim-97] Finding global include files...
INFO: [USF-XSim-100] Fetching design files from 'sources_1'...(this may take a while)...
INFO: [USF-XSim-101] Fetching design files from 'sim_1'...
INFO: [USF-XSim-2] XSim::Compile design
INFO: [USF-XSim-61] Executing 'COMPILE and ANALYZE' step in 'D:/UNI/TFG/OctaveSax/Vivado/octave_main/octave_main.sim/sim_1/behav/xsim'
"xvlog --incr --relax -prj main_tb_vlog.prj"
"xvhdl --incr --relax -prj main_tb_vhdl.prj"
INFO: [USF-XSim-69] 'compile' step finished in '2' seconds
INFO: [USF-XSim-3] XSim::Elaborate design
INFO: [USF-XSim-61] Executing 'ELABORATE' step in 'D:/UNI/TFG/OctaveSax/Vivado/octave_main/octave_main.sim/sim_1/behav/xsim'
Vivado Simulator 2017.4
Copyright 1986-1999, 2001-2016 Xilinx, Inc. All Rights Reserved.
Running: C:/Xilinx/Vivado/2017.4/bin/unwrapped/win64.o/xelab.exe -wto 0c9c3a36965041288ce87ec04c26eca9 --incr --debug typical --relax --mt 2 -L xil_defaultlib -L unisims_ver -L unimacro_ver -L secureip -L xpm --snapshot main_tb_behav xil_defaultlib.main_tb xil_defaultlib.glbl -log elaborate.log 
Using 2 slave threads.
Starting static elaboration
WARNING: [VRFC 10-516] comparison between unequal length arrays always returns FALSE [D:/UNI/TFG/OctaveSax/Vivado/octave_main/octave_main.srcs/sources_1/new/master_controller.vhd:726]
WARNING: [VRFC 10-516] comparison between unequal length arrays always returns FALSE [D:/UNI/TFG/OctaveSax/Vivado/octave_main/octave_main.srcs/sources_1/new/master_controller.vhd:733]
WARNING: [VRFC 10-516] comparison between unequal length arrays always returns FALSE [D:/UNI/TFG/OctaveSax/Vivado/octave_main/octave_main.srcs/sources_1/new/master_controller.vhd:740]
WARNING: [VRFC 10-516] comparison between unequal length arrays always returns FALSE [D:/UNI/TFG/OctaveSax/Vivado/octave_main/octave_main.srcs/sources_1/new/master_controller.vhd:747]
WARNING: [VRFC 10-516] comparison between unequal length arrays always returns FALSE [D:/UNI/TFG/OctaveSax/Vivado/octave_main/octave_main.srcs/sources_1/new/master_controller.vhd:765]
WARNING: [VRFC 10-516] comparison between unequal length arrays always returns FALSE [D:/UNI/TFG/OctaveSax/Vivado/octave_main/octave_main.srcs/sources_1/new/master_controller.vhd:772]
WARNING: [VRFC 10-516] comparison between unequal length arrays always returns FALSE [D:/UNI/TFG/OctaveSax/Vivado/octave_main/octave_main.srcs/sources_1/new/master_controller.vhd:779]
WARNING: [VRFC 10-516] comparison between unequal length arrays always returns FALSE [D:/UNI/TFG/OctaveSax/Vivado/octave_main/octave_main.srcs/sources_1/new/master_controller.vhd:786]
Completed static elaboration
INFO: [XSIM 43-4323] No Change in HDL. Linking previously generated obj files to create kernel
INFO: [USF-XSim-69] 'elaborate' step finished in '3' seconds
INFO: [USF-XSim-4] XSim::Simulate design
INFO: [USF-XSim-61] Executing 'SIMULATE' step in 'D:/UNI/TFG/OctaveSax/Vivado/octave_main/octave_main.sim/sim_1/behav/xsim'
INFO: [USF-XSim-98] *** Running xsim
   with args "main_tb_behav -key {Behavioral:sim_1:Functional:main_tb} -tclbatch {main_tb.tcl} -view {D:/UNI/TFG/OctaveSax/Vivado/octave_main/octave_main.srcs/sim_1/imports/octave_main/test.wcfg} -view {D:/UNI/TFG/OctaveSax/Vivado/octave_main/window_tb_behav.wcfg} -view {D:/UNI/TFG/OctaveSax/Vivado/octave_main/fft.wcfg} -log {simulate.log}"
INFO: [USF-XSim-8] Loading simulator feature
Vivado Simulator 2017.4
Time resolution is 1 ps
open_wave_config D:/UNI/TFG/OctaveSax/Vivado/octave_main/octave_main.srcs/sim_1/imports/octave_main/test.wcfg
open_wave_config D:/UNI/TFG/OctaveSax/Vivado/octave_main/window_tb_behav.wcfg
WARNING: Simulation object /window_tb/UUT/clk was not found in the design.
WARNING: Simulation object /window_tb/UUT/for_inv was not found in the design.
WARNING: Simulation object /window_tb/UUT/start_proc_win was not found in the design.
WARNING: Simulation object /window_tb/end_proc_win was not found in the design.
WARNING: Simulation object /window_tb/UUT/window_data was not found in the design.
WARNING: Simulation object /window_tb/UUT/window_data_i was not found in the design.
WARNING: Simulation object /window_tb/UUT/pre_win was not found in the design.
WARNING: Simulation object /window_tb/UUT/multiplicand was not found in the design.
WARNING: Simulation object /window_tb/UUT/result_pre was not found in the design.
WARNING: Simulation object /window_tb/UUT/result was not found in the design.
open_wave_config D:/UNI/TFG/OctaveSax/Vivado/octave_main/fft.wcfg
WARNING: Simulation object /tb_transform/clk was not found in the design.
WARNING: Simulation object /tb_transform/enable_fft was not found in the design.
WARNING: Simulation object /tb_transform/event_frame_started was not found in the design.
WARNING: Simulation object /tb_transform/event_tlast_unexpected was not found in the design.
WARNING: Simulation object /tb_transform/event_tlast_missing was not found in the design.
WARNING: Simulation object /tb_transform/event_status_channel_halt was not found in the design.
WARNING: Simulation object /tb_transform/event_data_in_channel_halt was not found in the design.
WARNING: Simulation object /tb_transform/event_data_out_channel_halt was not found in the design.
WARNING: Simulation object /tb_transform/config_tvalid was not found in the design.
WARNING: Simulation object /tb_transform/config_tready was not found in the design.
WARNING: Simulation object /tb_transform/input_tvalid was not found in the design.
WARNING: Simulation object /tb_transform/input_tready was not found in the design.
WARNING: Simulation object /tb_transform/input_tlast was not found in the design.
WARNING: Simulation object /tb_transform/output_tvalid was not found in the design.
WARNING: Simulation object /tb_transform/output_tready was not found in the design.
WARNING: Simulation object /tb_transform/output_tlast was not found in the design.
WARNING: Simulation object /tb_transform/config_data was not found in the design.
WARNING: Simulation object /tb_transform/output_user was not found in the design.
WARNING: Simulation object /tb_transform/input_data was not found in the design.
WARNING: Simulation object /tb_transform/re_in was not found in the design.
WARNING: Simulation object /tb_transform/im_in was not found in the design.
WARNING: Simulation object /tb_transform/output_data was not found in the design.
WARNING: Simulation object /tb_transform/re_out was not found in the design.
WARNING: Simulation object /tb_transform/im_out was not found in the design.
source main_tb.tcl
# set curr_wave [current_wave_config]
# if { [string length $curr_wave] == 0 } {
#   if { [llength [get_objects]] > 0} {
#     add_wave /
#     set_property needs_save false [current_wave_config]
#   } else {
#      send_msg_id Add_Wave-1 WARNING "No top level signals found. Simulator will start without a wave window. If you want to open a wave window go to 'File->New Waveform Configuration' or type 'create_wave_config' in the TCL console."
#   }
# }
# run 1000ns
INFO: [USF-XSim-96] XSim completed. Design snapshot 'main_tb_behav' loaded.
INFO: [USF-XSim-97] XSim simulation ran for 1000ns
launch_simulation: Time (s): cpu = 00:00:07 ; elapsed = 00:00:09 . Memory (MB): peak = 797.621 ; gain = 29.289
restart
INFO: [Simtcl 6-17] Simulation restarted
run 20 ms
run: Time (s): cpu = 00:00:21 ; elapsed = 00:00:28 . Memory (MB): peak = 819.957 ; gain = 6.715
relaunch_sim
INFO: [Vivado 12-5698] Checking validity of IPs in the design for the 'XSim' simulator...
INFO: [Vivado 12-5682] Launching behavioral simulation in 'D:/UNI/TFG/OctaveSax/Vivado/octave_main/octave_main.sim/sim_1/behav/xsim'
INFO: [Vivado 12-4795] Using compiled simulation libraries for IPs
INFO: [SIM-utils-51] Simulation object is 'sim_1'
INFO: [USF-XSim-7] Finding pre-compiled libraries...
INFO: [USF-XSim-11] File 'C:/Xilinx/Vivado/2017.4/data/xsim/ip/xsim_ip.ini' copied to run dir:'D:/UNI/TFG/OctaveSax/Vivado/octave_main/octave_main.sim/sim_1/behav/xsim'
INFO: [SIM-utils-54] Inspecting design source files for 'main_tb' in fileset 'sim_1'...
INFO: [USF-XSim-97] Finding global include files...
INFO: [USF-XSim-100] Fetching design files from 'sources_1'...(this may take a while)...
INFO: [USF-XSim-101] Fetching design files from 'sim_1'...
INFO: [USF-XSim-2] XSim::Compile design
INFO: [USF-XSim-61] Executing 'COMPILE and ANALYZE' step in 'D:/UNI/TFG/OctaveSax/Vivado/octave_main/octave_main.sim/sim_1/behav/xsim'
"xvlog --incr --relax -prj main_tb_vlog.prj"
"xvhdl --incr --relax -prj main_tb_vhdl.prj"
INFO: [VRFC 10-163] Analyzing VHDL file "D:/UNI/TFG/OctaveSax/Vivado/octave_main/octave_main.srcs/sources_1/new/master_controller.vhd" into library xil_defaultlib
INFO: [VRFC 10-307] analyzing entity master_controller
INFO: [USF-XSim-69] 'compile' step finished in '2' seconds
INFO: [Vivado 12-5698] Checking validity of IPs in the design for the 'XSim' simulator...
INFO: [Vivado 12-5682] Launching behavioral simulation in 'D:/UNI/TFG/OctaveSax/Vivado/octave_main/octave_main.sim/sim_1/behav/xsim'
INFO: [Vivado 12-4795] Using compiled simulation libraries for IPs
INFO: [USF-XSim-3] XSim::Elaborate design
INFO: [USF-XSim-61] Executing 'ELABORATE' step in 'D:/UNI/TFG/OctaveSax/Vivado/octave_main/octave_main.sim/sim_1/behav/xsim'
Vivado Simulator 2017.4
Copyright 1986-1999, 2001-2016 Xilinx, Inc. All Rights Reserved.
Running: C:/Xilinx/Vivado/2017.4/bin/unwrapped/win64.o/xelab.exe -wto 0c9c3a36965041288ce87ec04c26eca9 --incr --debug typical --relax --mt 2 -L xil_defaultlib -L unisims_ver -L unimacro_ver -L secureip -L xpm --snapshot main_tb_behav xil_defaultlib.main_tb xil_defaultlib.glbl -log elaborate.log 
Using 2 slave threads.
Starting static elaboration
WARNING: [VRFC 10-516] comparison between unequal length arrays always returns FALSE [D:/UNI/TFG/OctaveSax/Vivado/octave_main/octave_main.srcs/sources_1/new/master_controller.vhd:732]
WARNING: [VRFC 10-516] comparison between unequal length arrays always returns FALSE [D:/UNI/TFG/OctaveSax/Vivado/octave_main/octave_main.srcs/sources_1/new/master_controller.vhd:739]
WARNING: [VRFC 10-516] comparison between unequal length arrays always returns FALSE [D:/UNI/TFG/OctaveSax/Vivado/octave_main/octave_main.srcs/sources_1/new/master_controller.vhd:746]
WARNING: [VRFC 10-516] comparison between unequal length arrays always returns FALSE [D:/UNI/TFG/OctaveSax/Vivado/octave_main/octave_main.srcs/sources_1/new/master_controller.vhd:753]
WARNING: [VRFC 10-516] comparison between unequal length arrays always returns FALSE [D:/UNI/TFG/OctaveSax/Vivado/octave_main/octave_main.srcs/sources_1/new/master_controller.vhd:771]
WARNING: [VRFC 10-516] comparison between unequal length arrays always returns FALSE [D:/UNI/TFG/OctaveSax/Vivado/octave_main/octave_main.srcs/sources_1/new/master_controller.vhd:778]
WARNING: [VRFC 10-516] comparison between unequal length arrays always returns FALSE [D:/UNI/TFG/OctaveSax/Vivado/octave_main/octave_main.srcs/sources_1/new/master_controller.vhd:785]
WARNING: [VRFC 10-516] comparison between unequal length arrays always returns FALSE [D:/UNI/TFG/OctaveSax/Vivado/octave_main/octave_main.srcs/sources_1/new/master_controller.vhd:792]
Completed static elaboration
Starting simulation data flow analysis
Completed simulation data flow analysis
Time Resolution for simulation is 1ps
Compiling package std.standard
Compiling package std.textio
Compiling package ieee.std_logic_1164
Compiling package ieee.numeric_std
Compiling package xil_defaultlib.project_trunk
Compiling package unisim.vcomponents
Compiling package ieee.std_logic_arith
Compiling package ieee.std_logic_signed
Compiling package ieee.std_logic_textio
Compiling package ieee.vital_timing
Compiling package ieee.vital_primitives
Compiling package unisim.vpkg
Compiling module xil_defaultlib.glbl
Compiling architecture behavioral of entity xil_defaultlib.sampling [sampling_default]
Compiling architecture behavioral of entity xil_defaultlib.shift_register [shift_register_default]
Compiling architecture gnd_v of entity unisim.GND [gnd_default]
Compiling architecture rb18_internal_vhdl_v of entity unisim.RB18_INTERNAL_VHDL [\RB18_INTERNAL_VHDL(bram_size=18...]
Compiling architecture ramb18e1_v of entity unisim.RAMB18E1 [\RAMB18E1(doa_reg=1,dob_reg=1,re...]
Compiling architecture structure of entity xil_defaultlib.freq_short_memo_blk_mem_gen_prim_wrapper [freq_short_memo_blk_mem_gen_prim...]
Compiling architecture structure of entity xil_defaultlib.freq_short_memo_blk_mem_gen_prim_width [freq_short_memo_blk_mem_gen_prim...]
Compiling architecture structure of entity xil_defaultlib.freq_short_memo_blk_mem_gen_generic_cstr [freq_short_memo_blk_mem_gen_gene...]
Compiling architecture structure of entity xil_defaultlib.freq_short_memo_blk_mem_gen_top [freq_short_memo_blk_mem_gen_top_...]
Compiling architecture structure of entity xil_defaultlib.freq_short_memo_blk_mem_gen_v8_4_1_synth [freq_short_memo_blk_mem_gen_v8_4...]
Compiling architecture structure of entity xil_defaultlib.freq_short_memo_blk_mem_gen_v8_4_1 [freq_short_memo_blk_mem_gen_v8_4...]
Compiling architecture structure of entity xil_defaultlib.freq_short_memo [freq_short_memo_default]
Compiling architecture behavioral of entity xil_defaultlib.manager_memo [manager_memo_default]
Compiling architecture behavioral of entity xil_defaultlib.stft_window_rom [stft_window_rom_default]
Compiling architecture behavioral of entity xil_defaultlib.istft_window_rom [istft_window_rom_default]
Compiling architecture behavioral of entity xil_defaultlib.window_controller [window_controller_default]
Compiling architecture behavioral of entity xil_defaultlib.fsm_control [fsm_control_default]
Compiling architecture behavioral of entity xil_defaultlib.master_controller [master_controller_default]
Compiling architecture behavioral of entity xil_defaultlib.main_tb
Built simulation snapshot main_tb_behav
run_program: Time (s): cpu = 00:00:00 ; elapsed = 00:00:05 . Memory (MB): peak = 839.301 ; gain = 0.000
INFO: [USF-XSim-69] 'elaborate' step finished in '5' seconds
launch_simulation: Time (s): cpu = 00:00:00 ; elapsed = 00:00:05 . Memory (MB): peak = 839.301 ; gain = 0.000
Vivado Simulator 2017.4
Time resolution is 1 ps
relaunch_sim: Time (s): cpu = 00:00:02 ; elapsed = 00:00:10 . Memory (MB): peak = 839.301 ; gain = 0.000
restart
INFO: [Simtcl 6-17] Simulation restarted
run 20 ms
run: Time (s): cpu = 00:00:15 ; elapsed = 00:00:27 . Memory (MB): peak = 839.301 ; gain = 0.000
relaunch_sim
INFO: [Vivado 12-5698] Checking validity of IPs in the design for the 'XSim' simulator...
INFO: [Vivado 12-5682] Launching behavioral simulation in 'D:/UNI/TFG/OctaveSax/Vivado/octave_main/octave_main.sim/sim_1/behav/xsim'
INFO: [Vivado 12-4795] Using compiled simulation libraries for IPs
INFO: [SIM-utils-51] Simulation object is 'sim_1'
INFO: [USF-XSim-7] Finding pre-compiled libraries...
INFO: [USF-XSim-11] File 'C:/Xilinx/Vivado/2017.4/data/xsim/ip/xsim_ip.ini' copied to run dir:'D:/UNI/TFG/OctaveSax/Vivado/octave_main/octave_main.sim/sim_1/behav/xsim'
INFO: [SIM-utils-54] Inspecting design source files for 'main_tb' in fileset 'sim_1'...
INFO: [USF-XSim-97] Finding global include files...
INFO: [USF-XSim-100] Fetching design files from 'sources_1'...(this may take a while)...
INFO: [USF-XSim-101] Fetching design files from 'sim_1'...
INFO: [USF-XSim-2] XSim::Compile design
INFO: [USF-XSim-61] Executing 'COMPILE and ANALYZE' step in 'D:/UNI/TFG/OctaveSax/Vivado/octave_main/octave_main.sim/sim_1/behav/xsim'
"xvlog --incr --relax -prj main_tb_vlog.prj"
"xvhdl --incr --relax -prj main_tb_vhdl.prj"
INFO: [VRFC 10-163] Analyzing VHDL file "D:/UNI/TFG/OctaveSax/Vivado/octave_main/octave_main.srcs/sources_1/new/master_controller.vhd" into library xil_defaultlib
INFO: [VRFC 10-307] analyzing entity master_controller
INFO: [USF-XSim-69] 'compile' step finished in '2' seconds
INFO: [Vivado 12-5698] Checking validity of IPs in the design for the 'XSim' simulator...
INFO: [Vivado 12-5682] Launching behavioral simulation in 'D:/UNI/TFG/OctaveSax/Vivado/octave_main/octave_main.sim/sim_1/behav/xsim'
INFO: [Vivado 12-4795] Using compiled simulation libraries for IPs
INFO: [USF-XSim-3] XSim::Elaborate design
INFO: [USF-XSim-61] Executing 'ELABORATE' step in 'D:/UNI/TFG/OctaveSax/Vivado/octave_main/octave_main.sim/sim_1/behav/xsim'
Vivado Simulator 2017.4
Copyright 1986-1999, 2001-2016 Xilinx, Inc. All Rights Reserved.
Running: C:/Xilinx/Vivado/2017.4/bin/unwrapped/win64.o/xelab.exe -wto 0c9c3a36965041288ce87ec04c26eca9 --incr --debug typical --relax --mt 2 -L xil_defaultlib -L unisims_ver -L unimacro_ver -L secureip -L xpm --snapshot main_tb_behav xil_defaultlib.main_tb xil_defaultlib.glbl -log elaborate.log 
Using 2 slave threads.
Starting static elaboration
WARNING: [VRFC 10-516] comparison between unequal length arrays always returns FALSE [D:/UNI/TFG/OctaveSax/Vivado/octave_main/octave_main.srcs/sources_1/new/master_controller.vhd:755]
WARNING: [VRFC 10-516] comparison between unequal length arrays always returns FALSE [D:/UNI/TFG/OctaveSax/Vivado/octave_main/octave_main.srcs/sources_1/new/master_controller.vhd:762]
WARNING: [VRFC 10-516] comparison between unequal length arrays always returns FALSE [D:/UNI/TFG/OctaveSax/Vivado/octave_main/octave_main.srcs/sources_1/new/master_controller.vhd:769]
WARNING: [VRFC 10-516] comparison between unequal length arrays always returns FALSE [D:/UNI/TFG/OctaveSax/Vivado/octave_main/octave_main.srcs/sources_1/new/master_controller.vhd:776]
WARNING: [VRFC 10-516] comparison between unequal length arrays always returns FALSE [D:/UNI/TFG/OctaveSax/Vivado/octave_main/octave_main.srcs/sources_1/new/master_controller.vhd:794]
WARNING: [VRFC 10-516] comparison between unequal length arrays always returns FALSE [D:/UNI/TFG/OctaveSax/Vivado/octave_main/octave_main.srcs/sources_1/new/master_controller.vhd:801]
WARNING: [VRFC 10-516] comparison between unequal length arrays always returns FALSE [D:/UNI/TFG/OctaveSax/Vivado/octave_main/octave_main.srcs/sources_1/new/master_controller.vhd:808]
WARNING: [VRFC 10-516] comparison between unequal length arrays always returns FALSE [D:/UNI/TFG/OctaveSax/Vivado/octave_main/octave_main.srcs/sources_1/new/master_controller.vhd:815]
Completed static elaboration
Starting simulation data flow analysis
Completed simulation data flow analysis
Time Resolution for simulation is 1ps
Compiling package std.standard
Compiling package std.textio
Compiling package ieee.std_logic_1164
Compiling package ieee.numeric_std
Compiling package xil_defaultlib.project_trunk
Compiling package unisim.vcomponents
Compiling package ieee.std_logic_arith
Compiling package ieee.std_logic_signed
Compiling package ieee.std_logic_textio
Compiling package ieee.vital_timing
Compiling package ieee.vital_primitives
Compiling package unisim.vpkg
Compiling module xil_defaultlib.glbl
Compiling architecture behavioral of entity xil_defaultlib.sampling [sampling_default]
Compiling architecture behavioral of entity xil_defaultlib.shift_register [shift_register_default]
Compiling architecture gnd_v of entity unisim.GND [gnd_default]
Compiling architecture rb18_internal_vhdl_v of entity unisim.RB18_INTERNAL_VHDL [\RB18_INTERNAL_VHDL(bram_size=18...]
Compiling architecture ramb18e1_v of entity unisim.RAMB18E1 [\RAMB18E1(doa_reg=1,dob_reg=1,re...]
Compiling architecture structure of entity xil_defaultlib.freq_short_memo_blk_mem_gen_prim_wrapper [freq_short_memo_blk_mem_gen_prim...]
Compiling architecture structure of entity xil_defaultlib.freq_short_memo_blk_mem_gen_prim_width [freq_short_memo_blk_mem_gen_prim...]
Compiling architecture structure of entity xil_defaultlib.freq_short_memo_blk_mem_gen_generic_cstr [freq_short_memo_blk_mem_gen_gene...]
Compiling architecture structure of entity xil_defaultlib.freq_short_memo_blk_mem_gen_top [freq_short_memo_blk_mem_gen_top_...]
Compiling architecture structure of entity xil_defaultlib.freq_short_memo_blk_mem_gen_v8_4_1_synth [freq_short_memo_blk_mem_gen_v8_4...]
Compiling architecture structure of entity xil_defaultlib.freq_short_memo_blk_mem_gen_v8_4_1 [freq_short_memo_blk_mem_gen_v8_4...]
Compiling architecture structure of entity xil_defaultlib.freq_short_memo [freq_short_memo_default]
Compiling architecture behavioral of entity xil_defaultlib.manager_memo [manager_memo_default]
Compiling architecture behavioral of entity xil_defaultlib.stft_window_rom [stft_window_rom_default]
Compiling architecture behavioral of entity xil_defaultlib.istft_window_rom [istft_window_rom_default]
Compiling architecture behavioral of entity xil_defaultlib.window_controller [window_controller_default]
Compiling architecture behavioral of entity xil_defaultlib.fsm_control [fsm_control_default]
Compiling architecture behavioral of entity xil_defaultlib.master_controller [master_controller_default]
Compiling architecture behavioral of entity xil_defaultlib.main_tb
Built simulation snapshot main_tb_behav
run_program: Time (s): cpu = 00:00:00 ; elapsed = 00:00:07 . Memory (MB): peak = 845.422 ; gain = 0.000
INFO: [USF-XSim-69] 'elaborate' step finished in '7' seconds
launch_simulation: Time (s): cpu = 00:00:01 ; elapsed = 00:00:07 . Memory (MB): peak = 845.422 ; gain = 0.000
Vivado Simulator 2017.4
ERROR: [Simtcl 6-50] Simulation engine failed to start: The Simulation shut down unexpectedly during initialization.
Please see the Tcl Console or the Messages for details.
ERROR: [Common 17-69] Command failed: ERROR: [Simtcl 6-50] Simulation engine failed to start: The Simulation shut down unexpectedly during initialization.
Please see the Tcl Console or the Messages for details.

relaunch_sim
INFO: [Vivado 12-5698] Checking validity of IPs in the design for the 'XSim' simulator...
INFO: [Vivado 12-5682] Launching behavioral simulation in 'D:/UNI/TFG/OctaveSax/Vivado/octave_main/octave_main.sim/sim_1/behav/xsim'
INFO: [Vivado 12-4795] Using compiled simulation libraries for IPs
INFO: [SIM-utils-51] Simulation object is 'sim_1'
INFO: [USF-XSim-7] Finding pre-compiled libraries...
INFO: [USF-XSim-11] File 'C:/Xilinx/Vivado/2017.4/data/xsim/ip/xsim_ip.ini' copied to run dir:'D:/UNI/TFG/OctaveSax/Vivado/octave_main/octave_main.sim/sim_1/behav/xsim'
INFO: [SIM-utils-54] Inspecting design source files for 'main_tb' in fileset 'sim_1'...
INFO: [USF-XSim-97] Finding global include files...
INFO: [USF-XSim-100] Fetching design files from 'sources_1'...(this may take a while)...
INFO: [USF-XSim-101] Fetching design files from 'sim_1'...
INFO: [USF-XSim-2] XSim::Compile design
INFO: [USF-XSim-61] Executing 'COMPILE and ANALYZE' step in 'D:/UNI/TFG/OctaveSax/Vivado/octave_main/octave_main.sim/sim_1/behav/xsim'
"xvlog --incr --relax -prj main_tb_vlog.prj"
"xvhdl --incr --relax -prj main_tb_vhdl.prj"
INFO: [USF-XSim-69] 'compile' step finished in '2' seconds
INFO: [Vivado 12-5698] Checking validity of IPs in the design for the 'XSim' simulator...
INFO: [Vivado 12-5682] Launching behavioral simulation in 'D:/UNI/TFG/OctaveSax/Vivado/octave_main/octave_main.sim/sim_1/behav/xsim'
INFO: [Vivado 12-4795] Using compiled simulation libraries for IPs
INFO: [USF-XSim-3] XSim::Elaborate design
INFO: [USF-XSim-61] Executing 'ELABORATE' step in 'D:/UNI/TFG/OctaveSax/Vivado/octave_main/octave_main.sim/sim_1/behav/xsim'
Vivado Simulator 2017.4
Copyright 1986-1999, 2001-2016 Xilinx, Inc. All Rights Reserved.
Running: C:/Xilinx/Vivado/2017.4/bin/unwrapped/win64.o/xelab.exe -wto 0c9c3a36965041288ce87ec04c26eca9 --incr --debug typical --relax --mt 2 -L xil_defaultlib -L unisims_ver -L unimacro_ver -L secureip -L xpm --snapshot main_tb_behav xil_defaultlib.main_tb xil_defaultlib.glbl -log elaborate.log 
Using 2 slave threads.
Starting static elaboration
WARNING: [VRFC 10-516] comparison between unequal length arrays always returns FALSE [D:/UNI/TFG/OctaveSax/Vivado/octave_main/octave_main.srcs/sources_1/new/master_controller.vhd:755]
WARNING: [VRFC 10-516] comparison between unequal length arrays always returns FALSE [D:/UNI/TFG/OctaveSax/Vivado/octave_main/octave_main.srcs/sources_1/new/master_controller.vhd:762]
WARNING: [VRFC 10-516] comparison between unequal length arrays always returns FALSE [D:/UNI/TFG/OctaveSax/Vivado/octave_main/octave_main.srcs/sources_1/new/master_controller.vhd:769]
WARNING: [VRFC 10-516] comparison between unequal length arrays always returns FALSE [D:/UNI/TFG/OctaveSax/Vivado/octave_main/octave_main.srcs/sources_1/new/master_controller.vhd:776]
WARNING: [VRFC 10-516] comparison between unequal length arrays always returns FALSE [D:/UNI/TFG/OctaveSax/Vivado/octave_main/octave_main.srcs/sources_1/new/master_controller.vhd:794]
WARNING: [VRFC 10-516] comparison between unequal length arrays always returns FALSE [D:/UNI/TFG/OctaveSax/Vivado/octave_main/octave_main.srcs/sources_1/new/master_controller.vhd:801]
WARNING: [VRFC 10-516] comparison between unequal length arrays always returns FALSE [D:/UNI/TFG/OctaveSax/Vivado/octave_main/octave_main.srcs/sources_1/new/master_controller.vhd:808]
WARNING: [VRFC 10-516] comparison between unequal length arrays always returns FALSE [D:/UNI/TFG/OctaveSax/Vivado/octave_main/octave_main.srcs/sources_1/new/master_controller.vhd:815]
Completed static elaboration
INFO: [XSIM 43-4323] No Change in HDL. Linking previously generated obj files to create kernel
INFO: [USF-XSim-69] 'elaborate' step finished in '2' seconds
WARNING: [Simulator 45-19] The specified log file simulate.log could not be opened.
Vivado Simulator 2017.4
Time resolution is 1 ps
relaunch_sim: Time (s): cpu = 00:00:01 ; elapsed = 00:00:05 . Memory (MB): peak = 845.422 ; gain = 0.000
restart
INFO: [Simtcl 6-17] Simulation restarted
relaunch_sim
INFO: [Vivado 12-5698] Checking validity of IPs in the design for the 'XSim' simulator...
INFO: [Vivado 12-5682] Launching behavioral simulation in 'D:/UNI/TFG/OctaveSax/Vivado/octave_main/octave_main.sim/sim_1/behav/xsim'
INFO: [Vivado 12-4795] Using compiled simulation libraries for IPs
INFO: [SIM-utils-51] Simulation object is 'sim_1'
INFO: [USF-XSim-7] Finding pre-compiled libraries...
INFO: [USF-XSim-11] File 'C:/Xilinx/Vivado/2017.4/data/xsim/ip/xsim_ip.ini' copied to run dir:'D:/UNI/TFG/OctaveSax/Vivado/octave_main/octave_main.sim/sim_1/behav/xsim'
INFO: [SIM-utils-54] Inspecting design source files for 'main_tb' in fileset 'sim_1'...
INFO: [USF-XSim-97] Finding global include files...
INFO: [USF-XSim-100] Fetching design files from 'sources_1'...(this may take a while)...
INFO: [USF-XSim-101] Fetching design files from 'sim_1'...
INFO: [USF-XSim-2] XSim::Compile design
INFO: [USF-XSim-61] Executing 'COMPILE and ANALYZE' step in 'D:/UNI/TFG/OctaveSax/Vivado/octave_main/octave_main.sim/sim_1/behav/xsim'
"xvlog --incr --relax -prj main_tb_vlog.prj"
"xvhdl --incr --relax -prj main_tb_vhdl.prj"
INFO: [USF-XSim-69] 'compile' step finished in '1' seconds
INFO: [Vivado 12-5698] Checking validity of IPs in the design for the 'XSim' simulator...
INFO: [Vivado 12-5682] Launching behavioral simulation in 'D:/UNI/TFG/OctaveSax/Vivado/octave_main/octave_main.sim/sim_1/behav/xsim'
INFO: [Vivado 12-4795] Using compiled simulation libraries for IPs
INFO: [USF-XSim-3] XSim::Elaborate design
INFO: [USF-XSim-61] Executing 'ELABORATE' step in 'D:/UNI/TFG/OctaveSax/Vivado/octave_main/octave_main.sim/sim_1/behav/xsim'
Vivado Simulator 2017.4
Copyright 1986-1999, 2001-2016 Xilinx, Inc. All Rights Reserved.
Running: C:/Xilinx/Vivado/2017.4/bin/unwrapped/win64.o/xelab.exe -wto 0c9c3a36965041288ce87ec04c26eca9 --incr --debug typical --relax --mt 2 -L xil_defaultlib -L unisims_ver -L unimacro_ver -L secureip -L xpm --snapshot main_tb_behav xil_defaultlib.main_tb xil_defaultlib.glbl -log elaborate.log 
Using 2 slave threads.
Starting static elaboration
WARNING: [VRFC 10-516] comparison between unequal length arrays always returns FALSE [D:/UNI/TFG/OctaveSax/Vivado/octave_main/octave_main.srcs/sources_1/new/master_controller.vhd:755]
WARNING: [VRFC 10-516] comparison between unequal length arrays always returns FALSE [D:/UNI/TFG/OctaveSax/Vivado/octave_main/octave_main.srcs/sources_1/new/master_controller.vhd:762]
WARNING: [VRFC 10-516] comparison between unequal length arrays always returns FALSE [D:/UNI/TFG/OctaveSax/Vivado/octave_main/octave_main.srcs/sources_1/new/master_controller.vhd:769]
WARNING: [VRFC 10-516] comparison between unequal length arrays always returns FALSE [D:/UNI/TFG/OctaveSax/Vivado/octave_main/octave_main.srcs/sources_1/new/master_controller.vhd:776]
WARNING: [VRFC 10-516] comparison between unequal length arrays always returns FALSE [D:/UNI/TFG/OctaveSax/Vivado/octave_main/octave_main.srcs/sources_1/new/master_controller.vhd:794]
WARNING: [VRFC 10-516] comparison between unequal length arrays always returns FALSE [D:/UNI/TFG/OctaveSax/Vivado/octave_main/octave_main.srcs/sources_1/new/master_controller.vhd:801]
WARNING: [VRFC 10-516] comparison between unequal length arrays always returns FALSE [D:/UNI/TFG/OctaveSax/Vivado/octave_main/octave_main.srcs/sources_1/new/master_controller.vhd:808]
WARNING: [VRFC 10-516] comparison between unequal length arrays always returns FALSE [D:/UNI/TFG/OctaveSax/Vivado/octave_main/octave_main.srcs/sources_1/new/master_controller.vhd:815]
Completed static elaboration
INFO: [XSIM 43-4323] No Change in HDL. Linking previously generated obj files to create kernel
INFO: [USF-XSim-69] 'elaborate' step finished in '2' seconds
Vivado Simulator 2017.4
Time resolution is 1 ps
relaunch_sim: Time (s): cpu = 00:00:01 ; elapsed = 00:00:07 . Memory (MB): peak = 845.422 ; gain = 0.000
restart
INFO: [Simtcl 6-17] Simulation restarted
run 20 ms
run: Time (s): cpu = 00:00:17 ; elapsed = 00:00:28 . Memory (MB): peak = 852.746 ; gain = 7.324
restart
INFO: [Simtcl 6-17] Simulation restarted
run 20 ms
run: Time (s): cpu = 00:00:19 ; elapsed = 00:00:29 . Memory (MB): peak = 865.977 ; gain = 7.219
restart
INFO: [Simtcl 6-17] Simulation restarted
run 20 ms
run: Time (s): cpu = 00:00:17 ; elapsed = 00:00:28 . Memory (MB): peak = 875.246 ; gain = 0.000
relaunch_sim
INFO: [Vivado 12-5698] Checking validity of IPs in the design for the 'XSim' simulator...
INFO: [Vivado 12-5682] Launching behavioral simulation in 'D:/UNI/TFG/OctaveSax/Vivado/octave_main/octave_main.sim/sim_1/behav/xsim'
INFO: [Vivado 12-4795] Using compiled simulation libraries for IPs
INFO: [SIM-utils-51] Simulation object is 'sim_1'
INFO: [USF-XSim-7] Finding pre-compiled libraries...
INFO: [USF-XSim-11] File 'C:/Xilinx/Vivado/2017.4/data/xsim/ip/xsim_ip.ini' copied to run dir:'D:/UNI/TFG/OctaveSax/Vivado/octave_main/octave_main.sim/sim_1/behav/xsim'
INFO: [SIM-utils-54] Inspecting design source files for 'main_tb' in fileset 'sim_1'...
INFO: [USF-XSim-97] Finding global include files...
INFO: [USF-XSim-100] Fetching design files from 'sources_1'...(this may take a while)...
INFO: [USF-XSim-101] Fetching design files from 'sim_1'...
INFO: [USF-XSim-2] XSim::Compile design
INFO: [USF-XSim-61] Executing 'COMPILE and ANALYZE' step in 'D:/UNI/TFG/OctaveSax/Vivado/octave_main/octave_main.sim/sim_1/behav/xsim'
"xvlog --incr --relax -prj main_tb_vlog.prj"
"xvhdl --incr --relax -prj main_tb_vhdl.prj"
INFO: [VRFC 10-163] Analyzing VHDL file "D:/UNI/TFG/OctaveSax/Vivado/octave_main/octave_main.srcs/sources_1/new/master_controller.vhd" into library xil_defaultlib
INFO: [VRFC 10-307] analyzing entity master_controller
INFO: [USF-XSim-69] 'compile' step finished in '1' seconds
INFO: [Vivado 12-5698] Checking validity of IPs in the design for the 'XSim' simulator...
INFO: [Vivado 12-5682] Launching behavioral simulation in 'D:/UNI/TFG/OctaveSax/Vivado/octave_main/octave_main.sim/sim_1/behav/xsim'
INFO: [Vivado 12-4795] Using compiled simulation libraries for IPs
INFO: [USF-XSim-3] XSim::Elaborate design
INFO: [USF-XSim-61] Executing 'ELABORATE' step in 'D:/UNI/TFG/OctaveSax/Vivado/octave_main/octave_main.sim/sim_1/behav/xsim'
Vivado Simulator 2017.4
Copyright 1986-1999, 2001-2016 Xilinx, Inc. All Rights Reserved.
Running: C:/Xilinx/Vivado/2017.4/bin/unwrapped/win64.o/xelab.exe -wto 0c9c3a36965041288ce87ec04c26eca9 --incr --debug typical --relax --mt 2 -L xil_defaultlib -L unisims_ver -L unimacro_ver -L secureip -L xpm --snapshot main_tb_behav xil_defaultlib.main_tb xil_defaultlib.glbl -log elaborate.log 
Using 2 slave threads.
Starting static elaboration
WARNING: [VRFC 10-516] comparison between unequal length arrays always returns FALSE [D:/UNI/TFG/OctaveSax/Vivado/octave_main/octave_main.srcs/sources_1/new/master_controller.vhd:755]
WARNING: [VRFC 10-516] comparison between unequal length arrays always returns FALSE [D:/UNI/TFG/OctaveSax/Vivado/octave_main/octave_main.srcs/sources_1/new/master_controller.vhd:762]
WARNING: [VRFC 10-516] comparison between unequal length arrays always returns FALSE [D:/UNI/TFG/OctaveSax/Vivado/octave_main/octave_main.srcs/sources_1/new/master_controller.vhd:769]
WARNING: [VRFC 10-516] comparison between unequal length arrays always returns FALSE [D:/UNI/TFG/OctaveSax/Vivado/octave_main/octave_main.srcs/sources_1/new/master_controller.vhd:776]
WARNING: [VRFC 10-516] comparison between unequal length arrays always returns FALSE [D:/UNI/TFG/OctaveSax/Vivado/octave_main/octave_main.srcs/sources_1/new/master_controller.vhd:794]
WARNING: [VRFC 10-516] comparison between unequal length arrays always returns FALSE [D:/UNI/TFG/OctaveSax/Vivado/octave_main/octave_main.srcs/sources_1/new/master_controller.vhd:801]
WARNING: [VRFC 10-516] comparison between unequal length arrays always returns FALSE [D:/UNI/TFG/OctaveSax/Vivado/octave_main/octave_main.srcs/sources_1/new/master_controller.vhd:808]
WARNING: [VRFC 10-516] comparison between unequal length arrays always returns FALSE [D:/UNI/TFG/OctaveSax/Vivado/octave_main/octave_main.srcs/sources_1/new/master_controller.vhd:815]
Completed static elaboration
Starting simulation data flow analysis
Completed simulation data flow analysis
Time Resolution for simulation is 1ps
Compiling package std.standard
Compiling package std.textio
Compiling package ieee.std_logic_1164
Compiling package ieee.numeric_std
Compiling package xil_defaultlib.project_trunk
Compiling package unisim.vcomponents
Compiling package ieee.std_logic_arith
Compiling package ieee.std_logic_signed
Compiling package ieee.std_logic_textio
Compiling package ieee.vital_timing
Compiling package ieee.vital_primitives
Compiling package unisim.vpkg
Compiling module xil_defaultlib.glbl
Compiling architecture behavioral of entity xil_defaultlib.sampling [sampling_default]
Compiling architecture behavioral of entity xil_defaultlib.shift_register [shift_register_default]
Compiling architecture gnd_v of entity unisim.GND [gnd_default]
Compiling architecture rb18_internal_vhdl_v of entity unisim.RB18_INTERNAL_VHDL [\RB18_INTERNAL_VHDL(bram_size=18...]
Compiling architecture ramb18e1_v of entity unisim.RAMB18E1 [\RAMB18E1(doa_reg=1,dob_reg=1,re...]
Compiling architecture structure of entity xil_defaultlib.freq_short_memo_blk_mem_gen_prim_wrapper [freq_short_memo_blk_mem_gen_prim...]
Compiling architecture structure of entity xil_defaultlib.freq_short_memo_blk_mem_gen_prim_width [freq_short_memo_blk_mem_gen_prim...]
Compiling architecture structure of entity xil_defaultlib.freq_short_memo_blk_mem_gen_generic_cstr [freq_short_memo_blk_mem_gen_gene...]
Compiling architecture structure of entity xil_defaultlib.freq_short_memo_blk_mem_gen_top [freq_short_memo_blk_mem_gen_top_...]
Compiling architecture structure of entity xil_defaultlib.freq_short_memo_blk_mem_gen_v8_4_1_synth [freq_short_memo_blk_mem_gen_v8_4...]
Compiling architecture structure of entity xil_defaultlib.freq_short_memo_blk_mem_gen_v8_4_1 [freq_short_memo_blk_mem_gen_v8_4...]
Compiling architecture structure of entity xil_defaultlib.freq_short_memo [freq_short_memo_default]
Compiling architecture behavioral of entity xil_defaultlib.manager_memo [manager_memo_default]
Compiling architecture behavioral of entity xil_defaultlib.stft_window_rom [stft_window_rom_default]
Compiling architecture behavioral of entity xil_defaultlib.istft_window_rom [istft_window_rom_default]
Compiling architecture behavioral of entity xil_defaultlib.window_controller [window_controller_default]
Compiling architecture behavioral of entity xil_defaultlib.fsm_control [fsm_control_default]
Compiling architecture behavioral of entity xil_defaultlib.master_controller [master_controller_default]
Compiling architecture behavioral of entity xil_defaultlib.main_tb
Built simulation snapshot main_tb_behav
run_program: Time (s): cpu = 00:00:00 ; elapsed = 00:00:05 . Memory (MB): peak = 876.250 ; gain = 0.000
INFO: [USF-XSim-69] 'elaborate' step finished in '5' seconds
launch_simulation: Time (s): cpu = 00:00:00 ; elapsed = 00:00:05 . Memory (MB): peak = 876.250 ; gain = 0.000
Vivado Simulator 2017.4
Time resolution is 1 ps
relaunch_sim: Time (s): cpu = 00:00:01 ; elapsed = 00:00:10 . Memory (MB): peak = 876.250 ; gain = 0.000
restart
INFO: [Simtcl 6-17] Simulation restarted
run 20 ms
run: Time (s): cpu = 00:00:17 ; elapsed = 00:00:28 . Memory (MB): peak = 879.188 ; gain = 2.938
relaunch_sim
INFO: [Vivado 12-5698] Checking validity of IPs in the design for the 'XSim' simulator...
INFO: [Vivado 12-5682] Launching behavioral simulation in 'D:/UNI/TFG/OctaveSax/Vivado/octave_main/octave_main.sim/sim_1/behav/xsim'
INFO: [Vivado 12-4795] Using compiled simulation libraries for IPs
INFO: [SIM-utils-51] Simulation object is 'sim_1'
INFO: [USF-XSim-7] Finding pre-compiled libraries...
INFO: [USF-XSim-11] File 'C:/Xilinx/Vivado/2017.4/data/xsim/ip/xsim_ip.ini' copied to run dir:'D:/UNI/TFG/OctaveSax/Vivado/octave_main/octave_main.sim/sim_1/behav/xsim'
INFO: [SIM-utils-54] Inspecting design source files for 'main_tb' in fileset 'sim_1'...
INFO: [USF-XSim-97] Finding global include files...
INFO: [USF-XSim-100] Fetching design files from 'sources_1'...(this may take a while)...
INFO: [USF-XSim-101] Fetching design files from 'sim_1'...
INFO: [USF-XSim-2] XSim::Compile design
INFO: [USF-XSim-61] Executing 'COMPILE and ANALYZE' step in 'D:/UNI/TFG/OctaveSax/Vivado/octave_main/octave_main.sim/sim_1/behav/xsim'
"xvlog --incr --relax -prj main_tb_vlog.prj"
"xvhdl --incr --relax -prj main_tb_vhdl.prj"
INFO: [VRFC 10-163] Analyzing VHDL file "D:/UNI/TFG/OctaveSax/Vivado/octave_main/octave_main.srcs/sources_1/new/master_controller.vhd" into library xil_defaultlib
INFO: [VRFC 10-307] analyzing entity master_controller
INFO: [USF-XSim-69] 'compile' step finished in '2' seconds
INFO: [Vivado 12-5698] Checking validity of IPs in the design for the 'XSim' simulator...
INFO: [Vivado 12-5682] Launching behavioral simulation in 'D:/UNI/TFG/OctaveSax/Vivado/octave_main/octave_main.sim/sim_1/behav/xsim'
INFO: [Vivado 12-4795] Using compiled simulation libraries for IPs
INFO: [USF-XSim-3] XSim::Elaborate design
INFO: [USF-XSim-61] Executing 'ELABORATE' step in 'D:/UNI/TFG/OctaveSax/Vivado/octave_main/octave_main.sim/sim_1/behav/xsim'
Vivado Simulator 2017.4
Copyright 1986-1999, 2001-2016 Xilinx, Inc. All Rights Reserved.
Running: C:/Xilinx/Vivado/2017.4/bin/unwrapped/win64.o/xelab.exe -wto 0c9c3a36965041288ce87ec04c26eca9 --incr --debug typical --relax --mt 2 -L xil_defaultlib -L unisims_ver -L unimacro_ver -L secureip -L xpm --snapshot main_tb_behav xil_defaultlib.main_tb xil_defaultlib.glbl -log elaborate.log 
Using 2 slave threads.
Starting static elaboration
WARNING: [VRFC 10-516] comparison between unequal length arrays always returns FALSE [D:/UNI/TFG/OctaveSax/Vivado/octave_main/octave_main.srcs/sources_1/new/master_controller.vhd:756]
WARNING: [VRFC 10-516] comparison between unequal length arrays always returns FALSE [D:/UNI/TFG/OctaveSax/Vivado/octave_main/octave_main.srcs/sources_1/new/master_controller.vhd:763]
WARNING: [VRFC 10-516] comparison between unequal length arrays always returns FALSE [D:/UNI/TFG/OctaveSax/Vivado/octave_main/octave_main.srcs/sources_1/new/master_controller.vhd:770]
WARNING: [VRFC 10-516] comparison between unequal length arrays always returns FALSE [D:/UNI/TFG/OctaveSax/Vivado/octave_main/octave_main.srcs/sources_1/new/master_controller.vhd:777]
WARNING: [VRFC 10-516] comparison between unequal length arrays always returns FALSE [D:/UNI/TFG/OctaveSax/Vivado/octave_main/octave_main.srcs/sources_1/new/master_controller.vhd:795]
WARNING: [VRFC 10-516] comparison between unequal length arrays always returns FALSE [D:/UNI/TFG/OctaveSax/Vivado/octave_main/octave_main.srcs/sources_1/new/master_controller.vhd:802]
WARNING: [VRFC 10-516] comparison between unequal length arrays always returns FALSE [D:/UNI/TFG/OctaveSax/Vivado/octave_main/octave_main.srcs/sources_1/new/master_controller.vhd:809]
WARNING: [VRFC 10-516] comparison between unequal length arrays always returns FALSE [D:/UNI/TFG/OctaveSax/Vivado/octave_main/octave_main.srcs/sources_1/new/master_controller.vhd:816]
Completed static elaboration
Starting simulation data flow analysis
Completed simulation data flow analysis
Time Resolution for simulation is 1ps
Compiling package std.standard
Compiling package std.textio
Compiling package ieee.std_logic_1164
Compiling package ieee.numeric_std
Compiling package xil_defaultlib.project_trunk
Compiling package unisim.vcomponents
Compiling package ieee.std_logic_arith
Compiling package ieee.std_logic_signed
Compiling package ieee.std_logic_textio
Compiling package ieee.vital_timing
Compiling package ieee.vital_primitives
Compiling package unisim.vpkg
Compiling module xil_defaultlib.glbl
Compiling architecture behavioral of entity xil_defaultlib.sampling [sampling_default]
Compiling architecture behavioral of entity xil_defaultlib.shift_register [shift_register_default]
Compiling architecture gnd_v of entity unisim.GND [gnd_default]
Compiling architecture rb18_internal_vhdl_v of entity unisim.RB18_INTERNAL_VHDL [\RB18_INTERNAL_VHDL(bram_size=18...]
Compiling architecture ramb18e1_v of entity unisim.RAMB18E1 [\RAMB18E1(doa_reg=1,dob_reg=1,re...]
Compiling architecture structure of entity xil_defaultlib.freq_short_memo_blk_mem_gen_prim_wrapper [freq_short_memo_blk_mem_gen_prim...]
Compiling architecture structure of entity xil_defaultlib.freq_short_memo_blk_mem_gen_prim_width [freq_short_memo_blk_mem_gen_prim...]
Compiling architecture structure of entity xil_defaultlib.freq_short_memo_blk_mem_gen_generic_cstr [freq_short_memo_blk_mem_gen_gene...]
Compiling architecture structure of entity xil_defaultlib.freq_short_memo_blk_mem_gen_top [freq_short_memo_blk_mem_gen_top_...]
Compiling architecture structure of entity xil_defaultlib.freq_short_memo_blk_mem_gen_v8_4_1_synth [freq_short_memo_blk_mem_gen_v8_4...]
Compiling architecture structure of entity xil_defaultlib.freq_short_memo_blk_mem_gen_v8_4_1 [freq_short_memo_blk_mem_gen_v8_4...]
Compiling architecture structure of entity xil_defaultlib.freq_short_memo [freq_short_memo_default]
Compiling architecture behavioral of entity xil_defaultlib.manager_memo [manager_memo_default]
Compiling architecture behavioral of entity xil_defaultlib.stft_window_rom [stft_window_rom_default]
Compiling architecture behavioral of entity xil_defaultlib.istft_window_rom [istft_window_rom_default]
Compiling architecture behavioral of entity xil_defaultlib.window_controller [window_controller_default]
Compiling architecture behavioral of entity xil_defaultlib.fsm_control [fsm_control_default]
Compiling architecture behavioral of entity xil_defaultlib.master_controller [master_controller_default]
Compiling architecture behavioral of entity xil_defaultlib.main_tb
Built simulation snapshot main_tb_behav
run_program: Time (s): cpu = 00:00:00 ; elapsed = 00:00:05 . Memory (MB): peak = 880.395 ; gain = 0.000
INFO: [USF-XSim-69] 'elaborate' step finished in '6' seconds
launch_simulation: Time (s): cpu = 00:00:00 ; elapsed = 00:00:05 . Memory (MB): peak = 880.395 ; gain = 0.000
Vivado Simulator 2017.4
Time resolution is 1 ps
relaunch_sim: Time (s): cpu = 00:00:01 ; elapsed = 00:00:10 . Memory (MB): peak = 880.395 ; gain = 0.000
restart
INFO: [Simtcl 6-17] Simulation restarted
run 20 ms
run: Time (s): cpu = 00:00:18 ; elapsed = 00:00:27 . Memory (MB): peak = 883.500 ; gain = 3.105
save_wave_config {D:/UNI/TFG/OctaveSax/Vivado/octave_main/octave_main.srcs/sim_1/imports/octave_main/test.wcfg}
relaunch_sim
INFO: [Vivado 12-5698] Checking validity of IPs in the design for the 'XSim' simulator...
INFO: [Vivado 12-5682] Launching behavioral simulation in 'D:/UNI/TFG/OctaveSax/Vivado/octave_main/octave_main.sim/sim_1/behav/xsim'
INFO: [Vivado 12-4795] Using compiled simulation libraries for IPs
INFO: [SIM-utils-51] Simulation object is 'sim_1'
INFO: [USF-XSim-7] Finding pre-compiled libraries...
INFO: [USF-XSim-11] File 'C:/Xilinx/Vivado/2017.4/data/xsim/ip/xsim_ip.ini' copied to run dir:'D:/UNI/TFG/OctaveSax/Vivado/octave_main/octave_main.sim/sim_1/behav/xsim'
INFO: [SIM-utils-54] Inspecting design source files for 'main_tb' in fileset 'sim_1'...
INFO: [USF-XSim-97] Finding global include files...
INFO: [USF-XSim-100] Fetching design files from 'sources_1'...(this may take a while)...
INFO: [USF-XSim-101] Fetching design files from 'sim_1'...
INFO: [USF-XSim-2] XSim::Compile design
INFO: [USF-XSim-61] Executing 'COMPILE and ANALYZE' step in 'D:/UNI/TFG/OctaveSax/Vivado/octave_main/octave_main.sim/sim_1/behav/xsim'
"xvlog --incr --relax -prj main_tb_vlog.prj"
"xvhdl --incr --relax -prj main_tb_vhdl.prj"
INFO: [VRFC 10-163] Analyzing VHDL file "D:/UNI/TFG/OctaveSax/Vivado/octave_main/octave_main.srcs/sources_1/new/master_controller.vhd" into library xil_defaultlib
INFO: [VRFC 10-307] analyzing entity master_controller
INFO: [USF-XSim-69] 'compile' step finished in '2' seconds
INFO: [Vivado 12-5698] Checking validity of IPs in the design for the 'XSim' simulator...
INFO: [Vivado 12-5682] Launching behavioral simulation in 'D:/UNI/TFG/OctaveSax/Vivado/octave_main/octave_main.sim/sim_1/behav/xsim'
INFO: [Vivado 12-4795] Using compiled simulation libraries for IPs
INFO: [USF-XSim-3] XSim::Elaborate design
INFO: [USF-XSim-61] Executing 'ELABORATE' step in 'D:/UNI/TFG/OctaveSax/Vivado/octave_main/octave_main.sim/sim_1/behav/xsim'
Vivado Simulator 2017.4
Copyright 1986-1999, 2001-2016 Xilinx, Inc. All Rights Reserved.
Running: C:/Xilinx/Vivado/2017.4/bin/unwrapped/win64.o/xelab.exe -wto 0c9c3a36965041288ce87ec04c26eca9 --incr --debug typical --relax --mt 2 -L xil_defaultlib -L unisims_ver -L unimacro_ver -L secureip -L xpm --snapshot main_tb_behav xil_defaultlib.main_tb xil_defaultlib.glbl -log elaborate.log 
Using 2 slave threads.
Starting static elaboration
WARNING: [VRFC 10-516] comparison between unequal length arrays always returns FALSE [D:/UNI/TFG/OctaveSax/Vivado/octave_main/octave_main.srcs/sources_1/new/master_controller.vhd:767]
WARNING: [VRFC 10-516] comparison between unequal length arrays always returns FALSE [D:/UNI/TFG/OctaveSax/Vivado/octave_main/octave_main.srcs/sources_1/new/master_controller.vhd:774]
WARNING: [VRFC 10-516] comparison between unequal length arrays always returns FALSE [D:/UNI/TFG/OctaveSax/Vivado/octave_main/octave_main.srcs/sources_1/new/master_controller.vhd:781]
WARNING: [VRFC 10-516] comparison between unequal length arrays always returns FALSE [D:/UNI/TFG/OctaveSax/Vivado/octave_main/octave_main.srcs/sources_1/new/master_controller.vhd:788]
WARNING: [VRFC 10-516] comparison between unequal length arrays always returns FALSE [D:/UNI/TFG/OctaveSax/Vivado/octave_main/octave_main.srcs/sources_1/new/master_controller.vhd:806]
WARNING: [VRFC 10-516] comparison between unequal length arrays always returns FALSE [D:/UNI/TFG/OctaveSax/Vivado/octave_main/octave_main.srcs/sources_1/new/master_controller.vhd:813]
WARNING: [VRFC 10-516] comparison between unequal length arrays always returns FALSE [D:/UNI/TFG/OctaveSax/Vivado/octave_main/octave_main.srcs/sources_1/new/master_controller.vhd:820]
WARNING: [VRFC 10-516] comparison between unequal length arrays always returns FALSE [D:/UNI/TFG/OctaveSax/Vivado/octave_main/octave_main.srcs/sources_1/new/master_controller.vhd:827]
Completed static elaboration
Starting simulation data flow analysis
Completed simulation data flow analysis
Time Resolution for simulation is 1ps
Compiling package std.standard
Compiling package std.textio
Compiling package ieee.std_logic_1164
Compiling package ieee.numeric_std
Compiling package xil_defaultlib.project_trunk
Compiling package unisim.vcomponents
Compiling package ieee.std_logic_arith
Compiling package ieee.std_logic_signed
Compiling package ieee.std_logic_textio
Compiling package ieee.vital_timing
Compiling package ieee.vital_primitives
Compiling package unisim.vpkg
Compiling module xil_defaultlib.glbl
Compiling architecture behavioral of entity xil_defaultlib.sampling [sampling_default]
Compiling architecture behavioral of entity xil_defaultlib.shift_register [shift_register_default]
Compiling architecture gnd_v of entity unisim.GND [gnd_default]
Compiling architecture rb18_internal_vhdl_v of entity unisim.RB18_INTERNAL_VHDL [\RB18_INTERNAL_VHDL(bram_size=18...]
Compiling architecture ramb18e1_v of entity unisim.RAMB18E1 [\RAMB18E1(doa_reg=1,dob_reg=1,re...]
Compiling architecture structure of entity xil_defaultlib.freq_short_memo_blk_mem_gen_prim_wrapper [freq_short_memo_blk_mem_gen_prim...]
Compiling architecture structure of entity xil_defaultlib.freq_short_memo_blk_mem_gen_prim_width [freq_short_memo_blk_mem_gen_prim...]
Compiling architecture structure of entity xil_defaultlib.freq_short_memo_blk_mem_gen_generic_cstr [freq_short_memo_blk_mem_gen_gene...]
Compiling architecture structure of entity xil_defaultlib.freq_short_memo_blk_mem_gen_top [freq_short_memo_blk_mem_gen_top_...]
Compiling architecture structure of entity xil_defaultlib.freq_short_memo_blk_mem_gen_v8_4_1_synth [freq_short_memo_blk_mem_gen_v8_4...]
Compiling architecture structure of entity xil_defaultlib.freq_short_memo_blk_mem_gen_v8_4_1 [freq_short_memo_blk_mem_gen_v8_4...]
Compiling architecture structure of entity xil_defaultlib.freq_short_memo [freq_short_memo_default]
Compiling architecture behavioral of entity xil_defaultlib.manager_memo [manager_memo_default]
Compiling architecture behavioral of entity xil_defaultlib.stft_window_rom [stft_window_rom_default]
Compiling architecture behavioral of entity xil_defaultlib.istft_window_rom [istft_window_rom_default]
Compiling architecture behavioral of entity xil_defaultlib.window_controller [window_controller_default]
Compiling architecture behavioral of entity xil_defaultlib.fsm_control [fsm_control_default]
Compiling architecture behavioral of entity xil_defaultlib.master_controller [master_controller_default]
Compiling architecture behavioral of entity xil_defaultlib.main_tb
Built simulation snapshot main_tb_behav
run_program: Time (s): cpu = 00:00:00 ; elapsed = 00:00:05 . Memory (MB): peak = 884.664 ; gain = 0.000
INFO: [USF-XSim-69] 'elaborate' step finished in '5' seconds
launch_simulation: Time (s): cpu = 00:00:01 ; elapsed = 00:00:05 . Memory (MB): peak = 884.664 ; gain = 0.000
Vivado Simulator 2017.4
Time resolution is 1 ps
relaunch_sim: Time (s): cpu = 00:00:02 ; elapsed = 00:00:10 . Memory (MB): peak = 884.664 ; gain = 0.000
restart
INFO: [Simtcl 6-17] Simulation restarted
run 20 ms
run: Time (s): cpu = 00:00:18 ; elapsed = 00:00:28 . Memory (MB): peak = 886.902 ; gain = 2.238
relaunch_sim
INFO: [Vivado 12-5698] Checking validity of IPs in the design for the 'XSim' simulator...
INFO: [Vivado 12-5682] Launching behavioral simulation in 'D:/UNI/TFG/OctaveSax/Vivado/octave_main/octave_main.sim/sim_1/behav/xsim'
INFO: [Vivado 12-4795] Using compiled simulation libraries for IPs
INFO: [SIM-utils-51] Simulation object is 'sim_1'
INFO: [USF-XSim-7] Finding pre-compiled libraries...
INFO: [USF-XSim-11] File 'C:/Xilinx/Vivado/2017.4/data/xsim/ip/xsim_ip.ini' copied to run dir:'D:/UNI/TFG/OctaveSax/Vivado/octave_main/octave_main.sim/sim_1/behav/xsim'
INFO: [SIM-utils-54] Inspecting design source files for 'main_tb' in fileset 'sim_1'...
INFO: [USF-XSim-97] Finding global include files...
INFO: [USF-XSim-100] Fetching design files from 'sources_1'...(this may take a while)...
INFO: [USF-XSim-101] Fetching design files from 'sim_1'...
INFO: [USF-XSim-2] XSim::Compile design
INFO: [USF-XSim-61] Executing 'COMPILE and ANALYZE' step in 'D:/UNI/TFG/OctaveSax/Vivado/octave_main/octave_main.sim/sim_1/behav/xsim'
"xvlog --incr --relax -prj main_tb_vlog.prj"
"xvhdl --incr --relax -prj main_tb_vhdl.prj"
INFO: [VRFC 10-163] Analyzing VHDL file "D:/UNI/TFG/OctaveSax/Vivado/octave_main/octave_main.srcs/sources_1/new/master_controller.vhd" into library xil_defaultlib
INFO: [VRFC 10-307] analyzing entity master_controller
INFO: [USF-XSim-69] 'compile' step finished in '1' seconds
INFO: [Vivado 12-5698] Checking validity of IPs in the design for the 'XSim' simulator...
INFO: [Vivado 12-5682] Launching behavioral simulation in 'D:/UNI/TFG/OctaveSax/Vivado/octave_main/octave_main.sim/sim_1/behav/xsim'
INFO: [Vivado 12-4795] Using compiled simulation libraries for IPs
INFO: [USF-XSim-3] XSim::Elaborate design
INFO: [USF-XSim-61] Executing 'ELABORATE' step in 'D:/UNI/TFG/OctaveSax/Vivado/octave_main/octave_main.sim/sim_1/behav/xsim'
Vivado Simulator 2017.4
Copyright 1986-1999, 2001-2016 Xilinx, Inc. All Rights Reserved.
Running: C:/Xilinx/Vivado/2017.4/bin/unwrapped/win64.o/xelab.exe -wto 0c9c3a36965041288ce87ec04c26eca9 --incr --debug typical --relax --mt 2 -L xil_defaultlib -L unisims_ver -L unimacro_ver -L secureip -L xpm --snapshot main_tb_behav xil_defaultlib.main_tb xil_defaultlib.glbl -log elaborate.log 
Using 2 slave threads.
Starting static elaboration
WARNING: [VRFC 10-516] comparison between unequal length arrays always returns FALSE [D:/UNI/TFG/OctaveSax/Vivado/octave_main/octave_main.srcs/sources_1/new/master_controller.vhd:783]
WARNING: [VRFC 10-516] comparison between unequal length arrays always returns FALSE [D:/UNI/TFG/OctaveSax/Vivado/octave_main/octave_main.srcs/sources_1/new/master_controller.vhd:790]
WARNING: [VRFC 10-516] comparison between unequal length arrays always returns FALSE [D:/UNI/TFG/OctaveSax/Vivado/octave_main/octave_main.srcs/sources_1/new/master_controller.vhd:797]
WARNING: [VRFC 10-516] comparison between unequal length arrays always returns FALSE [D:/UNI/TFG/OctaveSax/Vivado/octave_main/octave_main.srcs/sources_1/new/master_controller.vhd:804]
WARNING: [VRFC 10-516] comparison between unequal length arrays always returns FALSE [D:/UNI/TFG/OctaveSax/Vivado/octave_main/octave_main.srcs/sources_1/new/master_controller.vhd:822]
WARNING: [VRFC 10-516] comparison between unequal length arrays always returns FALSE [D:/UNI/TFG/OctaveSax/Vivado/octave_main/octave_main.srcs/sources_1/new/master_controller.vhd:829]
WARNING: [VRFC 10-516] comparison between unequal length arrays always returns FALSE [D:/UNI/TFG/OctaveSax/Vivado/octave_main/octave_main.srcs/sources_1/new/master_controller.vhd:836]
WARNING: [VRFC 10-516] comparison between unequal length arrays always returns FALSE [D:/UNI/TFG/OctaveSax/Vivado/octave_main/octave_main.srcs/sources_1/new/master_controller.vhd:843]
Completed static elaboration
Starting simulation data flow analysis
Completed simulation data flow analysis
Time Resolution for simulation is 1ps
Compiling package std.standard
Compiling package std.textio
Compiling package ieee.std_logic_1164
Compiling package ieee.numeric_std
Compiling package xil_defaultlib.project_trunk
Compiling package unisim.vcomponents
Compiling package ieee.std_logic_arith
Compiling package ieee.std_logic_signed
Compiling package ieee.std_logic_textio
Compiling package ieee.vital_timing
Compiling package ieee.vital_primitives
Compiling package unisim.vpkg
Compiling module xil_defaultlib.glbl
Compiling architecture behavioral of entity xil_defaultlib.sampling [sampling_default]
Compiling architecture behavioral of entity xil_defaultlib.shift_register [shift_register_default]
Compiling architecture gnd_v of entity unisim.GND [gnd_default]
Compiling architecture rb18_internal_vhdl_v of entity unisim.RB18_INTERNAL_VHDL [\RB18_INTERNAL_VHDL(bram_size=18...]
Compiling architecture ramb18e1_v of entity unisim.RAMB18E1 [\RAMB18E1(doa_reg=1,dob_reg=1,re...]
Compiling architecture structure of entity xil_defaultlib.freq_short_memo_blk_mem_gen_prim_wrapper [freq_short_memo_blk_mem_gen_prim...]
Compiling architecture structure of entity xil_defaultlib.freq_short_memo_blk_mem_gen_prim_width [freq_short_memo_blk_mem_gen_prim...]
Compiling architecture structure of entity xil_defaultlib.freq_short_memo_blk_mem_gen_generic_cstr [freq_short_memo_blk_mem_gen_gene...]
Compiling architecture structure of entity xil_defaultlib.freq_short_memo_blk_mem_gen_top [freq_short_memo_blk_mem_gen_top_...]
Compiling architecture structure of entity xil_defaultlib.freq_short_memo_blk_mem_gen_v8_4_1_synth [freq_short_memo_blk_mem_gen_v8_4...]
Compiling architecture structure of entity xil_defaultlib.freq_short_memo_blk_mem_gen_v8_4_1 [freq_short_memo_blk_mem_gen_v8_4...]
Compiling architecture structure of entity xil_defaultlib.freq_short_memo [freq_short_memo_default]
Compiling architecture behavioral of entity xil_defaultlib.manager_memo [manager_memo_default]
Compiling architecture behavioral of entity xil_defaultlib.stft_window_rom [stft_window_rom_default]
Compiling architecture behavioral of entity xil_defaultlib.istft_window_rom [istft_window_rom_default]
Compiling architecture behavioral of entity xil_defaultlib.window_controller [window_controller_default]
Compiling architecture behavioral of entity xil_defaultlib.fsm_control [fsm_control_default]
Compiling architecture behavioral of entity xil_defaultlib.master_controller [master_controller_default]
Compiling architecture behavioral of entity xil_defaultlib.main_tb
Built simulation snapshot main_tb_behav
run_program: Time (s): cpu = 00:00:00 ; elapsed = 00:00:05 . Memory (MB): peak = 887.078 ; gain = 0.000
INFO: [USF-XSim-69] 'elaborate' step finished in '6' seconds
launch_simulation: Time (s): cpu = 00:00:00 ; elapsed = 00:00:05 . Memory (MB): peak = 887.078 ; gain = 0.000
Vivado Simulator 2017.4
Time resolution is 1 ps
relaunch_sim: Time (s): cpu = 00:00:00 ; elapsed = 00:00:10 . Memory (MB): peak = 887.422 ; gain = 0.344
restart
INFO: [Simtcl 6-17] Simulation restarted
run 20 ms
run: Time (s): cpu = 00:00:15 ; elapsed = 00:00:27 . Memory (MB): peak = 890.574 ; gain = 2.176
reset_run synth_1
WARNING: [Vivado 12-1017] Problems encountered:
1. Failed to delete one or more files in run directory D:/UNI/TFG/OctaveSax/Vivado/octave_main/octave_main.runs/synth_1

launch_runs synth_1 -jobs 2
[Fri Apr 19 13:10:01 2019] Launched synth_1...
Run output will be captured here: D:/UNI/TFG/OctaveSax/Vivado/octave_main/octave_main.runs/synth_1/runme.log
close_sim
INFO: [Simtcl 6-16] Simulation closed
reset_run synth_1
launch_runs synth_1 -jobs 2
[Fri Apr 19 13:14:39 2019] Launched synth_1...
Run output will be captured here: D:/UNI/TFG/OctaveSax/Vivado/octave_main/octave_main.runs/synth_1/runme.log
reset_run synth_1
launch_runs impl_1 -to_step write_bitstream -jobs 2
[Fri Apr 19 13:20:23 2019] Launched synth_1...
Run output will be captured here: D:/UNI/TFG/OctaveSax/Vivado/octave_main/octave_main.runs/synth_1/runme.log
[Fri Apr 19 13:20:23 2019] Launched impl_1...
Run output will be captured here: D:/UNI/TFG/OctaveSax/Vivado/octave_main/octave_main.runs/impl_1/runme.log
open_hw
connect_hw_server
INFO: [Labtools 27-2285] Connecting to hw_server url TCP:localhost:3121
INFO: [Labtools 27-2222] Launching hw_server...
INFO: [Labtools 27-2221] Launch Output:

****** Xilinx hw_server v2017.4
  **** Build date : Dec 15 2017-21:08:27
    ** Copyright 1986-2017 Xilinx, Inc. All Rights Reserved.


open_hw_target
INFO: [Labtoolstcl 44-466] Opening hw_target localhost:3121/xilinx_tcf/Digilent/210292AA76C7A
ERROR: [Labtools 27-2269] No devices detected on target localhost:3121/xilinx_tcf/Digilent/210292AA76C7A.
Check cable connectivity and that the target board is powered up then
use the disconnect_hw_server and connect_hw_server to re-register this hardware target.
ERROR: [Common 17-39] 'open_hw_target' failed due to earlier errors.
set_property PROBES.FILE {} [get_hw_devices xc7a100t_0]
set_property FULL_PROBES.FILE {} [get_hw_devices xc7a100t_0]
set_property PROGRAM.FILE {D:/UNI/TFG/OctaveSax/Vivado/octave_main/octave_main.runs/impl_1/fsm_global.bit} [get_hw_devices xc7a100t_0]
program_hw_devices [get_hw_devices xc7a100t_0]
INFO: [Labtools 27-3164] End of startup status: HIGH
refresh_hw_device [lindex [get_hw_devices xc7a100t_0] 0]
INFO: [Labtools 27-1434] Device xc7a100t (JTAG device index = 0) is programmed with a design that has no supported debug core(s) in it.
WARNING: [Labtools 27-3361] The debug hub core was not detected.
Resolution: 
1. Make sure the clock connected to the debug hub (dbg_hub) core is a free running clock and is active.
2. Make sure the BSCAN_SWITCH_USER_MASK device property in Vivado Hardware Manager reflects the user scan chain setting in the design and refresh the device.  To determine the user scan chain setting in the design, open the implemented design and use 'get_property C_USER_SCAN_CHAIN [get_debug_cores dbg_hub]'.
For more details on setting the scan chain property, consult the Vivado Debug and Programming User Guide (UG908).
exit
INFO: [Common 17-206] Exiting Vivado at Fri Apr 19 13:29:00 2019...
