#-----------------------------------------------------------
# Vivado v2017.4 (64-bit)
# SW Build 2086221 on Fri Dec 15 20:55:39 MST 2017
# IP Build 2085800 on Fri Dec 15 22:25:07 MST 2017
# Start of session at: Sat Feb 16 11:31:13 2019
# Process ID: 6672
# Current directory: D:/UNI/TFG/OctaveSax/Vivado/octave_main
# Command line: vivado.exe -gui_launcher_event rodinguilauncherevent14300 D:\UNI\TFG\OctaveSax\Vivado\octave_main\octave_main.xpr
# Log file: D:/UNI/TFG/OctaveSax/Vivado/octave_main/vivado.log
# Journal file: D:/UNI/TFG/OctaveSax/Vivado/octave_main\vivado.jou
#-----------------------------------------------------------
start_gui
open_project D:/UNI/TFG/OctaveSax/Vivado/octave_main/octave_main.xpr
INFO: [Project 1-313] Project file moved from '/home/joterom/workspace/OctaveSax/Vivado/octave_main' since last save.
Scanning sources...
Finished scanning sources
INFO: [IP_Flow 19-234] Refreshing IP repositories
INFO: [IP_Flow 19-1704] No user IP repositories specified
INFO: [IP_Flow 19-2313] Loaded Vivado IP repository 'C:/Xilinx/Vivado/2017.4/data/ip'.
open_project: Time (s): cpu = 00:00:09 ; elapsed = 00:00:05 . Memory (MB): peak = 752.512 ; gain = 84.523
launch_simulation
INFO: [Vivado 12-5698] Checking validity of IPs in the design for the 'XSim' simulator...
INFO: [Vivado 12-5682] Launching behavioral simulation in 'D:/UNI/TFG/OctaveSax/Vivado/octave_main/octave_main.sim/sim_1/behav/xsim'
INFO: [Vivado 12-4795] Using compiled simulation libraries for IPs
INFO: [SIM-utils-51] Simulation object is 'sim_1'
INFO: [USF-XSim-7] Finding pre-compiled libraries...
INFO: [USF-XSim-11] File 'C:/Xilinx/Vivado/2017.4/data/xsim/ip/xsim_ip.ini' copied to run dir:'D:/UNI/TFG/OctaveSax/Vivado/octave_main/octave_main.sim/sim_1/behav/xsim'
INFO: [SIM-utils-54] Inspecting design source files for 'main_tb' in fileset 'sim_1'...
INFO: [USF-XSim-97] Finding global include files...
INFO: [USF-XSim-100] Fetching design files from 'sources_1'...(this may take a while)...
INFO: [USF-XSim-101] Fetching design files from 'sim_1'...
INFO: [USF-XSim-2] XSim::Compile design
INFO: [USF-XSim-61] Executing 'COMPILE and ANALYZE' step in 'D:/UNI/TFG/OctaveSax/Vivado/octave_main/octave_main.sim/sim_1/behav/xsim'
"xvlog --incr --relax -prj main_tb_vlog.prj"
INFO: [VRFC 10-2263] Analyzing Verilog file "D:/UNI/TFG/OctaveSax/Vivado/octave_main/octave_main.sim/sim_1/behav/xsim/glbl.v" into library xil_defaultlib
INFO: [VRFC 10-311] analyzing module glbl
"xvhdl --incr --relax -prj main_tb_vhdl.prj"
INFO: [VRFC 10-163] Analyzing VHDL file "D:/UNI/TFG/OctaveSax/Vivado/octave_main/octave_main.srcs/sources_1/ip/clock_change/clock_change_sim_netlist.vhdl" into library xil_defaultlib
INFO: [VRFC 10-307] analyzing entity clock_change_clock_change_clk_wiz
INFO: [VRFC 10-307] analyzing entity clock_change
INFO: [VRFC 10-163] Analyzing VHDL file "D:/UNI/TFG/OctaveSax/Vivado/octave_main/octave_main.srcs/sources_1/ip/ram_memory/ram_memory_sim_netlist.vhdl" into library xil_defaultlib
INFO: [VRFC 10-307] analyzing entity ram_memory_blk_mem_gen_prim_wrapper
INFO: [VRFC 10-307] analyzing entity \ram_memory_blk_mem_gen_prim_wrapper__parameterized0\
INFO: [VRFC 10-307] analyzing entity ram_memory_blk_mem_gen_prim_width
INFO: [VRFC 10-307] analyzing entity \ram_memory_blk_mem_gen_prim_width__parameterized0\
INFO: [VRFC 10-307] analyzing entity ram_memory_blk_mem_gen_generic_cstr
INFO: [VRFC 10-307] analyzing entity ram_memory_blk_mem_gen_top
INFO: [VRFC 10-307] analyzing entity ram_memory_blk_mem_gen_v8_4_1_synth
INFO: [VRFC 10-307] analyzing entity ram_memory_blk_mem_gen_v8_4_1
INFO: [VRFC 10-307] analyzing entity ram_memory
INFO: [VRFC 10-163] Analyzing VHDL file "D:/UNI/TFG/OctaveSax/Vivado/octave_main/octave_main.srcs/sources_1/new/project_trunk.vhd" into library xil_defaultlib
INFO: [VRFC 10-163] Analyzing VHDL file "D:/UNI/TFG/OctaveSax/Vivado/octave_main/octave_main.srcs/sources_1/new/sampling.vhd" into library xil_defaultlib
INFO: [VRFC 10-307] analyzing entity sampling
INFO: [VRFC 10-163] Analyzing VHDL file "D:/UNI/TFG/OctaveSax/Vivado/octave_main/octave_main.srcs/sources_1/new/shift_register.vhd" into library xil_defaultlib
INFO: [VRFC 10-307] analyzing entity shift_register
INFO: [VRFC 10-163] Analyzing VHDL file "D:/UNI/TFG/OctaveSax/Vivado/octave_main/octave_main.srcs/sources_1/new/memo_controller.vhd" into library xil_defaultlib
INFO: [VRFC 10-307] analyzing entity memo_controller
INFO: [VRFC 10-163] Analyzing VHDL file "D:/UNI/TFG/OctaveSax/Vivado/octave_main/octave_main.srcs/sources_1/new/master_controller.vhd" into library xil_defaultlib
INFO: [VRFC 10-307] analyzing entity master_controller
INFO: [VRFC 10-163] Analyzing VHDL file "D:/UNI/TFG/OctaveSax/Vivado/octave_main/octave_main.srcs/sim_1/new/pmod_clk_gen_tb.vhd" into library xil_defaultlib
INFO: [VRFC 10-307] analyzing entity pmod_clk_gen_tb
ERROR: [VRFC 10-91] mclk_freq is not declared [D:/UNI/TFG/OctaveSax/Vivado/octave_main/octave_main.srcs/sim_1/new/pmod_clk_gen_tb.vhd:31]
ERROR: [VRFC 10-91] mclk_freq is not declared [D:/UNI/TFG/OctaveSax/Vivado/octave_main/octave_main.srcs/sim_1/new/pmod_clk_gen_tb.vhd:33]
ERROR: [VRFC 10-1504] unit behavioral ignored due to previous errors [D:/UNI/TFG/OctaveSax/Vivado/octave_main/octave_main.srcs/sim_1/new/pmod_clk_gen_tb.vhd:8]
INFO: [VRFC 10-240] VHDL file D:/UNI/TFG/OctaveSax/Vivado/octave_main/octave_main.srcs/sim_1/new/pmod_clk_gen_tb.vhd ignored due to errors
INFO: [USF-XSim-69] 'compile' step finished in '2' seconds
INFO: [USF-XSim-99] Step results log file:'D:/UNI/TFG/OctaveSax/Vivado/octave_main/octave_main.sim/sim_1/behav/xsim/xvhdl.log'
ERROR: [USF-XSim-62] 'compile' step failed with error(s). Please check the Tcl console output or 'D:/UNI/TFG/OctaveSax/Vivado/octave_main/octave_main.sim/sim_1/behav/xsim/xvhdl.log' file for more information.
ERROR: [Vivado 12-4473] Detected error while running simulation. Please correct the issue and retry this operation.
ERROR: [Common 17-39] 'launch_simulation' failed due to earlier errors.
set_property is_enabled false [get_files  D:/UNI/TFG/OctaveSax/Vivado/octave_main/octave_main.srcs/sim_1/new/fft_tb.vhd]
set_property is_enabled false [get_files  D:/UNI/TFG/OctaveSax/Vivado/octave_main/octave_main.srcs/sim_1/new/pmod_clk_gen_tb.vhd]
launch_simulation
INFO: [Vivado 12-5698] Checking validity of IPs in the design for the 'XSim' simulator...
INFO: [Vivado 12-5682] Launching behavioral simulation in 'D:/UNI/TFG/OctaveSax/Vivado/octave_main/octave_main.sim/sim_1/behav/xsim'
INFO: [Vivado 12-4795] Using compiled simulation libraries for IPs
INFO: [SIM-utils-51] Simulation object is 'sim_1'
INFO: [USF-XSim-7] Finding pre-compiled libraries...
INFO: [USF-XSim-11] File 'C:/Xilinx/Vivado/2017.4/data/xsim/ip/xsim_ip.ini' copied to run dir:'D:/UNI/TFG/OctaveSax/Vivado/octave_main/octave_main.sim/sim_1/behav/xsim'
INFO: [SIM-utils-54] Inspecting design source files for 'main_tb' in fileset 'sim_1'...
INFO: [USF-XSim-97] Finding global include files...
INFO: [USF-XSim-100] Fetching design files from 'sources_1'...(this may take a while)...
INFO: [USF-XSim-101] Fetching design files from 'sim_1'...
INFO: [USF-XSim-2] XSim::Compile design
INFO: [USF-XSim-61] Executing 'COMPILE and ANALYZE' step in 'D:/UNI/TFG/OctaveSax/Vivado/octave_main/octave_main.sim/sim_1/behav/xsim'
"xvlog --incr --relax -prj main_tb_vlog.prj"
"xvhdl --incr --relax -prj main_tb_vhdl.prj"
INFO: [VRFC 10-163] Analyzing VHDL file "D:/UNI/TFG/OctaveSax/Vivado/octave_main/octave_main.srcs/sources_1/ip/clock_change/clock_change_sim_netlist.vhdl" into library xil_defaultlib
INFO: [VRFC 10-307] analyzing entity clock_change_clock_change_clk_wiz
INFO: [VRFC 10-307] analyzing entity clock_change
INFO: [VRFC 10-163] Analyzing VHDL file "D:/UNI/TFG/OctaveSax/Vivado/octave_main/octave_main.srcs/sources_1/ip/ram_memory/ram_memory_sim_netlist.vhdl" into library xil_defaultlib
INFO: [VRFC 10-307] analyzing entity ram_memory_blk_mem_gen_prim_wrapper
INFO: [VRFC 10-307] analyzing entity \ram_memory_blk_mem_gen_prim_wrapper__parameterized0\
INFO: [VRFC 10-307] analyzing entity ram_memory_blk_mem_gen_prim_width
INFO: [VRFC 10-307] analyzing entity \ram_memory_blk_mem_gen_prim_width__parameterized0\
INFO: [VRFC 10-307] analyzing entity ram_memory_blk_mem_gen_generic_cstr
INFO: [VRFC 10-307] analyzing entity ram_memory_blk_mem_gen_top
INFO: [VRFC 10-307] analyzing entity ram_memory_blk_mem_gen_v8_4_1_synth
INFO: [VRFC 10-307] analyzing entity ram_memory_blk_mem_gen_v8_4_1
INFO: [VRFC 10-307] analyzing entity ram_memory
INFO: [VRFC 10-163] Analyzing VHDL file "D:/UNI/TFG/OctaveSax/Vivado/octave_main/octave_main.srcs/sources_1/new/project_trunk.vhd" into library xil_defaultlib
INFO: [VRFC 10-163] Analyzing VHDL file "D:/UNI/TFG/OctaveSax/Vivado/octave_main/octave_main.srcs/sources_1/new/sampling.vhd" into library xil_defaultlib
INFO: [VRFC 10-307] analyzing entity sampling
INFO: [VRFC 10-163] Analyzing VHDL file "D:/UNI/TFG/OctaveSax/Vivado/octave_main/octave_main.srcs/sources_1/new/shift_register.vhd" into library xil_defaultlib
INFO: [VRFC 10-307] analyzing entity shift_register
INFO: [VRFC 10-163] Analyzing VHDL file "D:/UNI/TFG/OctaveSax/Vivado/octave_main/octave_main.srcs/sources_1/new/memo_controller.vhd" into library xil_defaultlib
INFO: [VRFC 10-307] analyzing entity memo_controller
INFO: [VRFC 10-163] Analyzing VHDL file "D:/UNI/TFG/OctaveSax/Vivado/octave_main/octave_main.srcs/sources_1/new/master_controller.vhd" into library xil_defaultlib
INFO: [VRFC 10-307] analyzing entity master_controller
INFO: [VRFC 10-163] Analyzing VHDL file "D:/UNI/TFG/OctaveSax/Vivado/octave_main/octave_main.srcs/sim_1/new/pmod_clk_gen_tb.vhd" into library xil_defaultlib
INFO: [VRFC 10-307] analyzing entity pmod_clk_gen_tb
ERROR: [VRFC 10-91] mclk_freq is not declared [D:/UNI/TFG/OctaveSax/Vivado/octave_main/octave_main.srcs/sim_1/new/pmod_clk_gen_tb.vhd:31]
ERROR: [VRFC 10-91] mclk_freq is not declared [D:/UNI/TFG/OctaveSax/Vivado/octave_main/octave_main.srcs/sim_1/new/pmod_clk_gen_tb.vhd:33]
ERROR: [VRFC 10-1504] unit behavioral ignored due to previous errors [D:/UNI/TFG/OctaveSax/Vivado/octave_main/octave_main.srcs/sim_1/new/pmod_clk_gen_tb.vhd:8]
INFO: [VRFC 10-240] VHDL file D:/UNI/TFG/OctaveSax/Vivado/octave_main/octave_main.srcs/sim_1/new/pmod_clk_gen_tb.vhd ignored due to errors
INFO: [USF-XSim-69] 'compile' step finished in '2' seconds
INFO: [USF-XSim-99] Step results log file:'D:/UNI/TFG/OctaveSax/Vivado/octave_main/octave_main.sim/sim_1/behav/xsim/xvhdl.log'
ERROR: [USF-XSim-62] 'compile' step failed with error(s). Please check the Tcl console output or 'D:/UNI/TFG/OctaveSax/Vivado/octave_main/octave_main.sim/sim_1/behav/xsim/xvhdl.log' file for more information.
ERROR: [Vivado 12-4473] Detected error while running simulation. Please correct the issue and retry this operation.
ERROR: [Common 17-39] 'launch_simulation' failed due to earlier errors.
launch_simulation
INFO: [Vivado 12-5698] Checking validity of IPs in the design for the 'XSim' simulator...
INFO: [Vivado 12-5682] Launching behavioral simulation in 'D:/UNI/TFG/OctaveSax/Vivado/octave_main/octave_main.sim/sim_1/behav/xsim'
INFO: [Vivado 12-4795] Using compiled simulation libraries for IPs
INFO: [SIM-utils-51] Simulation object is 'sim_1'
INFO: [USF-XSim-7] Finding pre-compiled libraries...
INFO: [USF-XSim-11] File 'C:/Xilinx/Vivado/2017.4/data/xsim/ip/xsim_ip.ini' copied to run dir:'D:/UNI/TFG/OctaveSax/Vivado/octave_main/octave_main.sim/sim_1/behav/xsim'
INFO: [SIM-utils-54] Inspecting design source files for 'main_tb' in fileset 'sim_1'...
INFO: [USF-XSim-97] Finding global include files...
INFO: [USF-XSim-100] Fetching design files from 'sources_1'...(this may take a while)...
INFO: [USF-XSim-101] Fetching design files from 'sim_1'...
INFO: [USF-XSim-2] XSim::Compile design
INFO: [USF-XSim-61] Executing 'COMPILE and ANALYZE' step in 'D:/UNI/TFG/OctaveSax/Vivado/octave_main/octave_main.sim/sim_1/behav/xsim'
"xvlog --incr --relax -prj main_tb_vlog.prj"
"xvhdl --incr --relax -prj main_tb_vhdl.prj"
INFO: [VRFC 10-163] Analyzing VHDL file "D:/UNI/TFG/OctaveSax/Vivado/octave_main/octave_main.srcs/sources_1/ip/clock_change/clock_change_sim_netlist.vhdl" into library xil_defaultlib
INFO: [VRFC 10-307] analyzing entity clock_change_clock_change_clk_wiz
INFO: [VRFC 10-307] analyzing entity clock_change
INFO: [VRFC 10-163] Analyzing VHDL file "D:/UNI/TFG/OctaveSax/Vivado/octave_main/octave_main.srcs/sources_1/ip/ram_memory/ram_memory_sim_netlist.vhdl" into library xil_defaultlib
INFO: [VRFC 10-307] analyzing entity ram_memory_blk_mem_gen_prim_wrapper
INFO: [VRFC 10-307] analyzing entity \ram_memory_blk_mem_gen_prim_wrapper__parameterized0\
INFO: [VRFC 10-307] analyzing entity ram_memory_blk_mem_gen_prim_width
INFO: [VRFC 10-307] analyzing entity \ram_memory_blk_mem_gen_prim_width__parameterized0\
INFO: [VRFC 10-307] analyzing entity ram_memory_blk_mem_gen_generic_cstr
INFO: [VRFC 10-307] analyzing entity ram_memory_blk_mem_gen_top
INFO: [VRFC 10-307] analyzing entity ram_memory_blk_mem_gen_v8_4_1_synth
INFO: [VRFC 10-307] analyzing entity ram_memory_blk_mem_gen_v8_4_1
INFO: [VRFC 10-307] analyzing entity ram_memory
INFO: [VRFC 10-163] Analyzing VHDL file "D:/UNI/TFG/OctaveSax/Vivado/octave_main/octave_main.srcs/sources_1/new/project_trunk.vhd" into library xil_defaultlib
INFO: [VRFC 10-163] Analyzing VHDL file "D:/UNI/TFG/OctaveSax/Vivado/octave_main/octave_main.srcs/sources_1/new/sampling.vhd" into library xil_defaultlib
INFO: [VRFC 10-307] analyzing entity sampling
INFO: [VRFC 10-163] Analyzing VHDL file "D:/UNI/TFG/OctaveSax/Vivado/octave_main/octave_main.srcs/sources_1/new/shift_register.vhd" into library xil_defaultlib
INFO: [VRFC 10-307] analyzing entity shift_register
INFO: [VRFC 10-163] Analyzing VHDL file "D:/UNI/TFG/OctaveSax/Vivado/octave_main/octave_main.srcs/sources_1/new/memo_controller.vhd" into library xil_defaultlib
INFO: [VRFC 10-307] analyzing entity memo_controller
INFO: [VRFC 10-163] Analyzing VHDL file "D:/UNI/TFG/OctaveSax/Vivado/octave_main/octave_main.srcs/sources_1/new/master_controller.vhd" into library xil_defaultlib
INFO: [VRFC 10-307] analyzing entity master_controller
INFO: [VRFC 10-163] Analyzing VHDL file "D:/UNI/TFG/OctaveSax/Vivado/octave_main/octave_main.srcs/sim_1/new/pmod_clk_gen_tb.vhd" into library xil_defaultlib
INFO: [VRFC 10-307] analyzing entity pmod_clk_gen_tb
ERROR: [VRFC 10-91] mclk_freq is not declared [D:/UNI/TFG/OctaveSax/Vivado/octave_main/octave_main.srcs/sim_1/new/pmod_clk_gen_tb.vhd:31]
ERROR: [VRFC 10-91] mclk_freq is not declared [D:/UNI/TFG/OctaveSax/Vivado/octave_main/octave_main.srcs/sim_1/new/pmod_clk_gen_tb.vhd:33]
ERROR: [VRFC 10-1504] unit behavioral ignored due to previous errors [D:/UNI/TFG/OctaveSax/Vivado/octave_main/octave_main.srcs/sim_1/new/pmod_clk_gen_tb.vhd:8]
INFO: [VRFC 10-240] VHDL file D:/UNI/TFG/OctaveSax/Vivado/octave_main/octave_main.srcs/sim_1/new/pmod_clk_gen_tb.vhd ignored due to errors
INFO: [USF-XSim-69] 'compile' step finished in '2' seconds
INFO: [USF-XSim-99] Step results log file:'D:/UNI/TFG/OctaveSax/Vivado/octave_main/octave_main.sim/sim_1/behav/xsim/xvhdl.log'
ERROR: [USF-XSim-62] 'compile' step failed with error(s). Please check the Tcl console output or 'D:/UNI/TFG/OctaveSax/Vivado/octave_main/octave_main.sim/sim_1/behav/xsim/xvhdl.log' file for more information.
ERROR: [Vivado 12-4473] Detected error while running simulation. Please correct the issue and retry this operation.
ERROR: [Common 17-39] 'launch_simulation' failed due to earlier errors.
export_ip_user_files -of_objects  [get_files D:/UNI/TFG/OctaveSax/Vivado/octave_main/octave_main.srcs/sim_1/new/pmod_clk_gen_tb.vhd] -no_script -reset -force -quiet
remove_files  -fileset sim_1 D:/UNI/TFG/OctaveSax/Vivado/octave_main/octave_main.srcs/sim_1/new/pmod_clk_gen_tb.vhd
file delete -force D:/UNI/TFG/OctaveSax/Vivado/octave_main/octave_main.srcs/sim_1/new/pmod_clk_gen_tb.vhd
export_ip_user_files -of_objects  [get_files D:/UNI/TFG/OctaveSax/Vivado/octave_main/octave_main.srcs/sources_1/imports/new/ROM_istft.vhd] -no_script -reset -force -quiet
export_ip_user_files -of_objects  [get_files D:/UNI/TFG/OctaveSax/Vivado/octave_main/octave_main.srcs/sources_1/imports/new/ROM_stft.vhd] -no_script -reset -force -quiet
export_ip_user_files -of_objects  [get_files D:/UNI/TFG/OctaveSax/Vivado/octave_main/octave_main.srcs/sources_1/new/fft_controller.vhd] -no_script -reset -force -quiet
export_ip_user_files -of_objects  [get_files D:/UNI/TFG/OctaveSax/Vivado/octave_main/octave_main.srcs/sources_1/imports/new/module_ALU.vhd] -no_script -reset -force -quiet
export_ip_user_files -of_objects  [get_files D:/UNI/TFG/OctaveSax/Vivado/octave_main/octave_main.srcs/sources_1/imports/new/pmod_clk_gen.vhd] -no_script -reset -force -quiet
export_ip_user_files -of_objects  [get_files D:/UNI/TFG/OctaveSax/Vivado/octave_main/octave_main.srcs/sources_1/new/simple_example.vhd] -no_script -reset -force -quiet
export_ip_user_files -of_objects  [get_files D:/UNI/TFG/OctaveSax/Vivado/octave_main/octave_main.srcs/sources_1/new/square_wave.vhd] -no_script -reset -force -quiet
remove_files  {D:/UNI/TFG/OctaveSax/Vivado/octave_main/octave_main.srcs/sources_1/imports/new/ROM_istft.vhd D:/UNI/TFG/OctaveSax/Vivado/octave_main/octave_main.srcs/sources_1/imports/new/ROM_stft.vhd D:/UNI/TFG/OctaveSax/Vivado/octave_main/octave_main.srcs/sources_1/new/fft_controller.vhd D:/UNI/TFG/OctaveSax/Vivado/octave_main/octave_main.srcs/sources_1/imports/new/module_ALU.vhd D:/UNI/TFG/OctaveSax/Vivado/octave_main/octave_main.srcs/sources_1/imports/new/pmod_clk_gen.vhd D:/UNI/TFG/OctaveSax/Vivado/octave_main/octave_main.srcs/sources_1/new/simple_example.vhd D:/UNI/TFG/OctaveSax/Vivado/octave_main/octave_main.srcs/sources_1/new/square_wave.vhd}
file delete -force D:/UNI/TFG/OctaveSax/Vivado/octave_main/octave_main.srcs/sources_1/imports/new/ROM_istft.vhd D:/UNI/TFG/OctaveSax/Vivado/octave_main/octave_main.srcs/sources_1/imports/new/ROM_stft.vhd D:/UNI/TFG/OctaveSax/Vivado/octave_main/octave_main.srcs/sources_1/new/fft_controller.vhd D:/UNI/TFG/OctaveSax/Vivado/octave_main/octave_main.srcs/sources_1/imports/new/module_ALU.vhd D:/UNI/TFG/OctaveSax/Vivado/octave_main/octave_main.srcs/sources_1/imports/new/pmod_clk_gen.vhd D:/UNI/TFG/OctaveSax/Vivado/octave_main/octave_main.srcs/sources_1/new/simple_example.vhd D:/UNI/TFG/OctaveSax/Vivado/octave_main/octave_main.srcs/sources_1/new/square_wave.vhd
export_ip_user_files -of_objects  [get_files D:/UNI/TFG/OctaveSax/Vivado/octave_main/octave_main.srcs/sim_1/new/fft_tb.vhd] -no_script -reset -force -quiet
remove_files  -fileset sim_1 D:/UNI/TFG/OctaveSax/Vivado/octave_main/octave_main.srcs/sim_1/new/fft_tb.vhd
file delete -force D:/UNI/TFG/OctaveSax/Vivado/octave_main/octave_main.srcs/sim_1/new/fft_tb.vhd
launch_simulation
INFO: [Vivado 12-5698] Checking validity of IPs in the design for the 'XSim' simulator...
INFO: [Vivado 12-5682] Launching behavioral simulation in 'D:/UNI/TFG/OctaveSax/Vivado/octave_main/octave_main.sim/sim_1/behav/xsim'
INFO: [Vivado 12-4795] Using compiled simulation libraries for IPs
INFO: [SIM-utils-51] Simulation object is 'sim_1'
INFO: [USF-XSim-7] Finding pre-compiled libraries...
INFO: [USF-XSim-11] File 'C:/Xilinx/Vivado/2017.4/data/xsim/ip/xsim_ip.ini' copied to run dir:'D:/UNI/TFG/OctaveSax/Vivado/octave_main/octave_main.sim/sim_1/behav/xsim'
INFO: [SIM-utils-54] Inspecting design source files for 'main_tb' in fileset 'sim_1'...
INFO: [USF-XSim-97] Finding global include files...
INFO: [USF-XSim-100] Fetching design files from 'sources_1'...(this may take a while)...
INFO: [USF-XSim-101] Fetching design files from 'sim_1'...
INFO: [USF-XSim-2] XSim::Compile design
INFO: [USF-XSim-61] Executing 'COMPILE and ANALYZE' step in 'D:/UNI/TFG/OctaveSax/Vivado/octave_main/octave_main.sim/sim_1/behav/xsim'
"xvlog --incr --relax -prj main_tb_vlog.prj"
"xvhdl --incr --relax -prj main_tb_vhdl.prj"
INFO: [VRFC 10-163] Analyzing VHDL file "D:/UNI/TFG/OctaveSax/Vivado/octave_main/octave_main.srcs/sources_1/ip/clock_change/clock_change_sim_netlist.vhdl" into library xil_defaultlib
INFO: [VRFC 10-307] analyzing entity clock_change_clock_change_clk_wiz
INFO: [VRFC 10-307] analyzing entity clock_change
INFO: [VRFC 10-163] Analyzing VHDL file "D:/UNI/TFG/OctaveSax/Vivado/octave_main/octave_main.srcs/sources_1/ip/ram_memory/ram_memory_sim_netlist.vhdl" into library xil_defaultlib
INFO: [VRFC 10-307] analyzing entity ram_memory_blk_mem_gen_prim_wrapper
INFO: [VRFC 10-307] analyzing entity \ram_memory_blk_mem_gen_prim_wrapper__parameterized0\
INFO: [VRFC 10-307] analyzing entity ram_memory_blk_mem_gen_prim_width
INFO: [VRFC 10-307] analyzing entity \ram_memory_blk_mem_gen_prim_width__parameterized0\
INFO: [VRFC 10-307] analyzing entity ram_memory_blk_mem_gen_generic_cstr
INFO: [VRFC 10-307] analyzing entity ram_memory_blk_mem_gen_top
INFO: [VRFC 10-307] analyzing entity ram_memory_blk_mem_gen_v8_4_1_synth
INFO: [VRFC 10-307] analyzing entity ram_memory_blk_mem_gen_v8_4_1
INFO: [VRFC 10-307] analyzing entity ram_memory
INFO: [VRFC 10-163] Analyzing VHDL file "D:/UNI/TFG/OctaveSax/Vivado/octave_main/octave_main.srcs/sources_1/new/project_trunk.vhd" into library xil_defaultlib
INFO: [VRFC 10-163] Analyzing VHDL file "D:/UNI/TFG/OctaveSax/Vivado/octave_main/octave_main.srcs/sources_1/new/sampling.vhd" into library xil_defaultlib
INFO: [VRFC 10-307] analyzing entity sampling
INFO: [VRFC 10-163] Analyzing VHDL file "D:/UNI/TFG/OctaveSax/Vivado/octave_main/octave_main.srcs/sources_1/new/shift_register.vhd" into library xil_defaultlib
INFO: [VRFC 10-307] analyzing entity shift_register
INFO: [VRFC 10-163] Analyzing VHDL file "D:/UNI/TFG/OctaveSax/Vivado/octave_main/octave_main.srcs/sources_1/new/memo_controller.vhd" into library xil_defaultlib
INFO: [VRFC 10-307] analyzing entity memo_controller
INFO: [VRFC 10-163] Analyzing VHDL file "D:/UNI/TFG/OctaveSax/Vivado/octave_main/octave_main.srcs/sources_1/new/master_controller.vhd" into library xil_defaultlib
INFO: [VRFC 10-307] analyzing entity master_controller
INFO: [VRFC 10-163] Analyzing VHDL file "D:/UNI/TFG/OctaveSax/Vivado/octave_main/octave_main.srcs/sim_1/new/main_tb.vhd" into library xil_defaultlib
INFO: [VRFC 10-307] analyzing entity main_tb
INFO: [USF-XSim-69] 'compile' step finished in '3' seconds
INFO: [USF-XSim-3] XSim::Elaborate design
INFO: [USF-XSim-61] Executing 'ELABORATE' step in 'D:/UNI/TFG/OctaveSax/Vivado/octave_main/octave_main.sim/sim_1/behav/xsim'
Vivado Simulator 2017.4
Copyright 1986-1999, 2001-2016 Xilinx, Inc. All Rights Reserved.
Running: C:/Xilinx/Vivado/2017.4/bin/unwrapped/win64.o/xelab.exe -wto 0c9c3a36965041288ce87ec04c26eca9 --incr --debug typical --relax --mt 2 -L xil_defaultlib -L unisims_ver -L unimacro_ver -L secureip -L xpm --snapshot main_tb_behav xil_defaultlib.main_tb xil_defaultlib.glbl -log elaborate.log 
Using 2 slave threads.
Starting static elaboration
Completed static elaboration
Starting simulation data flow analysis
Completed simulation data flow analysis
Time Resolution for simulation is 1ps
Compiling package std.standard
Compiling package std.textio
Compiling package ieee.std_logic_1164
Compiling package ieee.numeric_std
Compiling package ieee.std_logic_arith
Compiling package ieee.std_logic_unsigned
Compiling package xil_defaultlib.project_trunk
Compiling package unisim.vcomponents
Compiling package ieee.std_logic_signed
Compiling package ieee.vital_timing
Compiling package ieee.vital_primitives
Compiling package unisim.vpkg
Compiling package ieee.std_logic_textio
Compiling module xil_defaultlib.glbl
Compiling architecture bufg_v of entity unisim.BUFG [bufg_default]
Compiling architecture ibuf_v of entity unisim.IBUF [\IBUF(1,9)(1,1)(1,4)(1,7)\]
Compiling architecture plle2_adv_v of entity unisim.PLLE2_ADV [\PLLE2_ADV(clkfbout_mult=17,clki...]
Compiling architecture structure of entity xil_defaultlib.clock_change_clock_change_clk_wiz [clock_change_clock_change_clk_wi...]
Compiling architecture structure of entity xil_defaultlib.clock_change [clock_change_default]
Compiling architecture behavioral of entity xil_defaultlib.sampling [sampling_default]
Compiling architecture gnd_v of entity unisim.GND [gnd_default]
Compiling architecture rb18_internal_vhdl_v of entity unisim.RB18_INTERNAL_VHDL [\RB18_INTERNAL_VHDL(bram_size=18...]
Compiling architecture ramb18e1_v of entity unisim.RAMB18E1 [\RAMB18E1(doa_reg=1,rdaddr_colli...]
Compiling architecture structure of entity xil_defaultlib.ram_memory_blk_mem_gen_prim_wrapper [ram_memory_blk_mem_gen_prim_wrap...]
Compiling architecture structure of entity xil_defaultlib.ram_memory_blk_mem_gen_prim_width [ram_memory_blk_mem_gen_prim_widt...]
Compiling architecture rb36_internal_vhdl_v of entity unisim.RB36_INTERNAL_VHDL [\RB36_INTERNAL_VHDL(doa_reg=1,in...]
Compiling architecture ramb36e1_v of entity unisim.RAMB36E1 [\RAMB36E1(doa_reg=1,rdaddr_colli...]
Compiling architecture structure of entity xil_defaultlib.\ram_memory_blk_mem_gen_prim_wrapper__parameterized0\ [\ram_memory_blk_mem_gen_prim_wra...]
Compiling architecture structure of entity xil_defaultlib.\ram_memory_blk_mem_gen_prim_width__parameterized0\ [\ram_memory_blk_mem_gen_prim_wid...]
Compiling architecture structure of entity xil_defaultlib.ram_memory_blk_mem_gen_generic_cstr [ram_memory_blk_mem_gen_generic_c...]
Compiling architecture structure of entity xil_defaultlib.ram_memory_blk_mem_gen_top [ram_memory_blk_mem_gen_top_defau...]
Compiling architecture structure of entity xil_defaultlib.ram_memory_blk_mem_gen_v8_4_1_synth [ram_memory_blk_mem_gen_v8_4_1_sy...]
Compiling architecture structure of entity xil_defaultlib.ram_memory_blk_mem_gen_v8_4_1 [ram_memory_blk_mem_gen_v8_4_1_de...]
Compiling architecture structure of entity xil_defaultlib.ram_memory [ram_memory_default]
Compiling architecture behavioral of entity xil_defaultlib.memo_controller [memo_controller_default]
Compiling architecture behavioral of entity xil_defaultlib.shift_register [shift_register_default]
Compiling architecture behavioral of entity xil_defaultlib.master_controller [master_controller_default]
Compiling architecture behavioral of entity xil_defaultlib.main_tb
Built simulation snapshot main_tb_behav

****** Webtalk v2017.4 (64-bit)
  **** SW Build 2086221 on Fri Dec 15 20:55:39 MST 2017
  **** IP Build 2085800 on Fri Dec 15 22:25:07 MST 2017
    ** Copyright 1986-2017 Xilinx, Inc. All Rights Reserved.

source D:/UNI/TFG/OctaveSax/Vivado/octave_main/octave_main.sim/sim_1/behav/xsim/xsim.dir/main_tb_behav/webtalk/xsim_webtalk.tcl -notrace
INFO: [Common 17-186] 'D:/UNI/TFG/OctaveSax/Vivado/octave_main/octave_main.sim/sim_1/behav/xsim/xsim.dir/main_tb_behav/webtalk/usage_statistics_ext_xsim.xml' has been successfully sent to Xilinx on Sat Feb 16 11:39:32 2019. For additional details about this file, please refer to the WebTalk help file at C:/Xilinx/Vivado/2017.4/doc/webtalk_introduction.html.
INFO: [Common 17-206] Exiting Webtalk at Sat Feb 16 11:39:32 2019...
run_program: Time (s): cpu = 00:00:01 ; elapsed = 00:00:11 . Memory (MB): peak = 784.641 ; gain = 0.000
INFO: [USF-XSim-69] 'elaborate' step finished in '10' seconds
INFO: [USF-XSim-4] XSim::Simulate design
INFO: [USF-XSim-61] Executing 'SIMULATE' step in 'D:/UNI/TFG/OctaveSax/Vivado/octave_main/octave_main.sim/sim_1/behav/xsim'
INFO: [USF-XSim-98] *** Running xsim
   with args "main_tb_behav -key {Behavioral:sim_1:Functional:main_tb} -tclbatch {main_tb.tcl} -log {simulate.log}"
INFO: [USF-XSim-8] Loading simulator feature
Vivado Simulator 2017.4
Time resolution is 1 ps
source main_tb.tcl
# set curr_wave [current_wave_config]
# if { [string length $curr_wave] == 0 } {
#   if { [llength [get_objects]] > 0} {
#     add_wave /
#     set_property needs_save false [current_wave_config]
#   } else {
#      send_msg_id Add_Wave-1 WARNING "No top level signals found. Simulator will start without a wave window. If you want to open a wave window go to 'File->New Waveform Configuration' or type 'create_wave_config' in the TCL console."
#   }
# }
# run 1000ns
INFO: [USF-XSim-96] XSim completed. Design snapshot 'main_tb_behav' loaded.
INFO: [USF-XSim-97] XSim simulation ran for 1000ns
launch_simulation: Time (s): cpu = 00:00:04 ; elapsed = 00:00:16 . Memory (MB): peak = 799.391 ; gain = 14.750
restart
INFO: [Simtcl 6-17] Simulation restarted
run 40 us
restart
INFO: [Simtcl 6-17] Simulation restarted
run 40 us
relaunch_sim
suspend_sim: Time (s): cpu = 00:00:00 ; elapsed = 00:00:05 . Memory (MB): peak = 816.926 ; gain = 0.000
INFO: [Vivado 12-5698] Checking validity of IPs in the design for the 'XSim' simulator...
INFO: [Vivado 12-5682] Launching behavioral simulation in 'D:/UNI/TFG/OctaveSax/Vivado/octave_main/octave_main.sim/sim_1/behav/xsim'
INFO: [Vivado 12-4795] Using compiled simulation libraries for IPs
INFO: [SIM-utils-51] Simulation object is 'sim_1'
INFO: [USF-XSim-7] Finding pre-compiled libraries...
INFO: [USF-XSim-11] File 'C:/Xilinx/Vivado/2017.4/data/xsim/ip/xsim_ip.ini' copied to run dir:'D:/UNI/TFG/OctaveSax/Vivado/octave_main/octave_main.sim/sim_1/behav/xsim'
INFO: [SIM-utils-54] Inspecting design source files for 'main_tb' in fileset 'sim_1'...
INFO: [USF-XSim-97] Finding global include files...
INFO: [USF-XSim-100] Fetching design files from 'sources_1'...(this may take a while)...
INFO: [USF-XSim-101] Fetching design files from 'sim_1'...
INFO: [USF-XSim-2] XSim::Compile design
INFO: [USF-XSim-61] Executing 'COMPILE and ANALYZE' step in 'D:/UNI/TFG/OctaveSax/Vivado/octave_main/octave_main.sim/sim_1/behav/xsim'
"xvlog --incr --relax -prj main_tb_vlog.prj"
"xvhdl --incr --relax -prj main_tb_vhdl.prj"
INFO: [VRFC 10-163] Analyzing VHDL file "D:/UNI/TFG/OctaveSax/Vivado/octave_main/octave_main.srcs/sources_1/new/sampling.vhd" into library xil_defaultlib
INFO: [VRFC 10-307] analyzing entity sampling
INFO: [USF-XSim-69] 'compile' step finished in '2' seconds
INFO: [Vivado 12-5698] Checking validity of IPs in the design for the 'XSim' simulator...
INFO: [Vivado 12-5682] Launching behavioral simulation in 'D:/UNI/TFG/OctaveSax/Vivado/octave_main/octave_main.sim/sim_1/behav/xsim'
INFO: [Vivado 12-4795] Using compiled simulation libraries for IPs
INFO: [USF-XSim-3] XSim::Elaborate design
INFO: [USF-XSim-61] Executing 'ELABORATE' step in 'D:/UNI/TFG/OctaveSax/Vivado/octave_main/octave_main.sim/sim_1/behav/xsim'
Vivado Simulator 2017.4
Copyright 1986-1999, 2001-2016 Xilinx, Inc. All Rights Reserved.
Running: C:/Xilinx/Vivado/2017.4/bin/unwrapped/win64.o/xelab.exe -wto 0c9c3a36965041288ce87ec04c26eca9 --incr --debug typical --relax --mt 2 -L xil_defaultlib -L unisims_ver -L unimacro_ver -L secureip -L xpm --snapshot main_tb_behav xil_defaultlib.main_tb xil_defaultlib.glbl -log elaborate.log 
Using 2 slave threads.
Starting static elaboration
Completed static elaboration
Starting simulation data flow analysis
Completed simulation data flow analysis
Time Resolution for simulation is 1ps
Compiling package std.standard
Compiling package std.textio
Compiling package ieee.std_logic_1164
Compiling package ieee.numeric_std
Compiling package ieee.std_logic_arith
Compiling package ieee.std_logic_unsigned
Compiling package xil_defaultlib.project_trunk
Compiling package unisim.vcomponents
Compiling package ieee.std_logic_signed
Compiling package ieee.vital_timing
Compiling package ieee.vital_primitives
Compiling package unisim.vpkg
Compiling package ieee.std_logic_textio
Compiling module xil_defaultlib.glbl
Compiling architecture bufg_v of entity unisim.BUFG [bufg_default]
Compiling architecture ibuf_v of entity unisim.IBUF [\IBUF(1,9)(1,1)(1,4)(1,7)\]
Compiling architecture plle2_adv_v of entity unisim.PLLE2_ADV [\PLLE2_ADV(clkfbout_mult=17,clki...]
Compiling architecture structure of entity xil_defaultlib.clock_change_clock_change_clk_wiz [clock_change_clock_change_clk_wi...]
Compiling architecture structure of entity xil_defaultlib.clock_change [clock_change_default]
Compiling architecture behavioral of entity xil_defaultlib.sampling [sampling_default]
Compiling architecture gnd_v of entity unisim.GND [gnd_default]
Compiling architecture rb18_internal_vhdl_v of entity unisim.RB18_INTERNAL_VHDL [\RB18_INTERNAL_VHDL(bram_size=18...]
Compiling architecture ramb18e1_v of entity unisim.RAMB18E1 [\RAMB18E1(doa_reg=1,rdaddr_colli...]
Compiling architecture structure of entity xil_defaultlib.ram_memory_blk_mem_gen_prim_wrapper [ram_memory_blk_mem_gen_prim_wrap...]
Compiling architecture structure of entity xil_defaultlib.ram_memory_blk_mem_gen_prim_width [ram_memory_blk_mem_gen_prim_widt...]
Compiling architecture rb36_internal_vhdl_v of entity unisim.RB36_INTERNAL_VHDL [\RB36_INTERNAL_VHDL(doa_reg=1,in...]
Compiling architecture ramb36e1_v of entity unisim.RAMB36E1 [\RAMB36E1(doa_reg=1,rdaddr_colli...]
Compiling architecture structure of entity xil_defaultlib.\ram_memory_blk_mem_gen_prim_wrapper__parameterized0\ [\ram_memory_blk_mem_gen_prim_wra...]
Compiling architecture structure of entity xil_defaultlib.\ram_memory_blk_mem_gen_prim_width__parameterized0\ [\ram_memory_blk_mem_gen_prim_wid...]
Compiling architecture structure of entity xil_defaultlib.ram_memory_blk_mem_gen_generic_cstr [ram_memory_blk_mem_gen_generic_c...]
Compiling architecture structure of entity xil_defaultlib.ram_memory_blk_mem_gen_top [ram_memory_blk_mem_gen_top_defau...]
Compiling architecture structure of entity xil_defaultlib.ram_memory_blk_mem_gen_v8_4_1_synth [ram_memory_blk_mem_gen_v8_4_1_sy...]
Compiling architecture structure of entity xil_defaultlib.ram_memory_blk_mem_gen_v8_4_1 [ram_memory_blk_mem_gen_v8_4_1_de...]
Compiling architecture structure of entity xil_defaultlib.ram_memory [ram_memory_default]
Compiling architecture behavioral of entity xil_defaultlib.memo_controller [memo_controller_default]
Compiling architecture behavioral of entity xil_defaultlib.shift_register [shift_register_default]
Compiling architecture behavioral of entity xil_defaultlib.master_controller [master_controller_default]
Compiling architecture behavioral of entity xil_defaultlib.main_tb
Built simulation snapshot main_tb_behav
run_program: Time (s): cpu = 00:00:00 ; elapsed = 00:00:05 . Memory (MB): peak = 816.926 ; gain = 0.000
INFO: [USF-XSim-69] 'elaborate' step finished in '5' seconds
launch_simulation: Time (s): cpu = 00:00:00 ; elapsed = 00:00:06 . Memory (MB): peak = 816.926 ; gain = 0.000
Vivado Simulator 2017.4
Time resolution is 1 ps
relaunch_sim: Time (s): cpu = 00:00:01 ; elapsed = 00:00:14 . Memory (MB): peak = 816.926 ; gain = 0.000
restart
INFO: [Simtcl 6-17] Simulation restarted
run 40 us
relaunch_sim
INFO: [Vivado 12-5698] Checking validity of IPs in the design for the 'XSim' simulator...
INFO: [Vivado 12-5682] Launching behavioral simulation in 'D:/UNI/TFG/OctaveSax/Vivado/octave_main/octave_main.sim/sim_1/behav/xsim'
INFO: [Vivado 12-4795] Using compiled simulation libraries for IPs
INFO: [SIM-utils-51] Simulation object is 'sim_1'
INFO: [USF-XSim-7] Finding pre-compiled libraries...
INFO: [USF-XSim-11] File 'C:/Xilinx/Vivado/2017.4/data/xsim/ip/xsim_ip.ini' copied to run dir:'D:/UNI/TFG/OctaveSax/Vivado/octave_main/octave_main.sim/sim_1/behav/xsim'
INFO: [SIM-utils-54] Inspecting design source files for 'main_tb' in fileset 'sim_1'...
INFO: [USF-XSim-97] Finding global include files...
INFO: [USF-XSim-100] Fetching design files from 'sources_1'...(this may take a while)...
INFO: [USF-XSim-101] Fetching design files from 'sim_1'...
INFO: [USF-XSim-2] XSim::Compile design
INFO: [USF-XSim-61] Executing 'COMPILE and ANALYZE' step in 'D:/UNI/TFG/OctaveSax/Vivado/octave_main/octave_main.sim/sim_1/behav/xsim'
"xvlog --incr --relax -prj main_tb_vlog.prj"
"xvhdl --incr --relax -prj main_tb_vhdl.prj"
INFO: [VRFC 10-163] Analyzing VHDL file "D:/UNI/TFG/OctaveSax/Vivado/octave_main/octave_main.srcs/sources_1/new/sampling.vhd" into library xil_defaultlib
INFO: [VRFC 10-307] analyzing entity sampling
INFO: [USF-XSim-69] 'compile' step finished in '1' seconds
INFO: [Vivado 12-5698] Checking validity of IPs in the design for the 'XSim' simulator...
INFO: [Vivado 12-5682] Launching behavioral simulation in 'D:/UNI/TFG/OctaveSax/Vivado/octave_main/octave_main.sim/sim_1/behav/xsim'
INFO: [Vivado 12-4795] Using compiled simulation libraries for IPs
INFO: [USF-XSim-3] XSim::Elaborate design
INFO: [USF-XSim-61] Executing 'ELABORATE' step in 'D:/UNI/TFG/OctaveSax/Vivado/octave_main/octave_main.sim/sim_1/behav/xsim'
Vivado Simulator 2017.4
Copyright 1986-1999, 2001-2016 Xilinx, Inc. All Rights Reserved.
Running: C:/Xilinx/Vivado/2017.4/bin/unwrapped/win64.o/xelab.exe -wto 0c9c3a36965041288ce87ec04c26eca9 --incr --debug typical --relax --mt 2 -L xil_defaultlib -L unisims_ver -L unimacro_ver -L secureip -L xpm --snapshot main_tb_behav xil_defaultlib.main_tb xil_defaultlib.glbl -log elaborate.log 
Using 2 slave threads.
Starting static elaboration
Completed static elaboration
Starting simulation data flow analysis
Completed simulation data flow analysis
Time Resolution for simulation is 1ps
Compiling package std.standard
Compiling package std.textio
Compiling package ieee.std_logic_1164
Compiling package ieee.numeric_std
Compiling package ieee.std_logic_arith
Compiling package ieee.std_logic_unsigned
Compiling package xil_defaultlib.project_trunk
Compiling package unisim.vcomponents
Compiling package ieee.std_logic_signed
Compiling package ieee.vital_timing
Compiling package ieee.vital_primitives
Compiling package unisim.vpkg
Compiling package ieee.std_logic_textio
Compiling module xil_defaultlib.glbl
Compiling architecture bufg_v of entity unisim.BUFG [bufg_default]
Compiling architecture ibuf_v of entity unisim.IBUF [\IBUF(1,9)(1,1)(1,4)(1,7)\]
Compiling architecture plle2_adv_v of entity unisim.PLLE2_ADV [\PLLE2_ADV(clkfbout_mult=17,clki...]
Compiling architecture structure of entity xil_defaultlib.clock_change_clock_change_clk_wiz [clock_change_clock_change_clk_wi...]
Compiling architecture structure of entity xil_defaultlib.clock_change [clock_change_default]
Compiling architecture behavioral of entity xil_defaultlib.sampling [sampling_default]
Compiling architecture gnd_v of entity unisim.GND [gnd_default]
Compiling architecture rb18_internal_vhdl_v of entity unisim.RB18_INTERNAL_VHDL [\RB18_INTERNAL_VHDL(bram_size=18...]
Compiling architecture ramb18e1_v of entity unisim.RAMB18E1 [\RAMB18E1(doa_reg=1,rdaddr_colli...]
Compiling architecture structure of entity xil_defaultlib.ram_memory_blk_mem_gen_prim_wrapper [ram_memory_blk_mem_gen_prim_wrap...]
Compiling architecture structure of entity xil_defaultlib.ram_memory_blk_mem_gen_prim_width [ram_memory_blk_mem_gen_prim_widt...]
Compiling architecture rb36_internal_vhdl_v of entity unisim.RB36_INTERNAL_VHDL [\RB36_INTERNAL_VHDL(doa_reg=1,in...]
Compiling architecture ramb36e1_v of entity unisim.RAMB36E1 [\RAMB36E1(doa_reg=1,rdaddr_colli...]
Compiling architecture structure of entity xil_defaultlib.\ram_memory_blk_mem_gen_prim_wrapper__parameterized0\ [\ram_memory_blk_mem_gen_prim_wra...]
Compiling architecture structure of entity xil_defaultlib.\ram_memory_blk_mem_gen_prim_width__parameterized0\ [\ram_memory_blk_mem_gen_prim_wid...]
Compiling architecture structure of entity xil_defaultlib.ram_memory_blk_mem_gen_generic_cstr [ram_memory_blk_mem_gen_generic_c...]
Compiling architecture structure of entity xil_defaultlib.ram_memory_blk_mem_gen_top [ram_memory_blk_mem_gen_top_defau...]
Compiling architecture structure of entity xil_defaultlib.ram_memory_blk_mem_gen_v8_4_1_synth [ram_memory_blk_mem_gen_v8_4_1_sy...]
Compiling architecture structure of entity xil_defaultlib.ram_memory_blk_mem_gen_v8_4_1 [ram_memory_blk_mem_gen_v8_4_1_de...]
Compiling architecture structure of entity xil_defaultlib.ram_memory [ram_memory_default]
Compiling architecture behavioral of entity xil_defaultlib.memo_controller [memo_controller_default]
Compiling architecture behavioral of entity xil_defaultlib.shift_register [shift_register_default]
Compiling architecture behavioral of entity xil_defaultlib.master_controller [master_controller_default]
Compiling architecture behavioral of entity xil_defaultlib.main_tb
Built simulation snapshot main_tb_behav
run_program: Time (s): cpu = 00:00:00 ; elapsed = 00:00:05 . Memory (MB): peak = 822.051 ; gain = 0.000
INFO: [USF-XSim-69] 'elaborate' step finished in '5' seconds
launch_simulation: Time (s): cpu = 00:00:00 ; elapsed = 00:00:05 . Memory (MB): peak = 822.051 ; gain = 0.000
Vivado Simulator 2017.4
Time resolution is 1 ps
relaunch_sim: Time (s): cpu = 00:00:01 ; elapsed = 00:00:10 . Memory (MB): peak = 822.051 ; gain = 0.000
restart
INFO: [Simtcl 6-17] Simulation restarted
run 40 us
relaunch_sim
INFO: [Vivado 12-5698] Checking validity of IPs in the design for the 'XSim' simulator...
INFO: [Vivado 12-5682] Launching behavioral simulation in 'D:/UNI/TFG/OctaveSax/Vivado/octave_main/octave_main.sim/sim_1/behav/xsim'
INFO: [Vivado 12-4795] Using compiled simulation libraries for IPs
INFO: [SIM-utils-51] Simulation object is 'sim_1'
INFO: [USF-XSim-7] Finding pre-compiled libraries...
INFO: [USF-XSim-11] File 'C:/Xilinx/Vivado/2017.4/data/xsim/ip/xsim_ip.ini' copied to run dir:'D:/UNI/TFG/OctaveSax/Vivado/octave_main/octave_main.sim/sim_1/behav/xsim'
INFO: [SIM-utils-54] Inspecting design source files for 'main_tb' in fileset 'sim_1'...
INFO: [USF-XSim-97] Finding global include files...
INFO: [USF-XSim-100] Fetching design files from 'sources_1'...(this may take a while)...
INFO: [USF-XSim-101] Fetching design files from 'sim_1'...
INFO: [USF-XSim-2] XSim::Compile design
INFO: [USF-XSim-61] Executing 'COMPILE and ANALYZE' step in 'D:/UNI/TFG/OctaveSax/Vivado/octave_main/octave_main.sim/sim_1/behav/xsim'
"xvlog --incr --relax -prj main_tb_vlog.prj"
"xvhdl --incr --relax -prj main_tb_vhdl.prj"
INFO: [VRFC 10-163] Analyzing VHDL file "D:/UNI/TFG/OctaveSax/Vivado/octave_main/octave_main.srcs/sources_1/new/project_trunk.vhd" into library xil_defaultlib
INFO: [VRFC 10-163] Analyzing VHDL file "D:/UNI/TFG/OctaveSax/Vivado/octave_main/octave_main.srcs/sources_1/new/sampling.vhd" into library xil_defaultlib
INFO: [VRFC 10-307] analyzing entity sampling
INFO: [USF-XSim-69] 'compile' step finished in '2' seconds
INFO: [Vivado 12-5698] Checking validity of IPs in the design for the 'XSim' simulator...
INFO: [Vivado 12-5682] Launching behavioral simulation in 'D:/UNI/TFG/OctaveSax/Vivado/octave_main/octave_main.sim/sim_1/behav/xsim'
INFO: [Vivado 12-4795] Using compiled simulation libraries for IPs
INFO: [USF-XSim-3] XSim::Elaborate design
INFO: [USF-XSim-61] Executing 'ELABORATE' step in 'D:/UNI/TFG/OctaveSax/Vivado/octave_main/octave_main.sim/sim_1/behav/xsim'
Vivado Simulator 2017.4
Copyright 1986-1999, 2001-2016 Xilinx, Inc. All Rights Reserved.
Running: C:/Xilinx/Vivado/2017.4/bin/unwrapped/win64.o/xelab.exe -wto 0c9c3a36965041288ce87ec04c26eca9 --incr --debug typical --relax --mt 2 -L xil_defaultlib -L unisims_ver -L unimacro_ver -L secureip -L xpm --snapshot main_tb_behav xil_defaultlib.main_tb xil_defaultlib.glbl -log elaborate.log 
Using 2 slave threads.
Starting static elaboration
ERROR: [VRFC 10-113] D:/UNI/TFG/OctaveSax/Vivado/octave_main/octave_main.sim/sim_1/behav/xsim/xsim.dir/xil_defaultlib/master_controller.vdb needs to be re-saved since xil_defaultlib.project_trunk changed
ERROR: [VRFC 10-147] xil_defaultlib.master_controller failed to restore
WARNING: [VRFC 10-122] master_controller remains a black-box since it has no binding entity [D:/UNI/TFG/OctaveSax/Vivado/octave_main/octave_main.srcs/sim_1/new/main_tb.vhd:32]
ERROR: [XSIM 43-3322] Static elaboration of top level Verilog design unit(s) in library work failed.
INFO: [USF-XSim-69] 'elaborate' step finished in '1' seconds
INFO: [USF-XSim-99] Step results log file:'D:/UNI/TFG/OctaveSax/Vivado/octave_main/octave_main.sim/sim_1/behav/xsim/elaborate.log'
ERROR: [USF-XSim-62] 'elaborate' step failed with error(s). Please check the Tcl console output or 'D:/UNI/TFG/OctaveSax/Vivado/octave_main/octave_main.sim/sim_1/behav/xsim/elaborate.log' file for more information.
ERROR: [Vivado 12-4473] Detected error while running simulation. Please correct the issue and retry this operation.
ERROR: [Common 17-39] 'launch_simulation' failed due to earlier errors.
ERROR: [Common 17-69] Command failed: ERROR: [Common 17-39] 'launch_simulation' failed due to earlier errors.

relaunch_sim
INFO: [Vivado 12-5698] Checking validity of IPs in the design for the 'XSim' simulator...
INFO: [Vivado 12-5682] Launching behavioral simulation in 'D:/UNI/TFG/OctaveSax/Vivado/octave_main/octave_main.sim/sim_1/behav/xsim'
INFO: [Vivado 12-4795] Using compiled simulation libraries for IPs
INFO: [SIM-utils-51] Simulation object is 'sim_1'
INFO: [USF-XSim-7] Finding pre-compiled libraries...
INFO: [USF-XSim-11] File 'C:/Xilinx/Vivado/2017.4/data/xsim/ip/xsim_ip.ini' copied to run dir:'D:/UNI/TFG/OctaveSax/Vivado/octave_main/octave_main.sim/sim_1/behav/xsim'
INFO: [SIM-utils-54] Inspecting design source files for 'main_tb' in fileset 'sim_1'...
INFO: [USF-XSim-97] Finding global include files...
INFO: [USF-XSim-100] Fetching design files from 'sources_1'...(this may take a while)...
INFO: [USF-XSim-101] Fetching design files from 'sim_1'...
INFO: [USF-XSim-2] XSim::Compile design
INFO: [USF-XSim-61] Executing 'COMPILE and ANALYZE' step in 'D:/UNI/TFG/OctaveSax/Vivado/octave_main/octave_main.sim/sim_1/behav/xsim'
"xvlog --incr --relax -prj main_tb_vlog.prj"
"xvhdl --incr --relax -prj main_tb_vhdl.prj"
INFO: [VRFC 10-163] Analyzing VHDL file "D:/UNI/TFG/OctaveSax/Vivado/octave_main/octave_main.srcs/sources_1/new/sampling.vhd" into library xil_defaultlib
INFO: [VRFC 10-307] analyzing entity sampling
INFO: [VRFC 10-163] Analyzing VHDL file "D:/UNI/TFG/OctaveSax/Vivado/octave_main/octave_main.srcs/sources_1/new/master_controller.vhd" into library xil_defaultlib
INFO: [VRFC 10-307] analyzing entity master_controller
INFO: [USF-XSim-69] 'compile' step finished in '2' seconds
INFO: [Vivado 12-5698] Checking validity of IPs in the design for the 'XSim' simulator...
INFO: [Vivado 12-5682] Launching behavioral simulation in 'D:/UNI/TFG/OctaveSax/Vivado/octave_main/octave_main.sim/sim_1/behav/xsim'
INFO: [Vivado 12-4795] Using compiled simulation libraries for IPs
INFO: [USF-XSim-3] XSim::Elaborate design
INFO: [USF-XSim-61] Executing 'ELABORATE' step in 'D:/UNI/TFG/OctaveSax/Vivado/octave_main/octave_main.sim/sim_1/behav/xsim'
Vivado Simulator 2017.4
Copyright 1986-1999, 2001-2016 Xilinx, Inc. All Rights Reserved.
Running: C:/Xilinx/Vivado/2017.4/bin/unwrapped/win64.o/xelab.exe -wto 0c9c3a36965041288ce87ec04c26eca9 --incr --debug typical --relax --mt 2 -L xil_defaultlib -L unisims_ver -L unimacro_ver -L secureip -L xpm --snapshot main_tb_behav xil_defaultlib.main_tb xil_defaultlib.glbl -log elaborate.log 
Using 2 slave threads.
Starting static elaboration
ERROR: [VRFC 10-113] D:/UNI/TFG/OctaveSax/Vivado/octave_main/octave_main.sim/sim_1/behav/xsim/xsim.dir/xil_defaultlib/memo_controller.vdb needs to be re-saved since xil_defaultlib.project_trunk changed
ERROR: [VRFC 10-147] xil_defaultlib.memo_controller failed to restore
WARNING: [VRFC 10-122] memo_controller remains a black-box since it has no binding entity [D:/UNI/TFG/OctaveSax/Vivado/octave_main/octave_main.srcs/sources_1/new/master_controller.vhd:78]
ERROR: [XSIM 43-3322] Static elaboration of top level Verilog design unit(s) in library work failed.
INFO: [USF-XSim-69] 'elaborate' step finished in '2' seconds
INFO: [USF-XSim-99] Step results log file:'D:/UNI/TFG/OctaveSax/Vivado/octave_main/octave_main.sim/sim_1/behav/xsim/elaborate.log'
ERROR: [USF-XSim-62] 'elaborate' step failed with error(s). Please check the Tcl console output or 'D:/UNI/TFG/OctaveSax/Vivado/octave_main/octave_main.sim/sim_1/behav/xsim/elaborate.log' file for more information.
ERROR: [Vivado 12-4473] Detected error while running simulation. Please correct the issue and retry this operation.
ERROR: [Common 17-39] 'launch_simulation' failed due to earlier errors.
ERROR: [Common 17-69] Command failed: ERROR: [Common 17-39] 'launch_simulation' failed due to earlier errors.

close_sim
INFO: [Simtcl 6-16] Simulation closed
launch_simulation
INFO: [Vivado 12-5698] Checking validity of IPs in the design for the 'XSim' simulator...
INFO: [Vivado 12-5682] Launching behavioral simulation in 'D:/UNI/TFG/OctaveSax/Vivado/octave_main/octave_main.sim/sim_1/behav/xsim'
INFO: [Vivado 12-4795] Using compiled simulation libraries for IPs
INFO: [SIM-utils-51] Simulation object is 'sim_1'
INFO: [USF-XSim-7] Finding pre-compiled libraries...
INFO: [USF-XSim-11] File 'C:/Xilinx/Vivado/2017.4/data/xsim/ip/xsim_ip.ini' copied to run dir:'D:/UNI/TFG/OctaveSax/Vivado/octave_main/octave_main.sim/sim_1/behav/xsim'
INFO: [SIM-utils-54] Inspecting design source files for 'main_tb' in fileset 'sim_1'...
INFO: [USF-XSim-97] Finding global include files...
INFO: [USF-XSim-100] Fetching design files from 'sources_1'...(this may take a while)...
INFO: [USF-XSim-101] Fetching design files from 'sim_1'...
INFO: [USF-XSim-2] XSim::Compile design
INFO: [USF-XSim-61] Executing 'COMPILE and ANALYZE' step in 'D:/UNI/TFG/OctaveSax/Vivado/octave_main/octave_main.sim/sim_1/behav/xsim'
"xvlog --incr --relax -prj main_tb_vlog.prj"
"xvhdl --incr --relax -prj main_tb_vhdl.prj"
INFO: [VRFC 10-163] Analyzing VHDL file "D:/UNI/TFG/OctaveSax/Vivado/octave_main/octave_main.srcs/sources_1/new/master_controller.vhd" into library xil_defaultlib
INFO: [VRFC 10-307] analyzing entity master_controller
INFO: [VRFC 10-163] Analyzing VHDL file "D:/UNI/TFG/OctaveSax/Vivado/octave_main/octave_main.srcs/sim_1/new/main_tb.vhd" into library xil_defaultlib
INFO: [VRFC 10-307] analyzing entity main_tb
INFO: [USF-XSim-69] 'compile' step finished in '2' seconds
INFO: [USF-XSim-3] XSim::Elaborate design
INFO: [USF-XSim-61] Executing 'ELABORATE' step in 'D:/UNI/TFG/OctaveSax/Vivado/octave_main/octave_main.sim/sim_1/behav/xsim'
Vivado Simulator 2017.4
Copyright 1986-1999, 2001-2016 Xilinx, Inc. All Rights Reserved.
Running: C:/Xilinx/Vivado/2017.4/bin/unwrapped/win64.o/xelab.exe -wto 0c9c3a36965041288ce87ec04c26eca9 --incr --debug typical --relax --mt 2 -L xil_defaultlib -L unisims_ver -L unimacro_ver -L secureip -L xpm --snapshot main_tb_behav xil_defaultlib.main_tb xil_defaultlib.glbl -log elaborate.log 
Using 2 slave threads.
Starting static elaboration
ERROR: [VRFC 10-113] D:/UNI/TFG/OctaveSax/Vivado/octave_main/octave_main.sim/sim_1/behav/xsim/xsim.dir/xil_defaultlib/memo_controller.vdb needs to be re-saved since xil_defaultlib.project_trunk changed
ERROR: [VRFC 10-147] xil_defaultlib.memo_controller failed to restore
WARNING: [VRFC 10-122] memo_controller remains a black-box since it has no binding entity [D:/UNI/TFG/OctaveSax/Vivado/octave_main/octave_main.srcs/sources_1/new/master_controller.vhd:79]
ERROR: [XSIM 43-3322] Static elaboration of top level Verilog design unit(s) in library work failed.
INFO: [USF-XSim-69] 'elaborate' step finished in '1' seconds
INFO: [USF-XSim-99] Step results log file:'D:/UNI/TFG/OctaveSax/Vivado/octave_main/octave_main.sim/sim_1/behav/xsim/elaborate.log'
ERROR: [USF-XSim-62] 'elaborate' step failed with error(s). Please check the Tcl console output or 'D:/UNI/TFG/OctaveSax/Vivado/octave_main/octave_main.sim/sim_1/behav/xsim/elaborate.log' file for more information.
ERROR: [Vivado 12-4473] Detected error while running simulation. Please correct the issue and retry this operation.
ERROR: [Common 17-39] 'launch_simulation' failed due to earlier errors.
launch_simulation
INFO: [Vivado 12-5698] Checking validity of IPs in the design for the 'XSim' simulator...
INFO: [Vivado 12-5682] Launching behavioral simulation in 'D:/UNI/TFG/OctaveSax/Vivado/octave_main/octave_main.sim/sim_1/behav/xsim'
INFO: [Vivado 12-4795] Using compiled simulation libraries for IPs
INFO: [SIM-utils-51] Simulation object is 'sim_1'
INFO: [USF-XSim-7] Finding pre-compiled libraries...
INFO: [USF-XSim-11] File 'C:/Xilinx/Vivado/2017.4/data/xsim/ip/xsim_ip.ini' copied to run dir:'D:/UNI/TFG/OctaveSax/Vivado/octave_main/octave_main.sim/sim_1/behav/xsim'
INFO: [SIM-utils-54] Inspecting design source files for 'main_tb' in fileset 'sim_1'...
INFO: [USF-XSim-97] Finding global include files...
INFO: [USF-XSim-100] Fetching design files from 'sources_1'...(this may take a while)...
INFO: [USF-XSim-101] Fetching design files from 'sim_1'...
INFO: [USF-XSim-2] XSim::Compile design
INFO: [USF-XSim-61] Executing 'COMPILE and ANALYZE' step in 'D:/UNI/TFG/OctaveSax/Vivado/octave_main/octave_main.sim/sim_1/behav/xsim'
"xvlog --incr --relax -prj main_tb_vlog.prj"
"xvhdl --incr --relax -prj main_tb_vhdl.prj"
INFO: [VRFC 10-163] Analyzing VHDL file "D:/UNI/TFG/OctaveSax/Vivado/octave_main/octave_main.srcs/sources_1/new/master_controller.vhd" into library xil_defaultlib
INFO: [VRFC 10-307] analyzing entity master_controller
INFO: [USF-XSim-69] 'compile' step finished in '2' seconds
INFO: [USF-XSim-3] XSim::Elaborate design
INFO: [USF-XSim-61] Executing 'ELABORATE' step in 'D:/UNI/TFG/OctaveSax/Vivado/octave_main/octave_main.sim/sim_1/behav/xsim'
Vivado Simulator 2017.4
Copyright 1986-1999, 2001-2016 Xilinx, Inc. All Rights Reserved.
Running: C:/Xilinx/Vivado/2017.4/bin/unwrapped/win64.o/xelab.exe -wto 0c9c3a36965041288ce87ec04c26eca9 --incr --debug typical --relax --mt 2 -L xil_defaultlib -L unisims_ver -L unimacro_ver -L secureip -L xpm --snapshot main_tb_behav xil_defaultlib.main_tb xil_defaultlib.glbl -log elaborate.log 
Using 2 slave threads.
Starting static elaboration
ERROR: [VRFC 10-113] D:/UNI/TFG/OctaveSax/Vivado/octave_main/octave_main.sim/sim_1/behav/xsim/xsim.dir/xil_defaultlib/memo_controller.vdb needs to be re-saved since xil_defaultlib.project_trunk changed
ERROR: [VRFC 10-147] xil_defaultlib.memo_controller failed to restore
WARNING: [VRFC 10-122] memo_controller remains a black-box since it has no binding entity [D:/UNI/TFG/OctaveSax/Vivado/octave_main/octave_main.srcs/sources_1/new/master_controller.vhd:79]
ERROR: [XSIM 43-3322] Static elaboration of top level Verilog design unit(s) in library work failed.
INFO: [USF-XSim-69] 'elaborate' step finished in '1' seconds
INFO: [USF-XSim-99] Step results log file:'D:/UNI/TFG/OctaveSax/Vivado/octave_main/octave_main.sim/sim_1/behav/xsim/elaborate.log'
ERROR: [USF-XSim-62] 'elaborate' step failed with error(s). Please check the Tcl console output or 'D:/UNI/TFG/OctaveSax/Vivado/octave_main/octave_main.sim/sim_1/behav/xsim/elaborate.log' file for more information.
ERROR: [Vivado 12-4473] Detected error while running simulation. Please correct the issue and retry this operation.
ERROR: [Common 17-39] 'launch_simulation' failed due to earlier errors.
launch_simulation
INFO: [Vivado 12-5698] Checking validity of IPs in the design for the 'XSim' simulator...
INFO: [Vivado 12-5682] Launching behavioral simulation in 'D:/UNI/TFG/OctaveSax/Vivado/octave_main/octave_main.sim/sim_1/behav/xsim'
INFO: [Vivado 12-4795] Using compiled simulation libraries for IPs
INFO: [SIM-utils-51] Simulation object is 'sim_1'
INFO: [USF-XSim-7] Finding pre-compiled libraries...
INFO: [USF-XSim-11] File 'C:/Xilinx/Vivado/2017.4/data/xsim/ip/xsim_ip.ini' copied to run dir:'D:/UNI/TFG/OctaveSax/Vivado/octave_main/octave_main.sim/sim_1/behav/xsim'
INFO: [SIM-utils-54] Inspecting design source files for 'main_tb' in fileset 'sim_1'...
INFO: [USF-XSim-97] Finding global include files...
INFO: [USF-XSim-100] Fetching design files from 'sources_1'...(this may take a while)...
INFO: [USF-XSim-101] Fetching design files from 'sim_1'...
INFO: [USF-XSim-2] XSim::Compile design
INFO: [USF-XSim-61] Executing 'COMPILE and ANALYZE' step in 'D:/UNI/TFG/OctaveSax/Vivado/octave_main/octave_main.sim/sim_1/behav/xsim'
"xvlog --incr --relax -prj main_tb_vlog.prj"
"xvhdl --incr --relax -prj main_tb_vhdl.prj"
INFO: [VRFC 10-163] Analyzing VHDL file "D:/UNI/TFG/OctaveSax/Vivado/octave_main/octave_main.srcs/sources_1/new/memo_controller.vhd" into library xil_defaultlib
INFO: [VRFC 10-307] analyzing entity memo_controller
INFO: [USF-XSim-69] 'compile' step finished in '2' seconds
INFO: [USF-XSim-3] XSim::Elaborate design
INFO: [USF-XSim-61] Executing 'ELABORATE' step in 'D:/UNI/TFG/OctaveSax/Vivado/octave_main/octave_main.sim/sim_1/behav/xsim'
Vivado Simulator 2017.4
Copyright 1986-1999, 2001-2016 Xilinx, Inc. All Rights Reserved.
Running: C:/Xilinx/Vivado/2017.4/bin/unwrapped/win64.o/xelab.exe -wto 0c9c3a36965041288ce87ec04c26eca9 --incr --debug typical --relax --mt 2 -L xil_defaultlib -L unisims_ver -L unimacro_ver -L secureip -L xpm --snapshot main_tb_behav xil_defaultlib.main_tb xil_defaultlib.glbl -log elaborate.log 
Using 2 slave threads.
Starting static elaboration
Completed static elaboration
Starting simulation data flow analysis
Completed simulation data flow analysis
Time Resolution for simulation is 1ps
Compiling package std.standard
Compiling package std.textio
Compiling package ieee.std_logic_1164
Compiling package ieee.numeric_std
Compiling package ieee.std_logic_arith
Compiling package ieee.std_logic_unsigned
Compiling package xil_defaultlib.project_trunk
Compiling package unisim.vcomponents
Compiling package ieee.std_logic_signed
Compiling package ieee.vital_timing
Compiling package ieee.vital_primitives
Compiling package unisim.vpkg
Compiling package ieee.std_logic_textio
Compiling module xil_defaultlib.glbl
Compiling architecture bufg_v of entity unisim.BUFG [bufg_default]
Compiling architecture ibuf_v of entity unisim.IBUF [\IBUF(1,9)(1,1)(1,4)(1,7)\]
Compiling architecture plle2_adv_v of entity unisim.PLLE2_ADV [\PLLE2_ADV(clkfbout_mult=17,clki...]
Compiling architecture structure of entity xil_defaultlib.clock_change_clock_change_clk_wiz [clock_change_clock_change_clk_wi...]
Compiling architecture structure of entity xil_defaultlib.clock_change [clock_change_default]
Compiling architecture behavioral of entity xil_defaultlib.sampling [sampling_default]
Compiling architecture gnd_v of entity unisim.GND [gnd_default]
Compiling architecture rb18_internal_vhdl_v of entity unisim.RB18_INTERNAL_VHDL [\RB18_INTERNAL_VHDL(bram_size=18...]
Compiling architecture ramb18e1_v of entity unisim.RAMB18E1 [\RAMB18E1(doa_reg=1,rdaddr_colli...]
Compiling architecture structure of entity xil_defaultlib.ram_memory_blk_mem_gen_prim_wrapper [ram_memory_blk_mem_gen_prim_wrap...]
Compiling architecture structure of entity xil_defaultlib.ram_memory_blk_mem_gen_prim_width [ram_memory_blk_mem_gen_prim_widt...]
Compiling architecture rb36_internal_vhdl_v of entity unisim.RB36_INTERNAL_VHDL [\RB36_INTERNAL_VHDL(doa_reg=1,in...]
Compiling architecture ramb36e1_v of entity unisim.RAMB36E1 [\RAMB36E1(doa_reg=1,rdaddr_colli...]
Compiling architecture structure of entity xil_defaultlib.\ram_memory_blk_mem_gen_prim_wrapper__parameterized0\ [\ram_memory_blk_mem_gen_prim_wra...]
Compiling architecture structure of entity xil_defaultlib.\ram_memory_blk_mem_gen_prim_width__parameterized0\ [\ram_memory_blk_mem_gen_prim_wid...]
Compiling architecture structure of entity xil_defaultlib.ram_memory_blk_mem_gen_generic_cstr [ram_memory_blk_mem_gen_generic_c...]
Compiling architecture structure of entity xil_defaultlib.ram_memory_blk_mem_gen_top [ram_memory_blk_mem_gen_top_defau...]
Compiling architecture structure of entity xil_defaultlib.ram_memory_blk_mem_gen_v8_4_1_synth [ram_memory_blk_mem_gen_v8_4_1_sy...]
Compiling architecture structure of entity xil_defaultlib.ram_memory_blk_mem_gen_v8_4_1 [ram_memory_blk_mem_gen_v8_4_1_de...]
Compiling architecture structure of entity xil_defaultlib.ram_memory [ram_memory_default]
Compiling architecture behavioral of entity xil_defaultlib.memo_controller [memo_controller_default]
Compiling architecture behavioral of entity xil_defaultlib.shift_register [shift_register_default]
Compiling architecture behavioral of entity xil_defaultlib.master_controller [master_controller_default]
Compiling architecture behavioral of entity xil_defaultlib.main_tb
Built simulation snapshot main_tb_behav
run_program: Time (s): cpu = 00:00:00 ; elapsed = 00:00:05 . Memory (MB): peak = 825.004 ; gain = 0.000
INFO: [USF-XSim-69] 'elaborate' step finished in '5' seconds
INFO: [USF-XSim-4] XSim::Simulate design
INFO: [USF-XSim-61] Executing 'SIMULATE' step in 'D:/UNI/TFG/OctaveSax/Vivado/octave_main/octave_main.sim/sim_1/behav/xsim'
INFO: [USF-XSim-98] *** Running xsim
   with args "main_tb_behav -key {Behavioral:sim_1:Functional:main_tb} -tclbatch {main_tb.tcl} -log {simulate.log}"
INFO: [USF-XSim-8] Loading simulator feature
Vivado Simulator 2017.4
Time resolution is 1 ps
source main_tb.tcl
# set curr_wave [current_wave_config]
# if { [string length $curr_wave] == 0 } {
#   if { [llength [get_objects]] > 0} {
#     add_wave /
#     set_property needs_save false [current_wave_config]
#   } else {
#      send_msg_id Add_Wave-1 WARNING "No top level signals found. Simulator will start without a wave window. If you want to open a wave window go to 'File->New Waveform Configuration' or type 'create_wave_config' in the TCL console."
#   }
# }
# run 1000ns
INFO: [USF-XSim-96] XSim completed. Design snapshot 'main_tb_behav' loaded.
INFO: [USF-XSim-97] XSim simulation ran for 1000ns
launch_simulation: Time (s): cpu = 00:00:02 ; elapsed = 00:00:09 . Memory (MB): peak = 832.391 ; gain = 7.387
restart
INFO: [Simtcl 6-17] Simulation restarted
run 40 us
relaunch_sim
INFO: [Vivado 12-5698] Checking validity of IPs in the design for the 'XSim' simulator...
INFO: [Vivado 12-5682] Launching behavioral simulation in 'D:/UNI/TFG/OctaveSax/Vivado/octave_main/octave_main.sim/sim_1/behav/xsim'
INFO: [Vivado 12-4795] Using compiled simulation libraries for IPs
INFO: [SIM-utils-51] Simulation object is 'sim_1'
INFO: [USF-XSim-7] Finding pre-compiled libraries...
INFO: [USF-XSim-11] File 'C:/Xilinx/Vivado/2017.4/data/xsim/ip/xsim_ip.ini' copied to run dir:'D:/UNI/TFG/OctaveSax/Vivado/octave_main/octave_main.sim/sim_1/behav/xsim'
INFO: [SIM-utils-54] Inspecting design source files for 'main_tb' in fileset 'sim_1'...
INFO: [USF-XSim-97] Finding global include files...
INFO: [USF-XSim-100] Fetching design files from 'sources_1'...(this may take a while)...
INFO: [USF-XSim-101] Fetching design files from 'sim_1'...
INFO: [USF-XSim-2] XSim::Compile design
INFO: [USF-XSim-61] Executing 'COMPILE and ANALYZE' step in 'D:/UNI/TFG/OctaveSax/Vivado/octave_main/octave_main.sim/sim_1/behav/xsim'
"xvlog --incr --relax -prj main_tb_vlog.prj"
"xvhdl --incr --relax -prj main_tb_vhdl.prj"
INFO: [VRFC 10-163] Analyzing VHDL file "D:/UNI/TFG/OctaveSax/Vivado/octave_main/octave_main.srcs/sources_1/new/sampling.vhd" into library xil_defaultlib
INFO: [VRFC 10-307] analyzing entity sampling
INFO: [USF-XSim-69] 'compile' step finished in '2' seconds
INFO: [Vivado 12-5698] Checking validity of IPs in the design for the 'XSim' simulator...
INFO: [Vivado 12-5682] Launching behavioral simulation in 'D:/UNI/TFG/OctaveSax/Vivado/octave_main/octave_main.sim/sim_1/behav/xsim'
INFO: [Vivado 12-4795] Using compiled simulation libraries for IPs
INFO: [USF-XSim-3] XSim::Elaborate design
INFO: [USF-XSim-61] Executing 'ELABORATE' step in 'D:/UNI/TFG/OctaveSax/Vivado/octave_main/octave_main.sim/sim_1/behav/xsim'
Vivado Simulator 2017.4
Copyright 1986-1999, 2001-2016 Xilinx, Inc. All Rights Reserved.
Running: C:/Xilinx/Vivado/2017.4/bin/unwrapped/win64.o/xelab.exe -wto 0c9c3a36965041288ce87ec04c26eca9 --incr --debug typical --relax --mt 2 -L xil_defaultlib -L unisims_ver -L unimacro_ver -L secureip -L xpm --snapshot main_tb_behav xil_defaultlib.main_tb xil_defaultlib.glbl -log elaborate.log 
Using 2 slave threads.
Starting static elaboration
Completed static elaboration
Starting simulation data flow analysis
Completed simulation data flow analysis
Time Resolution for simulation is 1ps
Compiling package std.standard
Compiling package std.textio
Compiling package ieee.std_logic_1164
Compiling package ieee.numeric_std
Compiling package ieee.std_logic_arith
Compiling package ieee.std_logic_unsigned
Compiling package xil_defaultlib.project_trunk
Compiling package unisim.vcomponents
Compiling package ieee.std_logic_signed
Compiling package ieee.vital_timing
Compiling package ieee.vital_primitives
Compiling package unisim.vpkg
Compiling package ieee.std_logic_textio
Compiling module xil_defaultlib.glbl
Compiling architecture bufg_v of entity unisim.BUFG [bufg_default]
Compiling architecture ibuf_v of entity unisim.IBUF [\IBUF(1,9)(1,1)(1,4)(1,7)\]
Compiling architecture plle2_adv_v of entity unisim.PLLE2_ADV [\PLLE2_ADV(clkfbout_mult=17,clki...]
Compiling architecture structure of entity xil_defaultlib.clock_change_clock_change_clk_wiz [clock_change_clock_change_clk_wi...]
Compiling architecture structure of entity xil_defaultlib.clock_change [clock_change_default]
Compiling architecture behavioral of entity xil_defaultlib.sampling [sampling_default]
Compiling architecture gnd_v of entity unisim.GND [gnd_default]
Compiling architecture rb18_internal_vhdl_v of entity unisim.RB18_INTERNAL_VHDL [\RB18_INTERNAL_VHDL(bram_size=18...]
Compiling architecture ramb18e1_v of entity unisim.RAMB18E1 [\RAMB18E1(doa_reg=1,rdaddr_colli...]
Compiling architecture structure of entity xil_defaultlib.ram_memory_blk_mem_gen_prim_wrapper [ram_memory_blk_mem_gen_prim_wrap...]
Compiling architecture structure of entity xil_defaultlib.ram_memory_blk_mem_gen_prim_width [ram_memory_blk_mem_gen_prim_widt...]
Compiling architecture rb36_internal_vhdl_v of entity unisim.RB36_INTERNAL_VHDL [\RB36_INTERNAL_VHDL(doa_reg=1,in...]
Compiling architecture ramb36e1_v of entity unisim.RAMB36E1 [\RAMB36E1(doa_reg=1,rdaddr_colli...]
Compiling architecture structure of entity xil_defaultlib.\ram_memory_blk_mem_gen_prim_wrapper__parameterized0\ [\ram_memory_blk_mem_gen_prim_wra...]
Compiling architecture structure of entity xil_defaultlib.\ram_memory_blk_mem_gen_prim_width__parameterized0\ [\ram_memory_blk_mem_gen_prim_wid...]
Compiling architecture structure of entity xil_defaultlib.ram_memory_blk_mem_gen_generic_cstr [ram_memory_blk_mem_gen_generic_c...]
Compiling architecture structure of entity xil_defaultlib.ram_memory_blk_mem_gen_top [ram_memory_blk_mem_gen_top_defau...]
Compiling architecture structure of entity xil_defaultlib.ram_memory_blk_mem_gen_v8_4_1_synth [ram_memory_blk_mem_gen_v8_4_1_sy...]
Compiling architecture structure of entity xil_defaultlib.ram_memory_blk_mem_gen_v8_4_1 [ram_memory_blk_mem_gen_v8_4_1_de...]
Compiling architecture structure of entity xil_defaultlib.ram_memory [ram_memory_default]
Compiling architecture behavioral of entity xil_defaultlib.memo_controller [memo_controller_default]
Compiling architecture behavioral of entity xil_defaultlib.shift_register [shift_register_default]
Compiling architecture behavioral of entity xil_defaultlib.master_controller [master_controller_default]
Compiling architecture behavioral of entity xil_defaultlib.main_tb
Built simulation snapshot main_tb_behav
run_program: Time (s): cpu = 00:00:00 ; elapsed = 00:00:05 . Memory (MB): peak = 835.926 ; gain = 0.000
INFO: [USF-XSim-69] 'elaborate' step finished in '5' seconds
launch_simulation: Time (s): cpu = 00:00:00 ; elapsed = 00:00:05 . Memory (MB): peak = 835.926 ; gain = 0.000
Vivado Simulator 2017.4
Time resolution is 1 ps
relaunch_sim: Time (s): cpu = 00:00:01 ; elapsed = 00:00:10 . Memory (MB): peak = 835.926 ; gain = 0.000
restart
INFO: [Simtcl 6-17] Simulation restarted
run 40 us
close_sim
INFO: [Simtcl 6-16] Simulation closed
launch_simulation
INFO: [Vivado 12-5698] Checking validity of IPs in the design for the 'XSim' simulator...
INFO: [Vivado 12-5682] Launching behavioral simulation in 'D:/UNI/TFG/OctaveSax/Vivado/octave_main/octave_main.sim/sim_1/behav/xsim'
INFO: [Vivado 12-4795] Using compiled simulation libraries for IPs
INFO: [SIM-utils-51] Simulation object is 'sim_1'
INFO: [USF-XSim-7] Finding pre-compiled libraries...
INFO: [USF-XSim-11] File 'C:/Xilinx/Vivado/2017.4/data/xsim/ip/xsim_ip.ini' copied to run dir:'D:/UNI/TFG/OctaveSax/Vivado/octave_main/octave_main.sim/sim_1/behav/xsim'
INFO: [SIM-utils-54] Inspecting design source files for 'main_tb' in fileset 'sim_1'...
INFO: [USF-XSim-97] Finding global include files...
INFO: [USF-XSim-100] Fetching design files from 'sources_1'...(this may take a while)...
INFO: [USF-XSim-101] Fetching design files from 'sim_1'...
INFO: [USF-XSim-2] XSim::Compile design
INFO: [USF-XSim-61] Executing 'COMPILE and ANALYZE' step in 'D:/UNI/TFG/OctaveSax/Vivado/octave_main/octave_main.sim/sim_1/behav/xsim'
"xvlog --incr --relax -prj main_tb_vlog.prj"
"xvhdl --incr --relax -prj main_tb_vhdl.prj"
INFO: [VRFC 10-163] Analyzing VHDL file "D:/UNI/TFG/OctaveSax/Vivado/octave_main/octave_main.srcs/sources_1/new/sampling.vhd" into library xil_defaultlib
INFO: [VRFC 10-307] analyzing entity sampling
INFO: [VRFC 10-163] Analyzing VHDL file "D:/UNI/TFG/OctaveSax/Vivado/octave_main/octave_main.srcs/sources_1/new/master_controller.vhd" into library xil_defaultlib
INFO: [VRFC 10-307] analyzing entity master_controller
INFO: [USF-XSim-69] 'compile' step finished in '2' seconds
INFO: [USF-XSim-3] XSim::Elaborate design
INFO: [USF-XSim-61] Executing 'ELABORATE' step in 'D:/UNI/TFG/OctaveSax/Vivado/octave_main/octave_main.sim/sim_1/behav/xsim'
Vivado Simulator 2017.4
Copyright 1986-1999, 2001-2016 Xilinx, Inc. All Rights Reserved.
Running: C:/Xilinx/Vivado/2017.4/bin/unwrapped/win64.o/xelab.exe -wto 0c9c3a36965041288ce87ec04c26eca9 --incr --debug typical --relax --mt 2 -L xil_defaultlib -L unisims_ver -L unimacro_ver -L secureip -L xpm --snapshot main_tb_behav xil_defaultlib.main_tb xil_defaultlib.glbl -log elaborate.log 
Using 2 slave threads.
Starting static elaboration
Completed static elaboration
Starting simulation data flow analysis
Completed simulation data flow analysis
Time Resolution for simulation is 1ps
Compiling package std.standard
Compiling package std.textio
Compiling package ieee.std_logic_1164
Compiling package ieee.numeric_std
Compiling package ieee.std_logic_arith
Compiling package ieee.std_logic_unsigned
Compiling package xil_defaultlib.project_trunk
Compiling package unisim.vcomponents
Compiling package ieee.std_logic_signed
Compiling package ieee.vital_timing
Compiling package ieee.vital_primitives
Compiling package unisim.vpkg
Compiling package ieee.std_logic_textio
Compiling module xil_defaultlib.glbl
Compiling architecture bufg_v of entity unisim.BUFG [bufg_default]
Compiling architecture ibuf_v of entity unisim.IBUF [\IBUF(1,9)(1,1)(1,4)(1,7)\]
Compiling architecture plle2_adv_v of entity unisim.PLLE2_ADV [\PLLE2_ADV(clkfbout_mult=17,clki...]
Compiling architecture structure of entity xil_defaultlib.clock_change_clock_change_clk_wiz [clock_change_clock_change_clk_wi...]
Compiling architecture structure of entity xil_defaultlib.clock_change [clock_change_default]
Compiling architecture behavioral of entity xil_defaultlib.sampling [sampling_default]
Compiling architecture gnd_v of entity unisim.GND [gnd_default]
Compiling architecture rb18_internal_vhdl_v of entity unisim.RB18_INTERNAL_VHDL [\RB18_INTERNAL_VHDL(bram_size=18...]
Compiling architecture ramb18e1_v of entity unisim.RAMB18E1 [\RAMB18E1(doa_reg=1,rdaddr_colli...]
Compiling architecture structure of entity xil_defaultlib.ram_memory_blk_mem_gen_prim_wrapper [ram_memory_blk_mem_gen_prim_wrap...]
Compiling architecture structure of entity xil_defaultlib.ram_memory_blk_mem_gen_prim_width [ram_memory_blk_mem_gen_prim_widt...]
Compiling architecture rb36_internal_vhdl_v of entity unisim.RB36_INTERNAL_VHDL [\RB36_INTERNAL_VHDL(doa_reg=1,in...]
Compiling architecture ramb36e1_v of entity unisim.RAMB36E1 [\RAMB36E1(doa_reg=1,rdaddr_colli...]
Compiling architecture structure of entity xil_defaultlib.\ram_memory_blk_mem_gen_prim_wrapper__parameterized0\ [\ram_memory_blk_mem_gen_prim_wra...]
Compiling architecture structure of entity xil_defaultlib.\ram_memory_blk_mem_gen_prim_width__parameterized0\ [\ram_memory_blk_mem_gen_prim_wid...]
Compiling architecture structure of entity xil_defaultlib.ram_memory_blk_mem_gen_generic_cstr [ram_memory_blk_mem_gen_generic_c...]
Compiling architecture structure of entity xil_defaultlib.ram_memory_blk_mem_gen_top [ram_memory_blk_mem_gen_top_defau...]
Compiling architecture structure of entity xil_defaultlib.ram_memory_blk_mem_gen_v8_4_1_synth [ram_memory_blk_mem_gen_v8_4_1_sy...]
Compiling architecture structure of entity xil_defaultlib.ram_memory_blk_mem_gen_v8_4_1 [ram_memory_blk_mem_gen_v8_4_1_de...]
Compiling architecture structure of entity xil_defaultlib.ram_memory [ram_memory_default]
Compiling architecture behavioral of entity xil_defaultlib.memo_controller [memo_controller_default]
Compiling architecture behavioral of entity xil_defaultlib.shift_register [shift_register_default]
Compiling architecture behavioral of entity xil_defaultlib.master_controller [master_controller_default]
Compiling architecture behavioral of entity xil_defaultlib.main_tb
Built simulation snapshot main_tb_behav
run_program: Time (s): cpu = 00:00:00 ; elapsed = 00:00:05 . Memory (MB): peak = 835.926 ; gain = 0.000
INFO: [USF-XSim-69] 'elaborate' step finished in '5' seconds
INFO: [USF-XSim-4] XSim::Simulate design
INFO: [USF-XSim-61] Executing 'SIMULATE' step in 'D:/UNI/TFG/OctaveSax/Vivado/octave_main/octave_main.sim/sim_1/behav/xsim'
INFO: [USF-XSim-98] *** Running xsim
   with args "main_tb_behav -key {Behavioral:sim_1:Functional:main_tb} -tclbatch {main_tb.tcl} -log {simulate.log}"
INFO: [USF-XSim-8] Loading simulator feature
Vivado Simulator 2017.4
Time resolution is 1 ps
source main_tb.tcl
# set curr_wave [current_wave_config]
# if { [string length $curr_wave] == 0 } {
#   if { [llength [get_objects]] > 0} {
#     add_wave /
#     set_property needs_save false [current_wave_config]
#   } else {
#      send_msg_id Add_Wave-1 WARNING "No top level signals found. Simulator will start without a wave window. If you want to open a wave window go to 'File->New Waveform Configuration' or type 'create_wave_config' in the TCL console."
#   }
# }
# run 1000ns
INFO: [USF-XSim-96] XSim completed. Design snapshot 'main_tb_behav' loaded.
INFO: [USF-XSim-97] XSim simulation ran for 1000ns
launch_simulation: Time (s): cpu = 00:00:02 ; elapsed = 00:00:09 . Memory (MB): peak = 835.926 ; gain = 0.000
restart
INFO: [Simtcl 6-17] Simulation restarted
run 40 us
restart
INFO: [Simtcl 6-17] Simulation restarted
restart
INFO: [Simtcl 6-17] Simulation restarted
run 40 us
close_sim
INFO: [Simtcl 6-16] Simulation closed
launch_simulation
INFO: [Vivado 12-5698] Checking validity of IPs in the design for the 'XSim' simulator...
INFO: [Vivado 12-5682] Launching behavioral simulation in 'D:/UNI/TFG/OctaveSax/Vivado/octave_main/octave_main.sim/sim_1/behav/xsim'
INFO: [Vivado 12-4795] Using compiled simulation libraries for IPs
INFO: [SIM-utils-51] Simulation object is 'sim_1'
INFO: [USF-XSim-7] Finding pre-compiled libraries...
INFO: [USF-XSim-11] File 'C:/Xilinx/Vivado/2017.4/data/xsim/ip/xsim_ip.ini' copied to run dir:'D:/UNI/TFG/OctaveSax/Vivado/octave_main/octave_main.sim/sim_1/behav/xsim'
INFO: [SIM-utils-54] Inspecting design source files for 'main_tb' in fileset 'sim_1'...
INFO: [USF-XSim-97] Finding global include files...
INFO: [USF-XSim-100] Fetching design files from 'sources_1'...(this may take a while)...
INFO: [USF-XSim-101] Fetching design files from 'sim_1'...
INFO: [USF-XSim-2] XSim::Compile design
INFO: [USF-XSim-61] Executing 'COMPILE and ANALYZE' step in 'D:/UNI/TFG/OctaveSax/Vivado/octave_main/octave_main.sim/sim_1/behav/xsim'
"xvlog --incr --relax -prj main_tb_vlog.prj"
"xvhdl --incr --relax -prj main_tb_vhdl.prj"
INFO: [VRFC 10-163] Analyzing VHDL file "D:/UNI/TFG/OctaveSax/Vivado/octave_main/octave_main.srcs/sources_1/new/master_controller.vhd" into library xil_defaultlib
INFO: [VRFC 10-307] analyzing entity master_controller
INFO: [USF-XSim-69] 'compile' step finished in '2' seconds
INFO: [USF-XSim-3] XSim::Elaborate design
INFO: [USF-XSim-61] Executing 'ELABORATE' step in 'D:/UNI/TFG/OctaveSax/Vivado/octave_main/octave_main.sim/sim_1/behav/xsim'
Vivado Simulator 2017.4
Copyright 1986-1999, 2001-2016 Xilinx, Inc. All Rights Reserved.
Running: C:/Xilinx/Vivado/2017.4/bin/unwrapped/win64.o/xelab.exe -wto 0c9c3a36965041288ce87ec04c26eca9 --incr --debug typical --relax --mt 2 -L xil_defaultlib -L unisims_ver -L unimacro_ver -L secureip -L xpm --snapshot main_tb_behav xil_defaultlib.main_tb xil_defaultlib.glbl -log elaborate.log 
Using 2 slave threads.
Starting static elaboration
Completed static elaboration
Starting simulation data flow analysis
Completed simulation data flow analysis
Time Resolution for simulation is 1ps
Compiling package std.standard
Compiling package std.textio
Compiling package ieee.std_logic_1164
Compiling package ieee.numeric_std
Compiling package ieee.std_logic_arith
Compiling package ieee.std_logic_unsigned
Compiling package xil_defaultlib.project_trunk
Compiling package unisim.vcomponents
Compiling package ieee.std_logic_signed
Compiling package ieee.vital_timing
Compiling package ieee.vital_primitives
Compiling package unisim.vpkg
Compiling package ieee.std_logic_textio
Compiling module xil_defaultlib.glbl
Compiling architecture bufg_v of entity unisim.BUFG [bufg_default]
Compiling architecture ibuf_v of entity unisim.IBUF [\IBUF(1,9)(1,1)(1,4)(1,7)\]
Compiling architecture plle2_adv_v of entity unisim.PLLE2_ADV [\PLLE2_ADV(clkfbout_mult=17,clki...]
Compiling architecture structure of entity xil_defaultlib.clock_change_clock_change_clk_wiz [clock_change_clock_change_clk_wi...]
Compiling architecture structure of entity xil_defaultlib.clock_change [clock_change_default]
Compiling architecture behavioral of entity xil_defaultlib.sampling [sampling_default]
Compiling architecture gnd_v of entity unisim.GND [gnd_default]
Compiling architecture rb18_internal_vhdl_v of entity unisim.RB18_INTERNAL_VHDL [\RB18_INTERNAL_VHDL(bram_size=18...]
Compiling architecture ramb18e1_v of entity unisim.RAMB18E1 [\RAMB18E1(doa_reg=1,rdaddr_colli...]
Compiling architecture structure of entity xil_defaultlib.ram_memory_blk_mem_gen_prim_wrapper [ram_memory_blk_mem_gen_prim_wrap...]
Compiling architecture structure of entity xil_defaultlib.ram_memory_blk_mem_gen_prim_width [ram_memory_blk_mem_gen_prim_widt...]
Compiling architecture rb36_internal_vhdl_v of entity unisim.RB36_INTERNAL_VHDL [\RB36_INTERNAL_VHDL(doa_reg=1,in...]
Compiling architecture ramb36e1_v of entity unisim.RAMB36E1 [\RAMB36E1(doa_reg=1,rdaddr_colli...]
Compiling architecture structure of entity xil_defaultlib.\ram_memory_blk_mem_gen_prim_wrapper__parameterized0\ [\ram_memory_blk_mem_gen_prim_wra...]
Compiling architecture structure of entity xil_defaultlib.\ram_memory_blk_mem_gen_prim_width__parameterized0\ [\ram_memory_blk_mem_gen_prim_wid...]
Compiling architecture structure of entity xil_defaultlib.ram_memory_blk_mem_gen_generic_cstr [ram_memory_blk_mem_gen_generic_c...]
Compiling architecture structure of entity xil_defaultlib.ram_memory_blk_mem_gen_top [ram_memory_blk_mem_gen_top_defau...]
Compiling architecture structure of entity xil_defaultlib.ram_memory_blk_mem_gen_v8_4_1_synth [ram_memory_blk_mem_gen_v8_4_1_sy...]
Compiling architecture structure of entity xil_defaultlib.ram_memory_blk_mem_gen_v8_4_1 [ram_memory_blk_mem_gen_v8_4_1_de...]
Compiling architecture structure of entity xil_defaultlib.ram_memory [ram_memory_default]
Compiling architecture behavioral of entity xil_defaultlib.memo_controller [memo_controller_default]
Compiling architecture behavioral of entity xil_defaultlib.shift_register [shift_register_default]
Compiling architecture behavioral of entity xil_defaultlib.master_controller [master_controller_default]
Compiling architecture behavioral of entity xil_defaultlib.main_tb
Built simulation snapshot main_tb_behav
run_program: Time (s): cpu = 00:00:00 ; elapsed = 00:00:05 . Memory (MB): peak = 835.926 ; gain = 0.000
INFO: [USF-XSim-69] 'elaborate' step finished in '5' seconds
INFO: [USF-XSim-4] XSim::Simulate design
INFO: [USF-XSim-61] Executing 'SIMULATE' step in 'D:/UNI/TFG/OctaveSax/Vivado/octave_main/octave_main.sim/sim_1/behav/xsim'
INFO: [USF-XSim-98] *** Running xsim
   with args "main_tb_behav -key {Behavioral:sim_1:Functional:main_tb} -tclbatch {main_tb.tcl} -log {simulate.log}"
INFO: [USF-XSim-8] Loading simulator feature
Vivado Simulator 2017.4
Time resolution is 1 ps
source main_tb.tcl
# set curr_wave [current_wave_config]
# if { [string length $curr_wave] == 0 } {
#   if { [llength [get_objects]] > 0} {
#     add_wave /
#     set_property needs_save false [current_wave_config]
#   } else {
#      send_msg_id Add_Wave-1 WARNING "No top level signals found. Simulator will start without a wave window. If you want to open a wave window go to 'File->New Waveform Configuration' or type 'create_wave_config' in the TCL console."
#   }
# }
# run 1000ns
INFO: [USF-XSim-96] XSim completed. Design snapshot 'main_tb_behav' loaded.
INFO: [USF-XSim-97] XSim simulation ran for 1000ns
launch_simulation: Time (s): cpu = 00:00:01 ; elapsed = 00:00:09 . Memory (MB): peak = 835.926 ; gain = 0.000
restart
INFO: [Simtcl 6-17] Simulation restarted
run 40 us
restart
INFO: [Simtcl 6-17] Simulation restarted
run 40 us
restart
INFO: [Simtcl 6-17] Simulation restarted
run 40 us
close_sim
INFO: [Simtcl 6-16] Simulation closed
exit
INFO: [Common 17-206] Exiting Vivado at Sat Feb 16 14:09:31 2019...
