#-----------------------------------------------------------
# Vivado v2017.4 (64-bit)
# SW Build 2086221 on Fri Dec 15 20:55:39 MST 2017
# IP Build 2085800 on Fri Dec 15 22:25:07 MST 2017
# Start of session at: Fri May 17 17:16:12 2019
# Process ID: 12604
# Current directory: D:/UNI/TFG/OctaveSax/Vivado/octave_main
# Command line: vivado.exe -gui_launcher_event rodinguilauncherevent16688 D:\UNI\TFG\OctaveSax\Vivado\octave_main\octave_main.xpr
# Log file: D:/UNI/TFG/OctaveSax/Vivado/octave_main/vivado.log
# Journal file: D:/UNI/TFG/OctaveSax/Vivado/octave_main\vivado.jou
#-----------------------------------------------------------
start_gui
open_project D:/UNI/TFG/OctaveSax/Vivado/octave_main/octave_main.xpr
Scanning sources...
Finished scanning sources
INFO: [IP_Flow 19-234] Refreshing IP repositories
INFO: [IP_Flow 19-1704] No user IP repositories specified
INFO: [IP_Flow 19-2313] Loaded Vivado IP repository 'C:/Xilinx/Vivado/2017.4/data/ip'.
open_project: Time (s): cpu = 00:00:11 ; elapsed = 00:00:08 . Memory (MB): peak = 743.695 ; gain = 59.715
INFO: [Device 21-403] Loading part xc7a100tcsg324-1
WARNING: [IP_Flow 19-4067] Ignoring invalid widget type specified checkbox.Providing a default widget
WARNING: [IP_Flow 19-4067] Ignoring invalid widget type specified checkbox.Providing a default widget
WARNING: [IP_Flow 19-4067] Ignoring invalid widget type specified checkbox.Providing a default widget
WARNING: [IP_Flow 19-4067] Ignoring invalid widget type specified checkbox.Providing a default widget
exit
INFO: [Common 17-206] Exiting Vivado at Fri May 17 17:57:14 2019...
