#-----------------------------------------------------------
# Vivado v2017.4 (64-bit)
# SW Build 2086221 on Fri Dec 15 20:55:39 MST 2017
# IP Build 2085800 on Fri Dec 15 22:25:07 MST 2017
# Start of session at: Wed Feb 20 17:27:40 2019
# Process ID: 15308
# Current directory: D:/UNI/TFG/OctaveSax/Vivado/octave_main
# Command line: vivado.exe -gui_launcher_event rodinguilauncherevent9212 D:\UNI\TFG\OctaveSax\Vivado\octave_main\octave_main.xpr
# Log file: D:/UNI/TFG/OctaveSax/Vivado/octave_main/vivado.log
# Journal file: D:/UNI/TFG/OctaveSax/Vivado/octave_main\vivado.jou
#-----------------------------------------------------------
start_gui
open_project D:/UNI/TFG/OctaveSax/Vivado/octave_main/octave_main.xpr
Scanning sources...
Finished scanning sources
INFO: [IP_Flow 19-234] Refreshing IP repositories
INFO: [IP_Flow 19-1704] No user IP repositories specified
INFO: [IP_Flow 19-2313] Loaded Vivado IP repository 'C:/Xilinx/Vivado/2017.4/data/ip'.
launch_simulation
INFO: [Vivado 12-5698] Checking validity of IPs in the design for the 'XSim' simulator...
INFO: [Vivado 12-5682] Launching behavioral simulation in 'D:/UNI/TFG/OctaveSax/Vivado/octave_main/octave_main.sim/sim_1/behav/xsim'
INFO: [Vivado 12-4795] Using compiled simulation libraries for IPs
INFO: [SIM-utils-51] Simulation object is 'sim_1'
INFO: [USF-XSim-7] Finding pre-compiled libraries...
INFO: [USF-XSim-11] File 'C:/Xilinx/Vivado/2017.4/data/xsim/ip/xsim_ip.ini' copied to run dir:'D:/UNI/TFG/OctaveSax/Vivado/octave_main/octave_main.sim/sim_1/behav/xsim'
INFO: [SIM-utils-54] Inspecting design source files for 'main_tb' in fileset 'sim_1'...
INFO: [USF-XSim-97] Finding global include files...
INFO: [USF-XSim-100] Fetching design files from 'sources_1'...(this may take a while)...
INFO: [USF-XSim-101] Fetching design files from 'sim_1'...
INFO: [USF-XSim-2] XSim::Compile design
INFO: [USF-XSim-61] Executing 'COMPILE and ANALYZE' step in 'D:/UNI/TFG/OctaveSax/Vivado/octave_main/octave_main.sim/sim_1/behav/xsim'
"xvlog --incr --relax -prj main_tb_vlog.prj"
INFO: [VRFC 10-2263] Analyzing Verilog file "D:/UNI/TFG/OctaveSax/Vivado/octave_main/octave_main.sim/sim_1/behav/xsim/glbl.v" into library xil_defaultlib
INFO: [VRFC 10-311] analyzing module glbl
"xvhdl --incr --relax -prj main_tb_vhdl.prj"
INFO: [VRFC 10-163] Analyzing VHDL file "D:/UNI/TFG/OctaveSax/Vivado/octave_main/octave_main.srcs/sources_1/ip/ram_memory/ram_memory_sim_netlist.vhdl" into library xil_defaultlib
INFO: [VRFC 10-307] analyzing entity ram_memory_blk_mem_gen_prim_wrapper
INFO: [VRFC 10-307] analyzing entity \ram_memory_blk_mem_gen_prim_wrapper__parameterized0\
INFO: [VRFC 10-307] analyzing entity ram_memory_blk_mem_gen_prim_width
INFO: [VRFC 10-307] analyzing entity \ram_memory_blk_mem_gen_prim_width__parameterized0\
INFO: [VRFC 10-307] analyzing entity ram_memory_blk_mem_gen_generic_cstr
INFO: [VRFC 10-307] analyzing entity ram_memory_blk_mem_gen_top
INFO: [VRFC 10-307] analyzing entity ram_memory_blk_mem_gen_v8_4_1_synth
INFO: [VRFC 10-307] analyzing entity ram_memory_blk_mem_gen_v8_4_1
INFO: [VRFC 10-307] analyzing entity ram_memory
INFO: [VRFC 10-163] Analyzing VHDL file "D:/UNI/TFG/OctaveSax/Vivado/octave_main/octave_main.srcs/sources_1/ip/clk_generator/clk_generator_sim_netlist.vhdl" into library xil_defaultlib
INFO: [VRFC 10-307] analyzing entity clk_generator_clk_generator_clk_wiz
INFO: [VRFC 10-307] analyzing entity clk_generator
INFO: [VRFC 10-163] Analyzing VHDL file "D:/UNI/TFG/OctaveSax/Vivado/octave_main/octave_main.srcs/sources_1/new/project_trunk.vhd" into library xil_defaultlib
INFO: [VRFC 10-163] Analyzing VHDL file "D:/UNI/TFG/OctaveSax/Vivado/octave_main/octave_main.srcs/sources_1/new/sampling.vhd" into library xil_defaultlib
INFO: [VRFC 10-307] analyzing entity sampling
INFO: [VRFC 10-163] Analyzing VHDL file "D:/UNI/TFG/OctaveSax/Vivado/octave_main/octave_main.srcs/sources_1/new/shift_register.vhd" into library xil_defaultlib
INFO: [VRFC 10-307] analyzing entity shift_register
INFO: [VRFC 10-163] Analyzing VHDL file "D:/UNI/TFG/OctaveSax/Vivado/octave_main/octave_main.srcs/sources_1/new/memo_controller.vhd" into library xil_defaultlib
INFO: [VRFC 10-307] analyzing entity memo_controller
INFO: [VRFC 10-163] Analyzing VHDL file "D:/UNI/TFG/OctaveSax/Vivado/octave_main/octave_main.srcs/sources_1/new/master_controller.vhd" into library xil_defaultlib
INFO: [VRFC 10-307] analyzing entity master_controller
INFO: [VRFC 10-163] Analyzing VHDL file "D:/UNI/TFG/OctaveSax/Vivado/octave_main/octave_main.srcs/sim_1/new/main_tb.vhd" into library xil_defaultlib
INFO: [VRFC 10-307] analyzing entity main_tb
INFO: [USF-XSim-69] 'compile' step finished in '3' seconds
INFO: [USF-XSim-3] XSim::Elaborate design
INFO: [USF-XSim-61] Executing 'ELABORATE' step in 'D:/UNI/TFG/OctaveSax/Vivado/octave_main/octave_main.sim/sim_1/behav/xsim'
Vivado Simulator 2017.4
Copyright 1986-1999, 2001-2016 Xilinx, Inc. All Rights Reserved.
Running: C:/Xilinx/Vivado/2017.4/bin/unwrapped/win64.o/xelab.exe -wto 0c9c3a36965041288ce87ec04c26eca9 --incr --debug typical --relax --mt 2 -L xil_defaultlib -L unisims_ver -L unimacro_ver -L secureip -L xpm --snapshot main_tb_behav xil_defaultlib.main_tb xil_defaultlib.glbl -log elaborate.log 
Using 2 slave threads.
Starting static elaboration
Completed static elaboration
Starting simulation data flow analysis
Completed simulation data flow analysis
Time Resolution for simulation is 1ps
Compiling package std.standard
Compiling package std.textio
Compiling package ieee.std_logic_1164
Compiling package ieee.numeric_std
Compiling package ieee.std_logic_arith
Compiling package ieee.std_logic_unsigned
Compiling package xil_defaultlib.project_trunk
Compiling package unisim.vcomponents
Compiling package ieee.std_logic_signed
Compiling package ieee.std_logic_textio
Compiling package ieee.vital_timing
Compiling package ieee.vital_primitives
Compiling package unisim.vpkg
Compiling module xil_defaultlib.glbl
Compiling architecture behavioral of entity xil_defaultlib.sampling [sampling_default]
Compiling architecture gnd_v of entity unisim.GND [gnd_default]
Compiling architecture rb18_internal_vhdl_v of entity unisim.RB18_INTERNAL_VHDL [\RB18_INTERNAL_VHDL(bram_size=18...]
Compiling architecture ramb18e1_v of entity unisim.RAMB18E1 [\RAMB18E1(doa_reg=1,rdaddr_colli...]
Compiling architecture structure of entity xil_defaultlib.ram_memory_blk_mem_gen_prim_wrapper [ram_memory_blk_mem_gen_prim_wrap...]
Compiling architecture structure of entity xil_defaultlib.ram_memory_blk_mem_gen_prim_width [ram_memory_blk_mem_gen_prim_widt...]
Compiling architecture rb36_internal_vhdl_v of entity unisim.RB36_INTERNAL_VHDL [\RB36_INTERNAL_VHDL(doa_reg=1,in...]
Compiling architecture ramb36e1_v of entity unisim.RAMB36E1 [\RAMB36E1(doa_reg=1,rdaddr_colli...]
Compiling architecture structure of entity xil_defaultlib.\ram_memory_blk_mem_gen_prim_wrapper__parameterized0\ [\ram_memory_blk_mem_gen_prim_wra...]
Compiling architecture structure of entity xil_defaultlib.\ram_memory_blk_mem_gen_prim_width__parameterized0\ [\ram_memory_blk_mem_gen_prim_wid...]
Compiling architecture structure of entity xil_defaultlib.ram_memory_blk_mem_gen_generic_cstr [ram_memory_blk_mem_gen_generic_c...]
Compiling architecture structure of entity xil_defaultlib.ram_memory_blk_mem_gen_top [ram_memory_blk_mem_gen_top_defau...]
Compiling architecture structure of entity xil_defaultlib.ram_memory_blk_mem_gen_v8_4_1_synth [ram_memory_blk_mem_gen_v8_4_1_sy...]
Compiling architecture structure of entity xil_defaultlib.ram_memory_blk_mem_gen_v8_4_1 [ram_memory_blk_mem_gen_v8_4_1_de...]
Compiling architecture structure of entity xil_defaultlib.ram_memory [ram_memory_default]
Compiling architecture behavioral of entity xil_defaultlib.memo_controller [memo_controller_default]
Compiling architecture behavioral of entity xil_defaultlib.shift_register [shift_register_default]
Compiling architecture bufg_v of entity unisim.BUFG [bufg_default]
Compiling architecture ibuf_v of entity unisim.IBUF [\IBUF(1,9)(1,1)(1,4)(1,7)\]
Compiling architecture mmcme2_adv_v of entity unisim.MMCME2_ADV [\MMCME2_ADV(clkfbout_mult_f=10.0...]
Compiling architecture structure of entity xil_defaultlib.clk_generator_clk_generator_clk_wiz [clk_generator_clk_generator_clk_...]
Compiling architecture structure of entity xil_defaultlib.clk_generator [clk_generator_default]
Compiling architecture behavioral of entity xil_defaultlib.master_controller [master_controller_default]
Compiling architecture behavioral of entity xil_defaultlib.main_tb
Built simulation snapshot main_tb_behav

****** Webtalk v2017.4 (64-bit)
  **** SW Build 2086221 on Fri Dec 15 20:55:39 MST 2017
  **** IP Build 2085800 on Fri Dec 15 22:25:07 MST 2017
    ** Copyright 1986-2017 Xilinx, Inc. All Rights Reserved.

source D:/UNI/TFG/OctaveSax/Vivado/octave_main/octave_main.sim/sim_1/behav/xsim/xsim.dir/main_tb_behav/webtalk/xsim_webtalk.tcl -notrace
INFO: [Common 17-186] 'D:/UNI/TFG/OctaveSax/Vivado/octave_main/octave_main.sim/sim_1/behav/xsim/xsim.dir/main_tb_behav/webtalk/usage_statistics_ext_xsim.xml' has been successfully sent to Xilinx on Wed Feb 20 17:28:50 2019. For additional details about this file, please refer to the WebTalk help file at C:/Xilinx/Vivado/2017.4/doc/webtalk_introduction.html.
INFO: [Common 17-206] Exiting Webtalk at Wed Feb 20 17:28:50 2019...
run_program: Time (s): cpu = 00:00:01 ; elapsed = 00:00:09 . Memory (MB): peak = 836.934 ; gain = 0.000
INFO: [USF-XSim-69] 'elaborate' step finished in '9' seconds
INFO: [USF-XSim-4] XSim::Simulate design
INFO: [USF-XSim-61] Executing 'SIMULATE' step in 'D:/UNI/TFG/OctaveSax/Vivado/octave_main/octave_main.sim/sim_1/behav/xsim'
INFO: [USF-XSim-98] *** Running xsim
   with args "main_tb_behav -key {Behavioral:sim_1:Functional:main_tb} -tclbatch {main_tb.tcl} -view {D:/UNI/TFG/OctaveSax/Vivado/octave_main/test.wcfg} -log {simulate.log}"
INFO: [USF-XSim-8] Loading simulator feature
Vivado Simulator 2017.4
Time resolution is 1 ps
open_wave_config D:/UNI/TFG/OctaveSax/Vivado/octave_main/test.wcfg
source main_tb.tcl
# set curr_wave [current_wave_config]
# if { [string length $curr_wave] == 0 } {
#   if { [llength [get_objects]] > 0} {
#     add_wave /
#     set_property needs_save false [current_wave_config]
#   } else {
#      send_msg_id Add_Wave-1 WARNING "No top level signals found. Simulator will start without a wave window. If you want to open a wave window go to 'File->New Waveform Configuration' or type 'create_wave_config' in the TCL console."
#   }
# }
# run 1000ns
INFO: [USF-XSim-96] XSim completed. Design snapshot 'main_tb_behav' loaded.
INFO: [USF-XSim-97] XSim simulation ran for 1000ns
launch_simulation: Time (s): cpu = 00:00:05 ; elapsed = 00:00:16 . Memory (MB): peak = 845.410 ; gain = 8.477
restart
INFO: [Simtcl 6-17] Simulation restarted
run 300 us
reset_run synth_1
WARNING: [Vivado 12-1017] Problems encountered:
1. Failed to delete one or more files in run directory D:/UNI/TFG/OctaveSax/Vivado/octave_main/octave_main.runs/synth_1

launch_runs impl_1 -to_step write_bitstream -jobs 2
[Wed Feb 20 17:31:01 2019] Launched synth_1...
Run output will be captured here: D:/UNI/TFG/OctaveSax/Vivado/octave_main/octave_main.runs/synth_1/runme.log
[Wed Feb 20 17:31:02 2019] Launched impl_1...
Run output will be captured here: D:/UNI/TFG/OctaveSax/Vivado/octave_main/octave_main.runs/impl_1/runme.log
open_hw
connect_hw_server
INFO: [Labtools 27-2285] Connecting to hw_server url TCP:localhost:3121
INFO: [Labtools 27-2222] Launching hw_server...
INFO: [Labtools 27-2221] Launch Output:

****** Xilinx hw_server v2017.4
  **** Build date : Dec 15 2017-21:08:27
    ** Copyright 1986-2017 Xilinx, Inc. All Rights Reserved.


open_hw_target
INFO: [Labtoolstcl 44-466] Opening hw_target localhost:3121/xilinx_tcf/Digilent/210292AA76C7A
set_property PROGRAM.FILE {D:/UNI/TFG/OctaveSax/Vivado/octave_main/octave_main.runs/impl_1/master_controller.bit} [get_hw_devices xc7a100t_0]
current_hw_device [get_hw_devices xc7a100t_0]
refresh_hw_device -update_hw_probes false [lindex [get_hw_devices xc7a100t_0] 0]
INFO: [Labtools 27-1434] Device xc7a100t (JTAG device index = 0) is programmed with a design that has no supported debug core(s) in it.
WARNING: [Labtools 27-3361] The debug hub core was not detected.
Resolution: 
1. Make sure the clock connected to the debug hub (dbg_hub) core is a free running clock and is active.
2. Make sure the BSCAN_SWITCH_USER_MASK device property in Vivado Hardware Manager reflects the user scan chain setting in the design and refresh the device.  To determine the user scan chain setting in the design, open the implemented design and use 'get_property C_USER_SCAN_CHAIN [get_debug_cores dbg_hub]'.
For more details on setting the scan chain property, consult the Vivado Debug and Programming User Guide (UG908).
set_property PROBES.FILE {} [get_hw_devices xc7a100t_0]
set_property FULL_PROBES.FILE {} [get_hw_devices xc7a100t_0]
set_property PROGRAM.FILE {D:/UNI/TFG/OctaveSax/Vivado/octave_main/octave_main.runs/impl_1/master_controller.bit} [get_hw_devices xc7a100t_0]
program_hw_devices [get_hw_devices xc7a100t_0]
INFO: [Labtools 27-3164] End of startup status: HIGH
refresh_hw_device [lindex [get_hw_devices xc7a100t_0] 0]
INFO: [Labtools 27-1434] Device xc7a100t (JTAG device index = 0) is programmed with a design that has no supported debug core(s) in it.
WARNING: [Labtools 27-3361] The debug hub core was not detected.
Resolution: 
1. Make sure the clock connected to the debug hub (dbg_hub) core is a free running clock and is active.
2. Make sure the BSCAN_SWITCH_USER_MASK device property in Vivado Hardware Manager reflects the user scan chain setting in the design and refresh the device.  To determine the user scan chain setting in the design, open the implemented design and use 'get_property C_USER_SCAN_CHAIN [get_debug_cores dbg_hub]'.
For more details on setting the scan chain property, consult the Vivado Debug and Programming User Guide (UG908).
reset_run synth_1
WARNING: [Vivado 12-1017] Problems encountered:
1. Failed to delete one or more files in run directory D:/UNI/TFG/OctaveSax/Vivado/octave_main/octave_main.runs/synth_1

launch_runs impl_1 -to_step write_bitstream -jobs 2
[Wed Feb 20 17:37:04 2019] Launched synth_1...
Run output will be captured here: D:/UNI/TFG/OctaveSax/Vivado/octave_main/octave_main.runs/synth_1/runme.log
[Wed Feb 20 17:37:04 2019] Launched impl_1...
Run output will be captured here: D:/UNI/TFG/OctaveSax/Vivado/octave_main/octave_main.runs/impl_1/runme.log
set_property PROBES.FILE {} [get_hw_devices xc7a100t_0]
set_property FULL_PROBES.FILE {} [get_hw_devices xc7a100t_0]
set_property PROGRAM.FILE {D:/UNI/TFG/OctaveSax/Vivado/octave_main/octave_main.runs/impl_1/master_controller.bit} [get_hw_devices xc7a100t_0]
program_hw_devices [get_hw_devices xc7a100t_0]
INFO: [Labtools 27-3164] End of startup status: HIGH
refresh_hw_device [lindex [get_hw_devices xc7a100t_0] 0]
INFO: [Labtools 27-1434] Device xc7a100t (JTAG device index = 0) is programmed with a design that has no supported debug core(s) in it.
WARNING: [Labtools 27-3361] The debug hub core was not detected.
Resolution: 
1. Make sure the clock connected to the debug hub (dbg_hub) core is a free running clock and is active.
2. Make sure the BSCAN_SWITCH_USER_MASK device property in Vivado Hardware Manager reflects the user scan chain setting in the design and refresh the device.  To determine the user scan chain setting in the design, open the implemented design and use 'get_property C_USER_SCAN_CHAIN [get_debug_cores dbg_hub]'.
For more details on setting the scan chain property, consult the Vivado Debug and Programming User Guide (UG908).
reset_run synth_1
WARNING: [Vivado 12-1017] Problems encountered:
1. Failed to delete one or more files in run directory D:/UNI/TFG/OctaveSax/Vivado/octave_main/octave_main.runs/synth_1

launch_runs impl_1 -to_step write_bitstream -jobs 2
[Wed Feb 20 17:42:17 2019] Launched synth_1...
Run output will be captured here: D:/UNI/TFG/OctaveSax/Vivado/octave_main/octave_main.runs/synth_1/runme.log
[Wed Feb 20 17:42:17 2019] Launched impl_1...
Run output will be captured here: D:/UNI/TFG/OctaveSax/Vivado/octave_main/octave_main.runs/impl_1/runme.log
open_run impl_1
INFO: [Common 17-41] Interrupt caught. Command should exit soon.
INFO: [Netlist 29-17] Analyzing 11 Unisim elements for replacement
INFO: [Netlist 29-28] Unisim Transformation completed in 0 CPU seconds
INFO: [Project 1-479] Netlist was created with Vivado 2017.4
open_run: Time (s): cpu = 00:00:06 ; elapsed = 00:00:07 . Memory (MB): peak = 1545.934 ; gain = 69.590
INFO: [Common 17-344] 'open_run' was cancelled
set_property PROBES.FILE {} [get_hw_devices xc7a100t_0]
set_property FULL_PROBES.FILE {} [get_hw_devices xc7a100t_0]
set_property PROGRAM.FILE {D:/UNI/TFG/OctaveSax/Vivado/octave_main/octave_main.runs/impl_1/master_controller.bit} [get_hw_devices xc7a100t_0]
program_hw_devices [get_hw_devices xc7a100t_0]
INFO: [Labtools 27-3164] End of startup status: HIGH
refresh_hw_device [lindex [get_hw_devices xc7a100t_0] 0]
INFO: [Labtools 27-1434] Device xc7a100t (JTAG device index = 0) is programmed with a design that has no supported debug core(s) in it.
WARNING: [Labtools 27-3361] The debug hub core was not detected.
Resolution: 
1. Make sure the clock connected to the debug hub (dbg_hub) core is a free running clock and is active.
2. Make sure the BSCAN_SWITCH_USER_MASK device property in Vivado Hardware Manager reflects the user scan chain setting in the design and refresh the device.  To determine the user scan chain setting in the design, open the implemented design and use 'get_property C_USER_SCAN_CHAIN [get_debug_cores dbg_hub]'.
For more details on setting the scan chain property, consult the Vivado Debug and Programming User Guide (UG908).
ERROR: [Labtoolstcl 44-513] HW Target shutdown. Closing target: localhost:3121/xilinx_tcf/Digilent/210292AA76C7A
reset_run synth_1
WARNING: [Vivado 12-1017] Problems encountered:
1. Failed to delete one or more files in run directory D:/UNI/TFG/OctaveSax/Vivado/octave_main/octave_main.runs/synth_1

launch_runs impl_1 -to_step write_bitstream -jobs 2
[Wed Feb 20 17:45:55 2019] Launched synth_1...
Run output will be captured here: D:/UNI/TFG/OctaveSax/Vivado/octave_main/octave_main.runs/synth_1/runme.log
[Wed Feb 20 17:45:55 2019] Launched impl_1...
Run output will be captured here: D:/UNI/TFG/OctaveSax/Vivado/octave_main/octave_main.runs/impl_1/runme.log
INFO: [Labtoolstcl 44-466] Opening hw_target localhost:3121/xilinx_tcf/Digilent/210292AA76C7A
INFO: [Labtools 27-1435] Device xc7a100t (JTAG device index = 0) is not programmed (DONE status = 0).
WARNING: [Labtoolstcl 44-129] No matching hw_ila_data was found.
set_property PROBES.FILE {} [get_hw_devices xc7a100t_0]
set_property FULL_PROBES.FILE {} [get_hw_devices xc7a100t_0]
set_property PROGRAM.FILE {D:/UNI/TFG/OctaveSax/Vivado/octave_main/octave_main.runs/impl_1/master_controller.bit} [get_hw_devices xc7a100t_0]
program_hw_devices [get_hw_devices xc7a100t_0]
INFO: [Labtools 27-3164] End of startup status: HIGH
refresh_hw_device [lindex [get_hw_devices xc7a100t_0] 0]
INFO: [Labtools 27-1434] Device xc7a100t (JTAG device index = 0) is programmed with a design that has no supported debug core(s) in it.
WARNING: [Labtools 27-3361] The debug hub core was not detected.
Resolution: 
1. Make sure the clock connected to the debug hub (dbg_hub) core is a free running clock and is active.
2. Make sure the BSCAN_SWITCH_USER_MASK device property in Vivado Hardware Manager reflects the user scan chain setting in the design and refresh the device.  To determine the user scan chain setting in the design, open the implemented design and use 'get_property C_USER_SCAN_CHAIN [get_debug_cores dbg_hub]'.
For more details on setting the scan chain property, consult the Vivado Debug and Programming User Guide (UG908).
reset_run synth_1
WARNING: [Vivado 12-1017] Problems encountered:
1. Failed to delete one or more files in run directory D:/UNI/TFG/OctaveSax/Vivado/octave_main/octave_main.runs/synth_1

launch_runs impl_1 -to_step write_bitstream -jobs 2
[Wed Feb 20 17:49:56 2019] Launched synth_1...
Run output will be captured here: D:/UNI/TFG/OctaveSax/Vivado/octave_main/octave_main.runs/synth_1/runme.log
[Wed Feb 20 17:49:56 2019] Launched impl_1...
Run output will be captured here: D:/UNI/TFG/OctaveSax/Vivado/octave_main/octave_main.runs/impl_1/runme.log
set_property PROBES.FILE {} [get_hw_devices xc7a100t_0]
set_property FULL_PROBES.FILE {} [get_hw_devices xc7a100t_0]
set_property PROGRAM.FILE {D:/UNI/TFG/OctaveSax/Vivado/octave_main/octave_main.runs/impl_1/master_controller.bit} [get_hw_devices xc7a100t_0]
program_hw_devices [get_hw_devices xc7a100t_0]
INFO: [Labtools 27-3164] End of startup status: HIGH
refresh_hw_device [lindex [get_hw_devices xc7a100t_0] 0]
INFO: [Labtools 27-1434] Device xc7a100t (JTAG device index = 0) is programmed with a design that has no supported debug core(s) in it.
WARNING: [Labtools 27-3361] The debug hub core was not detected.
Resolution: 
1. Make sure the clock connected to the debug hub (dbg_hub) core is a free running clock and is active.
2. Make sure the BSCAN_SWITCH_USER_MASK device property in Vivado Hardware Manager reflects the user scan chain setting in the design and refresh the device.  To determine the user scan chain setting in the design, open the implemented design and use 'get_property C_USER_SCAN_CHAIN [get_debug_cores dbg_hub]'.
For more details on setting the scan chain property, consult the Vivado Debug and Programming User Guide (UG908).
reset_run synth_1
WARNING: [Vivado 12-1017] Problems encountered:
1. Failed to delete one or more files in run directory D:/UNI/TFG/OctaveSax/Vivado/octave_main/octave_main.runs/synth_1

launch_runs impl_1 -to_step write_bitstream -jobs 2
[Wed Feb 20 17:53:44 2019] Launched synth_1...
Run output will be captured here: D:/UNI/TFG/OctaveSax/Vivado/octave_main/octave_main.runs/synth_1/runme.log
[Wed Feb 20 17:53:44 2019] Launched impl_1...
Run output will be captured here: D:/UNI/TFG/OctaveSax/Vivado/octave_main/octave_main.runs/impl_1/runme.log
set_property PROBES.FILE {} [get_hw_devices xc7a100t_0]
set_property FULL_PROBES.FILE {} [get_hw_devices xc7a100t_0]
set_property PROGRAM.FILE {D:/UNI/TFG/OctaveSax/Vivado/octave_main/octave_main.runs/impl_1/master_controller.bit} [get_hw_devices xc7a100t_0]
program_hw_devices [get_hw_devices xc7a100t_0]
INFO: [Labtools 27-3164] End of startup status: HIGH
refresh_hw_device [lindex [get_hw_devices xc7a100t_0] 0]
INFO: [Labtools 27-1434] Device xc7a100t (JTAG device index = 0) is programmed with a design that has no supported debug core(s) in it.
WARNING: [Labtools 27-3361] The debug hub core was not detected.
Resolution: 
1. Make sure the clock connected to the debug hub (dbg_hub) core is a free running clock and is active.
2. Make sure the BSCAN_SWITCH_USER_MASK device property in Vivado Hardware Manager reflects the user scan chain setting in the design and refresh the device.  To determine the user scan chain setting in the design, open the implemented design and use 'get_property C_USER_SCAN_CHAIN [get_debug_cores dbg_hub]'.
For more details on setting the scan chain property, consult the Vivado Debug and Programming User Guide (UG908).
reset_run synth_1
WARNING: [Vivado 12-1017] Problems encountered:
1. Failed to delete one or more files in run directory D:/UNI/TFG/OctaveSax/Vivado/octave_main/octave_main.runs/synth_1

launch_runs impl_1 -to_step write_bitstream -jobs 2
[Wed Feb 20 17:58:59 2019] Launched synth_1...
Run output will be captured here: D:/UNI/TFG/OctaveSax/Vivado/octave_main/octave_main.runs/synth_1/runme.log
[Wed Feb 20 17:58:59 2019] Launched impl_1...
Run output will be captured here: D:/UNI/TFG/OctaveSax/Vivado/octave_main/octave_main.runs/impl_1/runme.log
set_property PROBES.FILE {} [get_hw_devices xc7a100t_0]
set_property FULL_PROBES.FILE {} [get_hw_devices xc7a100t_0]
set_property PROGRAM.FILE {D:/UNI/TFG/OctaveSax/Vivado/octave_main/octave_main.runs/impl_1/master_controller.bit} [get_hw_devices xc7a100t_0]
program_hw_devices [get_hw_devices xc7a100t_0]
INFO: [Labtools 27-3164] End of startup status: HIGH
refresh_hw_device [lindex [get_hw_devices xc7a100t_0] 0]
INFO: [Labtools 27-1434] Device xc7a100t (JTAG device index = 0) is programmed with a design that has no supported debug core(s) in it.
WARNING: [Labtools 27-3361] The debug hub core was not detected.
Resolution: 
1. Make sure the clock connected to the debug hub (dbg_hub) core is a free running clock and is active.
2. Make sure the BSCAN_SWITCH_USER_MASK device property in Vivado Hardware Manager reflects the user scan chain setting in the design and refresh the device.  To determine the user scan chain setting in the design, open the implemented design and use 'get_property C_USER_SCAN_CHAIN [get_debug_cores dbg_hub]'.
For more details on setting the scan chain property, consult the Vivado Debug and Programming User Guide (UG908).
ERROR: [Labtoolstcl 44-513] HW Target shutdown. Closing target: localhost:3121/xilinx_tcf/Digilent/210292AA76C7A
relaunch_sim
INFO: [Vivado 12-5698] Checking validity of IPs in the design for the 'XSim' simulator...
INFO: [Vivado 12-5682] Launching behavioral simulation in 'D:/UNI/TFG/OctaveSax/Vivado/octave_main/octave_main.sim/sim_1/behav/xsim'
INFO: [Vivado 12-4795] Using compiled simulation libraries for IPs
INFO: [SIM-utils-51] Simulation object is 'sim_1'
INFO: [USF-XSim-7] Finding pre-compiled libraries...
INFO: [USF-XSim-11] File 'C:/Xilinx/Vivado/2017.4/data/xsim/ip/xsim_ip.ini' copied to run dir:'D:/UNI/TFG/OctaveSax/Vivado/octave_main/octave_main.sim/sim_1/behav/xsim'
INFO: [SIM-utils-54] Inspecting design source files for 'main_tb' in fileset 'sim_1'...
INFO: [USF-XSim-97] Finding global include files...
INFO: [USF-XSim-100] Fetching design files from 'sources_1'...(this may take a while)...
INFO: [USF-XSim-101] Fetching design files from 'sim_1'...
INFO: [USF-XSim-2] XSim::Compile design
INFO: [USF-XSim-61] Executing 'COMPILE and ANALYZE' step in 'D:/UNI/TFG/OctaveSax/Vivado/octave_main/octave_main.sim/sim_1/behav/xsim'
"xvlog --incr --relax -prj main_tb_vlog.prj"
"xvhdl --incr --relax -prj main_tb_vhdl.prj"
INFO: [VRFC 10-163] Analyzing VHDL file "D:/UNI/TFG/OctaveSax/Vivado/octave_main/octave_main.srcs/sources_1/new/master_controller.vhd" into library xil_defaultlib
INFO: [VRFC 10-307] analyzing entity master_controller
INFO: [USF-XSim-69] 'compile' step finished in '2' seconds
INFO: [Vivado 12-5698] Checking validity of IPs in the design for the 'XSim' simulator...
INFO: [Vivado 12-5682] Launching behavioral simulation in 'D:/UNI/TFG/OctaveSax/Vivado/octave_main/octave_main.sim/sim_1/behav/xsim'
INFO: [Vivado 12-4795] Using compiled simulation libraries for IPs
INFO: [USF-XSim-3] XSim::Elaborate design
INFO: [USF-XSim-61] Executing 'ELABORATE' step in 'D:/UNI/TFG/OctaveSax/Vivado/octave_main/octave_main.sim/sim_1/behav/xsim'
Vivado Simulator 2017.4
Copyright 1986-1999, 2001-2016 Xilinx, Inc. All Rights Reserved.
Running: C:/Xilinx/Vivado/2017.4/bin/unwrapped/win64.o/xelab.exe -wto 0c9c3a36965041288ce87ec04c26eca9 --incr --debug typical --relax --mt 2 -L xil_defaultlib -L unisims_ver -L unimacro_ver -L secureip -L xpm --snapshot main_tb_behav xil_defaultlib.main_tb xil_defaultlib.glbl -log elaborate.log 
Using 2 slave threads.
Starting static elaboration
Completed static elaboration
Starting simulation data flow analysis
Completed simulation data flow analysis
Time Resolution for simulation is 1ps
Compiling package std.standard
Compiling package std.textio
Compiling package ieee.std_logic_1164
Compiling package ieee.numeric_std
Compiling package ieee.std_logic_arith
Compiling package ieee.std_logic_unsigned
Compiling package xil_defaultlib.project_trunk
Compiling package unisim.vcomponents
Compiling package ieee.std_logic_signed
Compiling package ieee.std_logic_textio
Compiling package ieee.vital_timing
Compiling package ieee.vital_primitives
Compiling package unisim.vpkg
Compiling module xil_defaultlib.glbl
Compiling architecture behavioral of entity xil_defaultlib.sampling [sampling_default]
Compiling architecture gnd_v of entity unisim.GND [gnd_default]
Compiling architecture rb18_internal_vhdl_v of entity unisim.RB18_INTERNAL_VHDL [\RB18_INTERNAL_VHDL(bram_size=18...]
Compiling architecture ramb18e1_v of entity unisim.RAMB18E1 [\RAMB18E1(doa_reg=1,rdaddr_colli...]
Compiling architecture structure of entity xil_defaultlib.ram_memory_blk_mem_gen_prim_wrapper [ram_memory_blk_mem_gen_prim_wrap...]
Compiling architecture structure of entity xil_defaultlib.ram_memory_blk_mem_gen_prim_width [ram_memory_blk_mem_gen_prim_widt...]
Compiling architecture rb36_internal_vhdl_v of entity unisim.RB36_INTERNAL_VHDL [\RB36_INTERNAL_VHDL(doa_reg=1,in...]
Compiling architecture ramb36e1_v of entity unisim.RAMB36E1 [\RAMB36E1(doa_reg=1,rdaddr_colli...]
Compiling architecture structure of entity xil_defaultlib.\ram_memory_blk_mem_gen_prim_wrapper__parameterized0\ [\ram_memory_blk_mem_gen_prim_wra...]
Compiling architecture structure of entity xil_defaultlib.\ram_memory_blk_mem_gen_prim_width__parameterized0\ [\ram_memory_blk_mem_gen_prim_wid...]
Compiling architecture structure of entity xil_defaultlib.ram_memory_blk_mem_gen_generic_cstr [ram_memory_blk_mem_gen_generic_c...]
Compiling architecture structure of entity xil_defaultlib.ram_memory_blk_mem_gen_top [ram_memory_blk_mem_gen_top_defau...]
Compiling architecture structure of entity xil_defaultlib.ram_memory_blk_mem_gen_v8_4_1_synth [ram_memory_blk_mem_gen_v8_4_1_sy...]
Compiling architecture structure of entity xil_defaultlib.ram_memory_blk_mem_gen_v8_4_1 [ram_memory_blk_mem_gen_v8_4_1_de...]
Compiling architecture structure of entity xil_defaultlib.ram_memory [ram_memory_default]
Compiling architecture behavioral of entity xil_defaultlib.memo_controller [memo_controller_default]
Compiling architecture behavioral of entity xil_defaultlib.shift_register [shift_register_default]
Compiling architecture bufg_v of entity unisim.BUFG [bufg_default]
Compiling architecture ibuf_v of entity unisim.IBUF [\IBUF(1,9)(1,1)(1,4)(1,7)\]
Compiling architecture mmcme2_adv_v of entity unisim.MMCME2_ADV [\MMCME2_ADV(clkfbout_mult_f=10.0...]
Compiling architecture structure of entity xil_defaultlib.clk_generator_clk_generator_clk_wiz [clk_generator_clk_generator_clk_...]
Compiling architecture structure of entity xil_defaultlib.clk_generator [clk_generator_default]
Compiling architecture behavioral of entity xil_defaultlib.master_controller [master_controller_default]
Compiling architecture behavioral of entity xil_defaultlib.main_tb
Built simulation snapshot main_tb_behav
INFO: [USF-XSim-69] 'elaborate' step finished in '5' seconds
launch_simulation: Time (s): cpu = 00:00:00 ; elapsed = 00:00:05 . Memory (MB): peak = 1545.934 ; gain = 0.000
Vivado Simulator 2017.4
Time resolution is 1 ps
ERROR: [Labtools 27-1832] create_wave_config not a supported tcl command in labtools hardware mode. Default wave configurations are automatically created when triggering an ILA core.
relaunch_sim: Time (s): cpu = 00:00:01 ; elapsed = 00:00:13 . Memory (MB): peak = 1545.934 ; gain = 0.000
restart
INFO: [Simtcl 6-17] Simulation restarted
run 300 us
close_sim
INFO: [Simtcl 6-16] Simulation closed
reset_run synth_1
launch_runs impl_1 -to_step write_bitstream -jobs 2
[Wed Feb 20 18:06:34 2019] Launched synth_1...
Run output will be captured here: D:/UNI/TFG/OctaveSax/Vivado/octave_main/octave_main.runs/synth_1/runme.log
[Wed Feb 20 18:06:34 2019] Launched impl_1...
Run output will be captured here: D:/UNI/TFG/OctaveSax/Vivado/octave_main/octave_main.runs/impl_1/runme.log
INFO: [Labtoolstcl 44-466] Opening hw_target localhost:3121/xilinx_tcf/Digilent/210292AA76C7A
INFO: [Labtools 27-1435] Device xc7a100t (JTAG device index = 0) is not programmed (DONE status = 0).
WARNING: [Labtoolstcl 44-129] No matching hw_ila_data was found.
set_property PROBES.FILE {} [get_hw_devices xc7a100t_0]
set_property FULL_PROBES.FILE {} [get_hw_devices xc7a100t_0]
set_property PROGRAM.FILE {D:/UNI/TFG/OctaveSax/Vivado/octave_main/octave_main.runs/impl_1/master_controller.bit} [get_hw_devices xc7a100t_0]
program_hw_devices [get_hw_devices xc7a100t_0]
INFO: [Labtools 27-3164] End of startup status: HIGH
refresh_hw_device [lindex [get_hw_devices xc7a100t_0] 0]
INFO: [Labtools 27-1434] Device xc7a100t (JTAG device index = 0) is programmed with a design that has no supported debug core(s) in it.
WARNING: [Labtools 27-3361] The debug hub core was not detected.
Resolution: 
1. Make sure the clock connected to the debug hub (dbg_hub) core is a free running clock and is active.
2. Make sure the BSCAN_SWITCH_USER_MASK device property in Vivado Hardware Manager reflects the user scan chain setting in the design and refresh the device.  To determine the user scan chain setting in the design, open the implemented design and use 'get_property C_USER_SCAN_CHAIN [get_debug_cores dbg_hub]'.
For more details on setting the scan chain property, consult the Vivado Debug and Programming User Guide (UG908).
reset_run synth_1
launch_runs impl_1 -to_step write_bitstream -jobs 2
[Wed Feb 20 18:10:54 2019] Launched synth_1...
Run output will be captured here: D:/UNI/TFG/OctaveSax/Vivado/octave_main/octave_main.runs/synth_1/runme.log
[Wed Feb 20 18:10:54 2019] Launched impl_1...
Run output will be captured here: D:/UNI/TFG/OctaveSax/Vivado/octave_main/octave_main.runs/impl_1/runme.log
set_property PROBES.FILE {} [get_hw_devices xc7a100t_0]
set_property FULL_PROBES.FILE {} [get_hw_devices xc7a100t_0]
set_property PROGRAM.FILE {D:/UNI/TFG/OctaveSax/Vivado/octave_main/octave_main.runs/impl_1/master_controller.bit} [get_hw_devices xc7a100t_0]
program_hw_devices [get_hw_devices xc7a100t_0]
INFO: [Labtools 27-3164] End of startup status: HIGH
refresh_hw_device [lindex [get_hw_devices xc7a100t_0] 0]
INFO: [Labtools 27-1434] Device xc7a100t (JTAG device index = 0) is programmed with a design that has no supported debug core(s) in it.
WARNING: [Labtools 27-3361] The debug hub core was not detected.
Resolution: 
1. Make sure the clock connected to the debug hub (dbg_hub) core is a free running clock and is active.
2. Make sure the BSCAN_SWITCH_USER_MASK device property in Vivado Hardware Manager reflects the user scan chain setting in the design and refresh the device.  To determine the user scan chain setting in the design, open the implemented design and use 'get_property C_USER_SCAN_CHAIN [get_debug_cores dbg_hub]'.
For more details on setting the scan chain property, consult the Vivado Debug and Programming User Guide (UG908).
reset_run synth_1
launch_runs impl_1 -to_step write_bitstream -jobs 2
[Wed Feb 20 18:15:28 2019] Launched synth_1...
Run output will be captured here: D:/UNI/TFG/OctaveSax/Vivado/octave_main/octave_main.runs/synth_1/runme.log
[Wed Feb 20 18:15:28 2019] Launched impl_1...
Run output will be captured here: D:/UNI/TFG/OctaveSax/Vivado/octave_main/octave_main.runs/impl_1/runme.log
set_property PROBES.FILE {} [get_hw_devices xc7a100t_0]
set_property FULL_PROBES.FILE {} [get_hw_devices xc7a100t_0]
set_property PROGRAM.FILE {D:/UNI/TFG/OctaveSax/Vivado/octave_main/octave_main.runs/impl_1/master_controller.bit} [get_hw_devices xc7a100t_0]
program_hw_devices [get_hw_devices xc7a100t_0]
INFO: [Labtools 27-3164] End of startup status: HIGH
refresh_hw_device [lindex [get_hw_devices xc7a100t_0] 0]
INFO: [Labtools 27-1434] Device xc7a100t (JTAG device index = 0) is programmed with a design that has no supported debug core(s) in it.
WARNING: [Labtools 27-3361] The debug hub core was not detected.
Resolution: 
1. Make sure the clock connected to the debug hub (dbg_hub) core is a free running clock and is active.
2. Make sure the BSCAN_SWITCH_USER_MASK device property in Vivado Hardware Manager reflects the user scan chain setting in the design and refresh the device.  To determine the user scan chain setting in the design, open the implemented design and use 'get_property C_USER_SCAN_CHAIN [get_debug_cores dbg_hub]'.
For more details on setting the scan chain property, consult the Vivado Debug and Programming User Guide (UG908).
launch_simulation
INFO: [Vivado 12-5698] Checking validity of IPs in the design for the 'XSim' simulator...
INFO: [Vivado 12-5682] Launching behavioral simulation in 'D:/UNI/TFG/OctaveSax/Vivado/octave_main/octave_main.sim/sim_1/behav/xsim'
INFO: [Vivado 12-4795] Using compiled simulation libraries for IPs
INFO: [SIM-utils-51] Simulation object is 'sim_1'
INFO: [USF-XSim-7] Finding pre-compiled libraries...
INFO: [USF-XSim-11] File 'C:/Xilinx/Vivado/2017.4/data/xsim/ip/xsim_ip.ini' copied to run dir:'D:/UNI/TFG/OctaveSax/Vivado/octave_main/octave_main.sim/sim_1/behav/xsim'
INFO: [SIM-utils-54] Inspecting design source files for 'main_tb' in fileset 'sim_1'...
INFO: [USF-XSim-97] Finding global include files...
INFO: [USF-XSim-100] Fetching design files from 'sources_1'...(this may take a while)...
INFO: [USF-XSim-101] Fetching design files from 'sim_1'...
INFO: [USF-XSim-2] XSim::Compile design
INFO: [USF-XSim-61] Executing 'COMPILE and ANALYZE' step in 'D:/UNI/TFG/OctaveSax/Vivado/octave_main/octave_main.sim/sim_1/behav/xsim'
"xvlog --incr --relax -prj main_tb_vlog.prj"
"xvhdl --incr --relax -prj main_tb_vhdl.prj"
INFO: [VRFC 10-163] Analyzing VHDL file "D:/UNI/TFG/OctaveSax/Vivado/octave_main/octave_main.srcs/sources_1/new/master_controller.vhd" into library xil_defaultlib
INFO: [VRFC 10-307] analyzing entity master_controller
INFO: [USF-XSim-69] 'compile' step finished in '2' seconds
INFO: [USF-XSim-3] XSim::Elaborate design
INFO: [USF-XSim-61] Executing 'ELABORATE' step in 'D:/UNI/TFG/OctaveSax/Vivado/octave_main/octave_main.sim/sim_1/behav/xsim'
Vivado Simulator 2017.4
Copyright 1986-1999, 2001-2016 Xilinx, Inc. All Rights Reserved.
Running: C:/Xilinx/Vivado/2017.4/bin/unwrapped/win64.o/xelab.exe -wto 0c9c3a36965041288ce87ec04c26eca9 --incr --debug typical --relax --mt 2 -L xil_defaultlib -L unisims_ver -L unimacro_ver -L secureip -L xpm --snapshot main_tb_behav xil_defaultlib.main_tb xil_defaultlib.glbl -log elaborate.log 
Using 2 slave threads.
Starting static elaboration
Completed static elaboration
Starting simulation data flow analysis
Completed simulation data flow analysis
Time Resolution for simulation is 1ps
Compiling package std.standard
Compiling package std.textio
Compiling package ieee.std_logic_1164
Compiling package ieee.numeric_std
Compiling package ieee.std_logic_arith
Compiling package ieee.std_logic_unsigned
Compiling package xil_defaultlib.project_trunk
Compiling package unisim.vcomponents
Compiling package ieee.std_logic_signed
Compiling package ieee.std_logic_textio
Compiling package ieee.vital_timing
Compiling package ieee.vital_primitives
Compiling package unisim.vpkg
Compiling module xil_defaultlib.glbl
Compiling architecture behavioral of entity xil_defaultlib.sampling [sampling_default]
Compiling architecture gnd_v of entity unisim.GND [gnd_default]
Compiling architecture rb18_internal_vhdl_v of entity unisim.RB18_INTERNAL_VHDL [\RB18_INTERNAL_VHDL(bram_size=18...]
Compiling architecture ramb18e1_v of entity unisim.RAMB18E1 [\RAMB18E1(doa_reg=1,rdaddr_colli...]
Compiling architecture structure of entity xil_defaultlib.ram_memory_blk_mem_gen_prim_wrapper [ram_memory_blk_mem_gen_prim_wrap...]
Compiling architecture structure of entity xil_defaultlib.ram_memory_blk_mem_gen_prim_width [ram_memory_blk_mem_gen_prim_widt...]
Compiling architecture rb36_internal_vhdl_v of entity unisim.RB36_INTERNAL_VHDL [\RB36_INTERNAL_VHDL(doa_reg=1,in...]
Compiling architecture ramb36e1_v of entity unisim.RAMB36E1 [\RAMB36E1(doa_reg=1,rdaddr_colli...]
Compiling architecture structure of entity xil_defaultlib.\ram_memory_blk_mem_gen_prim_wrapper__parameterized0\ [\ram_memory_blk_mem_gen_prim_wra...]
Compiling architecture structure of entity xil_defaultlib.\ram_memory_blk_mem_gen_prim_width__parameterized0\ [\ram_memory_blk_mem_gen_prim_wid...]
Compiling architecture structure of entity xil_defaultlib.ram_memory_blk_mem_gen_generic_cstr [ram_memory_blk_mem_gen_generic_c...]
Compiling architecture structure of entity xil_defaultlib.ram_memory_blk_mem_gen_top [ram_memory_blk_mem_gen_top_defau...]
Compiling architecture structure of entity xil_defaultlib.ram_memory_blk_mem_gen_v8_4_1_synth [ram_memory_blk_mem_gen_v8_4_1_sy...]
Compiling architecture structure of entity xil_defaultlib.ram_memory_blk_mem_gen_v8_4_1 [ram_memory_blk_mem_gen_v8_4_1_de...]
Compiling architecture structure of entity xil_defaultlib.ram_memory [ram_memory_default]
Compiling architecture behavioral of entity xil_defaultlib.memo_controller [memo_controller_default]
Compiling architecture behavioral of entity xil_defaultlib.shift_register [shift_register_default]
Compiling architecture bufg_v of entity unisim.BUFG [bufg_default]
Compiling architecture ibuf_v of entity unisim.IBUF [\IBUF(1,9)(1,1)(1,4)(1,7)\]
Compiling architecture mmcme2_adv_v of entity unisim.MMCME2_ADV [\MMCME2_ADV(clkfbout_mult_f=10.0...]
Compiling architecture structure of entity xil_defaultlib.clk_generator_clk_generator_clk_wiz [clk_generator_clk_generator_clk_...]
Compiling architecture structure of entity xil_defaultlib.clk_generator [clk_generator_default]
Compiling architecture behavioral of entity xil_defaultlib.master_controller [master_controller_default]
Compiling architecture behavioral of entity xil_defaultlib.main_tb
Built simulation snapshot main_tb_behav
INFO: [USF-XSim-69] 'elaborate' step finished in '5' seconds
INFO: [USF-XSim-4] XSim::Simulate design
INFO: [USF-XSim-61] Executing 'SIMULATE' step in 'D:/UNI/TFG/OctaveSax/Vivado/octave_main/octave_main.sim/sim_1/behav/xsim'
INFO: [USF-XSim-98] *** Running xsim
   with args "main_tb_behav -key {Behavioral:sim_1:Functional:main_tb} -tclbatch {main_tb.tcl} -view {D:/UNI/TFG/OctaveSax/Vivado/octave_main/test.wcfg} -log {simulate.log}"
INFO: [USF-XSim-8] Loading simulator feature
Vivado Simulator 2017.4
Time resolution is 1 ps
open_wave_config D:/UNI/TFG/OctaveSax/Vivado/octave_main/test.wcfg
source main_tb.tcl
# set curr_wave [current_wave_config]
# if { [string length $curr_wave] == 0 } {
#   if { [llength [get_objects]] > 0} {
#     add_wave /
#     set_property needs_save false [current_wave_config]
#   } else {
#      send_msg_id Add_Wave-1 WARNING "No top level signals found. Simulator will start without a wave window. If you want to open a wave window go to 'File->New Waveform Configuration' or type 'create_wave_config' in the TCL console."
#   }
# }
# run 1000ns
INFO: [USF-XSim-96] XSim completed. Design snapshot 'main_tb_behav' loaded.
INFO: [USF-XSim-97] XSim simulation ran for 1000ns
launch_simulation: Time (s): cpu = 00:00:03 ; elapsed = 00:00:09 . Memory (MB): peak = 1555.020 ; gain = 9.086
close_sim
INFO: [Simtcl 6-16] Simulation closed
reset_run synth_1
launch_runs impl_1 -to_step write_bitstream -jobs 2
[Wed Feb 20 18:21:22 2019] Launched synth_1...
Run output will be captured here: D:/UNI/TFG/OctaveSax/Vivado/octave_main/octave_main.runs/synth_1/runme.log
[Wed Feb 20 18:21:22 2019] Launched impl_1...
Run output will be captured here: D:/UNI/TFG/OctaveSax/Vivado/octave_main/octave_main.runs/impl_1/runme.log
set_property PROBES.FILE {} [get_hw_devices xc7a100t_0]
set_property FULL_PROBES.FILE {} [get_hw_devices xc7a100t_0]
set_property PROGRAM.FILE {D:/UNI/TFG/OctaveSax/Vivado/octave_main/octave_main.runs/impl_1/master_controller.bit} [get_hw_devices xc7a100t_0]
program_hw_devices [get_hw_devices xc7a100t_0]
INFO: [Labtools 27-3164] End of startup status: HIGH
refresh_hw_device [lindex [get_hw_devices xc7a100t_0] 0]
INFO: [Labtools 27-1434] Device xc7a100t (JTAG device index = 0) is programmed with a design that has no supported debug core(s) in it.
WARNING: [Labtools 27-3361] The debug hub core was not detected.
Resolution: 
1. Make sure the clock connected to the debug hub (dbg_hub) core is a free running clock and is active.
2. Make sure the BSCAN_SWITCH_USER_MASK device property in Vivado Hardware Manager reflects the user scan chain setting in the design and refresh the device.  To determine the user scan chain setting in the design, open the implemented design and use 'get_property C_USER_SCAN_CHAIN [get_debug_cores dbg_hub]'.
For more details on setting the scan chain property, consult the Vivado Debug and Programming User Guide (UG908).
exit
INFO: [Common 17-206] Exiting Vivado at Wed Feb 20 18:47:35 2019...
