#-----------------------------------------------------------
# Vivado v2017.4 (64-bit)
# SW Build 2086221 on Fri Dec 15 20:55:39 MST 2017
# IP Build 2085800 on Fri Dec 15 22:25:07 MST 2017
# Start of session at: Wed Apr 24 18:29:35 2019
# Process ID: 15172
# Current directory: D:/UNI/TFG/OctaveSax/Vivado/octave_main
# Command line: vivado.exe -gui_launcher_event rodinguilauncherevent11168 D:\UNI\TFG\OctaveSax\Vivado\octave_main\octave_main.xpr
# Log file: D:/UNI/TFG/OctaveSax/Vivado/octave_main/vivado.log
# Journal file: D:/UNI/TFG/OctaveSax/Vivado/octave_main\vivado.jou
#-----------------------------------------------------------
start_gui
open_project D:/UNI/TFG/OctaveSax/Vivado/octave_main/octave_main.xpr
INFO: [Project 1-313] Project file moved from '/home/joterom/workspace/OctaveSax/Vivado/octave_main' since last save.
Scanning sources...
Finished scanning sources
INFO: [IP_Flow 19-234] Refreshing IP repositories
INFO: [IP_Flow 19-1704] No user IP repositories specified
INFO: [IP_Flow 19-2313] Loaded Vivado IP repository 'C:/Xilinx/Vivado/2017.4/data/ip'.
open_project: Time (s): cpu = 00:00:11 ; elapsed = 00:00:07 . Memory (MB): peak = 751.742 ; gain = 49.641
set_property is_enabled false [get_files  D:/UNI/TFG/OctaveSax/Vivado/octave_main/octave_main.srcs/sources_1/new/freq_dom_controller.vhd]
reset_run synth_1
launch_runs impl_1 -to_step write_bitstream -jobs 2
[Wed Apr 24 18:30:35 2019] Launched synth_1...
Run output will be captured here: D:/UNI/TFG/OctaveSax/Vivado/octave_main/octave_main.runs/synth_1/runme.log
[Wed Apr 24 18:30:35 2019] Launched impl_1...
Run output will be captured here: D:/UNI/TFG/OctaveSax/Vivado/octave_main/octave_main.runs/impl_1/runme.log
reset_run synth_1
launch_runs synth_1 -jobs 2
[Wed Apr 24 18:30:44 2019] Launched synth_1...
Run output will be captured here: D:/UNI/TFG/OctaveSax/Vivado/octave_main/octave_main.runs/synth_1/runme.log
reset_run synth_1
launch_runs synth_1 -jobs 2
[Wed Apr 24 18:32:57 2019] Launched synth_1...
Run output will be captured here: D:/UNI/TFG/OctaveSax/Vivado/octave_main/octave_main.runs/synth_1/runme.log
reset_run synth_1
launch_runs impl_1 -to_step write_bitstream -jobs 2
[Wed Apr 24 18:45:29 2019] Launched synth_1...
Run output will be captured here: D:/UNI/TFG/OctaveSax/Vivado/octave_main/octave_main.runs/synth_1/runme.log
[Wed Apr 24 18:45:29 2019] Launched impl_1...
Run output will be captured here: D:/UNI/TFG/OctaveSax/Vivado/octave_main/octave_main.runs/impl_1/runme.log
open_hw
connect_hw_server
INFO: [Labtools 27-2285] Connecting to hw_server url TCP:localhost:3121
INFO: [Labtools 27-2222] Launching hw_server...
INFO: [Labtools 27-2221] Launch Output:

****** Xilinx hw_server v2017.4
  **** Build date : Dec 15 2017-21:08:27
    ** Copyright 1986-2017 Xilinx, Inc. All Rights Reserved.


open_hw_target
INFO: [Labtoolstcl 44-466] Opening hw_target localhost:3121/xilinx_tcf/Digilent/210292AA76C7A
set_property PROGRAM.FILE {D:/UNI/TFG/OctaveSax/Vivado/octave_main/octave_main.runs/impl_1/fsm_global.bit} [get_hw_devices xc7a100t_0]
current_hw_device [get_hw_devices xc7a100t_0]
refresh_hw_device -update_hw_probes false [lindex [get_hw_devices xc7a100t_0] 0]
INFO: [Labtools 27-1434] Device xc7a100t (JTAG device index = 0) is programmed with a design that has no supported debug core(s) in it.
WARNING: [Labtools 27-3361] The debug hub core was not detected.
Resolution: 
1. Make sure the clock connected to the debug hub (dbg_hub) core is a free running clock and is active.
2. Make sure the BSCAN_SWITCH_USER_MASK device property in Vivado Hardware Manager reflects the user scan chain setting in the design and refresh the device.  To determine the user scan chain setting in the design, open the implemented design and use 'get_property C_USER_SCAN_CHAIN [get_debug_cores dbg_hub]'.
For more details on setting the scan chain property, consult the Vivado Debug and Programming User Guide (UG908).
set_property PROBES.FILE {} [get_hw_devices xc7a100t_0]
set_property FULL_PROBES.FILE {} [get_hw_devices xc7a100t_0]
set_property PROGRAM.FILE {D:/UNI/TFG/OctaveSax/Vivado/octave_main/octave_main.runs/impl_1/fsm_global.bit} [get_hw_devices xc7a100t_0]
program_hw_devices [get_hw_devices xc7a100t_0]
INFO: [Labtools 27-3164] End of startup status: HIGH
refresh_hw_device [lindex [get_hw_devices xc7a100t_0] 0]
INFO: [Labtools 27-1434] Device xc7a100t (JTAG device index = 0) is programmed with a design that has no supported debug core(s) in it.
WARNING: [Labtools 27-3361] The debug hub core was not detected.
Resolution: 
1. Make sure the clock connected to the debug hub (dbg_hub) core is a free running clock and is active.
2. Make sure the BSCAN_SWITCH_USER_MASK device property in Vivado Hardware Manager reflects the user scan chain setting in the design and refresh the device.  To determine the user scan chain setting in the design, open the implemented design and use 'get_property C_USER_SCAN_CHAIN [get_debug_cores dbg_hub]'.
For more details on setting the scan chain property, consult the Vivado Debug and Programming User Guide (UG908).
launch_simulation
INFO: [Vivado 12-5698] Checking validity of IPs in the design for the 'XSim' simulator...
INFO: [Vivado 12-5682] Launching behavioral simulation in 'D:/UNI/TFG/OctaveSax/Vivado/octave_main/octave_main.sim/sim_1/behav/xsim'
INFO: [Vivado 12-4795] Using compiled simulation libraries for IPs
INFO: [SIM-utils-51] Simulation object is 'sim_1'
INFO: [USF-XSim-7] Finding pre-compiled libraries...
INFO: [USF-XSim-11] File 'C:/Xilinx/Vivado/2017.4/data/xsim/ip/xsim_ip.ini' copied to run dir:'D:/UNI/TFG/OctaveSax/Vivado/octave_main/octave_main.sim/sim_1/behav/xsim'
INFO: [SIM-utils-54] Inspecting design source files for 'main_tb' in fileset 'sim_1'...
INFO: [USF-XSim-97] Finding global include files...
INFO: [USF-XSim-100] Fetching design files from 'sources_1'...(this may take a while)...
INFO: [USF-XSim-101] Fetching design files from 'sim_1'...
INFO: [USF-XSim-2] XSim::Compile design
INFO: [USF-XSim-61] Executing 'COMPILE and ANALYZE' step in 'D:/UNI/TFG/OctaveSax/Vivado/octave_main/octave_main.sim/sim_1/behav/xsim'
"xvlog --incr --relax -prj main_tb_vlog.prj"
"xvhdl --incr --relax -prj main_tb_vhdl.prj"
INFO: [VRFC 10-163] Analyzing VHDL file "D:/UNI/TFG/OctaveSax/Vivado/octave_main/octave_main.srcs/sources_1/ip/out_long_memo/out_long_memo_sim_netlist.vhdl" into library xil_defaultlib
INFO: [VRFC 10-307] analyzing entity out_long_memo_blk_mem_gen_prim_wrapper
INFO: [VRFC 10-307] analyzing entity out_long_memo_blk_mem_gen_prim_width
INFO: [VRFC 10-307] analyzing entity out_long_memo_blk_mem_gen_generic_cstr
INFO: [VRFC 10-307] analyzing entity out_long_memo_blk_mem_gen_top
INFO: [VRFC 10-307] analyzing entity out_long_memo_blk_mem_gen_v8_4_1_synth
INFO: [VRFC 10-307] analyzing entity out_long_memo_blk_mem_gen_v8_4_1
INFO: [VRFC 10-307] analyzing entity out_long_memo
INFO: [VRFC 10-163] Analyzing VHDL file "D:/UNI/TFG/OctaveSax/Vivado/octave_main/octave_main.srcs/sources_1/new/project_trunk.vhd" into library xil_defaultlib
INFO: [VRFC 10-163] Analyzing VHDL file "D:/UNI/TFG/OctaveSax/Vivado/octave_main/octave_main.srcs/sources_1/new/master_controller.vhd" into library xil_defaultlib
INFO: [VRFC 10-307] analyzing entity master_controller
INFO: [VRFC 10-163] Analyzing VHDL file "D:/UNI/TFG/OctaveSax/Vivado/octave_main/octave_main.srcs/sources_1/new/window_controller.vhd" into library xil_defaultlib
INFO: [VRFC 10-307] analyzing entity window_controller
INFO: [VRFC 10-163] Analyzing VHDL file "D:/UNI/TFG/OctaveSax/Vivado/octave_main/octave_main.srcs/sources_1/new/fsm_control.vhd" into library xil_defaultlib
INFO: [VRFC 10-307] analyzing entity fsm_control
INFO: [VRFC 10-163] Analyzing VHDL file "D:/UNI/TFG/OctaveSax/Vivado/octave_main/octave_main.srcs/sources_1/new/manager_memo.vhd" into library xil_defaultlib
INFO: [VRFC 10-307] analyzing entity manager_memo
INFO: [VRFC 10-163] Analyzing VHDL file "D:/UNI/TFG/OctaveSax/Vivado/octave_main/octave_main.srcs/sources_1/new/man_out_memo.vhd" into library xil_defaultlib
INFO: [VRFC 10-307] analyzing entity man_out_memo
INFO: [USF-XSim-69] 'compile' step finished in '3' seconds
INFO: [USF-XSim-3] XSim::Elaborate design
INFO: [USF-XSim-61] Executing 'ELABORATE' step in 'D:/UNI/TFG/OctaveSax/Vivado/octave_main/octave_main.sim/sim_1/behav/xsim'
Vivado Simulator 2017.4
Copyright 1986-1999, 2001-2016 Xilinx, Inc. All Rights Reserved.
Running: C:/Xilinx/Vivado/2017.4/bin/unwrapped/win64.o/xelab.exe -wto 0c9c3a36965041288ce87ec04c26eca9 --incr --debug typical --relax --mt 2 -L xil_defaultlib -L unisims_ver -L unimacro_ver -L secureip -L xpm --snapshot main_tb_behav xil_defaultlib.main_tb xil_defaultlib.glbl -log elaborate.log 
Using 2 slave threads.
Starting static elaboration
ERROR: [VRFC 10-113] D:/UNI/TFG/OctaveSax/Vivado/octave_main/octave_main.sim/sim_1/behav/xsim/xsim.dir/xil_defaultlib/sampling.vdb needs to be re-saved since xil_defaultlib.project_trunk changed
ERROR: [VRFC 10-147] xil_defaultlib.sampling failed to restore
WARNING: [VRFC 10-122] sampling remains a black-box since it has no binding entity [D:/UNI/TFG/OctaveSax/Vivado/octave_main/octave_main.srcs/sources_1/new/master_controller.vhd:159]
ERROR: [XSIM 43-3322] Static elaboration of top level Verilog design unit(s) in library work failed.
INFO: [USF-XSim-69] 'elaborate' step finished in '1' seconds
INFO: [USF-XSim-99] Step results log file:'D:/UNI/TFG/OctaveSax/Vivado/octave_main/octave_main.sim/sim_1/behav/xsim/elaborate.log'
ERROR: [USF-XSim-62] 'elaborate' step failed with error(s). Please check the Tcl console output or 'D:/UNI/TFG/OctaveSax/Vivado/octave_main/octave_main.sim/sim_1/behav/xsim/elaborate.log' file for more information.
ERROR: [Vivado 12-4473] Detected error while running simulation. Please correct the issue and retry this operation.
launch_simulation: Time (s): cpu = 00:00:02 ; elapsed = 00:00:05 . Memory (MB): peak = 1469.863 ; gain = 12.660
ERROR: [Common 17-39] 'launch_simulation' failed due to earlier errors.
launch_simulation
INFO: [Vivado 12-5698] Checking validity of IPs in the design for the 'XSim' simulator...
INFO: [Vivado 12-5682] Launching behavioral simulation in 'D:/UNI/TFG/OctaveSax/Vivado/octave_main/octave_main.sim/sim_1/behav/xsim'
INFO: [Vivado 12-4795] Using compiled simulation libraries for IPs
INFO: [SIM-utils-51] Simulation object is 'sim_1'
INFO: [USF-XSim-7] Finding pre-compiled libraries...
INFO: [USF-XSim-11] File 'C:/Xilinx/Vivado/2017.4/data/xsim/ip/xsim_ip.ini' copied to run dir:'D:/UNI/TFG/OctaveSax/Vivado/octave_main/octave_main.sim/sim_1/behav/xsim'
INFO: [SIM-utils-54] Inspecting design source files for 'main_tb' in fileset 'sim_1'...
INFO: [USF-XSim-97] Finding global include files...
INFO: [USF-XSim-100] Fetching design files from 'sources_1'...(this may take a while)...
INFO: [USF-XSim-101] Fetching design files from 'sim_1'...
INFO: [USF-XSim-2] XSim::Compile design
INFO: [USF-XSim-61] Executing 'COMPILE and ANALYZE' step in 'D:/UNI/TFG/OctaveSax/Vivado/octave_main/octave_main.sim/sim_1/behav/xsim'
"xvlog --incr --relax -prj main_tb_vlog.prj"
"xvhdl --incr --relax -prj main_tb_vhdl.prj"
INFO: [VRFC 10-163] Analyzing VHDL file "D:/UNI/TFG/OctaveSax/Vivado/octave_main/octave_main.srcs/sources_1/new/sampling.vhd" into library xil_defaultlib
INFO: [VRFC 10-307] analyzing entity sampling
INFO: [VRFC 10-163] Analyzing VHDL file "D:/UNI/TFG/OctaveSax/Vivado/octave_main/octave_main.srcs/sources_1/new/shift_register.vhd" into library xil_defaultlib
INFO: [VRFC 10-307] analyzing entity shift_register
INFO: [VRFC 10-163] Analyzing VHDL file "D:/UNI/TFG/OctaveSax/Vivado/octave_main/octave_main.srcs/sources_1/new/master_controller.vhd" into library xil_defaultlib
INFO: [VRFC 10-307] analyzing entity master_controller
INFO: [VRFC 10-163] Analyzing VHDL file "D:/UNI/TFG/OctaveSax/Vivado/octave_main/octave_main.srcs/sources_1/new/manager_memo.vhd" into library xil_defaultlib
INFO: [VRFC 10-307] analyzing entity manager_memo
INFO: [USF-XSim-69] 'compile' step finished in '2' seconds
INFO: [USF-XSim-3] XSim::Elaborate design
INFO: [USF-XSim-61] Executing 'ELABORATE' step in 'D:/UNI/TFG/OctaveSax/Vivado/octave_main/octave_main.sim/sim_1/behav/xsim'
Vivado Simulator 2017.4
Copyright 1986-1999, 2001-2016 Xilinx, Inc. All Rights Reserved.
Running: C:/Xilinx/Vivado/2017.4/bin/unwrapped/win64.o/xelab.exe -wto 0c9c3a36965041288ce87ec04c26eca9 --incr --debug typical --relax --mt 2 -L xil_defaultlib -L unisims_ver -L unimacro_ver -L secureip -L xpm --snapshot main_tb_behav xil_defaultlib.main_tb xil_defaultlib.glbl -log elaborate.log 
Using 2 slave threads.
Starting static elaboration
WARNING: [VRFC 10-516] comparison between unequal length arrays always returns FALSE [D:/UNI/TFG/OctaveSax/Vivado/octave_main/octave_main.srcs/sources_1/new/master_controller.vhd:551]
WARNING: [VRFC 10-516] comparison between unequal length arrays always returns FALSE [D:/UNI/TFG/OctaveSax/Vivado/octave_main/octave_main.srcs/sources_1/new/master_controller.vhd:558]
WARNING: [VRFC 10-516] comparison between unequal length arrays always returns FALSE [D:/UNI/TFG/OctaveSax/Vivado/octave_main/octave_main.srcs/sources_1/new/master_controller.vhd:565]
WARNING: [VRFC 10-516] comparison between unequal length arrays always returns FALSE [D:/UNI/TFG/OctaveSax/Vivado/octave_main/octave_main.srcs/sources_1/new/master_controller.vhd:572]
WARNING: [VRFC 10-516] comparison between unequal length arrays always returns FALSE [D:/UNI/TFG/OctaveSax/Vivado/octave_main/octave_main.srcs/sources_1/new/master_controller.vhd:590]
WARNING: [VRFC 10-516] comparison between unequal length arrays always returns FALSE [D:/UNI/TFG/OctaveSax/Vivado/octave_main/octave_main.srcs/sources_1/new/master_controller.vhd:597]
WARNING: [VRFC 10-516] comparison between unequal length arrays always returns FALSE [D:/UNI/TFG/OctaveSax/Vivado/octave_main/octave_main.srcs/sources_1/new/master_controller.vhd:604]
WARNING: [VRFC 10-516] comparison between unequal length arrays always returns FALSE [D:/UNI/TFG/OctaveSax/Vivado/octave_main/octave_main.srcs/sources_1/new/master_controller.vhd:611]
Completed static elaboration
Starting simulation data flow analysis
Completed simulation data flow analysis
Time Resolution for simulation is 1ps
Compiling package std.standard
Compiling package std.textio
Compiling package ieee.std_logic_1164
Compiling package ieee.numeric_std
Compiling package xil_defaultlib.project_trunk
Compiling package unisim.vcomponents
Compiling package ieee.std_logic_arith
Compiling package ieee.std_logic_signed
Compiling package ieee.std_logic_textio
Compiling package ieee.vital_timing
Compiling package ieee.vital_primitives
Compiling package unisim.vpkg
Compiling module xil_defaultlib.glbl
Compiling architecture behavioral of entity xil_defaultlib.sampling [sampling_default]
Compiling architecture behavioral of entity xil_defaultlib.shift_register [shift_register_default]
Compiling architecture gnd_v of entity unisim.GND [gnd_default]
Compiling architecture rb18_internal_vhdl_v of entity unisim.RB18_INTERNAL_VHDL [\RB18_INTERNAL_VHDL(bram_size=18...]
Compiling architecture ramb18e1_v of entity unisim.RAMB18E1 [\RAMB18E1(doa_reg=1,dob_reg=1,re...]
Compiling architecture structure of entity xil_defaultlib.freq_short_memo_blk_mem_gen_prim_wrapper [freq_short_memo_blk_mem_gen_prim...]
Compiling architecture structure of entity xil_defaultlib.freq_short_memo_blk_mem_gen_prim_width [freq_short_memo_blk_mem_gen_prim...]
Compiling architecture structure of entity xil_defaultlib.freq_short_memo_blk_mem_gen_generic_cstr [freq_short_memo_blk_mem_gen_gene...]
Compiling architecture structure of entity xil_defaultlib.freq_short_memo_blk_mem_gen_top [freq_short_memo_blk_mem_gen_top_...]
Compiling architecture structure of entity xil_defaultlib.freq_short_memo_blk_mem_gen_v8_4_1_synth [freq_short_memo_blk_mem_gen_v8_4...]
Compiling architecture structure of entity xil_defaultlib.freq_short_memo_blk_mem_gen_v8_4_1 [freq_short_memo_blk_mem_gen_v8_4...]
Compiling architecture structure of entity xil_defaultlib.freq_short_memo [freq_short_memo_default]
Compiling architecture behavioral of entity xil_defaultlib.manager_memo [manager_memo_default]
Compiling architecture rb36_internal_vhdl_v of entity unisim.RB36_INTERNAL_VHDL [\RB36_INTERNAL_VHDL(doa_reg=1,do...]
Compiling architecture ramb36e1_v of entity unisim.RAMB36E1 [\RAMB36E1(doa_reg=1,dob_reg=1,re...]
Compiling architecture structure of entity xil_defaultlib.out_long_memo_blk_mem_gen_prim_wrapper [out_long_memo_blk_mem_gen_prim_w...]
Compiling architecture structure of entity xil_defaultlib.out_long_memo_blk_mem_gen_prim_width [out_long_memo_blk_mem_gen_prim_w...]
Compiling architecture structure of entity xil_defaultlib.out_long_memo_blk_mem_gen_generic_cstr [out_long_memo_blk_mem_gen_generi...]
Compiling architecture structure of entity xil_defaultlib.out_long_memo_blk_mem_gen_top [out_long_memo_blk_mem_gen_top_de...]
Compiling architecture structure of entity xil_defaultlib.out_long_memo_blk_mem_gen_v8_4_1_synth [out_long_memo_blk_mem_gen_v8_4_1...]
Compiling architecture structure of entity xil_defaultlib.out_long_memo_blk_mem_gen_v8_4_1 [out_long_memo_blk_mem_gen_v8_4_1...]
Compiling architecture structure of entity xil_defaultlib.out_long_memo [out_long_memo_default]
Compiling architecture behavioral of entity xil_defaultlib.man_out_memo [man_out_memo_default]
Compiling architecture behavioral of entity xil_defaultlib.stft_window_rom [stft_window_rom_default]
Compiling architecture behavioral of entity xil_defaultlib.istft_window_rom [istft_window_rom_default]
Compiling architecture behavioral of entity xil_defaultlib.window_controller [window_controller_default]
Compiling architecture behavioral of entity xil_defaultlib.fsm_control [fsm_control_default]
Compiling architecture behavioral of entity xil_defaultlib.master_controller [master_controller_default]
Compiling architecture behavioral of entity xil_defaultlib.main_tb
Built simulation snapshot main_tb_behav

****** Webtalk v2017.4 (64-bit)
  **** SW Build 2086221 on Fri Dec 15 20:55:39 MST 2017
  **** IP Build 2085800 on Fri Dec 15 22:25:07 MST 2017
    ** Copyright 1986-2017 Xilinx, Inc. All Rights Reserved.

source D:/UNI/TFG/OctaveSax/Vivado/octave_main/octave_main.sim/sim_1/behav/xsim/xsim.dir/main_tb_behav/webtalk/xsim_webtalk.tcl -notrace
INFO: [Common 17-206] Exiting Webtalk at Wed Apr 24 19:02:53 2019...
run_program: Time (s): cpu = 00:00:00 ; elapsed = 00:00:08 . Memory (MB): peak = 1475.238 ; gain = 0.000
INFO: [USF-XSim-69] 'elaborate' step finished in '8' seconds
INFO: [USF-XSim-4] XSim::Simulate design
INFO: [USF-XSim-61] Executing 'SIMULATE' step in 'D:/UNI/TFG/OctaveSax/Vivado/octave_main/octave_main.sim/sim_1/behav/xsim'
INFO: [USF-XSim-98] *** Running xsim
   with args "main_tb_behav -key {Behavioral:sim_1:Functional:main_tb} -tclbatch {main_tb.tcl} -view {D:/UNI/TFG/OctaveSax/Vivado/octave_main/octave_main.srcs/sim_1/imports/octave_main/test.wcfg} -view {D:/UNI/TFG/OctaveSax/Vivado/octave_main/window_tb_behav.wcfg} -view {D:/UNI/TFG/OctaveSax/Vivado/octave_main/fft.wcfg} -log {simulate.log}"
INFO: [USF-XSim-8] Loading simulator feature
Vivado Simulator 2017.4
Time resolution is 1 ps
open_wave_config D:/UNI/TFG/OctaveSax/Vivado/octave_main/octave_main.srcs/sim_1/imports/octave_main/test.wcfg
WARNING: Simulation object /main_tb/UUT/espera was not found in the design.
open_wave_config D:/UNI/TFG/OctaveSax/Vivado/octave_main/window_tb_behav.wcfg
WARNING: Simulation object /window_tb/UUT/clk was not found in the design.
WARNING: Simulation object /window_tb/UUT/for_inv was not found in the design.
WARNING: Simulation object /window_tb/UUT/start_proc_win was not found in the design.
WARNING: Simulation object /window_tb/end_proc_win was not found in the design.
WARNING: Simulation object /window_tb/UUT/window_data was not found in the design.
WARNING: Simulation object /window_tb/UUT/window_data_i was not found in the design.
WARNING: Simulation object /window_tb/UUT/pre_win was not found in the design.
WARNING: Simulation object /window_tb/UUT/multiplicand was not found in the design.
WARNING: Simulation object /window_tb/UUT/result_pre was not found in the design.
WARNING: Simulation object /window_tb/UUT/result was not found in the design.
open_wave_config D:/UNI/TFG/OctaveSax/Vivado/octave_main/fft.wcfg
WARNING: Simulation object /tb_transform/clk was not found in the design.
WARNING: Simulation object /tb_transform/enable_fft was not found in the design.
WARNING: Simulation object /tb_transform/event_frame_started was not found in the design.
WARNING: Simulation object /tb_transform/event_tlast_unexpected was not found in the design.
WARNING: Simulation object /tb_transform/event_tlast_missing was not found in the design.
WARNING: Simulation object /tb_transform/event_status_channel_halt was not found in the design.
WARNING: Simulation object /tb_transform/event_data_in_channel_halt was not found in the design.
WARNING: Simulation object /tb_transform/event_data_out_channel_halt was not found in the design.
WARNING: Simulation object /tb_transform/config_tvalid was not found in the design.
WARNING: Simulation object /tb_transform/config_tready was not found in the design.
WARNING: Simulation object /tb_transform/input_tvalid was not found in the design.
WARNING: Simulation object /tb_transform/input_tready was not found in the design.
WARNING: Simulation object /tb_transform/input_tlast was not found in the design.
WARNING: Simulation object /tb_transform/output_tvalid was not found in the design.
WARNING: Simulation object /tb_transform/output_tready was not found in the design.
WARNING: Simulation object /tb_transform/output_tlast was not found in the design.
WARNING: Simulation object /tb_transform/config_data was not found in the design.
WARNING: Simulation object /tb_transform/output_user was not found in the design.
WARNING: Simulation object /tb_transform/input_data was not found in the design.
WARNING: Simulation object /tb_transform/re_in was not found in the design.
WARNING: Simulation object /tb_transform/im_in was not found in the design.
WARNING: Simulation object /tb_transform/output_data was not found in the design.
WARNING: Simulation object /tb_transform/re_out was not found in the design.
WARNING: Simulation object /tb_transform/im_out was not found in the design.
source main_tb.tcl
# set curr_wave [current_wave_config]
# if { [string length $curr_wave] == 0 } {
#   if { [llength [get_objects]] > 0} {
#     add_wave /
#     set_property needs_save false [current_wave_config]
#   } else {
#      send_msg_id Add_Wave-1 WARNING "No top level signals found. Simulator will start without a wave window. If you want to open a wave window go to 'File->New Waveform Configuration' or type 'create_wave_config' in the TCL console."
#   }
# }
# run 1000ns
INFO: [USF-XSim-96] XSim completed. Design snapshot 'main_tb_behav' loaded.
INFO: [USF-XSim-97] XSim simulation ran for 1000ns
launch_simulation: Time (s): cpu = 00:00:08 ; elapsed = 00:00:14 . Memory (MB): peak = 1489.438 ; gain = 14.199
restart
INFO: [Simtcl 6-17] Simulation restarted
run 20 ms
run: Time (s): cpu = 00:00:27 ; elapsed = 00:00:56 . Memory (MB): peak = 1505.434 ; gain = 10.910
close_sim
INFO: [Simtcl 6-16] Simulation closed
reset_run synth_1
launch_runs impl_1 -to_step write_bitstream -jobs 2
[Wed Apr 24 19:04:31 2019] Launched synth_1...
Run output will be captured here: D:/UNI/TFG/OctaveSax/Vivado/octave_main/octave_main.runs/synth_1/runme.log
[Wed Apr 24 19:04:31 2019] Launched impl_1...
Run output will be captured here: D:/UNI/TFG/OctaveSax/Vivado/octave_main/octave_main.runs/impl_1/runme.log
set_property PROBES.FILE {} [get_hw_devices xc7a100t_0]
set_property FULL_PROBES.FILE {} [get_hw_devices xc7a100t_0]
set_property PROGRAM.FILE {D:/UNI/TFG/OctaveSax/Vivado/octave_main/octave_main.runs/impl_1/fsm_global.bit} [get_hw_devices xc7a100t_0]
program_hw_devices [get_hw_devices xc7a100t_0]
INFO: [Labtools 27-3164] End of startup status: HIGH
refresh_hw_device [lindex [get_hw_devices xc7a100t_0] 0]
INFO: [Labtools 27-1434] Device xc7a100t (JTAG device index = 0) is programmed with a design that has no supported debug core(s) in it.
WARNING: [Labtools 27-3361] The debug hub core was not detected.
Resolution: 
1. Make sure the clock connected to the debug hub (dbg_hub) core is a free running clock and is active.
2. Make sure the BSCAN_SWITCH_USER_MASK device property in Vivado Hardware Manager reflects the user scan chain setting in the design and refresh the device.  To determine the user scan chain setting in the design, open the implemented design and use 'get_property C_USER_SCAN_CHAIN [get_debug_cores dbg_hub]'.
For more details on setting the scan chain property, consult the Vivado Debug and Programming User Guide (UG908).
reset_run synth_1
launch_runs impl_1 -to_step write_bitstream -jobs 2
[Wed Apr 24 19:09:14 2019] Launched synth_1...
Run output will be captured here: D:/UNI/TFG/OctaveSax/Vivado/octave_main/octave_main.runs/synth_1/runme.log
[Wed Apr 24 19:09:14 2019] Launched impl_1...
Run output will be captured here: D:/UNI/TFG/OctaveSax/Vivado/octave_main/octave_main.runs/impl_1/runme.log
reset_run synth_1
launch_runs impl_1 -to_step write_bitstream -jobs 2
[Wed Apr 24 19:13:31 2019] Launched synth_1...
Run output will be captured here: D:/UNI/TFG/OctaveSax/Vivado/octave_main/octave_main.runs/synth_1/runme.log
[Wed Apr 24 19:13:31 2019] Launched impl_1...
Run output will be captured here: D:/UNI/TFG/OctaveSax/Vivado/octave_main/octave_main.runs/impl_1/runme.log
set_property PROBES.FILE {} [get_hw_devices xc7a100t_0]
set_property FULL_PROBES.FILE {} [get_hw_devices xc7a100t_0]
set_property PROGRAM.FILE {D:/UNI/TFG/OctaveSax/Vivado/octave_main/octave_main.runs/impl_1/fsm_global.bit} [get_hw_devices xc7a100t_0]
program_hw_devices [get_hw_devices xc7a100t_0]
INFO: [Labtools 27-3164] End of startup status: HIGH
refresh_hw_device [lindex [get_hw_devices xc7a100t_0] 0]
INFO: [Labtools 27-1434] Device xc7a100t (JTAG device index = 0) is programmed with a design that has no supported debug core(s) in it.
WARNING: [Labtools 27-3361] The debug hub core was not detected.
Resolution: 
1. Make sure the clock connected to the debug hub (dbg_hub) core is a free running clock and is active.
2. Make sure the BSCAN_SWITCH_USER_MASK device property in Vivado Hardware Manager reflects the user scan chain setting in the design and refresh the device.  To determine the user scan chain setting in the design, open the implemented design and use 'get_property C_USER_SCAN_CHAIN [get_debug_cores dbg_hub]'.
For more details on setting the scan chain property, consult the Vivado Debug and Programming User Guide (UG908).
reset_run synth_1
launch_runs impl_1 -to_step write_bitstream -jobs 2
[Wed Apr 24 19:17:23 2019] Launched synth_1...
Run output will be captured here: D:/UNI/TFG/OctaveSax/Vivado/octave_main/octave_main.runs/synth_1/runme.log
[Wed Apr 24 19:17:23 2019] Launched impl_1...
Run output will be captured here: D:/UNI/TFG/OctaveSax/Vivado/octave_main/octave_main.runs/impl_1/runme.log
set_property PROBES.FILE {} [get_hw_devices xc7a100t_0]
set_property FULL_PROBES.FILE {} [get_hw_devices xc7a100t_0]
set_property PROGRAM.FILE {D:/UNI/TFG/OctaveSax/Vivado/octave_main/octave_main.runs/impl_1/fsm_global.bit} [get_hw_devices xc7a100t_0]
program_hw_devices [get_hw_devices xc7a100t_0]
INFO: [Labtools 27-3164] End of startup status: HIGH
refresh_hw_device [lindex [get_hw_devices xc7a100t_0] 0]
INFO: [Labtools 27-1434] Device xc7a100t (JTAG device index = 0) is programmed with a design that has no supported debug core(s) in it.
WARNING: [Labtools 27-3361] The debug hub core was not detected.
Resolution: 
1. Make sure the clock connected to the debug hub (dbg_hub) core is a free running clock and is active.
2. Make sure the BSCAN_SWITCH_USER_MASK device property in Vivado Hardware Manager reflects the user scan chain setting in the design and refresh the device.  To determine the user scan chain setting in the design, open the implemented design and use 'get_property C_USER_SCAN_CHAIN [get_debug_cores dbg_hub]'.
For more details on setting the scan chain property, consult the Vivado Debug and Programming User Guide (UG908).
reset_run synth_1
launch_runs impl_1 -to_step write_bitstream -jobs 2
[Wed Apr 24 19:20:40 2019] Launched synth_1...
Run output will be captured here: D:/UNI/TFG/OctaveSax/Vivado/octave_main/octave_main.runs/synth_1/runme.log
[Wed Apr 24 19:20:40 2019] Launched impl_1...
Run output will be captured here: D:/UNI/TFG/OctaveSax/Vivado/octave_main/octave_main.runs/impl_1/runme.log
set_property PROBES.FILE {} [get_hw_devices xc7a100t_0]
set_property FULL_PROBES.FILE {} [get_hw_devices xc7a100t_0]
set_property PROGRAM.FILE {D:/UNI/TFG/OctaveSax/Vivado/octave_main/octave_main.runs/impl_1/fsm_global.bit} [get_hw_devices xc7a100t_0]
program_hw_devices [get_hw_devices xc7a100t_0]
INFO: [Labtools 27-3164] End of startup status: HIGH
refresh_hw_device [lindex [get_hw_devices xc7a100t_0] 0]
INFO: [Labtools 27-1434] Device xc7a100t (JTAG device index = 0) is programmed with a design that has no supported debug core(s) in it.
WARNING: [Labtools 27-3361] The debug hub core was not detected.
Resolution: 
1. Make sure the clock connected to the debug hub (dbg_hub) core is a free running clock and is active.
2. Make sure the BSCAN_SWITCH_USER_MASK device property in Vivado Hardware Manager reflects the user scan chain setting in the design and refresh the device.  To determine the user scan chain setting in the design, open the implemented design and use 'get_property C_USER_SCAN_CHAIN [get_debug_cores dbg_hub]'.
For more details on setting the scan chain property, consult the Vivado Debug and Programming User Guide (UG908).
reset_run synth_1
launch_runs impl_1 -to_step write_bitstream -jobs 2
[Wed Apr 24 19:24:34 2019] Launched synth_1...
Run output will be captured here: D:/UNI/TFG/OctaveSax/Vivado/octave_main/octave_main.runs/synth_1/runme.log
[Wed Apr 24 19:24:34 2019] Launched impl_1...
Run output will be captured here: D:/UNI/TFG/OctaveSax/Vivado/octave_main/octave_main.runs/impl_1/runme.log
set_property PROBES.FILE {} [get_hw_devices xc7a100t_0]
set_property FULL_PROBES.FILE {} [get_hw_devices xc7a100t_0]
set_property PROGRAM.FILE {D:/UNI/TFG/OctaveSax/Vivado/octave_main/octave_main.runs/impl_1/fsm_global.bit} [get_hw_devices xc7a100t_0]
program_hw_devices [get_hw_devices xc7a100t_0]
INFO: [Labtools 27-3164] End of startup status: HIGH
refresh_hw_device [lindex [get_hw_devices xc7a100t_0] 0]
INFO: [Labtools 27-1434] Device xc7a100t (JTAG device index = 0) is programmed with a design that has no supported debug core(s) in it.
WARNING: [Labtools 27-3361] The debug hub core was not detected.
Resolution: 
1. Make sure the clock connected to the debug hub (dbg_hub) core is a free running clock and is active.
2. Make sure the BSCAN_SWITCH_USER_MASK device property in Vivado Hardware Manager reflects the user scan chain setting in the design and refresh the device.  To determine the user scan chain setting in the design, open the implemented design and use 'get_property C_USER_SCAN_CHAIN [get_debug_cores dbg_hub]'.
For more details on setting the scan chain property, consult the Vivado Debug and Programming User Guide (UG908).
close_hw
launch_simulation
INFO: [Vivado 12-5698] Checking validity of IPs in the design for the 'XSim' simulator...
INFO: [Vivado 12-5682] Launching behavioral simulation in 'D:/UNI/TFG/OctaveSax/Vivado/octave_main/octave_main.sim/sim_1/behav/xsim'
INFO: [Vivado 12-4795] Using compiled simulation libraries for IPs
INFO: [SIM-utils-51] Simulation object is 'sim_1'
INFO: [USF-XSim-7] Finding pre-compiled libraries...
INFO: [USF-XSim-11] File 'C:/Xilinx/Vivado/2017.4/data/xsim/ip/xsim_ip.ini' copied to run dir:'D:/UNI/TFG/OctaveSax/Vivado/octave_main/octave_main.sim/sim_1/behav/xsim'
INFO: [SIM-utils-54] Inspecting design source files for 'main_tb' in fileset 'sim_1'...
INFO: [USF-XSim-97] Finding global include files...
INFO: [USF-XSim-100] Fetching design files from 'sources_1'...(this may take a while)...
INFO: [USF-XSim-101] Fetching design files from 'sim_1'...
INFO: [USF-XSim-2] XSim::Compile design
INFO: [USF-XSim-61] Executing 'COMPILE and ANALYZE' step in 'D:/UNI/TFG/OctaveSax/Vivado/octave_main/octave_main.sim/sim_1/behav/xsim'
"xvlog --incr --relax -prj main_tb_vlog.prj"
"xvhdl --incr --relax -prj main_tb_vhdl.prj"
INFO: [VRFC 10-163] Analyzing VHDL file "D:/UNI/TFG/OctaveSax/Vivado/octave_main/octave_main.srcs/sources_1/new/master_controller.vhd" into library xil_defaultlib
INFO: [VRFC 10-307] analyzing entity master_controller
INFO: [USF-XSim-69] 'compile' step finished in '1' seconds
INFO: [USF-XSim-3] XSim::Elaborate design
INFO: [USF-XSim-61] Executing 'ELABORATE' step in 'D:/UNI/TFG/OctaveSax/Vivado/octave_main/octave_main.sim/sim_1/behav/xsim'
Vivado Simulator 2017.4
Copyright 1986-1999, 2001-2016 Xilinx, Inc. All Rights Reserved.
Running: C:/Xilinx/Vivado/2017.4/bin/unwrapped/win64.o/xelab.exe -wto 0c9c3a36965041288ce87ec04c26eca9 --incr --debug typical --relax --mt 2 -L xil_defaultlib -L unisims_ver -L unimacro_ver -L secureip -L xpm --snapshot main_tb_behav xil_defaultlib.main_tb xil_defaultlib.glbl -log elaborate.log 
Using 2 slave threads.
Starting static elaboration
Completed static elaboration
Starting simulation data flow analysis
Completed simulation data flow analysis
Time Resolution for simulation is 1ps
Compiling package std.standard
Compiling package std.textio
Compiling package ieee.std_logic_1164
Compiling package ieee.numeric_std
Compiling package xil_defaultlib.project_trunk
Compiling package unisim.vcomponents
Compiling package ieee.std_logic_arith
Compiling package ieee.std_logic_signed
Compiling package ieee.std_logic_textio
Compiling package ieee.vital_timing
Compiling package ieee.vital_primitives
Compiling package unisim.vpkg
Compiling module xil_defaultlib.glbl
Compiling architecture behavioral of entity xil_defaultlib.sampling [sampling_default]
Compiling architecture behavioral of entity xil_defaultlib.shift_register [shift_register_default]
Compiling architecture gnd_v of entity unisim.GND [gnd_default]
Compiling architecture rb18_internal_vhdl_v of entity unisim.RB18_INTERNAL_VHDL [\RB18_INTERNAL_VHDL(bram_size=18...]
Compiling architecture ramb18e1_v of entity unisim.RAMB18E1 [\RAMB18E1(doa_reg=1,dob_reg=1,re...]
Compiling architecture structure of entity xil_defaultlib.freq_short_memo_blk_mem_gen_prim_wrapper [freq_short_memo_blk_mem_gen_prim...]
Compiling architecture structure of entity xil_defaultlib.freq_short_memo_blk_mem_gen_prim_width [freq_short_memo_blk_mem_gen_prim...]
Compiling architecture structure of entity xil_defaultlib.freq_short_memo_blk_mem_gen_generic_cstr [freq_short_memo_blk_mem_gen_gene...]
Compiling architecture structure of entity xil_defaultlib.freq_short_memo_blk_mem_gen_top [freq_short_memo_blk_mem_gen_top_...]
Compiling architecture structure of entity xil_defaultlib.freq_short_memo_blk_mem_gen_v8_4_1_synth [freq_short_memo_blk_mem_gen_v8_4...]
Compiling architecture structure of entity xil_defaultlib.freq_short_memo_blk_mem_gen_v8_4_1 [freq_short_memo_blk_mem_gen_v8_4...]
Compiling architecture structure of entity xil_defaultlib.freq_short_memo [freq_short_memo_default]
Compiling architecture behavioral of entity xil_defaultlib.manager_memo [manager_memo_default]
Compiling architecture rb36_internal_vhdl_v of entity unisim.RB36_INTERNAL_VHDL [\RB36_INTERNAL_VHDL(doa_reg=1,do...]
Compiling architecture ramb36e1_v of entity unisim.RAMB36E1 [\RAMB36E1(doa_reg=1,dob_reg=1,re...]
Compiling architecture structure of entity xil_defaultlib.out_long_memo_blk_mem_gen_prim_wrapper [out_long_memo_blk_mem_gen_prim_w...]
Compiling architecture structure of entity xil_defaultlib.out_long_memo_blk_mem_gen_prim_width [out_long_memo_blk_mem_gen_prim_w...]
Compiling architecture structure of entity xil_defaultlib.out_long_memo_blk_mem_gen_generic_cstr [out_long_memo_blk_mem_gen_generi...]
Compiling architecture structure of entity xil_defaultlib.out_long_memo_blk_mem_gen_top [out_long_memo_blk_mem_gen_top_de...]
Compiling architecture structure of entity xil_defaultlib.out_long_memo_blk_mem_gen_v8_4_1_synth [out_long_memo_blk_mem_gen_v8_4_1...]
Compiling architecture structure of entity xil_defaultlib.out_long_memo_blk_mem_gen_v8_4_1 [out_long_memo_blk_mem_gen_v8_4_1...]
Compiling architecture structure of entity xil_defaultlib.out_long_memo [out_long_memo_default]
Compiling architecture behavioral of entity xil_defaultlib.man_out_memo [man_out_memo_default]
Compiling architecture behavioral of entity xil_defaultlib.stft_window_rom [stft_window_rom_default]
Compiling architecture behavioral of entity xil_defaultlib.istft_window_rom [istft_window_rom_default]
Compiling architecture behavioral of entity xil_defaultlib.window_controller [window_controller_default]
Compiling architecture behavioral of entity xil_defaultlib.fsm_control [fsm_control_default]
Compiling architecture behavioral of entity xil_defaultlib.master_controller [master_controller_default]
Compiling architecture behavioral of entity xil_defaultlib.main_tb
Built simulation snapshot main_tb_behav
run_program: Time (s): cpu = 00:00:00 ; elapsed = 00:00:05 . Memory (MB): peak = 1507.105 ; gain = 0.000
INFO: [USF-XSim-69] 'elaborate' step finished in '5' seconds
INFO: [USF-XSim-4] XSim::Simulate design
INFO: [USF-XSim-61] Executing 'SIMULATE' step in 'D:/UNI/TFG/OctaveSax/Vivado/octave_main/octave_main.sim/sim_1/behav/xsim'
INFO: [USF-XSim-98] *** Running xsim
   with args "main_tb_behav -key {Behavioral:sim_1:Functional:main_tb} -tclbatch {main_tb.tcl} -view {D:/UNI/TFG/OctaveSax/Vivado/octave_main/octave_main.srcs/sim_1/imports/octave_main/test.wcfg} -view {D:/UNI/TFG/OctaveSax/Vivado/octave_main/window_tb_behav.wcfg} -view {D:/UNI/TFG/OctaveSax/Vivado/octave_main/fft.wcfg} -log {simulate.log}"
INFO: [USF-XSim-8] Loading simulator feature
Vivado Simulator 2017.4
Time resolution is 1 ps
open_wave_config D:/UNI/TFG/OctaveSax/Vivado/octave_main/octave_main.srcs/sim_1/imports/octave_main/test.wcfg
WARNING: Simulation object /main_tb/UUT/espera was not found in the design.
open_wave_config D:/UNI/TFG/OctaveSax/Vivado/octave_main/window_tb_behav.wcfg
WARNING: Simulation object /window_tb/UUT/clk was not found in the design.
WARNING: Simulation object /window_tb/UUT/for_inv was not found in the design.
WARNING: Simulation object /window_tb/UUT/start_proc_win was not found in the design.
WARNING: Simulation object /window_tb/end_proc_win was not found in the design.
WARNING: Simulation object /window_tb/UUT/window_data was not found in the design.
WARNING: Simulation object /window_tb/UUT/window_data_i was not found in the design.
WARNING: Simulation object /window_tb/UUT/pre_win was not found in the design.
WARNING: Simulation object /window_tb/UUT/multiplicand was not found in the design.
WARNING: Simulation object /window_tb/UUT/result_pre was not found in the design.
WARNING: Simulation object /window_tb/UUT/result was not found in the design.
open_wave_config D:/UNI/TFG/OctaveSax/Vivado/octave_main/fft.wcfg
WARNING: Simulation object /tb_transform/clk was not found in the design.
WARNING: Simulation object /tb_transform/enable_fft was not found in the design.
WARNING: Simulation object /tb_transform/event_frame_started was not found in the design.
WARNING: Simulation object /tb_transform/event_tlast_unexpected was not found in the design.
WARNING: Simulation object /tb_transform/event_tlast_missing was not found in the design.
WARNING: Simulation object /tb_transform/event_status_channel_halt was not found in the design.
WARNING: Simulation object /tb_transform/event_data_in_channel_halt was not found in the design.
WARNING: Simulation object /tb_transform/event_data_out_channel_halt was not found in the design.
WARNING: Simulation object /tb_transform/config_tvalid was not found in the design.
WARNING: Simulation object /tb_transform/config_tready was not found in the design.
WARNING: Simulation object /tb_transform/input_tvalid was not found in the design.
WARNING: Simulation object /tb_transform/input_tready was not found in the design.
WARNING: Simulation object /tb_transform/input_tlast was not found in the design.
WARNING: Simulation object /tb_transform/output_tvalid was not found in the design.
WARNING: Simulation object /tb_transform/output_tready was not found in the design.
WARNING: Simulation object /tb_transform/output_tlast was not found in the design.
WARNING: Simulation object /tb_transform/config_data was not found in the design.
WARNING: Simulation object /tb_transform/output_user was not found in the design.
WARNING: Simulation object /tb_transform/input_data was not found in the design.
WARNING: Simulation object /tb_transform/re_in was not found in the design.
WARNING: Simulation object /tb_transform/im_in was not found in the design.
WARNING: Simulation object /tb_transform/output_data was not found in the design.
WARNING: Simulation object /tb_transform/re_out was not found in the design.
WARNING: Simulation object /tb_transform/im_out was not found in the design.
source main_tb.tcl
# set curr_wave [current_wave_config]
# if { [string length $curr_wave] == 0 } {
#   if { [llength [get_objects]] > 0} {
#     add_wave /
#     set_property needs_save false [current_wave_config]
#   } else {
#      send_msg_id Add_Wave-1 WARNING "No top level signals found. Simulator will start without a wave window. If you want to open a wave window go to 'File->New Waveform Configuration' or type 'create_wave_config' in the TCL console."
#   }
# }
# run 1000ns
INFO: [USF-XSim-96] XSim completed. Design snapshot 'main_tb_behav' loaded.
INFO: [USF-XSim-97] XSim simulation ran for 1000ns
launch_simulation: Time (s): cpu = 00:00:05 ; elapsed = 00:00:11 . Memory (MB): peak = 1516.043 ; gain = 8.938
restart
INFO: [Simtcl 6-17] Simulation restarted
run 20 ms
run: Time (s): cpu = 00:00:24 ; elapsed = 00:00:54 . Memory (MB): peak = 1525.496 ; gain = 9.453
relaunch_sim
INFO: [Vivado 12-5698] Checking validity of IPs in the design for the 'XSim' simulator...
INFO: [Vivado 12-5682] Launching behavioral simulation in 'D:/UNI/TFG/OctaveSax/Vivado/octave_main/octave_main.sim/sim_1/behav/xsim'
INFO: [Vivado 12-4795] Using compiled simulation libraries for IPs
INFO: [SIM-utils-51] Simulation object is 'sim_1'
INFO: [USF-XSim-7] Finding pre-compiled libraries...
INFO: [USF-XSim-11] File 'C:/Xilinx/Vivado/2017.4/data/xsim/ip/xsim_ip.ini' copied to run dir:'D:/UNI/TFG/OctaveSax/Vivado/octave_main/octave_main.sim/sim_1/behav/xsim'
INFO: [SIM-utils-54] Inspecting design source files for 'main_tb' in fileset 'sim_1'...
INFO: [USF-XSim-97] Finding global include files...
INFO: [USF-XSim-100] Fetching design files from 'sources_1'...(this may take a while)...
INFO: [USF-XSim-101] Fetching design files from 'sim_1'...
INFO: [USF-XSim-2] XSim::Compile design
INFO: [USF-XSim-61] Executing 'COMPILE and ANALYZE' step in 'D:/UNI/TFG/OctaveSax/Vivado/octave_main/octave_main.sim/sim_1/behav/xsim'
"xvlog --incr --relax -prj main_tb_vlog.prj"
"xvhdl --incr --relax -prj main_tb_vhdl.prj"
INFO: [VRFC 10-163] Analyzing VHDL file "D:/UNI/TFG/OctaveSax/Vivado/octave_main/octave_main.srcs/sources_1/new/sampling.vhd" into library xil_defaultlib
INFO: [VRFC 10-307] analyzing entity sampling
INFO: [USF-XSim-69] 'compile' step finished in '2' seconds
INFO: [Vivado 12-5698] Checking validity of IPs in the design for the 'XSim' simulator...
INFO: [Vivado 12-5682] Launching behavioral simulation in 'D:/UNI/TFG/OctaveSax/Vivado/octave_main/octave_main.sim/sim_1/behav/xsim'
INFO: [Vivado 12-4795] Using compiled simulation libraries for IPs
INFO: [USF-XSim-3] XSim::Elaborate design
INFO: [USF-XSim-61] Executing 'ELABORATE' step in 'D:/UNI/TFG/OctaveSax/Vivado/octave_main/octave_main.sim/sim_1/behav/xsim'
Vivado Simulator 2017.4
Copyright 1986-1999, 2001-2016 Xilinx, Inc. All Rights Reserved.
Running: C:/Xilinx/Vivado/2017.4/bin/unwrapped/win64.o/xelab.exe -wto 0c9c3a36965041288ce87ec04c26eca9 --incr --debug typical --relax --mt 2 -L xil_defaultlib -L unisims_ver -L unimacro_ver -L secureip -L xpm --snapshot main_tb_behav xil_defaultlib.main_tb xil_defaultlib.glbl -log elaborate.log 
Using 2 slave threads.
Starting static elaboration
Completed static elaboration
Starting simulation data flow analysis
Completed simulation data flow analysis
Time Resolution for simulation is 1ps
Compiling package std.standard
Compiling package std.textio
Compiling package ieee.std_logic_1164
Compiling package ieee.numeric_std
Compiling package xil_defaultlib.project_trunk
Compiling package unisim.vcomponents
Compiling package ieee.std_logic_arith
Compiling package ieee.std_logic_signed
Compiling package ieee.std_logic_textio
Compiling package ieee.vital_timing
Compiling package ieee.vital_primitives
Compiling package unisim.vpkg
Compiling module xil_defaultlib.glbl
Compiling architecture behavioral of entity xil_defaultlib.sampling [sampling_default]
Compiling architecture behavioral of entity xil_defaultlib.shift_register [shift_register_default]
Compiling architecture gnd_v of entity unisim.GND [gnd_default]
Compiling architecture rb18_internal_vhdl_v of entity unisim.RB18_INTERNAL_VHDL [\RB18_INTERNAL_VHDL(bram_size=18...]
Compiling architecture ramb18e1_v of entity unisim.RAMB18E1 [\RAMB18E1(doa_reg=1,dob_reg=1,re...]
Compiling architecture structure of entity xil_defaultlib.freq_short_memo_blk_mem_gen_prim_wrapper [freq_short_memo_blk_mem_gen_prim...]
Compiling architecture structure of entity xil_defaultlib.freq_short_memo_blk_mem_gen_prim_width [freq_short_memo_blk_mem_gen_prim...]
Compiling architecture structure of entity xil_defaultlib.freq_short_memo_blk_mem_gen_generic_cstr [freq_short_memo_blk_mem_gen_gene...]
Compiling architecture structure of entity xil_defaultlib.freq_short_memo_blk_mem_gen_top [freq_short_memo_blk_mem_gen_top_...]
Compiling architecture structure of entity xil_defaultlib.freq_short_memo_blk_mem_gen_v8_4_1_synth [freq_short_memo_blk_mem_gen_v8_4...]
Compiling architecture structure of entity xil_defaultlib.freq_short_memo_blk_mem_gen_v8_4_1 [freq_short_memo_blk_mem_gen_v8_4...]
Compiling architecture structure of entity xil_defaultlib.freq_short_memo [freq_short_memo_default]
Compiling architecture behavioral of entity xil_defaultlib.manager_memo [manager_memo_default]
Compiling architecture rb36_internal_vhdl_v of entity unisim.RB36_INTERNAL_VHDL [\RB36_INTERNAL_VHDL(doa_reg=1,do...]
Compiling architecture ramb36e1_v of entity unisim.RAMB36E1 [\RAMB36E1(doa_reg=1,dob_reg=1,re...]
Compiling architecture structure of entity xil_defaultlib.out_long_memo_blk_mem_gen_prim_wrapper [out_long_memo_blk_mem_gen_prim_w...]
Compiling architecture structure of entity xil_defaultlib.out_long_memo_blk_mem_gen_prim_width [out_long_memo_blk_mem_gen_prim_w...]
Compiling architecture structure of entity xil_defaultlib.out_long_memo_blk_mem_gen_generic_cstr [out_long_memo_blk_mem_gen_generi...]
Compiling architecture structure of entity xil_defaultlib.out_long_memo_blk_mem_gen_top [out_long_memo_blk_mem_gen_top_de...]
Compiling architecture structure of entity xil_defaultlib.out_long_memo_blk_mem_gen_v8_4_1_synth [out_long_memo_blk_mem_gen_v8_4_1...]
Compiling architecture structure of entity xil_defaultlib.out_long_memo_blk_mem_gen_v8_4_1 [out_long_memo_blk_mem_gen_v8_4_1...]
Compiling architecture structure of entity xil_defaultlib.out_long_memo [out_long_memo_default]
Compiling architecture behavioral of entity xil_defaultlib.man_out_memo [man_out_memo_default]
Compiling architecture behavioral of entity xil_defaultlib.stft_window_rom [stft_window_rom_default]
Compiling architecture behavioral of entity xil_defaultlib.istft_window_rom [istft_window_rom_default]
Compiling architecture behavioral of entity xil_defaultlib.window_controller [window_controller_default]
Compiling architecture behavioral of entity xil_defaultlib.fsm_control [fsm_control_default]
Compiling architecture behavioral of entity xil_defaultlib.master_controller [master_controller_default]
Compiling architecture behavioral of entity xil_defaultlib.main_tb
Built simulation snapshot main_tb_behav
run_program: Time (s): cpu = 00:00:01 ; elapsed = 00:00:05 . Memory (MB): peak = 1526.266 ; gain = 0.000
INFO: [USF-XSim-69] 'elaborate' step finished in '5' seconds
launch_simulation: Time (s): cpu = 00:00:01 ; elapsed = 00:00:05 . Memory (MB): peak = 1526.266 ; gain = 0.000
Vivado Simulator 2017.4
Time resolution is 1 ps
relaunch_sim: Time (s): cpu = 00:00:02 ; elapsed = 00:00:10 . Memory (MB): peak = 1526.461 ; gain = 0.195
restart
INFO: [Simtcl 6-17] Simulation restarted
run 20 ms
run: Time (s): cpu = 00:00:19 ; elapsed = 00:00:52 . Memory (MB): peak = 1530.031 ; gain = 3.418
add_bp {D:/UNI/TFG/OctaveSax/Vivado/octave_main/octave_main.srcs/sources_1/new/man_out_memo.vhd} 258
relaunch_sim
INFO: [Vivado 12-5698] Checking validity of IPs in the design for the 'XSim' simulator...
INFO: [Vivado 12-5682] Launching behavioral simulation in 'D:/UNI/TFG/OctaveSax/Vivado/octave_main/octave_main.sim/sim_1/behav/xsim'
INFO: [Vivado 12-4795] Using compiled simulation libraries for IPs
INFO: [SIM-utils-51] Simulation object is 'sim_1'
INFO: [USF-XSim-7] Finding pre-compiled libraries...
INFO: [USF-XSim-11] File 'C:/Xilinx/Vivado/2017.4/data/xsim/ip/xsim_ip.ini' copied to run dir:'D:/UNI/TFG/OctaveSax/Vivado/octave_main/octave_main.sim/sim_1/behav/xsim'
INFO: [SIM-utils-54] Inspecting design source files for 'main_tb' in fileset 'sim_1'...
INFO: [USF-XSim-97] Finding global include files...
INFO: [USF-XSim-100] Fetching design files from 'sources_1'...(this may take a while)...
INFO: [USF-XSim-101] Fetching design files from 'sim_1'...
INFO: [USF-XSim-2] XSim::Compile design
INFO: [USF-XSim-61] Executing 'COMPILE and ANALYZE' step in 'D:/UNI/TFG/OctaveSax/Vivado/octave_main/octave_main.sim/sim_1/behav/xsim'
"xvlog --incr --relax -prj main_tb_vlog.prj"
"xvhdl --incr --relax -prj main_tb_vhdl.prj"
INFO: [VRFC 10-163] Analyzing VHDL file "D:/UNI/TFG/OctaveSax/Vivado/octave_main/octave_main.srcs/sources_1/new/master_controller.vhd" into library xil_defaultlib
INFO: [VRFC 10-307] analyzing entity master_controller
INFO: [VRFC 10-163] Analyzing VHDL file "D:/UNI/TFG/OctaveSax/Vivado/octave_main/octave_main.srcs/sources_1/new/man_out_memo.vhd" into library xil_defaultlib
INFO: [VRFC 10-307] analyzing entity man_out_memo
ERROR: [VRFC 10-91] end_procw_next is not declared [D:/UNI/TFG/OctaveSax/Vivado/octave_main/octave_main.srcs/sources_1/new/man_out_memo.vhd:276]
ERROR: [VRFC 10-91] end_procw_next is not declared [D:/UNI/TFG/OctaveSax/Vivado/octave_main/octave_main.srcs/sources_1/new/man_out_memo.vhd:287]
ERROR: [VRFC 10-91] end_procw_next is not declared [D:/UNI/TFG/OctaveSax/Vivado/octave_main/octave_main.srcs/sources_1/new/man_out_memo.vhd:338]
ERROR: [VRFC 10-1504] unit behavioral ignored due to previous errors [D:/UNI/TFG/OctaveSax/Vivado/octave_main/octave_main.srcs/sources_1/new/man_out_memo.vhd:28]
INFO: [VRFC 10-240] VHDL file D:/UNI/TFG/OctaveSax/Vivado/octave_main/octave_main.srcs/sources_1/new/man_out_memo.vhd ignored due to errors
INFO: [USF-XSim-69] 'compile' step finished in '2' seconds
INFO: [USF-XSim-99] Step results log file:'D:/UNI/TFG/OctaveSax/Vivado/octave_main/octave_main.sim/sim_1/behav/xsim/xvhdl.log'
ERROR: [USF-XSim-62] 'compile' step failed with error(s). Please check the Tcl console output or 'D:/UNI/TFG/OctaveSax/Vivado/octave_main/octave_main.sim/sim_1/behav/xsim/xvhdl.log' file for more information.
ERROR: [Vivado 12-4473] Detected error while running simulation. Please correct the issue and retry this operation.
ERROR: [Common 17-39] 'launch_simulation' failed due to earlier errors.
ERROR: [Common 17-69] Command failed: ERROR: [Common 17-39] 'launch_simulation' failed due to earlier errors.

relaunch_sim
INFO: [Vivado 12-5698] Checking validity of IPs in the design for the 'XSim' simulator...
INFO: [Vivado 12-5682] Launching behavioral simulation in 'D:/UNI/TFG/OctaveSax/Vivado/octave_main/octave_main.sim/sim_1/behav/xsim'
INFO: [Vivado 12-4795] Using compiled simulation libraries for IPs
INFO: [SIM-utils-51] Simulation object is 'sim_1'
INFO: [USF-XSim-7] Finding pre-compiled libraries...
INFO: [USF-XSim-11] File 'C:/Xilinx/Vivado/2017.4/data/xsim/ip/xsim_ip.ini' copied to run dir:'D:/UNI/TFG/OctaveSax/Vivado/octave_main/octave_main.sim/sim_1/behav/xsim'
INFO: [SIM-utils-54] Inspecting design source files for 'main_tb' in fileset 'sim_1'...
INFO: [USF-XSim-97] Finding global include files...
INFO: [USF-XSim-100] Fetching design files from 'sources_1'...(this may take a while)...
INFO: [USF-XSim-101] Fetching design files from 'sim_1'...
INFO: [USF-XSim-2] XSim::Compile design
INFO: [USF-XSim-61] Executing 'COMPILE and ANALYZE' step in 'D:/UNI/TFG/OctaveSax/Vivado/octave_main/octave_main.sim/sim_1/behav/xsim'
"xvlog --incr --relax -prj main_tb_vlog.prj"
"xvhdl --incr --relax -prj main_tb_vhdl.prj"
INFO: [VRFC 10-163] Analyzing VHDL file "D:/UNI/TFG/OctaveSax/Vivado/octave_main/octave_main.srcs/sources_1/new/master_controller.vhd" into library xil_defaultlib
INFO: [VRFC 10-307] analyzing entity master_controller
INFO: [VRFC 10-163] Analyzing VHDL file "D:/UNI/TFG/OctaveSax/Vivado/octave_main/octave_main.srcs/sources_1/new/man_out_memo.vhd" into library xil_defaultlib
INFO: [VRFC 10-307] analyzing entity man_out_memo
INFO: [USF-XSim-69] 'compile' step finished in '2' seconds
INFO: [Vivado 12-5698] Checking validity of IPs in the design for the 'XSim' simulator...
INFO: [Vivado 12-5682] Launching behavioral simulation in 'D:/UNI/TFG/OctaveSax/Vivado/octave_main/octave_main.sim/sim_1/behav/xsim'
INFO: [Vivado 12-4795] Using compiled simulation libraries for IPs
INFO: [USF-XSim-3] XSim::Elaborate design
INFO: [USF-XSim-61] Executing 'ELABORATE' step in 'D:/UNI/TFG/OctaveSax/Vivado/octave_main/octave_main.sim/sim_1/behav/xsim'
Vivado Simulator 2017.4
Copyright 1986-1999, 2001-2016 Xilinx, Inc. All Rights Reserved.
Running: C:/Xilinx/Vivado/2017.4/bin/unwrapped/win64.o/xelab.exe -wto 0c9c3a36965041288ce87ec04c26eca9 --incr --debug typical --relax --mt 2 -L xil_defaultlib -L unisims_ver -L unimacro_ver -L secureip -L xpm --snapshot main_tb_behav xil_defaultlib.main_tb xil_defaultlib.glbl -log elaborate.log 
Using 2 slave threads.
Starting static elaboration
Completed static elaboration
Starting simulation data flow analysis
Completed simulation data flow analysis
Time Resolution for simulation is 1ps
Compiling package std.standard
Compiling package std.textio
Compiling package ieee.std_logic_1164
Compiling package ieee.numeric_std
Compiling package xil_defaultlib.project_trunk
Compiling package unisim.vcomponents
Compiling package ieee.std_logic_arith
Compiling package ieee.std_logic_signed
Compiling package ieee.std_logic_textio
Compiling package ieee.vital_timing
Compiling package ieee.vital_primitives
Compiling package unisim.vpkg
Compiling module xil_defaultlib.glbl
Compiling architecture behavioral of entity xil_defaultlib.sampling [sampling_default]
Compiling architecture behavioral of entity xil_defaultlib.shift_register [shift_register_default]
Compiling architecture gnd_v of entity unisim.GND [gnd_default]
Compiling architecture rb18_internal_vhdl_v of entity unisim.RB18_INTERNAL_VHDL [\RB18_INTERNAL_VHDL(bram_size=18...]
Compiling architecture ramb18e1_v of entity unisim.RAMB18E1 [\RAMB18E1(doa_reg=1,dob_reg=1,re...]
Compiling architecture structure of entity xil_defaultlib.freq_short_memo_blk_mem_gen_prim_wrapper [freq_short_memo_blk_mem_gen_prim...]
Compiling architecture structure of entity xil_defaultlib.freq_short_memo_blk_mem_gen_prim_width [freq_short_memo_blk_mem_gen_prim...]
Compiling architecture structure of entity xil_defaultlib.freq_short_memo_blk_mem_gen_generic_cstr [freq_short_memo_blk_mem_gen_gene...]
Compiling architecture structure of entity xil_defaultlib.freq_short_memo_blk_mem_gen_top [freq_short_memo_blk_mem_gen_top_...]
Compiling architecture structure of entity xil_defaultlib.freq_short_memo_blk_mem_gen_v8_4_1_synth [freq_short_memo_blk_mem_gen_v8_4...]
Compiling architecture structure of entity xil_defaultlib.freq_short_memo_blk_mem_gen_v8_4_1 [freq_short_memo_blk_mem_gen_v8_4...]
Compiling architecture structure of entity xil_defaultlib.freq_short_memo [freq_short_memo_default]
Compiling architecture behavioral of entity xil_defaultlib.manager_memo [manager_memo_default]
Compiling architecture rb36_internal_vhdl_v of entity unisim.RB36_INTERNAL_VHDL [\RB36_INTERNAL_VHDL(doa_reg=1,do...]
Compiling architecture ramb36e1_v of entity unisim.RAMB36E1 [\RAMB36E1(doa_reg=1,dob_reg=1,re...]
Compiling architecture structure of entity xil_defaultlib.out_long_memo_blk_mem_gen_prim_wrapper [out_long_memo_blk_mem_gen_prim_w...]
Compiling architecture structure of entity xil_defaultlib.out_long_memo_blk_mem_gen_prim_width [out_long_memo_blk_mem_gen_prim_w...]
Compiling architecture structure of entity xil_defaultlib.out_long_memo_blk_mem_gen_generic_cstr [out_long_memo_blk_mem_gen_generi...]
Compiling architecture structure of entity xil_defaultlib.out_long_memo_blk_mem_gen_top [out_long_memo_blk_mem_gen_top_de...]
Compiling architecture structure of entity xil_defaultlib.out_long_memo_blk_mem_gen_v8_4_1_synth [out_long_memo_blk_mem_gen_v8_4_1...]
Compiling architecture structure of entity xil_defaultlib.out_long_memo_blk_mem_gen_v8_4_1 [out_long_memo_blk_mem_gen_v8_4_1...]
Compiling architecture structure of entity xil_defaultlib.out_long_memo [out_long_memo_default]
Compiling architecture behavioral of entity xil_defaultlib.man_out_memo [man_out_memo_default]
Compiling architecture behavioral of entity xil_defaultlib.stft_window_rom [stft_window_rom_default]
Compiling architecture behavioral of entity xil_defaultlib.istft_window_rom [istft_window_rom_default]
Compiling architecture behavioral of entity xil_defaultlib.window_controller [window_controller_default]
Compiling architecture behavioral of entity xil_defaultlib.fsm_control [fsm_control_default]
Compiling architecture behavioral of entity xil_defaultlib.master_controller [master_controller_default]
Compiling architecture behavioral of entity xil_defaultlib.main_tb
Built simulation snapshot main_tb_behav
run_program: Time (s): cpu = 00:00:00 ; elapsed = 00:00:05 . Memory (MB): peak = 1534.633 ; gain = 0.000
INFO: [USF-XSim-69] 'elaborate' step finished in '5' seconds
launch_simulation: Time (s): cpu = 00:00:00 ; elapsed = 00:00:05 . Memory (MB): peak = 1534.633 ; gain = 0.000
Vivado Simulator 2017.4
Time resolution is 1 ps
relaunch_sim: Time (s): cpu = 00:00:01 ; elapsed = 00:00:10 . Memory (MB): peak = 1534.633 ; gain = 0.000
reset_run synth_1
WARNING: [Vivado 12-1017] Problems encountered:
1. Failed to delete one or more files in run directory D:/UNI/TFG/OctaveSax/Vivado/octave_main/octave_main.runs/synth_1

launch_runs impl_1 -to_step write_bitstream -jobs 2
[Wed Apr 24 19:50:38 2019] Launched synth_1...
Run output will be captured here: D:/UNI/TFG/OctaveSax/Vivado/octave_main/octave_main.runs/synth_1/runme.log
[Wed Apr 24 19:50:38 2019] Launched impl_1...
Run output will be captured here: D:/UNI/TFG/OctaveSax/Vivado/octave_main/octave_main.runs/impl_1/runme.log
remove_bps -file {D:/UNI/TFG/OctaveSax/Vivado/octave_main/octave_main.srcs/sources_1/new/man_out_memo.vhd} -line 258
open_hw
connect_hw_server
INFO: [Labtools 27-2285] Connecting to hw_server url TCP:localhost:3121
INFO: [Labtools 27-2222] Launching hw_server...
INFO: [Labtools 27-2221] Launch Output:

****** Xilinx hw_server v2017.4
  **** Build date : Dec 15 2017-21:08:27
    ** Copyright 1986-2017 Xilinx, Inc. All Rights Reserved.


open_hw_target
INFO: [Labtoolstcl 44-466] Opening hw_target localhost:3121/xilinx_tcf/Digilent/210292AA76C7A
ERROR: [Labtools 27-2269] No devices detected on target localhost:3121/xilinx_tcf/Digilent/210292AA76C7A.
Check cable connectivity and that the target board is powered up then
use the disconnect_hw_server and connect_hw_server to re-register this hardware target.
ERROR: [Common 17-39] 'open_hw_target' failed due to earlier errors.
set_property PROBES.FILE {} [get_hw_devices xc7a100t_0]
set_property FULL_PROBES.FILE {} [get_hw_devices xc7a100t_0]
set_property PROGRAM.FILE {D:/UNI/TFG/OctaveSax/Vivado/octave_main/octave_main.runs/impl_1/fsm_global.bit} [get_hw_devices xc7a100t_0]
program_hw_devices [get_hw_devices xc7a100t_0]
INFO: [Labtools 27-3164] End of startup status: HIGH
refresh_hw_device [lindex [get_hw_devices xc7a100t_0] 0]
INFO: [Labtools 27-1434] Device xc7a100t (JTAG device index = 0) is programmed with a design that has no supported debug core(s) in it.
WARNING: [Labtools 27-3361] The debug hub core was not detected.
Resolution: 
1. Make sure the clock connected to the debug hub (dbg_hub) core is a free running clock and is active.
2. Make sure the BSCAN_SWITCH_USER_MASK device property in Vivado Hardware Manager reflects the user scan chain setting in the design and refresh the device.  To determine the user scan chain setting in the design, open the implemented design and use 'get_property C_USER_SCAN_CHAIN [get_debug_cores dbg_hub]'.
For more details on setting the scan chain property, consult the Vivado Debug and Programming User Guide (UG908).
close_hw
close_sim
INFO: [Simtcl 6-16] Simulation closed
exit
INFO: [Common 17-206] Exiting Vivado at Wed Apr 24 20:04:11 2019...
