Unable to capture context for thread 11056 in process 12504, can not generate back trace
Exception at PC 0x00007FFB9A16BB93
Printing stacktrace...

[0]  [0x00007FFB9A16BB93]
[1]  [0x00007FFB9A16BB93]
[2]  [0x00007FFB9A16B4A1]
[3]  [0x00007FFB9A16B3EF]
[4]  [0x00007FFB9A1519FE]
[5]  [0x00007FFB9A150ED1]
[6]  [0x00007FFB9A150D76]
[7]  [0x00007FFB9A0F79F6]
[8]  [0x00007FFB9A0E7AFB]
[9]  [0x00007FFB9A20E90A]
[10]  [0x00007FFB9A229F87]
[11]  [0x00007FFB9A22A05F]
[12] (BaseThreadInitThunk+0x14) [0x00007FFC200A3034]
[13] (RtlUserThreadStart+0x21) [0x00007FFC22A41461]
Done
Exception at PC 0x00007FFB99E71A52
Attemped to write at address 0x00007FFBE1AAABA4
Printing stacktrace...

[0]  [0x00007FFB99E71A52]
[1]  [0x00007FFB99E71A52]
[2]  [0x00007FFB99E71AD4]
[3]  [0x00007FFB99FB3FF7]
[4]  [0x00007FFB99E99128]
[5]  [0x00007FFB9A14DFB9]
[6]  [0x00007FFB9A31EF23]
[7]  [0x00007FFB9A22B06B]
[8]  [0x00007FFB9A2208AF]
[9]  [0x00007FFB9A220A32]
[10] (RtlActivateActivationContextUnsafeFast+0x123) [0x00007FFC22A04053]
[11] (LdrShutdownProcess+0x125) [0x00007FFC22A10A05]
[12] (RtlExitUserProcess+0xd8) [0x00007FFC22A108C8]
[13] (FatalExit+0xa) [0x00007FFC200AB19A]
[14] (exit+0x75) [0x00007FFC224F9CE5]
[15] (initterm_e+0x235) [0x00007FFC224FA345]
[16]  [0x00000000004014CD]
[17]  [0x000000000040151B]
[18] (BaseThreadInitThunk+0x14) [0x00007FFC200A3034]
[19] (RtlUserThreadStart+0x21) [0x00007FFC22A41461]
Done
